CRITICAL - 2021-02-05 01:37:36 --> syntax error, unexpected '=>' (T_DOUBLE_ARROW)
#0 C:\xampp\htdocs\TugasAkhir\system\Database\MigrationRunner.php(223): CodeIgniter\Database\MigrationRunner->migrate('up', Object(stdClass))
#1 C:\xampp\htdocs\TugasAkhir\system\Commands\Database\Migrate.php(128): CodeIgniter\Database\MigrationRunner->latest(NULL)
#2 C:\xampp\htdocs\TugasAkhir\system\CLI\Commands.php(100): CodeIgniter\Commands\Database\Migrate->run(Array)
#3 C:\xampp\htdocs\TugasAkhir\system\CLI\CommandRunner.php(107): CodeIgniter\CLI\Commands->run('migrate', Array)
#4 C:\xampp\htdocs\TugasAkhir\system\CLI\CommandRunner.php(85): CodeIgniter\CLI\CommandRunner->index(Array)
#5 C:\xampp\htdocs\TugasAkhir\system\CodeIgniter.php(914): CodeIgniter\CLI\CommandRunner->_remap('index', 'migrate')
#6 C:\xampp\htdocs\TugasAkhir\system\CodeIgniter.php(404): CodeIgniter\CodeIgniter->runController(Object(CodeIgniter\CLI\CommandRunner))
#7 C:\xampp\htdocs\TugasAkhir\system\CodeIgniter.php(312): CodeIgniter\CodeIgniter->handleRequest(NULL, Object(Config\Cache), false)
#8 C:\xampp\htdocs\TugasAkhir\system\CLI\Console.php(86): CodeIgniter\CodeIgniter->run()
#9 C:\xampp\htdocs\TugasAkhir\spark(57): CodeIgniter\CLI\Console->run()
#10 {main}
CRITICAL - 2021-02-05 01:41:30 --> syntax error, unexpected '=>' (T_DOUBLE_ARROW)
#0 C:\xampp\htdocs\TugasAkhir\system\Database\MigrationRunner.php(223): CodeIgniter\Database\MigrationRunner->migrate('up', Object(stdClass))
#1 C:\xampp\htdocs\TugasAkhir\system\Commands\Database\Migrate.php(128): CodeIgniter\Database\MigrationRunner->latest(NULL)
#2 C:\xampp\htdocs\TugasAkhir\system\CLI\Commands.php(100): CodeIgniter\Commands\Database\Migrate->run(Array)
#3 C:\xampp\htdocs\TugasAkhir\system\CLI\CommandRunner.php(107): CodeIgniter\CLI\Commands->run('migrate', Array)
#4 C:\xampp\htdocs\TugasAkhir\system\CLI\CommandRunner.php(85): CodeIgniter\CLI\CommandRunner->index(Array)
#5 C:\xampp\htdocs\TugasAkhir\system\CodeIgniter.php(914): CodeIgniter\CLI\CommandRunner->_remap('index', 'migrate')
#6 C:\xampp\htdocs\TugasAkhir\system\CodeIgniter.php(404): CodeIgniter\CodeIgniter->runController(Object(CodeIgniter\CLI\CommandRunner))
#7 C:\xampp\htdocs\TugasAkhir\system\CodeIgniter.php(312): CodeIgniter\CodeIgniter->handleRequest(NULL, Object(Config\Cache), false)
#8 C:\xampp\htdocs\TugasAkhir\system\CLI\Console.php(86): CodeIgniter\CodeIgniter->run()
#9 C:\xampp\htdocs\TugasAkhir\spark(57): CodeIgniter\CLI\Console->run()
#10 {main}
CRITICAL - 2021-02-05 01:44:52 --> syntax error, unexpected '=>' (T_DOUBLE_ARROW)
#0 C:\xampp\htdocs\TugasAkhir\system\Database\MigrationRunner.php(223): CodeIgniter\Database\MigrationRunner->migrate('up', Object(stdClass))
#1 C:\xampp\htdocs\TugasAkhir\system\Commands\Database\Migrate.php(128): CodeIgniter\Database\MigrationRunner->latest(NULL)
#2 C:\xampp\htdocs\TugasAkhir\system\CLI\Commands.php(100): CodeIgniter\Commands\Database\Migrate->run(Array)
#3 C:\xampp\htdocs\TugasAkhir\system\CLI\CommandRunner.php(107): CodeIgniter\CLI\Commands->run('migrate', Array)
#4 C:\xampp\htdocs\TugasAkhir\system\CLI\CommandRunner.php(85): CodeIgniter\CLI\CommandRunner->index(Array)
#5 C:\xampp\htdocs\TugasAkhir\system\CodeIgniter.php(914): CodeIgniter\CLI\CommandRunner->_remap('index', 'migrate')
#6 C:\xampp\htdocs\TugasAkhir\system\CodeIgniter.php(404): CodeIgniter\CodeIgniter->runController(Object(CodeIgniter\CLI\CommandRunner))
#7 C:\xampp\htdocs\TugasAkhir\system\CodeIgniter.php(312): CodeIgniter\CodeIgniter->handleRequest(NULL, Object(Config\Cache), false)
#8 C:\xampp\htdocs\TugasAkhir\system\CLI\Console.php(86): CodeIgniter\CodeIgniter->run()
#9 C:\xampp\htdocs\TugasAkhir\spark(57): CodeIgniter\CLI\Console->run()
#10 {main}
CRITICAL - 2021-02-05 01:46:48 --> syntax error, unexpected 'true' (T_STRING), expecting ')'
#0 C:\xampp\htdocs\TugasAkhir\system\Database\MigrationRunner.php(223): CodeIgniter\Database\MigrationRunner->migrate('up', Object(stdClass))
#1 C:\xampp\htdocs\TugasAkhir\system\Commands\Database\Migrate.php(128): CodeIgniter\Database\MigrationRunner->latest(NULL)
#2 C:\xampp\htdocs\TugasAkhir\system\CLI\Commands.php(100): CodeIgniter\Commands\Database\Migrate->run(Array)
#3 C:\xampp\htdocs\TugasAkhir\system\CLI\CommandRunner.php(107): CodeIgniter\CLI\Commands->run('migrate', Array)
#4 C:\xampp\htdocs\TugasAkhir\system\CLI\CommandRunner.php(85): CodeIgniter\CLI\CommandRunner->index(Array)
#5 C:\xampp\htdocs\TugasAkhir\system\CodeIgniter.php(914): CodeIgniter\CLI\CommandRunner->_remap('index', 'migrate')
#6 C:\xampp\htdocs\TugasAkhir\system\CodeIgniter.php(404): CodeIgniter\CodeIgniter->runController(Object(CodeIgniter\CLI\CommandRunner))
#7 C:\xampp\htdocs\TugasAkhir\system\CodeIgniter.php(312): CodeIgniter\CodeIgniter->handleRequest(NULL, Object(Config\Cache), false)
#8 C:\xampp\htdocs\TugasAkhir\system\CLI\Console.php(86): CodeIgniter\CodeIgniter->run()
#9 C:\xampp\htdocs\TugasAkhir\spark(57): CodeIgniter\CLI\Console->run()
#10 {main}
CRITICAL - 2021-02-05 01:47:10 --> Call to undefined method CodeIgniter\Database\MySQLi\Forge::addIndex()
#0 C:\xampp\htdocs\TugasAkhir\system\Database\MigrationRunner.php(1060): App\Database\Migrations\DetailTransaksi->up()
#1 C:\xampp\htdocs\TugasAkhir\system\Database\MigrationRunner.php(223): CodeIgniter\Database\MigrationRunner->migrate('up', Object(stdClass))
#2 C:\xampp\htdocs\TugasAkhir\system\Commands\Database\Migrate.php(128): CodeIgniter\Database\MigrationRunner->latest(NULL)
#3 C:\xampp\htdocs\TugasAkhir\system\CLI\Commands.php(100): CodeIgniter\Commands\Database\Migrate->run(Array)
#4 C:\xampp\htdocs\TugasAkhir\system\CLI\CommandRunner.php(107): CodeIgniter\CLI\Commands->run('migrate', Array)
#5 C:\xampp\htdocs\TugasAkhir\system\CLI\CommandRunner.php(85): CodeIgniter\CLI\CommandRunner->index(Array)
#6 C:\xampp\htdocs\TugasAkhir\system\CodeIgniter.php(914): CodeIgniter\CLI\CommandRunner->_remap('index', 'migrate')
#7 C:\xampp\htdocs\TugasAkhir\system\CodeIgniter.php(404): CodeIgniter\CodeIgniter->runController(Object(CodeIgniter\CLI\CommandRunner))
#8 C:\xampp\htdocs\TugasAkhir\system\CodeIgniter.php(312): CodeIgniter\CodeIgniter->handleRequest(NULL, Object(Config\Cache), false)
#9 C:\xampp\htdocs\TugasAkhir\system\CLI\Console.php(86): CodeIgniter\CodeIgniter->run()
#10 C:\xampp\htdocs\TugasAkhir\spark(57): CodeIgniter\CLI\Console->run()
#11 {main}
CRITICAL - 2021-02-05 02:31:48 --> syntax error, unexpected ';', expecting ')'
#0 C:\xampp\htdocs\TugasAkhir\system\Router\Router.php(195): CodeIgniter\Router\Router->autoRoute('transaksi/finis...')
#1 C:\xampp\htdocs\TugasAkhir\system\CodeIgniter.php(793): CodeIgniter\Router\Router->handle('transaksi/finis...')
#2 C:\xampp\htdocs\TugasAkhir\system\CodeIgniter.php(364): CodeIgniter\CodeIgniter->tryToRouteIt(Object(CodeIgniter\Router\RouteCollection))
#3 C:\xampp\htdocs\TugasAkhir\system\CodeIgniter.php(312): CodeIgniter\CodeIgniter->handleRequest(NULL, Object(Config\Cache), false)
#4 C:\xampp\htdocs\TugasAkhir\public\index.php(45): CodeIgniter\CodeIgniter->run()
#5 C:\xampp\htdocs\TugasAkhir\system\Commands\Server\rewrite.php(34): require_once('C:\\xampp\\htdocs...')
#6 {main}
CRITICAL - 2021-02-05 02:35:01 --> syntax error, unexpected ';', expecting ')'
#0 C:\xampp\htdocs\TugasAkhir\system\Router\Router.php(195): CodeIgniter\Router\Router->autoRoute('transaksi/finis...')
#1 C:\xampp\htdocs\TugasAkhir\system\CodeIgniter.php(793): CodeIgniter\Router\Router->handle('transaksi/finis...')
#2 C:\xampp\htdocs\TugasAkhir\system\CodeIgniter.php(364): CodeIgniter\CodeIgniter->tryToRouteIt(Object(CodeIgniter\Router\RouteCollection))
#3 C:\xampp\htdocs\TugasAkhir\system\CodeIgniter.php(312): CodeIgniter\CodeIgniter->handleRequest(NULL, Object(Config\Cache), false)
#4 C:\xampp\htdocs\TugasAkhir\public\index.php(45): CodeIgniter\CodeIgniter->run()
#5 C:\xampp\htdocs\TugasAkhir\system\Commands\Server\rewrite.php(34): require_once('C:\\xampp\\htdocs...')
#6 {main}
CRITICAL - 2021-02-05 02:35:25 --> syntax error, unexpected ';', expecting ')'
#0 C:\xampp\htdocs\TugasAkhir\system\Router\Router.php(195): CodeIgniter\Router\Router->autoRoute('transaksi/finis...')
#1 C:\xampp\htdocs\TugasAkhir\system\CodeIgniter.php(793): CodeIgniter\Router\Router->handle('transaksi/finis...')
#2 C:\xampp\htdocs\TugasAkhir\system\CodeIgniter.php(364): CodeIgniter\CodeIgniter->tryToRouteIt(Object(CodeIgniter\Router\RouteCollection))
#3 C:\xampp\htdocs\TugasAkhir\system\CodeIgniter.php(312): CodeIgniter\CodeIgniter->handleRequest(NULL, Object(Config\Cache), false)
#4 C:\xampp\htdocs\TugasAkhir\public\index.php(45): CodeIgniter\CodeIgniter->run()
#5 C:\xampp\htdocs\TugasAkhir\system\Commands\Server\rewrite.php(34): require_once('C:\\xampp\\htdocs...')
#6 {main}
CRITICAL - 2021-02-05 02:45:43 --> Class 'App\Controllers\Transaksi_model' not found
#0 C:\xampp\htdocs\TugasAkhir\system\CodeIgniter.php(890): App\Controllers\Home->__construct()
#1 C:\xampp\htdocs\TugasAkhir\system\CodeIgniter.php(399): CodeIgniter\CodeIgniter->createController()
#2 C:\xampp\htdocs\TugasAkhir\system\CodeIgniter.php(312): CodeIgniter\CodeIgniter->handleRequest(NULL, Object(Config\Cache), false)
#3 C:\xampp\htdocs\TugasAkhir\public\index.php(45): CodeIgniter\CodeIgniter->run()
#4 C:\xampp\htdocs\TugasAkhir\system\Commands\Server\rewrite.php(34): require_once('C:\\xampp\\htdocs...')
#5 {main}
CRITICAL - 2021-02-05 02:46:24 --> Column 'email' cannot be null
#0 C:\xampp\htdocs\TugasAkhir\system\Database\MySQLi\Connection.php(331): mysqli->query('INSERT INTO `tr...')
#1 C:\xampp\htdocs\TugasAkhir\system\Database\BaseConnection.php(741): CodeIgniter\Database\MySQLi\Connection->execute('INSERT INTO `tr...')
#2 C:\xampp\htdocs\TugasAkhir\system\Database\BaseConnection.php(669): CodeIgniter\Database\BaseConnection->simpleQuery('INSERT INTO `tr...')
#3 C:\xampp\htdocs\TugasAkhir\system\Database\BaseBuilder.php(2249): CodeIgniter\Database\BaseConnection->query('INSERT INTO `tr...', Array, false)
#4 C:\xampp\htdocs\TugasAkhir\app\Models\transaksi_model.php(12): CodeIgniter\Database\BaseBuilder->insert(Array)
#5 C:\xampp\htdocs\TugasAkhir\app\Controllers\Home.php(107): App\Models\Transaksi_model->simpan(Array)
#6 C:\xampp\htdocs\TugasAkhir\system\CodeIgniter.php(918): App\Controllers\Home->finished()
#7 C:\xampp\htdocs\TugasAkhir\system\CodeIgniter.php(404): CodeIgniter\CodeIgniter->runController(Object(App\Controllers\Home))
#8 C:\xampp\htdocs\TugasAkhir\system\CodeIgniter.php(312): CodeIgniter\CodeIgniter->handleRequest(NULL, Object(Config\Cache), false)
#9 C:\xampp\htdocs\TugasAkhir\public\index.php(45): CodeIgniter\CodeIgniter->run()
#10 C:\xampp\htdocs\TugasAkhir\system\Commands\Server\rewrite.php(34): require_once('C:\\xampp\\htdocs...')
#11 {main}
CRITICAL - 2021-02-05 02:47:08 --> Call to undefined method App\Models\Transaksi_model::simpain_detail
#0 C:\xampp\htdocs\TugasAkhir\app\Controllers\Home.php(123): CodeIgniter\Model->__call('simpain_detail', Array)
#1 C:\xampp\htdocs\TugasAkhir\system\CodeIgniter.php(918): App\Controllers\Home->finished()
#2 C:\xampp\htdocs\TugasAkhir\system\CodeIgniter.php(404): CodeIgniter\CodeIgniter->runController(Object(App\Controllers\Home))
#3 C:\xampp\htdocs\TugasAkhir\system\CodeIgniter.php(312): CodeIgniter\CodeIgniter->handleRequest(NULL, Object(Config\Cache), false)
#4 C:\xampp\htdocs\TugasAkhir\public\index.php(45): CodeIgniter\CodeIgniter->run()
#5 C:\xampp\htdocs\TugasAkhir\system\Commands\Server\rewrite.php(34): require_once('C:\\xampp\\htdocs...')
#6 {main}
CRITICAL - 2021-02-05 03:03:09 --> Column 'email' cannot be null
#0 C:\xampp\htdocs\TugasAkhir\system\Database\MySQLi\Connection.php(331): mysqli->query('INSERT INTO `tr...')
#1 C:\xampp\htdocs\TugasAkhir\system\Database\BaseConnection.php(741): CodeIgniter\Database\MySQLi\Connection->execute('INSERT INTO `tr...')
#2 C:\xampp\htdocs\TugasAkhir\system\Database\BaseConnection.php(669): CodeIgniter\Database\BaseConnection->simpleQuery('INSERT INTO `tr...')
#3 C:\xampp\htdocs\TugasAkhir\system\Database\BaseBuilder.php(2249): CodeIgniter\Database\BaseConnection->query('INSERT INTO `tr...', Array, false)
#4 C:\xampp\htdocs\TugasAkhir\app\Models\transaksi_model.php(12): CodeIgniter\Database\BaseBuilder->insert(Array)
#5 C:\xampp\htdocs\TugasAkhir\app\Controllers\Home.php(110): App\Models\Transaksi_model->simpan(Array)
#6 C:\xampp\htdocs\TugasAkhir\system\CodeIgniter.php(918): App\Controllers\Home->finished()
#7 C:\xampp\htdocs\TugasAkhir\system\CodeIgniter.php(404): CodeIgniter\CodeIgniter->runController(Object(App\Controllers\Home))
#8 C:\xampp\htdocs\TugasAkhir\system\CodeIgniter.php(312): CodeIgniter\CodeIgniter->handleRequest(NULL, Object(Config\Cache), false)
#9 C:\xampp\htdocs\TugasAkhir\public\index.php(45): CodeIgniter\CodeIgniter->run()
#10 C:\xampp\htdocs\TugasAkhir\system\Commands\Server\rewrite.php(34): require_once('C:\\xampp\\htdocs...')
#11 {main}
CRITICAL - 2021-02-05 03:11:24 --> Undefined variable: id
#0 C:\xampp\htdocs\TugasAkhir\app\Controllers\Home.php(98): CodeIgniter\Debug\Exceptions->errorHandler(8, 'Undefined varia...', 'C:\\xampp\\htdocs...', 98, Array)
#1 C:\xampp\htdocs\TugasAkhir\system\CodeIgniter.php(918): App\Controllers\Home->finished()
#2 C:\xampp\htdocs\TugasAkhir\system\CodeIgniter.php(404): CodeIgniter\CodeIgniter->runController(Object(App\Controllers\Home))
#3 C:\xampp\htdocs\TugasAkhir\system\CodeIgniter.php(312): CodeIgniter\CodeIgniter->handleRequest(NULL, Object(Config\Cache), false)
#4 C:\xampp\htdocs\TugasAkhir\public\index.php(45): CodeIgniter\CodeIgniter->run()
#5 C:\xampp\htdocs\TugasAkhir\system\Commands\Server\rewrite.php(34): require_once('C:\\xampp\\htdocs...')
#6 {main}
CRITICAL - 2021-02-05 03:11:43 --> Too few arguments to function App\Controllers\Home::finished(), 0 passed in C:\xampp\htdocs\TugasAkhir\system\CodeIgniter.php on line 918 and exactly 1 expected
#0 C:\xampp\htdocs\TugasAkhir\system\CodeIgniter.php(918): App\Controllers\Home->finished()
#1 C:\xampp\htdocs\TugasAkhir\system\CodeIgniter.php(404): CodeIgniter\CodeIgniter->runController(Object(App\Controllers\Home))
#2 C:\xampp\htdocs\TugasAkhir\system\CodeIgniter.php(312): CodeIgniter\CodeIgniter->handleRequest(NULL, Object(Config\Cache), false)
#3 C:\xampp\htdocs\TugasAkhir\public\index.php(45): CodeIgniter\CodeIgniter->run()
#4 C:\xampp\htdocs\TugasAkhir\system\Commands\Server\rewrite.php(34): require_once('C:\\xampp\\htdocs...')
#5 {main}
CRITICAL - 2021-02-05 03:16:43 --> Class 'App\Controllers\User_model' not found
#0 C:\xampp\htdocs\TugasAkhir\system\CodeIgniter.php(890): App\Controllers\Home->__construct()
#1 C:\xampp\htdocs\TugasAkhir\system\CodeIgniter.php(399): CodeIgniter\CodeIgniter->createController()
#2 C:\xampp\htdocs\TugasAkhir\system\CodeIgniter.php(312): CodeIgniter\CodeIgniter->handleRequest(NULL, Object(Config\Cache), false)
#3 C:\xampp\htdocs\TugasAkhir\public\index.php(45): CodeIgniter\CodeIgniter->run()
#4 C:\xampp\htdocs\TugasAkhir\system\Commands\Server\rewrite.php(34): require_once('C:\\xampp\\htdocs...')
#5 {main}
CRITICAL - 2021-02-05 05:27:20 --> Call to a member function simpan() on null
#0 C:\xampp\htdocs\TugasAkhir\system\CodeIgniter.php(918): App\Controllers\Home->finished()
#1 C:\xampp\htdocs\TugasAkhir\system\CodeIgniter.php(404): CodeIgniter\CodeIgniter->runController(Object(App\Controllers\Home))
#2 C:\xampp\htdocs\TugasAkhir\system\CodeIgniter.php(312): CodeIgniter\CodeIgniter->handleRequest(NULL, Object(Config\Cache), false)
#3 C:\xampp\htdocs\TugasAkhir\public\index.php(45): CodeIgniter\CodeIgniter->run()
#4 C:\xampp\htdocs\TugasAkhir\system\Commands\Server\rewrite.php(34): require_once('C:\\xampp\\htdocs...')
#5 {main}
CRITICAL - 2021-02-05 05:27:40 --> Call to a member function simpan_detail() on null
#0 C:\xampp\htdocs\TugasAkhir\system\CodeIgniter.php(918): App\Controllers\Home->finished()
#1 C:\xampp\htdocs\TugasAkhir\system\CodeIgniter.php(404): CodeIgniter\CodeIgniter->runController(Object(App\Controllers\Home))
#2 C:\xampp\htdocs\TugasAkhir\system\CodeIgniter.php(312): CodeIgniter\CodeIgniter->handleRequest(NULL, Object(Config\Cache), false)
#3 C:\xampp\htdocs\TugasAkhir\public\index.php(45): CodeIgniter\CodeIgniter->run()
#4 C:\xampp\htdocs\TugasAkhir\system\Commands\Server\rewrite.php(34): require_once('C:\\xampp\\htdocs...')
#5 {main}
CRITICAL - 2021-02-05 05:48:10 --> Undefined variable: i
#0 C:\xampp\htdocs\TugasAkhir\app\Views\admin\transaksi.php(25): CodeIgniter\Debug\Exceptions->errorHandler(8, 'Undefined varia...', 'C:\\xampp\\htdocs...', 25, Array)
#1 C:\xampp\htdocs\TugasAkhir\system\View\View.php(246): include('C:\\xampp\\htdocs...')
#2 C:\xampp\htdocs\TugasAkhir\system\Common.php(1119): CodeIgniter\View\View->render('admin/transaksi', Array, true)
#3 C:\xampp\htdocs\TugasAkhir\app\Controllers\Transaksi.php(26): view('admin/transaksi', Array)
#4 C:\xampp\htdocs\TugasAkhir\system\CodeIgniter.php(918): App\Controllers\Transaksi->index()
#5 C:\xampp\htdocs\TugasAkhir\system\CodeIgniter.php(404): CodeIgniter\CodeIgniter->runController(Object(App\Controllers\Transaksi))
#6 C:\xampp\htdocs\TugasAkhir\system\CodeIgniter.php(312): CodeIgniter\CodeIgniter->handleRequest(NULL, Object(Config\Cache), false)
#7 C:\xampp\htdocs\TugasAkhir\public\index.php(45): CodeIgniter\CodeIgniter->run()
#8 C:\xampp\htdocs\TugasAkhir\system\Commands\Server\rewrite.php(34): require_once('C:\\xampp\\htdocs...')
#9 {main}
CRITICAL - 2021-02-05 05:49:36 --> Undefined variable: currentPage
#0 C:\xampp\htdocs\TugasAkhir\app\Views\admin\transaksi.php(23): CodeIgniter\Debug\Exceptions->errorHandler(8, 'Undefined varia...', 'C:\\xampp\\htdocs...', 23, Array)
#1 C:\xampp\htdocs\TugasAkhir\system\View\View.php(246): include('C:\\xampp\\htdocs...')
#2 C:\xampp\htdocs\TugasAkhir\system\Common.php(1119): CodeIgniter\View\View->render('admin/transaksi', Array, true)
#3 C:\xampp\htdocs\TugasAkhir\app\Controllers\Transaksi.php(26): view('admin/transaksi', Array)
#4 C:\xampp\htdocs\TugasAkhir\system\CodeIgniter.php(918): App\Controllers\Transaksi->index()
#5 C:\xampp\htdocs\TugasAkhir\system\CodeIgniter.php(404): CodeIgniter\CodeIgniter->runController(Object(App\Controllers\Transaksi))
#6 C:\xampp\htdocs\TugasAkhir\system\CodeIgniter.php(312): CodeIgniter\CodeIgniter->handleRequest(NULL, Object(Config\Cache), false)
#7 C:\xampp\htdocs\TugasAkhir\public\index.php(45): CodeIgniter\CodeIgniter->run()
#8 C:\xampp\htdocs\TugasAkhir\system\Commands\Server\rewrite.php(34): require_once('C:\\xampp\\htdocs...')
#9 {main}
CRITICAL - 2021-02-05 05:52:02 --> Undefined variable: i
#0 C:\xampp\htdocs\TugasAkhir\app\Views\admin\transaksi.php(25): CodeIgniter\Debug\Exceptions->errorHandler(8, 'Undefined varia...', 'C:\\xampp\\htdocs...', 25, Array)
#1 C:\xampp\htdocs\TugasAkhir\system\View\View.php(246): include('C:\\xampp\\htdocs...')
#2 C:\xampp\htdocs\TugasAkhir\system\Common.php(1119): CodeIgniter\View\View->render('admin/transaksi', Array, true)
#3 C:\xampp\htdocs\TugasAkhir\app\Controllers\Transaksi.php(26): view('admin/transaksi', Array)
#4 C:\xampp\htdocs\TugasAkhir\system\CodeIgniter.php(918): App\Controllers\Transaksi->index()
#5 C:\xampp\htdocs\TugasAkhir\system\CodeIgniter.php(404): CodeIgniter\CodeIgniter->runController(Object(App\Controllers\Transaksi))
#6 C:\xampp\htdocs\TugasAkhir\system\CodeIgniter.php(312): CodeIgniter\CodeIgniter->handleRequest(NULL, Object(Config\Cache), false)
#7 C:\xampp\htdocs\TugasAkhir\public\index.php(45): CodeIgniter\CodeIgniter->run()
#8 C:\xampp\htdocs\TugasAkhir\system\Commands\Server\rewrite.php(34): require_once('C:\\xampp\\htdocs...')
#9 {main}
CRITICAL - 2021-02-05 05:52:19 --> Undefined variable: p
#0 C:\xampp\htdocs\TugasAkhir\app\Views\admin\transaksi.php(24): CodeIgniter\Debug\Exceptions->errorHandler(8, 'Undefined varia...', 'C:\\xampp\\htdocs...', 24, Array)
#1 C:\xampp\htdocs\TugasAkhir\system\View\View.php(246): include('C:\\xampp\\htdocs...')
#2 C:\xampp\htdocs\TugasAkhir\system\Common.php(1119): CodeIgniter\View\View->render('admin/transaksi', Array, true)
#3 C:\xampp\htdocs\TugasAkhir\app\Controllers\Transaksi.php(26): view('admin/transaksi', Array)
#4 C:\xampp\htdocs\TugasAkhir\system\CodeIgniter.php(918): App\Controllers\Transaksi->index()
#5 C:\xampp\htdocs\TugasAkhir\system\CodeIgniter.php(404): CodeIgniter\CodeIgniter->runController(Object(App\Controllers\Transaksi))
#6 C:\xampp\htdocs\TugasAkhir\system\CodeIgniter.php(312): CodeIgniter\CodeIgniter->handleRequest(NULL, Object(Config\Cache), false)
#7 C:\xampp\htdocs\TugasAkhir\public\index.php(45): CodeIgniter\CodeIgniter->run()
#8 C:\xampp\htdocs\TugasAkhir\system\Commands\Server\rewrite.php(34): require_once('C:\\xampp\\htdocs...')
#9 {main}
CRITICAL - 2021-02-05 07:00:51 --> Undefined variable: p
#0 C:\xampp\htdocs\TugasAkhir\app\Views\admin\transaksi.php(27): CodeIgniter\Debug\Exceptions->errorHandler(8, 'Undefined varia...', 'C:\\xampp\\htdocs...', 27, Array)
#1 C:\xampp\htdocs\TugasAkhir\system\View\View.php(246): include('C:\\xampp\\htdocs...')
#2 C:\xampp\htdocs\TugasAkhir\system\Common.php(1119): CodeIgniter\View\View->render('admin/transaksi', Array, true)
#3 C:\xampp\htdocs\TugasAkhir\app\Controllers\Transaksi.php(26): view('admin/transaksi', Array)
#4 C:\xampp\htdocs\TugasAkhir\system\CodeIgniter.php(918): App\Controllers\Transaksi->index()
#5 C:\xampp\htdocs\TugasAkhir\system\CodeIgniter.php(404): CodeIgniter\CodeIgniter->runController(Object(App\Controllers\Transaksi))
#6 C:\xampp\htdocs\TugasAkhir\system\CodeIgniter.php(312): CodeIgniter\CodeIgniter->handleRequest(NULL, Object(Config\Cache), false)
#7 C:\xampp\htdocs\TugasAkhir\public\index.php(45): CodeIgniter\CodeIgniter->run()
#8 C:\xampp\htdocs\TugasAkhir\system\Commands\Server\rewrite.php(34): require_once('C:\\xampp\\htdocs...')
#9 {main}
CRITICAL - 2021-02-05 07:21:31 --> Undefined index: id
#0 C:\xampp\htdocs\TugasAkhir\app\Views\admin\transaksi.php(25): CodeIgniter\Debug\Exceptions->errorHandler(8, 'Undefined index...', 'C:\\xampp\\htdocs...', 25, Array)
#1 C:\xampp\htdocs\TugasAkhir\system\View\View.php(246): include('C:\\xampp\\htdocs...')
#2 C:\xampp\htdocs\TugasAkhir\system\Common.php(1119): CodeIgniter\View\View->render('admin/transaksi', Array, true)
#3 C:\xampp\htdocs\TugasAkhir\app\Controllers\Transaksi.php(29): view('admin/transaksi', Array)
#4 C:\xampp\htdocs\TugasAkhir\system\CodeIgniter.php(918): App\Controllers\Transaksi->index()
#5 C:\xampp\htdocs\TugasAkhir\system\CodeIgniter.php(404): CodeIgniter\CodeIgniter->runController(Object(App\Controllers\Transaksi))
#6 C:\xampp\htdocs\TugasAkhir\system\CodeIgniter.php(312): CodeIgniter\CodeIgniter->handleRequest(NULL, Object(Config\Cache), false)
#7 C:\xampp\htdocs\TugasAkhir\public\index.php(45): CodeIgniter\CodeIgniter->run()
#8 C:\xampp\htdocs\TugasAkhir\system\Commands\Server\rewrite.php(34): require_once('C:\\xampp\\htdocs...')
#9 {main}
CRITICAL - 2021-02-05 07:24:19 --> Trying to access array offset on value of type null
#0 C:\xampp\htdocs\TugasAkhir\app\Views\admin\transaksi.php(26): CodeIgniter\Debug\Exceptions->errorHandler(8, 'Trying to acces...', 'C:\\xampp\\htdocs...', 26, Array)
#1 C:\xampp\htdocs\TugasAkhir\system\View\View.php(246): include('C:\\xampp\\htdocs...')
#2 C:\xampp\htdocs\TugasAkhir\system\Common.php(1119): CodeIgniter\View\View->render('admin/transaksi', Array, true)
#3 C:\xampp\htdocs\TugasAkhir\app\Controllers\Transaksi.php(28): view('admin/transaksi', Array)
#4 C:\xampp\htdocs\TugasAkhir\system\CodeIgniter.php(918): App\Controllers\Transaksi->index()
#5 C:\xampp\htdocs\TugasAkhir\system\CodeIgniter.php(404): CodeIgniter\CodeIgniter->runController(Object(App\Controllers\Transaksi))
#6 C:\xampp\htdocs\TugasAkhir\system\CodeIgniter.php(312): CodeIgniter\CodeIgniter->handleRequest(NULL, Object(Config\Cache), false)
#7 C:\xampp\htdocs\TugasAkhir\public\index.php(45): CodeIgniter\CodeIgniter->run()
#8 C:\xampp\htdocs\TugasAkhir\system\Commands\Server\rewrite.php(34): require_once('C:\\xampp\\htdocs...')
#9 {main}
CRITICAL - 2021-02-05 07:25:29 --> Trying to access array offset on value of type null
#0 C:\xampp\htdocs\TugasAkhir\app\Views\admin\transaksi.php(26): CodeIgniter\Debug\Exceptions->errorHandler(8, 'Trying to acces...', 'C:\\xampp\\htdocs...', 26, Array)
#1 C:\xampp\htdocs\TugasAkhir\system\View\View.php(246): include('C:\\xampp\\htdocs...')
#2 C:\xampp\htdocs\TugasAkhir\system\Common.php(1119): CodeIgniter\View\View->render('admin/transaksi', Array, true)
#3 C:\xampp\htdocs\TugasAkhir\app\Controllers\Transaksi.php(29): view('admin/transaksi', Array)
#4 C:\xampp\htdocs\TugasAkhir\system\CodeIgniter.php(918): App\Controllers\Transaksi->index()
#5 C:\xampp\htdocs\TugasAkhir\system\CodeIgniter.php(404): CodeIgniter\CodeIgniter->runController(Object(App\Controllers\Transaksi))
#6 C:\xampp\htdocs\TugasAkhir\system\CodeIgniter.php(312): CodeIgniter\CodeIgniter->handleRequest(NULL, Object(Config\Cache), false)
#7 C:\xampp\htdocs\TugasAkhir\public\index.php(45): CodeIgniter\CodeIgniter->run()
#8 C:\xampp\htdocs\TugasAkhir\system\Commands\Server\rewrite.php(34): require_once('C:\\xampp\\htdocs...')
#9 {main}
CRITICAL - 2021-02-05 07:25:46 --> Division by zero
#0 C:\xampp\htdocs\TugasAkhir\system\Pager\Pager.php(218): CodeIgniter\Debug\Exceptions->errorHandler(2, 'Division by zer...', 'C:\\xampp\\htdocs...', 218, Array)
#1 C:\xampp\htdocs\TugasAkhir\system\Model.php(1180): CodeIgniter\Pager\Pager->store('bootstrap', 1, 0, 3, 0)
#2 C:\xampp\htdocs\TugasAkhir\app\Controllers\Transaksi.php(23): CodeIgniter\Model->paginate(0, 'bootstrap')
#3 C:\xampp\htdocs\TugasAkhir\system\CodeIgniter.php(918): App\Controllers\Transaksi->index()
#4 C:\xampp\htdocs\TugasAkhir\system\CodeIgniter.php(404): CodeIgniter\CodeIgniter->runController(Object(App\Controllers\Transaksi))
#5 C:\xampp\htdocs\TugasAkhir\system\CodeIgniter.php(312): CodeIgniter\CodeIgniter->handleRequest(NULL, Object(Config\Cache), false)
#6 C:\xampp\htdocs\TugasAkhir\public\index.php(45): CodeIgniter\CodeIgniter->run()
#7 C:\xampp\htdocs\TugasAkhir\system\Commands\Server\rewrite.php(34): require_once('C:\\xampp\\htdocs...')
#8 {main}
CRITICAL - 2021-02-05 07:30:19 --> Undefined index: 
#0 C:\xampp\htdocs\TugasAkhir\app\Views\admin\transaksi.php(25): CodeIgniter\Debug\Exceptions->errorHandler(8, 'Undefined index...', 'C:\\xampp\\htdocs...', 25, Array)
#1 C:\xampp\htdocs\TugasAkhir\system\View\View.php(246): include('C:\\xampp\\htdocs...')
#2 C:\xampp\htdocs\TugasAkhir\system\Common.php(1119): CodeIgniter\View\View->render('admin/transaksi', Array, true)
#3 C:\xampp\htdocs\TugasAkhir\app\Controllers\Transaksi.php(25): view('admin/transaksi', Array)
#4 C:\xampp\htdocs\TugasAkhir\system\CodeIgniter.php(918): App\Controllers\Transaksi->index()
#5 C:\xampp\htdocs\TugasAkhir\system\CodeIgniter.php(404): CodeIgniter\CodeIgniter->runController(Object(App\Controllers\Transaksi))
#6 C:\xampp\htdocs\TugasAkhir\system\CodeIgniter.php(312): CodeIgniter\CodeIgniter->handleRequest(NULL, Object(Config\Cache), false)
#7 C:\xampp\htdocs\TugasAkhir\public\index.php(45): CodeIgniter\CodeIgniter->run()
#8 C:\xampp\htdocs\TugasAkhir\system\Commands\Server\rewrite.php(34): require_once('C:\\xampp\\htdocs...')
#9 {main}
CRITICAL - 2021-02-05 10:09:26 --> Could not move file php33A8.tmp to img/ ()
#0 C:\xampp\htdocs\TugasAkhir\system\HTTP\Files\UploadedFile.php(187): CodeIgniter\HTTP\Exceptions\HTTPException::forMoveFailed('php33A8.tmp', 'img/', '')
#1 C:\xampp\htdocs\TugasAkhir\app\Controllers\Produk.php(80): CodeIgniter\HTTP\Files\UploadedFile->move('img/', 'C:\\xampp\\tmp\\ph...')
#2 C:\xampp\htdocs\TugasAkhir\system\CodeIgniter.php(918): App\Controllers\Produk->save()
#3 C:\xampp\htdocs\TugasAkhir\system\CodeIgniter.php(404): CodeIgniter\CodeIgniter->runController(Object(App\Controllers\Produk))
#4 C:\xampp\htdocs\TugasAkhir\system\CodeIgniter.php(312): CodeIgniter\CodeIgniter->handleRequest(NULL, Object(Config\Cache), false)
#5 C:\xampp\htdocs\TugasAkhir\public\index.php(45): CodeIgniter\CodeIgniter->run()
#6 C:\xampp\htdocs\TugasAkhir\system\Commands\Server\rewrite.php(34): require_once('C:\\xampp\\htdocs...')
#7 {main}
CRITICAL - 2021-02-05 20:24:19 --> Illegal string offset 'kode_produk'
#0 C:\xampp\htdocs\TugasAkhir\app\Views\admin\produk_edit.php(44): CodeIgniter\Debug\Exceptions->errorHandler(2, 'Illegal string ...', 'C:\\xampp\\htdocs...', 44, Array)
#1 C:\xampp\htdocs\TugasAkhir\system\View\View.php(246): include('C:\\xampp\\htdocs...')
#2 C:\xampp\htdocs\TugasAkhir\system\Common.php(1119): CodeIgniter\View\View->render('admin/produk_ed...', Array, true)
#3 C:\xampp\htdocs\TugasAkhir\app\Controllers\Produk.php(94): view('admin/produk_ed...', Array)
#4 C:\xampp\htdocs\TugasAkhir\system\CodeIgniter.php(918): App\Controllers\Produk->edit('PR001')
#5 C:\xampp\htdocs\TugasAkhir\system\CodeIgniter.php(404): CodeIgniter\CodeIgniter->runController(Object(App\Controllers\Produk))
#6 C:\xampp\htdocs\TugasAkhir\system\CodeIgniter.php(312): CodeIgniter\CodeIgniter->handleRequest(NULL, Object(Config\Cache), false)
#7 C:\xampp\htdocs\TugasAkhir\public\index.php(45): CodeIgniter\CodeIgniter->run()
#8 C:\xampp\htdocs\TugasAkhir\system\Commands\Server\rewrite.php(34): require_once('C:\\xampp\\htdocs...')
#9 {main}
CRITICAL - 2021-02-05 20:24:32 --> Illegal string offset 'kode_produk'
#0 C:\xampp\htdocs\TugasAkhir\app\Views\admin\produk_edit.php(44): CodeIgniter\Debug\Exceptions->errorHandler(2, 'Illegal string ...', 'C:\\xampp\\htdocs...', 44, Array)
#1 C:\xampp\htdocs\TugasAkhir\system\View\View.php(246): include('C:\\xampp\\htdocs...')
#2 C:\xampp\htdocs\TugasAkhir\system\Common.php(1119): CodeIgniter\View\View->render('admin/produk_ed...', Array, true)
#3 C:\xampp\htdocs\TugasAkhir\app\Controllers\Produk.php(94): view('admin/produk_ed...', Array)
#4 C:\xampp\htdocs\TugasAkhir\system\CodeIgniter.php(918): App\Controllers\Produk->edit('PR001')
#5 C:\xampp\htdocs\TugasAkhir\system\CodeIgniter.php(404): CodeIgniter\CodeIgniter->runController(Object(App\Controllers\Produk))
#6 C:\xampp\htdocs\TugasAkhir\system\CodeIgniter.php(312): CodeIgniter\CodeIgniter->handleRequest(NULL, Object(Config\Cache), false)
#7 C:\xampp\htdocs\TugasAkhir\public\index.php(45): CodeIgniter\CodeIgniter->run()
#8 C:\xampp\htdocs\TugasAkhir\system\Commands\Server\rewrite.php(34): require_once('C:\\xampp\\htdocs...')
#9 {main}
CRITICAL - 2021-02-05 20:24:48 --> Illegal string offset 'kode_produk'
#0 C:\xampp\htdocs\TugasAkhir\app\Views\admin\produk_edit.php(44): CodeIgniter\Debug\Exceptions->errorHandler(2, 'Illegal string ...', 'C:\\xampp\\htdocs...', 44, Array)
#1 C:\xampp\htdocs\TugasAkhir\system\View\View.php(246): include('C:\\xampp\\htdocs...')
#2 C:\xampp\htdocs\TugasAkhir\system\Common.php(1119): CodeIgniter\View\View->render('admin/produk_ed...', Array, true)
#3 C:\xampp\htdocs\TugasAkhir\app\Controllers\Produk.php(94): view('admin/produk_ed...', Array)
#4 C:\xampp\htdocs\TugasAkhir\system\CodeIgniter.php(918): App\Controllers\Produk->edit('PR001')
#5 C:\xampp\htdocs\TugasAkhir\system\CodeIgniter.php(404): CodeIgniter\CodeIgniter->runController(Object(App\Controllers\Produk))
#6 C:\xampp\htdocs\TugasAkhir\system\CodeIgniter.php(312): CodeIgniter\CodeIgniter->handleRequest(NULL, Object(Config\Cache), false)
#7 C:\xampp\htdocs\TugasAkhir\public\index.php(45): CodeIgniter\CodeIgniter->run()
#8 C:\xampp\htdocs\TugasAkhir\system\Commands\Server\rewrite.php(34): require_once('C:\\xampp\\htdocs...')
#9 {main}
CRITICAL - 2021-02-05 20:27:47 --> Trying to access array offset on value of type null
#0 C:\xampp\htdocs\TugasAkhir\app\Views\admin\produk_edit.php(42): CodeIgniter\Debug\Exceptions->errorHandler(8, 'Trying to acces...', 'C:\\xampp\\htdocs...', 42, Array)
#1 C:\xampp\htdocs\TugasAkhir\system\View\View.php(246): include('C:\\xampp\\htdocs...')
#2 C:\xampp\htdocs\TugasAkhir\system\Common.php(1119): CodeIgniter\View\View->render('admin/produk_ed...', Array, true)
#3 C:\xampp\htdocs\TugasAkhir\app\Controllers\Produk.php(94): view('admin/produk_ed...', Array)
#4 C:\xampp\htdocs\TugasAkhir\system\CodeIgniter.php(918): App\Controllers\Produk->edit('PR001')
#5 C:\xampp\htdocs\TugasAkhir\system\CodeIgniter.php(404): CodeIgniter\CodeIgniter->runController(Object(App\Controllers\Produk))
#6 C:\xampp\htdocs\TugasAkhir\system\CodeIgniter.php(312): CodeIgniter\CodeIgniter->handleRequest(NULL, Object(Config\Cache), false)
#7 C:\xampp\htdocs\TugasAkhir\public\index.php(45): CodeIgniter\CodeIgniter->run()
#8 C:\xampp\htdocs\TugasAkhir\system\Commands\Server\rewrite.php(34): require_once('C:\\xampp\\htdocs...')
#9 {main}
CRITICAL - 2021-02-05 20:36:10 --> Too few arguments to function App\Controllers\Produk::update(), 0 passed in C:\xampp\htdocs\TugasAkhir\system\CodeIgniter.php on line 918 and exactly 1 expected
#0 C:\xampp\htdocs\TugasAkhir\system\CodeIgniter.php(918): App\Controllers\Produk->update()
#1 C:\xampp\htdocs\TugasAkhir\system\CodeIgniter.php(404): CodeIgniter\CodeIgniter->runController(Object(App\Controllers\Produk))
#2 C:\xampp\htdocs\TugasAkhir\system\CodeIgniter.php(312): CodeIgniter\CodeIgniter->handleRequest(NULL, Object(Config\Cache), false)
#3 C:\xampp\htdocs\TugasAkhir\public\index.php(45): CodeIgniter\CodeIgniter->run()
#4 C:\xampp\htdocs\TugasAkhir\system\Commands\Server\rewrite.php(34): require_once('C:\\xampp\\htdocs...')
#5 {main}
CRITICAL - 2021-02-05 20:37:22 --> Too few arguments to function App\Controllers\Produk::update(), 0 passed in C:\xampp\htdocs\TugasAkhir\system\CodeIgniter.php on line 918 and exactly 1 expected
#0 C:\xampp\htdocs\TugasAkhir\system\CodeIgniter.php(918): App\Controllers\Produk->update()
#1 C:\xampp\htdocs\TugasAkhir\system\CodeIgniter.php(404): CodeIgniter\CodeIgniter->runController(Object(App\Controllers\Produk))
#2 C:\xampp\htdocs\TugasAkhir\system\CodeIgniter.php(312): CodeIgniter\CodeIgniter->handleRequest(NULL, Object(Config\Cache), false)
#3 C:\xampp\htdocs\TugasAkhir\public\index.php(45): CodeIgniter\CodeIgniter->run()
#4 C:\xampp\htdocs\TugasAkhir\system\Commands\Server\rewrite.php(34): require_once('C:\\xampp\\htdocs...')
#5 {main}
CRITICAL - 2021-02-05 20:49:21 --> Undefined variable: product
#0 C:\xampp\htdocs\TugasAkhir\app\Views\admin\produk_edit.php(11): CodeIgniter\Debug\Exceptions->errorHandler(8, 'Undefined varia...', 'C:\\xampp\\htdocs...', 11, Array)
#1 C:\xampp\htdocs\TugasAkhir\system\View\View.php(246): include('C:\\xampp\\htdocs...')
#2 C:\xampp\htdocs\TugasAkhir\system\Common.php(1119): CodeIgniter\View\View->render('admin/produk_ed...', Array, true)
#3 C:\xampp\htdocs\TugasAkhir\app\Controllers\Produk.php(94): view('admin/produk_ed...', Array)
#4 C:\xampp\htdocs\TugasAkhir\system\CodeIgniter.php(918): App\Controllers\Produk->edit('PR010')
#5 C:\xampp\htdocs\TugasAkhir\system\CodeIgniter.php(404): CodeIgniter\CodeIgniter->runController(Object(App\Controllers\Produk))
#6 C:\xampp\htdocs\TugasAkhir\system\CodeIgniter.php(312): CodeIgniter\CodeIgniter->handleRequest(NULL, Object(Config\Cache), false)
#7 C:\xampp\htdocs\TugasAkhir\public\index.php(45): CodeIgniter\CodeIgniter->run()
#8 C:\xampp\htdocs\TugasAkhir\system\Commands\Server\rewrite.php(34): require_once('C:\\xampp\\htdocs...')
#9 {main}
CRITICAL - 2021-02-05 20:49:48 --> Undefined variable: product
#0 C:\xampp\htdocs\TugasAkhir\app\Views\admin\produk_edit.php(11): CodeIgniter\Debug\Exceptions->errorHandler(8, 'Undefined varia...', 'C:\\xampp\\htdocs...', 11, Array)
#1 C:\xampp\htdocs\TugasAkhir\system\View\View.php(246): include('C:\\xampp\\htdocs...')
#2 C:\xampp\htdocs\TugasAkhir\system\Common.php(1119): CodeIgniter\View\View->render('admin/produk_ed...', Array, true)
#3 C:\xampp\htdocs\TugasAkhir\app\Controllers\Produk.php(94): view('admin/produk_ed...', Array)
#4 C:\xampp\htdocs\TugasAkhir\system\CodeIgniter.php(918): App\Controllers\Produk->edit('PR010')
#5 C:\xampp\htdocs\TugasAkhir\system\CodeIgniter.php(404): CodeIgniter\CodeIgniter->runController(Object(App\Controllers\Produk))
#6 C:\xampp\htdocs\TugasAkhir\system\CodeIgniter.php(312): CodeIgniter\CodeIgniter->handleRequest(NULL, Object(Config\Cache), false)
#7 C:\xampp\htdocs\TugasAkhir\public\index.php(45): CodeIgniter\CodeIgniter->run()
#8 C:\xampp\htdocs\TugasAkhir\system\Commands\Server\rewrite.php(34): require_once('C:\\xampp\\htdocs...')
#9 {main}
CRITICAL - 2021-02-05 20:50:49 --> Undefined variable: product
#0 C:\xampp\htdocs\TugasAkhir\app\Views\admin\produk_edit.php(10): CodeIgniter\Debug\Exceptions->errorHandler(8, 'Undefined varia...', 'C:\\xampp\\htdocs...', 10, Array)
#1 C:\xampp\htdocs\TugasAkhir\system\View\View.php(246): include('C:\\xampp\\htdocs...')
#2 C:\xampp\htdocs\TugasAkhir\system\Common.php(1119): CodeIgniter\View\View->render('admin/produk_ed...', Array, true)
#3 C:\xampp\htdocs\TugasAkhir\app\Controllers\Produk.php(94): view('admin/produk_ed...', Array)
#4 C:\xampp\htdocs\TugasAkhir\system\CodeIgniter.php(918): App\Controllers\Produk->edit('PR010')
#5 C:\xampp\htdocs\TugasAkhir\system\CodeIgniter.php(404): CodeIgniter\CodeIgniter->runController(Object(App\Controllers\Produk))
#6 C:\xampp\htdocs\TugasAkhir\system\CodeIgniter.php(312): CodeIgniter\CodeIgniter->handleRequest(NULL, Object(Config\Cache), false)
#7 C:\xampp\htdocs\TugasAkhir\public\index.php(45): CodeIgniter\CodeIgniter->run()
#8 C:\xampp\htdocs\TugasAkhir\system\Commands\Server\rewrite.php(34): require_once('C:\\xampp\\htdocs...')
#9 {main}
CRITICAL - 2021-02-05 20:51:12 --> Undefined variable: product
#0 C:\xampp\htdocs\TugasAkhir\app\Views\admin\produk_edit.php(10): CodeIgniter\Debug\Exceptions->errorHandler(8, 'Undefined varia...', 'C:\\xampp\\htdocs...', 10, Array)
#1 C:\xampp\htdocs\TugasAkhir\system\View\View.php(246): include('C:\\xampp\\htdocs...')
#2 C:\xampp\htdocs\TugasAkhir\system\Common.php(1119): CodeIgniter\View\View->render('admin/produk_ed...', Array, true)
#3 C:\xampp\htdocs\TugasAkhir\app\Controllers\Produk.php(94): view('admin/produk_ed...', Array)
#4 C:\xampp\htdocs\TugasAkhir\system\CodeIgniter.php(918): App\Controllers\Produk->edit('PR010')
#5 C:\xampp\htdocs\TugasAkhir\system\CodeIgniter.php(404): CodeIgniter\CodeIgniter->runController(Object(App\Controllers\Produk))
#6 C:\xampp\htdocs\TugasAkhir\system\CodeIgniter.php(312): CodeIgniter\CodeIgniter->handleRequest(NULL, Object(Config\Cache), false)
#7 C:\xampp\htdocs\TugasAkhir\public\index.php(45): CodeIgniter\CodeIgniter->run()
#8 C:\xampp\htdocs\TugasAkhir\system\Commands\Server\rewrite.php(34): require_once('C:\\xampp\\htdocs...')
#9 {main}
CRITICAL - 2021-02-05 20:51:33 --> Undefined variable: data
#0 C:\xampp\htdocs\TugasAkhir\app\Views\admin\produk_edit.php(10): CodeIgniter\Debug\Exceptions->errorHandler(8, 'Undefined varia...', 'C:\\xampp\\htdocs...', 10, Array)
#1 C:\xampp\htdocs\TugasAkhir\system\View\View.php(246): include('C:\\xampp\\htdocs...')
#2 C:\xampp\htdocs\TugasAkhir\system\Common.php(1119): CodeIgniter\View\View->render('admin/produk_ed...', Array, true)
#3 C:\xampp\htdocs\TugasAkhir\app\Controllers\Produk.php(94): view('admin/produk_ed...', Array)
#4 C:\xampp\htdocs\TugasAkhir\system\CodeIgniter.php(918): App\Controllers\Produk->edit('PR010')
#5 C:\xampp\htdocs\TugasAkhir\system\CodeIgniter.php(404): CodeIgniter\CodeIgniter->runController(Object(App\Controllers\Produk))
#6 C:\xampp\htdocs\TugasAkhir\system\CodeIgniter.php(312): CodeIgniter\CodeIgniter->handleRequest(NULL, Object(Config\Cache), false)
#7 C:\xampp\htdocs\TugasAkhir\public\index.php(45): CodeIgniter\CodeIgniter->run()
#8 C:\xampp\htdocs\TugasAkhir\system\Commands\Server\rewrite.php(34): require_once('C:\\xampp\\htdocs...')
#9 {main}
CRITICAL - 2021-02-05 21:00:27 --> Undefined variable: inputs
#0 C:\xampp\htdocs\TugasAkhir\app\Views\admin\produk_edit.php(24): CodeIgniter\Debug\Exceptions->errorHandler(8, 'Undefined varia...', 'C:\\xampp\\htdocs...', 24, Array)
#1 C:\xampp\htdocs\TugasAkhir\system\View\View.php(246): include('C:\\xampp\\htdocs...')
#2 C:\xampp\htdocs\TugasAkhir\system\Common.php(1119): CodeIgniter\View\View->render('admin/produk_ed...', Array, true)
#3 C:\xampp\htdocs\TugasAkhir\app\Controllers\Produk.php(94): view('admin/produk_ed...', Array)
#4 C:\xampp\htdocs\TugasAkhir\system\CodeIgniter.php(918): App\Controllers\Produk->edit('PR010')
#5 C:\xampp\htdocs\TugasAkhir\system\CodeIgniter.php(404): CodeIgniter\CodeIgniter->runController(Object(App\Controllers\Produk))
#6 C:\xampp\htdocs\TugasAkhir\system\CodeIgniter.php(312): CodeIgniter\CodeIgniter->handleRequest(NULL, Object(Config\Cache), false)
#7 C:\xampp\htdocs\TugasAkhir\public\index.php(45): CodeIgniter\CodeIgniter->run()
#8 C:\xampp\htdocs\TugasAkhir\system\Commands\Server\rewrite.php(34): require_once('C:\\xampp\\htdocs...')
#9 {main}
CRITICAL - 2021-02-05 21:00:32 --> Undefined variable: inputs
#0 C:\xampp\htdocs\TugasAkhir\app\Views\admin\produk_edit.php(24): CodeIgniter\Debug\Exceptions->errorHandler(8, 'Undefined varia...', 'C:\\xampp\\htdocs...', 24, Array)
#1 C:\xampp\htdocs\TugasAkhir\system\View\View.php(246): include('C:\\xampp\\htdocs...')
#2 C:\xampp\htdocs\TugasAkhir\system\Common.php(1119): CodeIgniter\View\View->render('admin/produk_ed...', Array, true)
#3 C:\xampp\htdocs\TugasAkhir\app\Controllers\Produk.php(94): view('admin/produk_ed...', Array)
#4 C:\xampp\htdocs\TugasAkhir\system\CodeIgniter.php(918): App\Controllers\Produk->edit('PR010')
#5 C:\xampp\htdocs\TugasAkhir\system\CodeIgniter.php(404): CodeIgniter\CodeIgniter->runController(Object(App\Controllers\Produk))
#6 C:\xampp\htdocs\TugasAkhir\system\CodeIgniter.php(312): CodeIgniter\CodeIgniter->handleRequest(NULL, Object(Config\Cache), false)
#7 C:\xampp\htdocs\TugasAkhir\public\index.php(45): CodeIgniter\CodeIgniter->run()
#8 C:\xampp\htdocs\TugasAkhir\system\Commands\Server\rewrite.php(34): require_once('C:\\xampp\\htdocs...')
#9 {main}
CRITICAL - 2021-02-05 22:47:11 --> Class 'App\Controllers\Transaksi_model' not found
#0 C:\xampp\htdocs\TugasAkhir\system\CodeIgniter.php(890): App\Controllers\Home->__construct()
#1 C:\xampp\htdocs\TugasAkhir\system\CodeIgniter.php(399): CodeIgniter\CodeIgniter->createController()
#2 C:\xampp\htdocs\TugasAkhir\system\CodeIgniter.php(312): CodeIgniter\CodeIgniter->handleRequest(NULL, Object(Config\Cache), false)
#3 C:\xampp\htdocs\TugasAkhir\public\index.php(45): CodeIgniter\CodeIgniter->run()
#4 C:\xampp\htdocs\TugasAkhir\system\Commands\Server\rewrite.php(34): require_once('C:\\xampp\\htdocs...')
#5 {main}
CRITICAL - 2021-02-05 22:59:36 --> Request URI segment is out of range: 1
#0 C:\xampp\htdocs\TugasAkhir\system\HTTP\URI.php(515): CodeIgniter\HTTP\Exceptions\HTTPException::forURISegmentOutOfRange(1)
#1 C:\xampp\htdocs\TugasAkhir\app\Controllers\Prestige.php(34): CodeIgniter\HTTP\URI->getSegment(1)
#2 C:\xampp\htdocs\TugasAkhir\system\CodeIgniter.php(918): App\Controllers\Prestige->index()
#3 C:\xampp\htdocs\TugasAkhir\system\CodeIgniter.php(404): CodeIgniter\CodeIgniter->runController(Object(App\Controllers\Prestige))
#4 C:\xampp\htdocs\TugasAkhir\system\CodeIgniter.php(312): CodeIgniter\CodeIgniter->handleRequest(NULL, Object(Config\Cache), false)
#5 C:\xampp\htdocs\TugasAkhir\public\index.php(45): CodeIgniter\CodeIgniter->run()
#6 C:\xampp\htdocs\TugasAkhir\system\Commands\Server\rewrite.php(34): require_once('C:\\xampp\\htdocs...')
#7 {main}
CRITICAL - 2021-02-05 23:01:27 --> Request URI segment is out of range: 1
#0 C:\xampp\htdocs\TugasAkhir\system\HTTP\URI.php(515): CodeIgniter\HTTP\Exceptions\HTTPException::forURISegmentOutOfRange(1)
#1 C:\xampp\htdocs\TugasAkhir\app\Controllers\Prestige.php(34): CodeIgniter\HTTP\URI->getSegment(1)
#2 C:\xampp\htdocs\TugasAkhir\system\CodeIgniter.php(918): App\Controllers\Prestige->index()
#3 C:\xampp\htdocs\TugasAkhir\system\CodeIgniter.php(404): CodeIgniter\CodeIgniter->runController(Object(App\Controllers\Prestige))
#4 C:\xampp\htdocs\TugasAkhir\system\CodeIgniter.php(312): CodeIgniter\CodeIgniter->handleRequest(NULL, Object(Config\Cache), false)
#5 C:\xampp\htdocs\TugasAkhir\public\index.php(45): CodeIgniter\CodeIgniter->run()
#6 C:\xampp\htdocs\TugasAkhir\system\Commands\Server\rewrite.php(34): require_once('C:\\xampp\\htdocs...')
#7 {main}
CRITICAL - 2021-02-05 23:02:09 --> Request URI segment is out of range: 1
#0 C:\xampp\htdocs\TugasAkhir\system\HTTP\URI.php(515): CodeIgniter\HTTP\Exceptions\HTTPException::forURISegmentOutOfRange(1)
#1 C:\xampp\htdocs\TugasAkhir\app\Controllers\Prestige.php(34): CodeIgniter\HTTP\URI->getSegment(1)
#2 C:\xampp\htdocs\TugasAkhir\system\CodeIgniter.php(918): App\Controllers\Prestige->index()
#3 C:\xampp\htdocs\TugasAkhir\system\CodeIgniter.php(404): CodeIgniter\CodeIgniter->runController(Object(App\Controllers\Prestige))
#4 C:\xampp\htdocs\TugasAkhir\system\CodeIgniter.php(312): CodeIgniter\CodeIgniter->handleRequest(NULL, Object(Config\Cache), false)
#5 C:\xampp\htdocs\TugasAkhir\public\index.php(45): CodeIgniter\CodeIgniter->run()
#6 C:\xampp\htdocs\TugasAkhir\system\Commands\Server\rewrite.php(34): require_once('C:\\xampp\\htdocs...')
#7 {main}
CRITICAL - 2021-02-05 23:02:26 --> Request URI segment is out of range: 1
#0 C:\xampp\htdocs\TugasAkhir\system\HTTP\URI.php(515): CodeIgniter\HTTP\Exceptions\HTTPException::forURISegmentOutOfRange(1)
#1 C:\xampp\htdocs\TugasAkhir\app\Controllers\Prestige.php(34): CodeIgniter\HTTP\URI->getSegment(1)
#2 C:\xampp\htdocs\TugasAkhir\system\CodeIgniter.php(918): App\Controllers\Prestige->index()
#3 C:\xampp\htdocs\TugasAkhir\system\CodeIgniter.php(404): CodeIgniter\CodeIgniter->runController(Object(App\Controllers\Prestige))
#4 C:\xampp\htdocs\TugasAkhir\system\CodeIgniter.php(312): CodeIgniter\CodeIgniter->handleRequest(NULL, Object(Config\Cache), false)
#5 C:\xampp\htdocs\TugasAkhir\public\index.php(45): CodeIgniter\CodeIgniter->run()
#6 C:\xampp\htdocs\TugasAkhir\system\Commands\Server\rewrite.php(34): require_once('C:\\xampp\\htdocs...')
#7 {main}
