CRITICAL - 2021-02-01 01:19:49 --> syntax error, unexpected 'endforeach' (T_ENDFOREACH), expecting end of file
#0 C:\xampp\htdocs\TugasAkhir\system\Common.php(1119): CodeIgniter\View\View->render('prestige/cart', Array, true)
#1 C:\xampp\htdocs\TugasAkhir\app\Controllers\Home.php(62): view('prestige/cart', Array)
#2 C:\xampp\htdocs\TugasAkhir\system\CodeIgniter.php(918): App\Controllers\Home->cart()
#3 C:\xampp\htdocs\TugasAkhir\system\CodeIgniter.php(404): CodeIgniter\CodeIgniter->runController(Object(App\Controllers\Home))
#4 C:\xampp\htdocs\TugasAkhir\system\CodeIgniter.php(312): CodeIgniter\CodeIgniter->handleRequest(NULL, Object(Config\Cache), false)
#5 C:\xampp\htdocs\TugasAkhir\public\index.php(45): CodeIgniter\CodeIgniter->run()
#6 C:\xampp\htdocs\TugasAkhir\system\Commands\Server\rewrite.php(34): require_once('C:\\xampp\\htdocs...')
#7 {main}
CRITICAL - 2021-02-01 01:20:10 --> syntax error, unexpected 'endforeach' (T_ENDFOREACH), expecting end of file
#0 C:\xampp\htdocs\TugasAkhir\system\Common.php(1119): CodeIgniter\View\View->render('prestige/cart', Array, true)
#1 C:\xampp\htdocs\TugasAkhir\app\Controllers\Home.php(62): view('prestige/cart', Array)
#2 C:\xampp\htdocs\TugasAkhir\system\CodeIgniter.php(918): App\Controllers\Home->cart()
#3 C:\xampp\htdocs\TugasAkhir\system\CodeIgniter.php(404): CodeIgniter\CodeIgniter->runController(Object(App\Controllers\Home))
#4 C:\xampp\htdocs\TugasAkhir\system\CodeIgniter.php(312): CodeIgniter\CodeIgniter->handleRequest(NULL, Object(Config\Cache), false)
#5 C:\xampp\htdocs\TugasAkhir\public\index.php(45): CodeIgniter\CodeIgniter->run()
#6 C:\xampp\htdocs\TugasAkhir\system\Commands\Server\rewrite.php(34): require_once('C:\\xampp\\htdocs...')
#7 {main}
CRITICAL - 2021-02-01 01:20:32 --> syntax error, unexpected 'endforeach' (T_ENDFOREACH)
#0 C:\xampp\htdocs\TugasAkhir\system\Common.php(1119): CodeIgniter\View\View->render('prestige/cart', Array, true)
#1 C:\xampp\htdocs\TugasAkhir\app\Controllers\Home.php(62): view('prestige/cart', Array)
#2 C:\xampp\htdocs\TugasAkhir\system\CodeIgniter.php(918): App\Controllers\Home->cart()
#3 C:\xampp\htdocs\TugasAkhir\system\CodeIgniter.php(404): CodeIgniter\CodeIgniter->runController(Object(App\Controllers\Home))
#4 C:\xampp\htdocs\TugasAkhir\system\CodeIgniter.php(312): CodeIgniter\CodeIgniter->handleRequest(NULL, Object(Config\Cache), false)
#5 C:\xampp\htdocs\TugasAkhir\public\index.php(45): CodeIgniter\CodeIgniter->run()
#6 C:\xampp\htdocs\TugasAkhir\system\Commands\Server\rewrite.php(34): require_once('C:\\xampp\\htdocs...')
#7 {main}
CRITICAL - 2021-02-01 01:21:15 --> Call to a member function contents() on null
#0 C:\xampp\htdocs\TugasAkhir\system\View\View.php(246): include()
#1 C:\xampp\htdocs\TugasAkhir\system\Common.php(1119): CodeIgniter\View\View->render('prestige/cart', Array, true)
#2 C:\xampp\htdocs\TugasAkhir\app\Controllers\Home.php(62): view('prestige/cart', Array)
#3 C:\xampp\htdocs\TugasAkhir\system\CodeIgniter.php(918): App\Controllers\Home->cart()
#4 C:\xampp\htdocs\TugasAkhir\system\CodeIgniter.php(404): CodeIgniter\CodeIgniter->runController(Object(App\Controllers\Home))
#5 C:\xampp\htdocs\TugasAkhir\system\CodeIgniter.php(312): CodeIgniter\CodeIgniter->handleRequest(NULL, Object(Config\Cache), false)
#6 C:\xampp\htdocs\TugasAkhir\public\index.php(45): CodeIgniter\CodeIgniter->run()
#7 C:\xampp\htdocs\TugasAkhir\system\Commands\Server\rewrite.php(34): require_once('C:\\xampp\\htdocs...')
#8 {main}
CRITICAL - 2021-02-01 01:24:50 --> Call to a member function insert() on null
#0 C:\xampp\htdocs\TugasAkhir\system\CodeIgniter.php(918): App\Controllers\Home->add()
#1 C:\xampp\htdocs\TugasAkhir\system\CodeIgniter.php(404): CodeIgniter\CodeIgniter->runController(Object(App\Controllers\Home))
#2 C:\xampp\htdocs\TugasAkhir\system\CodeIgniter.php(312): CodeIgniter\CodeIgniter->handleRequest(NULL, Object(Config\Cache), false)
#3 C:\xampp\htdocs\TugasAkhir\public\index.php(45): CodeIgniter\CodeIgniter->run()
#4 C:\xampp\htdocs\TugasAkhir\system\Commands\Server\rewrite.php(34): require_once('C:\\xampp\\htdocs...')
#5 {main}
CRITICAL - 2021-02-01 01:26:30 --> Call to a member function insert() on null
#0 C:\xampp\htdocs\TugasAkhir\system\CodeIgniter.php(918): App\Controllers\Home->add()
#1 C:\xampp\htdocs\TugasAkhir\system\CodeIgniter.php(404): CodeIgniter\CodeIgniter->runController(Object(App\Controllers\Home))
#2 C:\xampp\htdocs\TugasAkhir\system\CodeIgniter.php(312): CodeIgniter\CodeIgniter->handleRequest(NULL, Object(Config\Cache), false)
#3 C:\xampp\htdocs\TugasAkhir\public\index.php(45): CodeIgniter\CodeIgniter->run()
#4 C:\xampp\htdocs\TugasAkhir\system\Commands\Server\rewrite.php(34): require_once('C:\\xampp\\htdocs...')
#5 {main}
CRITICAL - 2021-02-01 05:48:51 --> Unable to connect to the database.
#0 C:\xampp\htdocs\TugasAkhir\system\Database\BaseConnection.php(646): CodeIgniter\Database\BaseConnection->initialize()
#1 C:\xampp\htdocs\TugasAkhir\system\Database\BaseBuilder.php(1860): CodeIgniter\Database\BaseConnection->query('SELECT *\nFROM `...', Array, false)
#2 C:\xampp\htdocs\TugasAkhir\system\Model.php(506): CodeIgniter\Database\BaseBuilder->get()
#3 C:\xampp\htdocs\TugasAkhir\vendor\myth\auth\src\Authentication\LocalAuthenticator.php(156): CodeIgniter\Model->first()
#4 C:\xampp\htdocs\TugasAkhir\vendor\myth\auth\src\Authentication\LocalAuthenticator.php(20): Myth\Auth\Authentication\LocalAuthenticator->validate(Array, true)
#5 C:\xampp\htdocs\TugasAkhir\vendor\myth\auth\src\Controllers\AuthController.php(85): Myth\Auth\Authentication\LocalAuthenticator->attempt(Array, false)
#6 C:\xampp\htdocs\TugasAkhir\system\CodeIgniter.php(918): Myth\Auth\Controllers\AuthController->attemptLogin()
#7 C:\xampp\htdocs\TugasAkhir\system\CodeIgniter.php(404): CodeIgniter\CodeIgniter->runController(Object(Myth\Auth\Controllers\AuthController))
#8 C:\xampp\htdocs\TugasAkhir\system\CodeIgniter.php(312): CodeIgniter\CodeIgniter->handleRequest(NULL, Object(Config\Cache), false)
#9 C:\xampp\htdocs\TugasAkhir\public\index.php(45): CodeIgniter\CodeIgniter->run()
#10 C:\xampp\htdocs\TugasAkhir\system\Commands\Server\rewrite.php(34): require_once('C:\\xampp\\htdocs...')
#11 {main}
CRITICAL - 2021-02-01 05:49:03 --> Call to a member function contents() on null
#0 C:\xampp\htdocs\TugasAkhir\system\View\View.php(246): include()
#1 C:\xampp\htdocs\TugasAkhir\system\Common.php(1119): CodeIgniter\View\View->render('prestige/cart', Array, true)
#2 C:\xampp\htdocs\TugasAkhir\app\Controllers\Home.php(62): view('prestige/cart', Array)
#3 C:\xampp\htdocs\TugasAkhir\system\CodeIgniter.php(918): App\Controllers\Home->cart()
#4 C:\xampp\htdocs\TugasAkhir\system\CodeIgniter.php(404): CodeIgniter\CodeIgniter->runController(Object(App\Controllers\Home))
#5 C:\xampp\htdocs\TugasAkhir\system\CodeIgniter.php(312): CodeIgniter\CodeIgniter->handleRequest(NULL, Object(Config\Cache), false)
#6 C:\xampp\htdocs\TugasAkhir\public\index.php(45): CodeIgniter\CodeIgniter->run()
#7 C:\xampp\htdocs\TugasAkhir\system\Commands\Server\rewrite.php(34): require_once('C:\\xampp\\htdocs...')
#8 {main}
CRITICAL - 2021-02-01 06:21:10 --> syntax error, unexpected '}', expecting end of file
#0 C:\xampp\htdocs\TugasAkhir\system\Common.php(1119): CodeIgniter\View\View->render('prestige/cart', Array, true)
#1 C:\xampp\htdocs\TugasAkhir\app\Controllers\Home.php(62): view('prestige/cart', Array)
#2 C:\xampp\htdocs\TugasAkhir\system\CodeIgniter.php(918): App\Controllers\Home->cart()
#3 C:\xampp\htdocs\TugasAkhir\system\CodeIgniter.php(404): CodeIgniter\CodeIgniter->runController(Object(App\Controllers\Home))
#4 C:\xampp\htdocs\TugasAkhir\system\CodeIgniter.php(312): CodeIgniter\CodeIgniter->handleRequest(NULL, Object(Config\Cache), false)
#5 C:\xampp\htdocs\TugasAkhir\public\index.php(45): CodeIgniter\CodeIgniter->run()
#6 C:\xampp\htdocs\TugasAkhir\system\Commands\Server\rewrite.php(34): require_once('C:\\xampp\\htdocs...')
#7 {main}
CRITICAL - 2021-02-01 06:22:44 --> Call to a member function insert() on null
#0 C:\xampp\htdocs\TugasAkhir\system\CodeIgniter.php(918): App\Controllers\Home->add()
#1 C:\xampp\htdocs\TugasAkhir\system\CodeIgniter.php(404): CodeIgniter\CodeIgniter->runController(Object(App\Controllers\Home))
#2 C:\xampp\htdocs\TugasAkhir\system\CodeIgniter.php(312): CodeIgniter\CodeIgniter->handleRequest(NULL, Object(Config\Cache), false)
#3 C:\xampp\htdocs\TugasAkhir\public\index.php(45): CodeIgniter\CodeIgniter->run()
#4 C:\xampp\htdocs\TugasAkhir\system\Commands\Server\rewrite.php(34): require_once('C:\\xampp\\htdocs...')
#5 {main}
CRITICAL - 2021-02-01 06:37:23 --> Call to a member function insert() on null
#0 C:\xampp\htdocs\TugasAkhir\system\CodeIgniter.php(918): App\Controllers\Home->add()
#1 C:\xampp\htdocs\TugasAkhir\system\CodeIgniter.php(404): CodeIgniter\CodeIgniter->runController(Object(App\Controllers\Home))
#2 C:\xampp\htdocs\TugasAkhir\system\CodeIgniter.php(312): CodeIgniter\CodeIgniter->handleRequest(NULL, Object(Config\Cache), false)
#3 C:\xampp\htdocs\TugasAkhir\public\index.php(45): CodeIgniter\CodeIgniter->run()
#4 C:\xampp\htdocs\TugasAkhir\system\Commands\Server\rewrite.php(34): require_once('C:\\xampp\\htdocs...')
#5 {main}
CRITICAL - 2021-02-01 06:39:12 --> Call to a member function contents() on null
#0 C:\xampp\htdocs\TugasAkhir\system\View\View.php(246): include()
#1 C:\xampp\htdocs\TugasAkhir\system\Common.php(1119): CodeIgniter\View\View->render('prestige/cart', Array, true)
#2 C:\xampp\htdocs\TugasAkhir\app\Controllers\Home.php(62): view('prestige/cart', Array)
#3 C:\xampp\htdocs\TugasAkhir\system\CodeIgniter.php(918): App\Controllers\Home->cart()
#4 C:\xampp\htdocs\TugasAkhir\system\CodeIgniter.php(404): CodeIgniter\CodeIgniter->runController(Object(App\Controllers\Home))
#5 C:\xampp\htdocs\TugasAkhir\system\CodeIgniter.php(312): CodeIgniter\CodeIgniter->handleRequest(NULL, Object(Config\Cache), false)
#6 C:\xampp\htdocs\TugasAkhir\public\index.php(45): CodeIgniter\CodeIgniter->run()
#7 C:\xampp\htdocs\TugasAkhir\system\Commands\Server\rewrite.php(34): require_once('C:\\xampp\\htdocs...')
#8 {main}
CRITICAL - 2021-02-01 06:39:22 --> Call to a member function insert() on null
#0 C:\xampp\htdocs\TugasAkhir\system\CodeIgniter.php(918): App\Controllers\Home->add()
#1 C:\xampp\htdocs\TugasAkhir\system\CodeIgniter.php(404): CodeIgniter\CodeIgniter->runController(Object(App\Controllers\Home))
#2 C:\xampp\htdocs\TugasAkhir\system\CodeIgniter.php(312): CodeIgniter\CodeIgniter->handleRequest(NULL, Object(Config\Cache), false)
#3 C:\xampp\htdocs\TugasAkhir\public\index.php(45): CodeIgniter\CodeIgniter->run()
#4 C:\xampp\htdocs\TugasAkhir\system\Commands\Server\rewrite.php(34): require_once('C:\\xampp\\htdocs...')
#5 {main}
CRITICAL - 2021-02-01 06:45:53 --> Call to a member function insert() on null
#0 C:\xampp\htdocs\TugasAkhir\system\CodeIgniter.php(918): App\Controllers\Home->add()
#1 C:\xampp\htdocs\TugasAkhir\system\CodeIgniter.php(404): CodeIgniter\CodeIgniter->runController(Object(App\Controllers\Home))
#2 C:\xampp\htdocs\TugasAkhir\system\CodeIgniter.php(312): CodeIgniter\CodeIgniter->handleRequest(NULL, Object(Config\Cache), false)
#3 C:\xampp\htdocs\TugasAkhir\public\index.php(45): CodeIgniter\CodeIgniter->run()
#4 C:\xampp\htdocs\TugasAkhir\system\Commands\Server\rewrite.php(34): require_once('C:\\xampp\\htdocs...')
#5 {main}
CRITICAL - 2021-02-01 06:47:30 --> Call to a member function insert() on null
#0 C:\xampp\htdocs\TugasAkhir\system\CodeIgniter.php(918): App\Controllers\Home->add()
#1 C:\xampp\htdocs\TugasAkhir\system\CodeIgniter.php(404): CodeIgniter\CodeIgniter->runController(Object(App\Controllers\Home))
#2 C:\xampp\htdocs\TugasAkhir\system\CodeIgniter.php(312): CodeIgniter\CodeIgniter->handleRequest(NULL, Object(Config\Cache), false)
#3 C:\xampp\htdocs\TugasAkhir\public\index.php(45): CodeIgniter\CodeIgniter->run()
#4 C:\xampp\htdocs\TugasAkhir\system\Commands\Server\rewrite.php(34): require_once('C:\\xampp\\htdocs...')
#5 {main}
CRITICAL - 2021-02-01 06:51:36 --> Unable to connect to the database.
#0 C:\xampp\htdocs\TugasAkhir\system\Database\BaseConnection.php(646): CodeIgniter\Database\BaseConnection->initialize()
#1 C:\xampp\htdocs\TugasAkhir\system\Database\BaseBuilder.php(1860): CodeIgniter\Database\BaseConnection->query('SELECT *\nFROM `...', Array, false)
#2 C:\xampp\htdocs\TugasAkhir\system\Model.php(398): CodeIgniter\Database\BaseBuilder->get()
#3 C:\xampp\htdocs\TugasAkhir\vendor\myth\auth\src\Authentication\AuthenticationBase.php(137): CodeIgniter\Model->find('1')
#4 C:\xampp\htdocs\TugasAkhir\vendor\myth\auth\src\Authentication\LocalAuthenticator.php(70): Myth\Auth\Authentication\AuthenticationBase->isLoggedIn()
#5 C:\xampp\htdocs\TugasAkhir\vendor\myth\auth\src\Helpers\auth_helper.php(14): Myth\Auth\Authentication\LocalAuthenticator->check()
#6 C:\xampp\htdocs\TugasAkhir\app\Views\prestige\navbar.php(42): logged_in()
#7 C:\xampp\htdocs\TugasAkhir\system\View\View.php(246): include('C:\\xampp\\htdocs...')
#8 C:\xampp\htdocs\TugasAkhir\system\View\View.php(525): CodeIgniter\View\View->render('prestige/navbar', NULL, true)
#9 C:\xampp\htdocs\TugasAkhir\app\Views\template.php(35): CodeIgniter\View\View->include('prestige/navbar')
#10 C:\xampp\htdocs\TugasAkhir\system\View\View.php(246): include('C:\\xampp\\htdocs...')
#11 C:\xampp\htdocs\TugasAkhir\system\View\View.php(257): CodeIgniter\View\View->render('/template', Array, true)
#12 C:\xampp\htdocs\TugasAkhir\system\Common.php(1119): CodeIgniter\View\View->render('prestige/home', Array, true)
#13 C:\xampp\htdocs\TugasAkhir\app\Controllers\Prestige.php(24): view('prestige/home', Array)
#14 C:\xampp\htdocs\TugasAkhir\system\CodeIgniter.php(918): App\Controllers\Prestige->index()
#15 C:\xampp\htdocs\TugasAkhir\system\CodeIgniter.php(404): CodeIgniter\CodeIgniter->runController(Object(App\Controllers\Prestige))
#16 C:\xampp\htdocs\TugasAkhir\system\CodeIgniter.php(312): CodeIgniter\CodeIgniter->handleRequest(NULL, Object(Config\Cache), false)
#17 C:\xampp\htdocs\TugasAkhir\public\index.php(45): CodeIgniter\CodeIgniter->run()
#18 C:\xampp\htdocs\TugasAkhir\system\Commands\Server\rewrite.php(34): require_once('C:\\xampp\\htdocs...')
#19 {main}
CRITICAL - 2021-02-01 06:51:36 --> Unable to connect to the database.
#0 C:\xampp\htdocs\TugasAkhir\system\Database\BaseConnection.php(646): CodeIgniter\Database\BaseConnection->initialize()
#1 C:\xampp\htdocs\TugasAkhir\system\Database\BaseBuilder.php(1860): CodeIgniter\Database\BaseConnection->query('SELECT *\nFROM `...', Array, false)
#2 C:\xampp\htdocs\TugasAkhir\system\Model.php(398): CodeIgniter\Database\BaseBuilder->get()
#3 C:\xampp\htdocs\TugasAkhir\vendor\myth\auth\src\Authentication\AuthenticationBase.php(137): CodeIgniter\Model->find('1')
#4 C:\xampp\htdocs\TugasAkhir\vendor\myth\auth\src\Authentication\LocalAuthenticator.php(70): Myth\Auth\Authentication\AuthenticationBase->isLoggedIn()
#5 C:\xampp\htdocs\TugasAkhir\vendor\myth\auth\src\Helpers\auth_helper.php(14): Myth\Auth\Authentication\LocalAuthenticator->check()
#6 C:\xampp\htdocs\TugasAkhir\app\Views\prestige\navbar.php(42): logged_in()
#7 C:\xampp\htdocs\TugasAkhir\system\View\View.php(246): include('C:\\xampp\\htdocs...')
#8 C:\xampp\htdocs\TugasAkhir\system\View\View.php(525): CodeIgniter\View\View->render('prestige/navbar', NULL, true)
#9 C:\xampp\htdocs\TugasAkhir\app\Views\template.php(35): CodeIgniter\View\View->include('prestige/navbar')
#10 C:\xampp\htdocs\TugasAkhir\system\View\View.php(246): include('C:\\xampp\\htdocs...')
#11 C:\xampp\htdocs\TugasAkhir\system\View\View.php(257): CodeIgniter\View\View->render('/template', Array, true)
#12 C:\xampp\htdocs\TugasAkhir\system\Common.php(1119): CodeIgniter\View\View->render('prestige/home', Array, true)
#13 C:\xampp\htdocs\TugasAkhir\app\Controllers\Prestige.php(24): view('prestige/home', Array)
#14 C:\xampp\htdocs\TugasAkhir\system\CodeIgniter.php(918): App\Controllers\Prestige->index()
#15 C:\xampp\htdocs\TugasAkhir\system\CodeIgniter.php(404): CodeIgniter\CodeIgniter->runController(Object(App\Controllers\Prestige))
#16 C:\xampp\htdocs\TugasAkhir\system\CodeIgniter.php(312): CodeIgniter\CodeIgniter->handleRequest(NULL, Object(Config\Cache), false)
#17 C:\xampp\htdocs\TugasAkhir\public\index.php(45): CodeIgniter\CodeIgniter->run()
#18 C:\xampp\htdocs\TugasAkhir\system\Commands\Server\rewrite.php(34): require_once('C:\\xampp\\htdocs...')
#19 {main}
CRITICAL - 2021-02-01 06:52:34 --> Call to a member function contents() on null
#0 C:\xampp\htdocs\TugasAkhir\system\View\View.php(246): include()
#1 C:\xampp\htdocs\TugasAkhir\system\Common.php(1119): CodeIgniter\View\View->render('prestige/cart', Array, true)
#2 C:\xampp\htdocs\TugasAkhir\app\Controllers\Home.php(62): view('prestige/cart', Array)
#3 C:\xampp\htdocs\TugasAkhir\system\CodeIgniter.php(918): App\Controllers\Home->cart()
#4 C:\xampp\htdocs\TugasAkhir\system\CodeIgniter.php(404): CodeIgniter\CodeIgniter->runController(Object(App\Controllers\Home))
#5 C:\xampp\htdocs\TugasAkhir\system\CodeIgniter.php(312): CodeIgniter\CodeIgniter->handleRequest(NULL, Object(Config\Cache), false)
#6 C:\xampp\htdocs\TugasAkhir\public\index.php(45): CodeIgniter\CodeIgniter->run()
#7 C:\xampp\htdocs\TugasAkhir\system\Commands\Server\rewrite.php(34): require_once('C:\\xampp\\htdocs...')
#8 {main}
CRITICAL - 2021-02-01 06:53:37 --> Call to a member function contents() on null
#0 C:\xampp\htdocs\TugasAkhir\system\View\View.php(246): include()
#1 C:\xampp\htdocs\TugasAkhir\system\Common.php(1119): CodeIgniter\View\View->render('prestige/cart', Array, true)
#2 C:\xampp\htdocs\TugasAkhir\app\Controllers\Home.php(62): view('prestige/cart', Array)
#3 C:\xampp\htdocs\TugasAkhir\system\CodeIgniter.php(918): App\Controllers\Home->cart()
#4 C:\xampp\htdocs\TugasAkhir\system\CodeIgniter.php(404): CodeIgniter\CodeIgniter->runController(Object(App\Controllers\Home))
#5 C:\xampp\htdocs\TugasAkhir\system\CodeIgniter.php(312): CodeIgniter\CodeIgniter->handleRequest(NULL, Object(Config\Cache), false)
#6 C:\xampp\htdocs\TugasAkhir\public\index.php(45): CodeIgniter\CodeIgniter->run()
#7 C:\xampp\htdocs\TugasAkhir\system\Commands\Server\rewrite.php(34): require_once('C:\\xampp\\htdocs...')
#8 {main}
CRITICAL - 2021-02-01 06:53:46 --> Undefined variable: cart
#0 C:\xampp\htdocs\TugasAkhir\app\Controllers\Home.php(40): CodeIgniter\Debug\Exceptions->errorHandler(8, 'Undefined varia...', 'C:\\xampp\\htdocs...', 40, Array)
#1 C:\xampp\htdocs\TugasAkhir\system\CodeIgniter.php(918): App\Controllers\Home->add()
#2 C:\xampp\htdocs\TugasAkhir\system\CodeIgniter.php(404): CodeIgniter\CodeIgniter->runController(Object(App\Controllers\Home))
#3 C:\xampp\htdocs\TugasAkhir\system\CodeIgniter.php(312): CodeIgniter\CodeIgniter->handleRequest(NULL, Object(Config\Cache), false)
#4 C:\xampp\htdocs\TugasAkhir\public\index.php(45): CodeIgniter\CodeIgniter->run()
#5 C:\xampp\htdocs\TugasAkhir\system\Commands\Server\rewrite.php(34): require_once('C:\\xampp\\htdocs...')
#6 {main}
CRITICAL - 2021-02-01 07:06:31 --> Invalid file: home/cart.php
#0 C:\xampp\htdocs\TugasAkhir\system\View\View.php(228): CodeIgniter\Exceptions\FrameworkException::forInvalidFile('home/cart.php')
#1 C:\xampp\htdocs\TugasAkhir\system\Common.php(1119): CodeIgniter\View\View->render('home/cart', Array, true)
#2 C:\xampp\htdocs\TugasAkhir\app\Controllers\Home.php(62): view('home/cart', Array)
#3 C:\xampp\htdocs\TugasAkhir\system\CodeIgniter.php(918): App\Controllers\Home->cart()
#4 C:\xampp\htdocs\TugasAkhir\system\CodeIgniter.php(404): CodeIgniter\CodeIgniter->runController(Object(App\Controllers\Home))
#5 C:\xampp\htdocs\TugasAkhir\system\CodeIgniter.php(312): CodeIgniter\CodeIgniter->handleRequest(NULL, Object(Config\Cache), false)
#6 C:\xampp\htdocs\TugasAkhir\public\index.php(45): CodeIgniter\CodeIgniter->run()
#7 C:\xampp\htdocs\TugasAkhir\system\Commands\Server\rewrite.php(34): require_once('C:\\xampp\\htdocs...')
#8 {main}
CRITICAL - 2021-02-01 07:33:33 --> syntax error, unexpected 'echo' (T_ECHO)
#0 C:\xampp\htdocs\TugasAkhir\system\Common.php(1119): CodeIgniter\View\View->render('prestige/contac...', Array, true)
#1 C:\xampp\htdocs\TugasAkhir\app\Controllers\Prestige.php(52): view('prestige/contac...', Array)
#2 C:\xampp\htdocs\TugasAkhir\system\CodeIgniter.php(918): App\Controllers\Prestige->contact()
#3 C:\xampp\htdocs\TugasAkhir\system\CodeIgniter.php(404): CodeIgniter\CodeIgniter->runController(Object(App\Controllers\Prestige))
#4 C:\xampp\htdocs\TugasAkhir\system\CodeIgniter.php(312): CodeIgniter\CodeIgniter->handleRequest(NULL, Object(Config\Cache), false)
#5 C:\xampp\htdocs\TugasAkhir\public\index.php(45): CodeIgniter\CodeIgniter->run()
#6 C:\xampp\htdocs\TugasAkhir\system\Commands\Server\rewrite.php(34): require_once('C:\\xampp\\htdocs...')
#7 {main}
CRITICAL - 2021-02-01 07:35:35 --> syntax error, unexpected 'echo' (T_ECHO)
#0 C:\xampp\htdocs\TugasAkhir\system\Common.php(1119): CodeIgniter\View\View->render('prestige/contac...', Array, true)
#1 C:\xampp\htdocs\TugasAkhir\app\Controllers\Prestige.php(52): view('prestige/contac...', Array)
#2 C:\xampp\htdocs\TugasAkhir\system\CodeIgniter.php(918): App\Controllers\Prestige->contact()
#3 C:\xampp\htdocs\TugasAkhir\system\CodeIgniter.php(404): CodeIgniter\CodeIgniter->runController(Object(App\Controllers\Prestige))
#4 C:\xampp\htdocs\TugasAkhir\system\CodeIgniter.php(312): CodeIgniter\CodeIgniter->handleRequest(NULL, Object(Config\Cache), false)
#5 C:\xampp\htdocs\TugasAkhir\public\index.php(45): CodeIgniter\CodeIgniter->run()
#6 C:\xampp\htdocs\TugasAkhir\system\Commands\Server\rewrite.php(34): require_once('C:\\xampp\\htdocs...')
#7 {main}
CRITICAL - 2021-02-01 07:35:43 --> syntax error, unexpected 'echo' (T_ECHO)
#0 C:\xampp\htdocs\TugasAkhir\system\Common.php(1119): CodeIgniter\View\View->render('prestige/contac...', Array, true)
#1 C:\xampp\htdocs\TugasAkhir\app\Controllers\Prestige.php(52): view('prestige/contac...', Array)
#2 C:\xampp\htdocs\TugasAkhir\system\CodeIgniter.php(918): App\Controllers\Prestige->contact()
#3 C:\xampp\htdocs\TugasAkhir\system\CodeIgniter.php(404): CodeIgniter\CodeIgniter->runController(Object(App\Controllers\Prestige))
#4 C:\xampp\htdocs\TugasAkhir\system\CodeIgniter.php(312): CodeIgniter\CodeIgniter->handleRequest(NULL, Object(Config\Cache), false)
#5 C:\xampp\htdocs\TugasAkhir\public\index.php(45): CodeIgniter\CodeIgniter->run()
#6 C:\xampp\htdocs\TugasAkhir\system\Commands\Server\rewrite.php(34): require_once('C:\\xampp\\htdocs...')
#7 {main}
