CRITICAL - 2021-02-02 01:10:07 --> Unable to connect to the database.
#0 C:\xampp\htdocs\TugasAkhir\system\Database\BaseConnection.php(646): CodeIgniter\Database\BaseConnection->initialize()
#1 C:\xampp\htdocs\TugasAkhir\system\Database\BaseBuilder.php(1860): CodeIgniter\Database\BaseConnection->query('SELECT *\nFROM `...', Array, false)
#2 C:\xampp\htdocs\TugasAkhir\system\Model.php(506): CodeIgniter\Database\BaseBuilder->get()
#3 C:\xampp\htdocs\TugasAkhir\vendor\myth\auth\src\Authentication\LocalAuthenticator.php(156): CodeIgniter\Model->first()
#4 C:\xampp\htdocs\TugasAkhir\vendor\myth\auth\src\Authentication\LocalAuthenticator.php(20): Myth\Auth\Authentication\LocalAuthenticator->validate(Array, true)
#5 C:\xampp\htdocs\TugasAkhir\vendor\myth\auth\src\Controllers\AuthController.php(85): Myth\Auth\Authentication\LocalAuthenticator->attempt(Array, false)
#6 C:\xampp\htdocs\TugasAkhir\system\CodeIgniter.php(918): Myth\Auth\Controllers\AuthController->attemptLogin()
#7 C:\xampp\htdocs\TugasAkhir\system\CodeIgniter.php(404): CodeIgniter\CodeIgniter->runController(Object(Myth\Auth\Controllers\AuthController))
#8 C:\xampp\htdocs\TugasAkhir\system\CodeIgniter.php(312): CodeIgniter\CodeIgniter->handleRequest(NULL, Object(Config\Cache), false)
#9 C:\xampp\htdocs\TugasAkhir\public\index.php(45): CodeIgniter\CodeIgniter->run()
#10 C:\xampp\htdocs\TugasAkhir\system\Commands\Server\rewrite.php(34): require_once('C:\\xampp\\htdocs...')
#11 {main}
CRITICAL - 2021-02-02 01:17:08 --> Undefined property: App\Controllers\Produk::$product
#0 C:\xampp\htdocs\TugasAkhir\app\Controllers\Produk.php(25): CodeIgniter\Debug\Exceptions->errorHandler(8, 'Undefined prope...', 'C:\\xampp\\htdocs...', 25, Array)
#1 C:\xampp\htdocs\TugasAkhir\system\CodeIgniter.php(918): App\Controllers\Produk->index()
#2 C:\xampp\htdocs\TugasAkhir\system\CodeIgniter.php(404): CodeIgniter\CodeIgniter->runController(Object(App\Controllers\Produk))
#3 C:\xampp\htdocs\TugasAkhir\system\CodeIgniter.php(312): CodeIgniter\CodeIgniter->handleRequest(NULL, Object(Config\Cache), false)
#4 C:\xampp\htdocs\TugasAkhir\public\index.php(45): CodeIgniter\CodeIgniter->run()
#5 C:\xampp\htdocs\TugasAkhir\system\Commands\Server\rewrite.php(34): require_once('C:\\xampp\\htdocs...')
#6 {main}
CRITICAL - 2021-02-02 01:17:39 --> Undefined property: App\Controllers\Produk::$product
#0 C:\xampp\htdocs\TugasAkhir\app\Controllers\Produk.php(25): CodeIgniter\Debug\Exceptions->errorHandler(8, 'Undefined prope...', 'C:\\xampp\\htdocs...', 25, Array)
#1 C:\xampp\htdocs\TugasAkhir\system\CodeIgniter.php(918): App\Controllers\Produk->index()
#2 C:\xampp\htdocs\TugasAkhir\system\CodeIgniter.php(404): CodeIgniter\CodeIgniter->runController(Object(App\Controllers\Produk))
#3 C:\xampp\htdocs\TugasAkhir\system\CodeIgniter.php(312): CodeIgniter\CodeIgniter->handleRequest(NULL, Object(Config\Cache), false)
#4 C:\xampp\htdocs\TugasAkhir\public\index.php(45): CodeIgniter\CodeIgniter->run()
#5 C:\xampp\htdocs\TugasAkhir\system\Commands\Server\rewrite.php(34): require_once('C:\\xampp\\htdocs...')
#6 {main}
CRITICAL - 2021-02-02 01:20:20 --> Undefined property: App\Controllers\Produk::$product
#0 C:\xampp\htdocs\TugasAkhir\app\Controllers\Produk.php(25): CodeIgniter\Debug\Exceptions->errorHandler(8, 'Undefined prope...', 'C:\\xampp\\htdocs...', 25, Array)
#1 C:\xampp\htdocs\TugasAkhir\system\CodeIgniter.php(918): App\Controllers\Produk->index()
#2 C:\xampp\htdocs\TugasAkhir\system\CodeIgniter.php(404): CodeIgniter\CodeIgniter->runController(Object(App\Controllers\Produk))
#3 C:\xampp\htdocs\TugasAkhir\system\CodeIgniter.php(312): CodeIgniter\CodeIgniter->handleRequest(NULL, Object(Config\Cache), false)
#4 C:\xampp\htdocs\TugasAkhir\public\index.php(45): CodeIgniter\CodeIgniter->run()
#5 C:\xampp\htdocs\TugasAkhir\system\Commands\Server\rewrite.php(34): require_once('C:\\xampp\\htdocs...')
#6 {main}
CRITICAL - 2021-02-02 01:20:25 --> Undefined property: App\Controllers\Produk::$product
#0 C:\xampp\htdocs\TugasAkhir\app\Controllers\Produk.php(25): CodeIgniter\Debug\Exceptions->errorHandler(8, 'Undefined prope...', 'C:\\xampp\\htdocs...', 25, Array)
#1 C:\xampp\htdocs\TugasAkhir\system\CodeIgniter.php(918): App\Controllers\Produk->index()
#2 C:\xampp\htdocs\TugasAkhir\system\CodeIgniter.php(404): CodeIgniter\CodeIgniter->runController(Object(App\Controllers\Produk))
#3 C:\xampp\htdocs\TugasAkhir\system\CodeIgniter.php(312): CodeIgniter\CodeIgniter->handleRequest(NULL, Object(Config\Cache), false)
#4 C:\xampp\htdocs\TugasAkhir\public\index.php(45): CodeIgniter\CodeIgniter->run()
#5 C:\xampp\htdocs\TugasAkhir\system\Commands\Server\rewrite.php(34): require_once('C:\\xampp\\htdocs...')
#6 {main}
CRITICAL - 2021-02-02 01:20:56 --> Undefined variable: produk_model
#0 C:\xampp\htdocs\TugasAkhir\app\Controllers\Produk.php(25): CodeIgniter\Debug\Exceptions->errorHandler(8, 'Undefined varia...', 'C:\\xampp\\htdocs...', 25, Array)
#1 C:\xampp\htdocs\TugasAkhir\system\CodeIgniter.php(918): App\Controllers\Produk->index()
#2 C:\xampp\htdocs\TugasAkhir\system\CodeIgniter.php(404): CodeIgniter\CodeIgniter->runController(Object(App\Controllers\Produk))
#3 C:\xampp\htdocs\TugasAkhir\system\CodeIgniter.php(312): CodeIgniter\CodeIgniter->handleRequest(NULL, Object(Config\Cache), false)
#4 C:\xampp\htdocs\TugasAkhir\public\index.php(45): CodeIgniter\CodeIgniter->run()
#5 C:\xampp\htdocs\TugasAkhir\system\Commands\Server\rewrite.php(34): require_once('C:\\xampp\\htdocs...')
#6 {main}
CRITICAL - 2021-02-02 01:21:25 --> Undefined property: App\Controllers\Produk::$product
#0 C:\xampp\htdocs\TugasAkhir\app\Controllers\Produk.php(25): CodeIgniter\Debug\Exceptions->errorHandler(8, 'Undefined prope...', 'C:\\xampp\\htdocs...', 25, Array)
#1 C:\xampp\htdocs\TugasAkhir\system\CodeIgniter.php(918): App\Controllers\Produk->index()
#2 C:\xampp\htdocs\TugasAkhir\system\CodeIgniter.php(404): CodeIgniter\CodeIgniter->runController(Object(App\Controllers\Produk))
#3 C:\xampp\htdocs\TugasAkhir\system\CodeIgniter.php(312): CodeIgniter\CodeIgniter->handleRequest(NULL, Object(Config\Cache), false)
#4 C:\xampp\htdocs\TugasAkhir\public\index.php(45): CodeIgniter\CodeIgniter->run()
#5 C:\xampp\htdocs\TugasAkhir\system\Commands\Server\rewrite.php(34): require_once('C:\\xampp\\htdocs...')
#6 {main}
CRITICAL - 2021-02-02 01:21:58 --> Undefined variable: product
#0 C:\xampp\htdocs\TugasAkhir\app\Controllers\Produk.php(25): CodeIgniter\Debug\Exceptions->errorHandler(8, 'Undefined varia...', 'C:\\xampp\\htdocs...', 25, Array)
#1 C:\xampp\htdocs\TugasAkhir\system\CodeIgniter.php(918): App\Controllers\Produk->index()
#2 C:\xampp\htdocs\TugasAkhir\system\CodeIgniter.php(404): CodeIgniter\CodeIgniter->runController(Object(App\Controllers\Produk))
#3 C:\xampp\htdocs\TugasAkhir\system\CodeIgniter.php(312): CodeIgniter\CodeIgniter->handleRequest(NULL, Object(Config\Cache), false)
#4 C:\xampp\htdocs\TugasAkhir\public\index.php(45): CodeIgniter\CodeIgniter->run()
#5 C:\xampp\htdocs\TugasAkhir\system\Commands\Server\rewrite.php(34): require_once('C:\\xampp\\htdocs...')
#6 {main}
CRITICAL - 2021-02-02 01:22:10 --> Undefined variable: produk
#0 C:\xampp\htdocs\TugasAkhir\app\Controllers\Produk.php(25): CodeIgniter\Debug\Exceptions->errorHandler(8, 'Undefined varia...', 'C:\\xampp\\htdocs...', 25, Array)
#1 C:\xampp\htdocs\TugasAkhir\system\CodeIgniter.php(918): App\Controllers\Produk->index()
#2 C:\xampp\htdocs\TugasAkhir\system\CodeIgniter.php(404): CodeIgniter\CodeIgniter->runController(Object(App\Controllers\Produk))
#3 C:\xampp\htdocs\TugasAkhir\system\CodeIgniter.php(312): CodeIgniter\CodeIgniter->handleRequest(NULL, Object(Config\Cache), false)
#4 C:\xampp\htdocs\TugasAkhir\public\index.php(45): CodeIgniter\CodeIgniter->run()
#5 C:\xampp\htdocs\TugasAkhir\system\Commands\Server\rewrite.php(34): require_once('C:\\xampp\\htdocs...')
#6 {main}
CRITICAL - 2021-02-02 03:42:16 --> Undefined property: App\Controllers\Produk::$form_validation
#0 C:\xampp\htdocs\TugasAkhir\app\Controllers\Produk.php(70): CodeIgniter\Debug\Exceptions->errorHandler(8, 'Undefined prope...', 'C:\\xampp\\htdocs...', 70, Array)
#1 C:\xampp\htdocs\TugasAkhir\system\CodeIgniter.php(918): App\Controllers\Produk->save()
#2 C:\xampp\htdocs\TugasAkhir\system\CodeIgniter.php(404): CodeIgniter\CodeIgniter->runController(Object(App\Controllers\Produk))
#3 C:\xampp\htdocs\TugasAkhir\system\CodeIgniter.php(312): CodeIgniter\CodeIgniter->handleRequest(NULL, Object(Config\Cache), false)
#4 C:\xampp\htdocs\TugasAkhir\public\index.php(45): CodeIgniter\CodeIgniter->run()
#5 C:\xampp\htdocs\TugasAkhir\system\Commands\Server\rewrite.php(34): require_once('C:\\xampp\\htdocs...')
#6 {main}
CRITICAL - 2021-02-02 04:00:52 --> Undefined property: App\Controllers\Produk::$form_validation
#0 C:\xampp\htdocs\TugasAkhir\app\Controllers\Produk.php(70): CodeIgniter\Debug\Exceptions->errorHandler(8, 'Undefined prope...', 'C:\\xampp\\htdocs...', 70, Array)
#1 C:\xampp\htdocs\TugasAkhir\system\CodeIgniter.php(918): App\Controllers\Produk->save()
#2 C:\xampp\htdocs\TugasAkhir\system\CodeIgniter.php(404): CodeIgniter\CodeIgniter->runController(Object(App\Controllers\Produk))
#3 C:\xampp\htdocs\TugasAkhir\system\CodeIgniter.php(312): CodeIgniter\CodeIgniter->handleRequest(NULL, Object(Config\Cache), false)
#4 C:\xampp\htdocs\TugasAkhir\public\index.php(45): CodeIgniter\CodeIgniter->run()
#5 C:\xampp\htdocs\TugasAkhir\system\Commands\Server\rewrite.php(34): require_once('C:\\xampp\\htdocs...')
#6 {main}
CRITICAL - 2021-02-02 04:06:38 --> Undefined property: App\Controllers\Produk::$form_validation
#0 C:\xampp\htdocs\TugasAkhir\app\Controllers\Produk.php(70): CodeIgniter\Debug\Exceptions->errorHandler(8, 'Undefined prope...', 'C:\\xampp\\htdocs...', 70, Array)
#1 C:\xampp\htdocs\TugasAkhir\system\CodeIgniter.php(918): App\Controllers\Produk->save()
#2 C:\xampp\htdocs\TugasAkhir\system\CodeIgniter.php(404): CodeIgniter\CodeIgniter->runController(Object(App\Controllers\Produk))
#3 C:\xampp\htdocs\TugasAkhir\system\CodeIgniter.php(312): CodeIgniter\CodeIgniter->handleRequest(NULL, Object(Config\Cache), false)
#4 C:\xampp\htdocs\TugasAkhir\public\index.php(45): CodeIgniter\CodeIgniter->run()
#5 C:\xampp\htdocs\TugasAkhir\system\Commands\Server\rewrite.php(34): require_once('C:\\xampp\\htdocs...')
#6 {main}
CRITICAL - 2021-02-02 04:08:00 --> Undefined property: App\Controllers\Produk::$form_validation
#0 C:\xampp\htdocs\TugasAkhir\app\Controllers\Produk.php(70): CodeIgniter\Debug\Exceptions->errorHandler(8, 'Undefined prope...', 'C:\\xampp\\htdocs...', 70, Array)
#1 C:\xampp\htdocs\TugasAkhir\system\CodeIgniter.php(918): App\Controllers\Produk->save()
#2 C:\xampp\htdocs\TugasAkhir\system\CodeIgniter.php(404): CodeIgniter\CodeIgniter->runController(Object(App\Controllers\Produk))
#3 C:\xampp\htdocs\TugasAkhir\system\CodeIgniter.php(312): CodeIgniter\CodeIgniter->handleRequest(NULL, Object(Config\Cache), false)
#4 C:\xampp\htdocs\TugasAkhir\public\index.php(45): CodeIgniter\CodeIgniter->run()
#5 C:\xampp\htdocs\TugasAkhir\system\Commands\Server\rewrite.php(34): require_once('C:\\xampp\\htdocs...')
#6 {main}
CRITICAL - 2021-02-02 04:14:09 --> Undefined property: App\Controllers\Produk::$form_validation
#0 C:\xampp\htdocs\TugasAkhir\app\Controllers\Produk.php(70): CodeIgniter\Debug\Exceptions->errorHandler(8, 'Undefined prope...', 'C:\\xampp\\htdocs...', 70, Array)
#1 C:\xampp\htdocs\TugasAkhir\system\CodeIgniter.php(918): App\Controllers\Produk->save()
#2 C:\xampp\htdocs\TugasAkhir\system\CodeIgniter.php(404): CodeIgniter\CodeIgniter->runController(Object(App\Controllers\Produk))
#3 C:\xampp\htdocs\TugasAkhir\system\CodeIgniter.php(312): CodeIgniter\CodeIgniter->handleRequest(NULL, Object(Config\Cache), false)
#4 C:\xampp\htdocs\TugasAkhir\public\index.php(45): CodeIgniter\CodeIgniter->run()
#5 C:\xampp\htdocs\TugasAkhir\system\Commands\Server\rewrite.php(34): require_once('C:\\xampp\\htdocs...')
#6 {main}
CRITICAL - 2021-02-02 04:18:23 --> Undefined property: App\Controllers\Produk::$form_validation
#0 C:\xampp\htdocs\TugasAkhir\app\Controllers\Produk.php(70): CodeIgniter\Debug\Exceptions->errorHandler(8, 'Undefined prope...', 'C:\\xampp\\htdocs...', 70, Array)
#1 C:\xampp\htdocs\TugasAkhir\system\CodeIgniter.php(918): App\Controllers\Produk->save()
#2 C:\xampp\htdocs\TugasAkhir\system\CodeIgniter.php(404): CodeIgniter\CodeIgniter->runController(Object(App\Controllers\Produk))
#3 C:\xampp\htdocs\TugasAkhir\system\CodeIgniter.php(312): CodeIgniter\CodeIgniter->handleRequest(NULL, Object(Config\Cache), false)
#4 C:\xampp\htdocs\TugasAkhir\public\index.php(45): CodeIgniter\CodeIgniter->run()
#5 C:\xampp\htdocs\TugasAkhir\system\Commands\Server\rewrite.php(34): require_once('C:\\xampp\\htdocs...')
#6 {main}
CRITICAL - 2021-02-02 04:22:12 --> Undefined property: App\Controllers\Produk::$form_validation
#0 C:\xampp\htdocs\TugasAkhir\app\Controllers\Produk.php(70): CodeIgniter\Debug\Exceptions->errorHandler(8, 'Undefined prope...', 'C:\\xampp\\htdocs...', 70, Array)
#1 C:\xampp\htdocs\TugasAkhir\system\CodeIgniter.php(918): App\Controllers\Produk->save()
#2 C:\xampp\htdocs\TugasAkhir\system\CodeIgniter.php(404): CodeIgniter\CodeIgniter->runController(Object(App\Controllers\Produk))
#3 C:\xampp\htdocs\TugasAkhir\system\CodeIgniter.php(312): CodeIgniter\CodeIgniter->handleRequest(NULL, Object(Config\Cache), false)
#4 C:\xampp\htdocs\TugasAkhir\public\index.php(45): CodeIgniter\CodeIgniter->run()
#5 C:\xampp\htdocs\TugasAkhir\system\Commands\Server\rewrite.php(34): require_once('C:\\xampp\\htdocs...')
#6 {main}
CRITICAL - 2021-02-02 04:23:16 --> Undefined variable: data
#0 C:\xampp\htdocs\TugasAkhir\app\Controllers\Produk.php(70): CodeIgniter\Debug\Exceptions->errorHandler(8, 'Undefined varia...', 'C:\\xampp\\htdocs...', 70, Array)
#1 C:\xampp\htdocs\TugasAkhir\system\CodeIgniter.php(918): App\Controllers\Produk->save()
#2 C:\xampp\htdocs\TugasAkhir\system\CodeIgniter.php(404): CodeIgniter\CodeIgniter->runController(Object(App\Controllers\Produk))
#3 C:\xampp\htdocs\TugasAkhir\system\CodeIgniter.php(312): CodeIgniter\CodeIgniter->handleRequest(NULL, Object(Config\Cache), false)
#4 C:\xampp\htdocs\TugasAkhir\public\index.php(45): CodeIgniter\CodeIgniter->run()
#5 C:\xampp\htdocs\TugasAkhir\system\Commands\Server\rewrite.php(34): require_once('C:\\xampp\\htdocs...')
#6 {main}
CRITICAL - 2021-02-02 04:23:29 --> Undefined variable: data
#0 C:\xampp\htdocs\TugasAkhir\app\Controllers\Produk.php(70): CodeIgniter\Debug\Exceptions->errorHandler(8, 'Undefined varia...', 'C:\\xampp\\htdocs...', 70, Array)
#1 C:\xampp\htdocs\TugasAkhir\system\CodeIgniter.php(918): App\Controllers\Produk->save()
#2 C:\xampp\htdocs\TugasAkhir\system\CodeIgniter.php(404): CodeIgniter\CodeIgniter->runController(Object(App\Controllers\Produk))
#3 C:\xampp\htdocs\TugasAkhir\system\CodeIgniter.php(312): CodeIgniter\CodeIgniter->handleRequest(NULL, Object(Config\Cache), false)
#4 C:\xampp\htdocs\TugasAkhir\public\index.php(45): CodeIgniter\CodeIgniter->run()
#5 C:\xampp\htdocs\TugasAkhir\system\Commands\Server\rewrite.php(34): require_once('C:\\xampp\\htdocs...')
#6 {main}
CRITICAL - 2021-02-02 04:24:31 --> Undefined variable: data
#0 C:\xampp\htdocs\TugasAkhir\app\Controllers\Produk.php(70): CodeIgniter\Debug\Exceptions->errorHandler(8, 'Undefined varia...', 'C:\\xampp\\htdocs...', 70, Array)
#1 C:\xampp\htdocs\TugasAkhir\system\CodeIgniter.php(918): App\Controllers\Produk->save()
#2 C:\xampp\htdocs\TugasAkhir\system\CodeIgniter.php(404): CodeIgniter\CodeIgniter->runController(Object(App\Controllers\Produk))
#3 C:\xampp\htdocs\TugasAkhir\system\CodeIgniter.php(312): CodeIgniter\CodeIgniter->handleRequest(NULL, Object(Config\Cache), false)
#4 C:\xampp\htdocs\TugasAkhir\public\index.php(45): CodeIgniter\CodeIgniter->run()
#5 C:\xampp\htdocs\TugasAkhir\system\Commands\Server\rewrite.php(34): require_once('C:\\xampp\\htdocs...')
#6 {main}
CRITICAL - 2021-02-02 04:25:33 --> Undefined variable: data
#0 C:\xampp\htdocs\TugasAkhir\app\Controllers\Produk.php(70): CodeIgniter\Debug\Exceptions->errorHandler(8, 'Undefined varia...', 'C:\\xampp\\htdocs...', 70, Array)
#1 C:\xampp\htdocs\TugasAkhir\system\CodeIgniter.php(918): App\Controllers\Produk->save()
#2 C:\xampp\htdocs\TugasAkhir\system\CodeIgniter.php(404): CodeIgniter\CodeIgniter->runController(Object(App\Controllers\Produk))
#3 C:\xampp\htdocs\TugasAkhir\system\CodeIgniter.php(312): CodeIgniter\CodeIgniter->handleRequest(NULL, Object(Config\Cache), false)
#4 C:\xampp\htdocs\TugasAkhir\public\index.php(45): CodeIgniter\CodeIgniter->run()
#5 C:\xampp\htdocs\TugasAkhir\system\Commands\Server\rewrite.php(34): require_once('C:\\xampp\\htdocs...')
#6 {main}
CRITICAL - 2021-02-02 04:30:28 --> Undefined variable: data
#0 C:\xampp\htdocs\TugasAkhir\app\Controllers\Produk.php(71): CodeIgniter\Debug\Exceptions->errorHandler(8, 'Undefined varia...', 'C:\\xampp\\htdocs...', 71, Array)
#1 C:\xampp\htdocs\TugasAkhir\system\CodeIgniter.php(918): App\Controllers\Produk->save()
#2 C:\xampp\htdocs\TugasAkhir\system\CodeIgniter.php(404): CodeIgniter\CodeIgniter->runController(Object(App\Controllers\Produk))
#3 C:\xampp\htdocs\TugasAkhir\system\CodeIgniter.php(312): CodeIgniter\CodeIgniter->handleRequest(NULL, Object(Config\Cache), false)
#4 C:\xampp\htdocs\TugasAkhir\public\index.php(45): CodeIgniter\CodeIgniter->run()
#5 C:\xampp\htdocs\TugasAkhir\system\Commands\Server\rewrite.php(34): require_once('C:\\xampp\\htdocs...')
#6 {main}
