CRITICAL - 2020-11-13 01:37:38 --> Undefined property: App\Controllers\Produk::$model
#0 C:\xampp\htdocs\pertemuan7\app\Controllers\Produk.php(21): CodeIgniter\Debug\Exceptions->errorHandler(8, 'Undefined prope...', 'C:\\xampp\\htdocs...', 21, Array)
#1 C:\xampp\htdocs\pertemuan7\system\CodeIgniter.php(918): App\Controllers\Produk->index()
#2 C:\xampp\htdocs\pertemuan7\system\CodeIgniter.php(404): CodeIgniter\CodeIgniter->runController(Object(App\Controllers\Produk))
#3 C:\xampp\htdocs\pertemuan7\system\CodeIgniter.php(312): CodeIgniter\CodeIgniter->handleRequest(NULL, Object(Config\Cache), false)
#4 C:\xampp\htdocs\pertemuan7\public\index.php(45): CodeIgniter\CodeIgniter->run()
#5 C:\xampp\htdocs\pertemuan7\system\Commands\Server\rewrite.php(34): require_once('C:\\xampp\\htdocs...')
#6 {main}
CRITICAL - 2020-11-13 09:32:34 --> syntax error, unexpected '' (T_ENCAPSED_AND_WHITESPACE), expecting '-' or identifier (T_STRING) or variable (T_VARIABLE) or number (T_NUM_STRING)
#0 E:\STMIK WP\Pemrograman Web 3\TA 2020 - 2021\Projek\pertemuan7\system\Common.php(1119): CodeIgniter\View\View->render('admin/produk', Array, true)
#1 E:\STMIK WP\Pemrograman Web 3\TA 2020 - 2021\Projek\pertemuan7\app\Controllers\Produk.php(24): view('admin/produk', Array)
#2 E:\STMIK WP\Pemrograman Web 3\TA 2020 - 2021\Projek\pertemuan7\system\CodeIgniter.php(918): App\Controllers\Produk->index()
#3 E:\STMIK WP\Pemrograman Web 3\TA 2020 - 2021\Projek\pertemuan7\system\CodeIgniter.php(404): CodeIgniter\CodeIgniter->runController(Object(App\Controllers\Produk))
#4 E:\STMIK WP\Pemrograman Web 3\TA 2020 - 2021\Projek\pertemuan7\system\CodeIgniter.php(312): CodeIgniter\CodeIgniter->handleRequest(NULL, Object(Config\Cache), false)
#5 E:\STMIK WP\Pemrograman Web 3\TA 2020 - 2021\Projek\pertemuan7\public\index.php(45): CodeIgniter\CodeIgniter->run()
#6 E:\STMIK WP\Pemrograman Web 3\TA 2020 - 2021\Projek\pertemuan7\system\Commands\Server\rewrite.php(34): require_once('E:\\STMIK WP\\Pem...')
#7 {main}
CRITICAL - 2020-11-13 09:36:50 --> syntax error, unexpected '' (T_ENCAPSED_AND_WHITESPACE), expecting '-' or identifier (T_STRING) or variable (T_VARIABLE) or number (T_NUM_STRING)
#0 E:\STMIK WP\Pemrograman Web 3\TA 2020 - 2021\Projek\pertemuan7\system\Common.php(1119): CodeIgniter\View\View->render('admin/produk', Array, true)
#1 E:\STMIK WP\Pemrograman Web 3\TA 2020 - 2021\Projek\pertemuan7\app\Controllers\Produk.php(24): view('admin/produk', Array)
#2 E:\STMIK WP\Pemrograman Web 3\TA 2020 - 2021\Projek\pertemuan7\system\CodeIgniter.php(918): App\Controllers\Produk->index()
#3 E:\STMIK WP\Pemrograman Web 3\TA 2020 - 2021\Projek\pertemuan7\system\CodeIgniter.php(404): CodeIgniter\CodeIgniter->runController(Object(App\Controllers\Produk))
#4 E:\STMIK WP\Pemrograman Web 3\TA 2020 - 2021\Projek\pertemuan7\system\CodeIgniter.php(312): CodeIgniter\CodeIgniter->handleRequest(NULL, Object(Config\Cache), false)
#5 E:\STMIK WP\Pemrograman Web 3\TA 2020 - 2021\Projek\pertemuan7\public\index.php(45): CodeIgniter\CodeIgniter->run()
#6 E:\STMIK WP\Pemrograman Web 3\TA 2020 - 2021\Projek\pertemuan7\system\Commands\Server\rewrite.php(34): require_once('E:\\STMIK WP\\Pem...')
#7 {main}
CRITICAL - 2020-11-13 09:36:51 --> syntax error, unexpected '' (T_ENCAPSED_AND_WHITESPACE), expecting '-' or identifier (T_STRING) or variable (T_VARIABLE) or number (T_NUM_STRING)
#0 E:\STMIK WP\Pemrograman Web 3\TA 2020 - 2021\Projek\pertemuan7\system\Common.php(1119): CodeIgniter\View\View->render('admin/produk', Array, true)
#1 E:\STMIK WP\Pemrograman Web 3\TA 2020 - 2021\Projek\pertemuan7\app\Controllers\Produk.php(24): view('admin/produk', Array)
#2 E:\STMIK WP\Pemrograman Web 3\TA 2020 - 2021\Projek\pertemuan7\system\CodeIgniter.php(918): App\Controllers\Produk->index()
#3 E:\STMIK WP\Pemrograman Web 3\TA 2020 - 2021\Projek\pertemuan7\system\CodeIgniter.php(404): CodeIgniter\CodeIgniter->runController(Object(App\Controllers\Produk))
#4 E:\STMIK WP\Pemrograman Web 3\TA 2020 - 2021\Projek\pertemuan7\system\CodeIgniter.php(312): CodeIgniter\CodeIgniter->handleRequest(NULL, Object(Config\Cache), false)
#5 E:\STMIK WP\Pemrograman Web 3\TA 2020 - 2021\Projek\pertemuan7\public\index.php(45): CodeIgniter\CodeIgniter->run()
#6 E:\STMIK WP\Pemrograman Web 3\TA 2020 - 2021\Projek\pertemuan7\system\Commands\Server\rewrite.php(34): require_once('E:\\STMIK WP\\Pem...')
#7 {main}
CRITICAL - 2020-11-13 09:56:04 --> Trying to access array offset on value of type null
#0 E:\STMIK WP\Pemrograman Web 3\TA 2020 - 2021\Projek\pertemuan7\app\Views\admin\produk_detail.php(8): CodeIgniter\Debug\Exceptions->errorHandler(8, 'Trying to acces...', 'E:\\STMIK WP\\Pem...', 8, Array)
#1 E:\STMIK WP\Pemrograman Web 3\TA 2020 - 2021\Projek\pertemuan7\system\View\View.php(246): include('E:\\STMIK WP\\Pem...')
#2 E:\STMIK WP\Pemrograman Web 3\TA 2020 - 2021\Projek\pertemuan7\system\Common.php(1119): CodeIgniter\View\View->render('admin/produk_de...', Array, true)
#3 E:\STMIK WP\Pemrograman Web 3\TA 2020 - 2021\Projek\pertemuan7\app\Controllers\Produk.php(35): view('admin/produk_de...', Array)
#4 E:\STMIK WP\Pemrograman Web 3\TA 2020 - 2021\Projek\pertemuan7\system\CodeIgniter.php(918): App\Controllers\Produk->detail('Sandisk-cruzerb...')
#5 E:\STMIK WP\Pemrograman Web 3\TA 2020 - 2021\Projek\pertemuan7\system\CodeIgniter.php(404): CodeIgniter\CodeIgniter->runController(Object(App\Controllers\Produk))
#6 E:\STMIK WP\Pemrograman Web 3\TA 2020 - 2021\Projek\pertemuan7\system\CodeIgniter.php(312): CodeIgniter\CodeIgniter->handleRequest(NULL, Object(Config\Cache), false)
#7 E:\STMIK WP\Pemrograman Web 3\TA 2020 - 2021\Projek\pertemuan7\public\index.php(45): CodeIgniter\CodeIgniter->run()
#8 E:\STMIK WP\Pemrograman Web 3\TA 2020 - 2021\Projek\pertemuan7\system\Commands\Server\rewrite.php(34): require_once('E:\\STMIK WP\\Pem...')
#9 {main}
CRITICAL - 2020-11-13 10:04:56 --> Undefined index: jumlah_produk
#0 E:\STMIK WP\Pemrograman Web 3\TA 2020 - 2021\Projek\pertemuan7\app\Views\admin\produk_detail.php(18): CodeIgniter\Debug\Exceptions->errorHandler(8, 'Undefined index...', 'E:\\STMIK WP\\Pem...', 18, Array)
#1 E:\STMIK WP\Pemrograman Web 3\TA 2020 - 2021\Projek\pertemuan7\system\View\View.php(246): include('E:\\STMIK WP\\Pem...')
#2 E:\STMIK WP\Pemrograman Web 3\TA 2020 - 2021\Projek\pertemuan7\system\Common.php(1119): CodeIgniter\View\View->render('admin/produk_de...', Array, true)
#3 E:\STMIK WP\Pemrograman Web 3\TA 2020 - 2021\Projek\pertemuan7\app\Controllers\Produk.php(35): view('admin/produk_de...', Array)
#4 E:\STMIK WP\Pemrograman Web 3\TA 2020 - 2021\Projek\pertemuan7\system\CodeIgniter.php(918): App\Controllers\Produk->detail('K01001')
#5 E:\STMIK WP\Pemrograman Web 3\TA 2020 - 2021\Projek\pertemuan7\system\CodeIgniter.php(404): CodeIgniter\CodeIgniter->runController(Object(App\Controllers\Produk))
#6 E:\STMIK WP\Pemrograman Web 3\TA 2020 - 2021\Projek\pertemuan7\system\CodeIgniter.php(312): CodeIgniter\CodeIgniter->handleRequest(NULL, Object(Config\Cache), false)
#7 E:\STMIK WP\Pemrograman Web 3\TA 2020 - 2021\Projek\pertemuan7\public\index.php(45): CodeIgniter\CodeIgniter->run()
#8 E:\STMIK WP\Pemrograman Web 3\TA 2020 - 2021\Projek\pertemuan7\system\Commands\Server\rewrite.php(34): require_once('E:\\STMIK WP\\Pem...')
#9 {main}
CRITICAL - 2020-11-13 17:05:30 --> Unable to connect to the database.
#0 E:\STMIK WP\Pemrograman Web 3\TA 2020 - 2021\Projek\pertemuan7\system\Database\BaseConnection.php(646): CodeIgniter\Database\BaseConnection->initialize()
#1 E:\STMIK WP\Pemrograman Web 3\TA 2020 - 2021\Projek\pertemuan7\system\Database\BaseBuilder.php(1952): CodeIgniter\Database\BaseConnection->query('SELECT COUNT(*)...', Array, false)
#2 E:\STMIK WP\Pemrograman Web 3\TA 2020 - 2021\Projek\pertemuan7\system\Model.php(1673): CodeIgniter\Database\BaseBuilder->countAllResults(false)
#3 E:\STMIK WP\Pemrograman Web 3\TA 2020 - 2021\Projek\pertemuan7\system\Model.php(1176): CodeIgniter\Model->countAllResults(false)
#4 E:\STMIK WP\Pemrograman Web 3\TA 2020 - 2021\Projek\pertemuan7\app\Controllers\Produk.php(20): CodeIgniter\Model->paginate(2, 'bootstrap')
#5 E:\STMIK WP\Pemrograman Web 3\TA 2020 - 2021\Projek\pertemuan7\system\CodeIgniter.php(918): App\Controllers\Produk->index()
#6 E:\STMIK WP\Pemrograman Web 3\TA 2020 - 2021\Projek\pertemuan7\system\CodeIgniter.php(404): CodeIgniter\CodeIgniter->runController(Object(App\Controllers\Produk))
#7 E:\STMIK WP\Pemrograman Web 3\TA 2020 - 2021\Projek\pertemuan7\system\CodeIgniter.php(312): CodeIgniter\CodeIgniter->handleRequest(NULL, Object(Config\Cache), false)
#8 E:\STMIK WP\Pemrograman Web 3\TA 2020 - 2021\Projek\pertemuan7\public\index.php(45): CodeIgniter\CodeIgniter->run()
#9 E:\STMIK WP\Pemrograman Web 3\TA 2020 - 2021\Projek\pertemuan7\system\Commands\Server\rewrite.php(34): require_once('E:\\STMIK WP\\Pem...')
#10 {main}
CRITICAL - 2020-11-13 21:16:30 --> Invalid file: admin/produk_update.php
#0 E:\STMIK WP\Pemrograman Web 3\TA 2020 - 2021\Projek\pertemuan7\system\View\View.php(228): CodeIgniter\Exceptions\FrameworkException::forInvalidFile('admin/produk_up...')
#1 E:\STMIK WP\Pemrograman Web 3\TA 2020 - 2021\Projek\pertemuan7\system\Common.php(1119): CodeIgniter\View\View->render('admin/produk_up...', Array, true)
#2 E:\STMIK WP\Pemrograman Web 3\TA 2020 - 2021\Projek\pertemuan7\app\Controllers\Produk.php(45): view('admin/produk_up...', Array)
#3 E:\STMIK WP\Pemrograman Web 3\TA 2020 - 2021\Projek\pertemuan7\system\CodeIgniter.php(918): App\Controllers\Produk->edit('K01001')
#4 E:\STMIK WP\Pemrograman Web 3\TA 2020 - 2021\Projek\pertemuan7\system\CodeIgniter.php(404): CodeIgniter\CodeIgniter->runController(Object(App\Controllers\Produk))
#5 E:\STMIK WP\Pemrograman Web 3\TA 2020 - 2021\Projek\pertemuan7\system\CodeIgniter.php(312): CodeIgniter\CodeIgniter->handleRequest(NULL, Object(Config\Cache), false)
#6 E:\STMIK WP\Pemrograman Web 3\TA 2020 - 2021\Projek\pertemuan7\public\index.php(45): CodeIgniter\CodeIgniter->run()
#7 E:\STMIK WP\Pemrograman Web 3\TA 2020 - 2021\Projek\pertemuan7\system\Commands\Server\rewrite.php(34): require_once('E:\\STMIK WP\\Pem...')
#8 {main}
