CRITICAL - 2020-10-23 18:57:15 --> syntax error, unexpected 'echo' (T_ECHO)
#0 C:\xampp\htdocs\pertemuan5\system\Common.php(1119): CodeIgniter\View\View->render('pages/daftar', Array, true)
#1 C:\xampp\htdocs\pertemuan5\app\Controllers\Pages.php(50): view('pages/daftar', Array)
#2 C:\xampp\htdocs\pertemuan5\system\CodeIgniter.php(918): App\Controllers\Pages->daftar()
#3 C:\xampp\htdocs\pertemuan5\system\CodeIgniter.php(404): CodeIgniter\CodeIgniter->runController(Object(App\Controllers\Pages))
#4 C:\xampp\htdocs\pertemuan5\system\CodeIgniter.php(312): CodeIgniter\CodeIgniter->handleRequest(NULL, Object(Config\Cache), false)
#5 C:\xampp\htdocs\pertemuan5\public\index.php(45): CodeIgniter\CodeIgniter->run()
#6 C:\xampp\htdocs\pertemuan5\system\Commands\Server\rewrite.php(34): require_once('C:\\xampp\\htdocs...')
#7 {main}
CRITICAL - 2020-10-23 18:57:44 --> syntax error, unexpected '' (T_ENCAPSED_AND_WHITESPACE), expecting '-' or identifier (T_STRING) or variable (T_VARIABLE) or number (T_NUM_STRING)
#0 C:\xampp\htdocs\pertemuan5\system\Common.php(1119): CodeIgniter\View\View->render('pages/daftar', Array, true)
#1 C:\xampp\htdocs\pertemuan5\app\Controllers\Pages.php(50): view('pages/daftar', Array)
#2 C:\xampp\htdocs\pertemuan5\system\CodeIgniter.php(918): App\Controllers\Pages->daftar()
#3 C:\xampp\htdocs\pertemuan5\system\CodeIgniter.php(404): CodeIgniter\CodeIgniter->runController(Object(App\Controllers\Pages))
#4 C:\xampp\htdocs\pertemuan5\system\CodeIgniter.php(312): CodeIgniter\CodeIgniter->handleRequest(NULL, Object(Config\Cache), false)
#5 C:\xampp\htdocs\pertemuan5\public\index.php(45): CodeIgniter\CodeIgniter->run()
#6 C:\xampp\htdocs\pertemuan5\system\Commands\Server\rewrite.php(34): require_once('C:\\xampp\\htdocs...')
#7 {main}
CRITICAL - 2020-10-23 18:58:13 --> syntax error, unexpected 'echo' (T_ECHO)
#0 C:\xampp\htdocs\pertemuan5\system\Common.php(1119): CodeIgniter\View\View->render('pages/daftar', Array, true)
#1 C:\xampp\htdocs\pertemuan5\app\Controllers\Pages.php(50): view('pages/daftar', Array)
#2 C:\xampp\htdocs\pertemuan5\system\CodeIgniter.php(918): App\Controllers\Pages->daftar()
#3 C:\xampp\htdocs\pertemuan5\system\CodeIgniter.php(404): CodeIgniter\CodeIgniter->runController(Object(App\Controllers\Pages))
#4 C:\xampp\htdocs\pertemuan5\system\CodeIgniter.php(312): CodeIgniter\CodeIgniter->handleRequest(NULL, Object(Config\Cache), false)
#5 C:\xampp\htdocs\pertemuan5\public\index.php(45): CodeIgniter\CodeIgniter->run()
#6 C:\xampp\htdocs\pertemuan5\system\Commands\Server\rewrite.php(34): require_once('C:\\xampp\\htdocs...')
#7 {main}
CRITICAL - 2020-10-23 19:00:57 --> syntax error, unexpected '' (T_ENCAPSED_AND_WHITESPACE), expecting '-' or identifier (T_STRING) or variable (T_VARIABLE) or number (T_NUM_STRING)
#0 C:\xampp\htdocs\pertemuan5\system\Common.php(1119): CodeIgniter\View\View->render('pages/daftar', Array, true)
#1 C:\xampp\htdocs\pertemuan5\app\Controllers\Pages.php(50): view('pages/daftar', Array)
#2 C:\xampp\htdocs\pertemuan5\system\CodeIgniter.php(918): App\Controllers\Pages->daftar()
#3 C:\xampp\htdocs\pertemuan5\system\CodeIgniter.php(404): CodeIgniter\CodeIgniter->runController(Object(App\Controllers\Pages))
#4 C:\xampp\htdocs\pertemuan5\system\CodeIgniter.php(312): CodeIgniter\CodeIgniter->handleRequest(NULL, Object(Config\Cache), false)
#5 C:\xampp\htdocs\pertemuan5\public\index.php(45): CodeIgniter\CodeIgniter->run()
#6 C:\xampp\htdocs\pertemuan5\system\Commands\Server\rewrite.php(34): require_once('C:\\xampp\\htdocs...')
#7 {main}
CRITICAL - 2020-10-23 19:01:25 --> Trying to access array offset on value of type null
#0 C:\xampp\htdocs\pertemuan5\app\Views\pages\daftar.php(106): CodeIgniter\Debug\Exceptions->errorHandler(8, 'Trying to acces...', 'C:\\xampp\\htdocs...', 106, Array)
#1 C:\xampp\htdocs\pertemuan5\system\View\View.php(246): include('C:\\xampp\\htdocs...')
#2 C:\xampp\htdocs\pertemuan5\system\Common.php(1119): CodeIgniter\View\View->render('pages/daftar', Array, true)
#3 C:\xampp\htdocs\pertemuan5\app\Controllers\Pages.php(50): view('pages/daftar', Array)
#4 C:\xampp\htdocs\pertemuan5\system\CodeIgniter.php(918): App\Controllers\Pages->daftar()
#5 C:\xampp\htdocs\pertemuan5\system\CodeIgniter.php(404): CodeIgniter\CodeIgniter->runController(Object(App\Controllers\Pages))
#6 C:\xampp\htdocs\pertemuan5\system\CodeIgniter.php(312): CodeIgniter\CodeIgniter->handleRequest(NULL, Object(Config\Cache), false)
#7 C:\xampp\htdocs\pertemuan5\public\index.php(45): CodeIgniter\CodeIgniter->run()
#8 C:\xampp\htdocs\pertemuan5\system\Commands\Server\rewrite.php(34): require_once('C:\\xampp\\htdocs...')
#9 {main}
CRITICAL - 2020-10-23 19:01:26 --> Trying to access array offset on value of type null
#0 C:\xampp\htdocs\pertemuan5\app\Views\pages\daftar.php(106): CodeIgniter\Debug\Exceptions->errorHandler(8, 'Trying to acces...', 'C:\\xampp\\htdocs...', 106, Array)
#1 C:\xampp\htdocs\pertemuan5\system\View\View.php(246): include('C:\\xampp\\htdocs...')
#2 C:\xampp\htdocs\pertemuan5\system\Common.php(1119): CodeIgniter\View\View->render('pages/daftar', Array, true)
#3 C:\xampp\htdocs\pertemuan5\app\Controllers\Pages.php(50): view('pages/daftar', Array)
#4 C:\xampp\htdocs\pertemuan5\system\CodeIgniter.php(918): App\Controllers\Pages->daftar()
#5 C:\xampp\htdocs\pertemuan5\system\CodeIgniter.php(404): CodeIgniter\CodeIgniter->runController(Object(App\Controllers\Pages))
#6 C:\xampp\htdocs\pertemuan5\system\CodeIgniter.php(312): CodeIgniter\CodeIgniter->handleRequest(NULL, Object(Config\Cache), false)
#7 C:\xampp\htdocs\pertemuan5\public\index.php(45): CodeIgniter\CodeIgniter->run()
#8 C:\xampp\htdocs\pertemuan5\system\Commands\Server\rewrite.php(34): require_once('C:\\xampp\\htdocs...')
#9 {main}
CRITICAL - 2020-10-23 19:06:43 --> syntax error, unexpected ','
#0 C:\xampp\htdocs\pertemuan5\system\Common.php(1119): CodeIgniter\View\View->render('pages/daftar', Array, true)
#1 C:\xampp\htdocs\pertemuan5\app\Controllers\Pages.php(50): view('pages/daftar', Array)
#2 C:\xampp\htdocs\pertemuan5\system\CodeIgniter.php(918): App\Controllers\Pages->daftar()
#3 C:\xampp\htdocs\pertemuan5\system\CodeIgniter.php(404): CodeIgniter\CodeIgniter->runController(Object(App\Controllers\Pages))
#4 C:\xampp\htdocs\pertemuan5\system\CodeIgniter.php(312): CodeIgniter\CodeIgniter->handleRequest(NULL, Object(Config\Cache), false)
#5 C:\xampp\htdocs\pertemuan5\public\index.php(45): CodeIgniter\CodeIgniter->run()
#6 C:\xampp\htdocs\pertemuan5\system\Commands\Server\rewrite.php(34): require_once('C:\\xampp\\htdocs...')
#7 {main}
CRITICAL - 2020-10-23 19:07:00 --> syntax error, unexpected ','
#0 C:\xampp\htdocs\pertemuan5\system\Common.php(1119): CodeIgniter\View\View->render('pages/daftar', Array, true)
#1 C:\xampp\htdocs\pertemuan5\app\Controllers\Pages.php(50): view('pages/daftar', Array)
#2 C:\xampp\htdocs\pertemuan5\system\CodeIgniter.php(918): App\Controllers\Pages->daftar()
#3 C:\xampp\htdocs\pertemuan5\system\CodeIgniter.php(404): CodeIgniter\CodeIgniter->runController(Object(App\Controllers\Pages))
#4 C:\xampp\htdocs\pertemuan5\system\CodeIgniter.php(312): CodeIgniter\CodeIgniter->handleRequest(NULL, Object(Config\Cache), false)
#5 C:\xampp\htdocs\pertemuan5\public\index.php(45): CodeIgniter\CodeIgniter->run()
#6 C:\xampp\htdocs\pertemuan5\system\Commands\Server\rewrite.php(34): require_once('C:\\xampp\\htdocs...')
#7 {main}
CRITICAL - 2020-10-23 19:07:14 --> syntax error, unexpected ','
#0 C:\xampp\htdocs\pertemuan5\system\Common.php(1119): CodeIgniter\View\View->render('pages/daftar', Array, true)
#1 C:\xampp\htdocs\pertemuan5\app\Controllers\Pages.php(50): view('pages/daftar', Array)
#2 C:\xampp\htdocs\pertemuan5\system\CodeIgniter.php(918): App\Controllers\Pages->daftar()
#3 C:\xampp\htdocs\pertemuan5\system\CodeIgniter.php(404): CodeIgniter\CodeIgniter->runController(Object(App\Controllers\Pages))
#4 C:\xampp\htdocs\pertemuan5\system\CodeIgniter.php(312): CodeIgniter\CodeIgniter->handleRequest(NULL, Object(Config\Cache), false)
#5 C:\xampp\htdocs\pertemuan5\public\index.php(45): CodeIgniter\CodeIgniter->run()
#6 C:\xampp\htdocs\pertemuan5\system\Commands\Server\rewrite.php(34): require_once('C:\\xampp\\htdocs...')
#7 {main}
CRITICAL - 2020-10-23 19:07:15 --> syntax error, unexpected ','
#0 C:\xampp\htdocs\pertemuan5\system\Common.php(1119): CodeIgniter\View\View->render('pages/daftar', Array, true)
#1 C:\xampp\htdocs\pertemuan5\app\Controllers\Pages.php(50): view('pages/daftar', Array)
#2 C:\xampp\htdocs\pertemuan5\system\CodeIgniter.php(918): App\Controllers\Pages->daftar()
#3 C:\xampp\htdocs\pertemuan5\system\CodeIgniter.php(404): CodeIgniter\CodeIgniter->runController(Object(App\Controllers\Pages))
#4 C:\xampp\htdocs\pertemuan5\system\CodeIgniter.php(312): CodeIgniter\CodeIgniter->handleRequest(NULL, Object(Config\Cache), false)
#5 C:\xampp\htdocs\pertemuan5\public\index.php(45): CodeIgniter\CodeIgniter->run()
#6 C:\xampp\htdocs\pertemuan5\system\Commands\Server\rewrite.php(34): require_once('C:\\xampp\\htdocs...')
#7 {main}
CRITICAL - 2020-10-23 19:07:26 --> syntax error, unexpected ','
#0 C:\xampp\htdocs\pertemuan5\system\Common.php(1119): CodeIgniter\View\View->render('pages/daftar', Array, true)
#1 C:\xampp\htdocs\pertemuan5\app\Controllers\Pages.php(50): view('pages/daftar', Array)
#2 C:\xampp\htdocs\pertemuan5\system\CodeIgniter.php(918): App\Controllers\Pages->daftar()
#3 C:\xampp\htdocs\pertemuan5\system\CodeIgniter.php(404): CodeIgniter\CodeIgniter->runController(Object(App\Controllers\Pages))
#4 C:\xampp\htdocs\pertemuan5\system\CodeIgniter.php(312): CodeIgniter\CodeIgniter->handleRequest(NULL, Object(Config\Cache), false)
#5 C:\xampp\htdocs\pertemuan5\public\index.php(45): CodeIgniter\CodeIgniter->run()
#6 C:\xampp\htdocs\pertemuan5\system\Commands\Server\rewrite.php(34): require_once('C:\\xampp\\htdocs...')
#7 {main}
CRITICAL - 2020-10-23 19:08:03 --> syntax error, unexpected ','
#0 C:\xampp\htdocs\pertemuan5\system\Common.php(1119): CodeIgniter\View\View->render('pages/daftar', Array, true)
#1 C:\xampp\htdocs\pertemuan5\app\Controllers\Pages.php(50): view('pages/daftar', Array)
#2 C:\xampp\htdocs\pertemuan5\system\CodeIgniter.php(918): App\Controllers\Pages->daftar()
#3 C:\xampp\htdocs\pertemuan5\system\CodeIgniter.php(404): CodeIgniter\CodeIgniter->runController(Object(App\Controllers\Pages))
#4 C:\xampp\htdocs\pertemuan5\system\CodeIgniter.php(312): CodeIgniter\CodeIgniter->handleRequest(NULL, Object(Config\Cache), false)
#5 C:\xampp\htdocs\pertemuan5\public\index.php(45): CodeIgniter\CodeIgniter->run()
#6 C:\xampp\htdocs\pertemuan5\system\Commands\Server\rewrite.php(34): require_once('C:\\xampp\\htdocs...')
#7 {main}
CRITICAL - 2020-10-23 19:08:37 --> syntax error, unexpected '$values' (T_VARIABLE)
#0 C:\xampp\htdocs\pertemuan5\system\Common.php(1119): CodeIgniter\View\View->render('pages/daftar', Array, true)
#1 C:\xampp\htdocs\pertemuan5\app\Controllers\Pages.php(50): view('pages/daftar', Array)
#2 C:\xampp\htdocs\pertemuan5\system\CodeIgniter.php(918): App\Controllers\Pages->daftar()
#3 C:\xampp\htdocs\pertemuan5\system\CodeIgniter.php(404): CodeIgniter\CodeIgniter->runController(Object(App\Controllers\Pages))
#4 C:\xampp\htdocs\pertemuan5\system\CodeIgniter.php(312): CodeIgniter\CodeIgniter->handleRequest(NULL, Object(Config\Cache), false)
#5 C:\xampp\htdocs\pertemuan5\public\index.php(45): CodeIgniter\CodeIgniter->run()
#6 C:\xampp\htdocs\pertemuan5\system\Commands\Server\rewrite.php(34): require_once('C:\\xampp\\htdocs...')
#7 {main}
