CRITICAL - 2020-11-26 12:25:10 --> Invalid file: admin/produk_update.php
#0 E:\STMIK WP\Pemrograman Web 3\TA 2020 - 2021\Projek\pertemuan7\system\View\View.php(228): CodeIgniter\Exceptions\FrameworkException::forInvalidFile('admin/produk_up...')
#1 E:\STMIK WP\Pemrograman Web 3\TA 2020 - 2021\Projek\pertemuan7\system\Common.php(1119): CodeIgniter\View\View->render('admin/produk_up...', Array, true)
#2 E:\STMIK WP\Pemrograman Web 3\TA 2020 - 2021\Projek\pertemuan7\app\Controllers\Produk.php(45): view('admin/produk_up...', Array)
#3 E:\STMIK WP\Pemrograman Web 3\TA 2020 - 2021\Projek\pertemuan7\system\CodeIgniter.php(918): App\Controllers\Produk->edit('K01001')
#4 E:\STMIK WP\Pemrograman Web 3\TA 2020 - 2021\Projek\pertemuan7\system\CodeIgniter.php(404): CodeIgniter\CodeIgniter->runController(Object(App\Controllers\Produk))
#5 E:\STMIK WP\Pemrograman Web 3\TA 2020 - 2021\Projek\pertemuan7\system\CodeIgniter.php(312): CodeIgniter\CodeIgniter->handleRequest(NULL, Object(Config\Cache), false)
#6 E:\STMIK WP\Pemrograman Web 3\TA 2020 - 2021\Projek\pertemuan7\public\index.php(45): CodeIgniter\CodeIgniter->run()
#7 E:\STMIK WP\Pemrograman Web 3\TA 2020 - 2021\Projek\pertemuan7\system\Commands\Server\rewrite.php(34): require_once('E:\\STMIK WP\\Pem...')
#8 {main}
CRITICAL - 2020-11-26 12:27:54 --> Invalid file: admin/add_produk.php
#0 E:\STMIK WP\Pemrograman Web 3\TA 2020 - 2021\Projek\pertemuan7\system\View\View.php(228): CodeIgniter\Exceptions\FrameworkException::forInvalidFile('admin/add_produ...')
#1 E:\STMIK WP\Pemrograman Web 3\TA 2020 - 2021\Projek\pertemuan7\system\Common.php(1119): CodeIgniter\View\View->render('admin/add_produ...', Array, true)
#2 E:\STMIK WP\Pemrograman Web 3\TA 2020 - 2021\Projek\pertemuan7\app\Controllers\Produk.php(46): view('admin/add_produ...', Array)
#3 E:\STMIK WP\Pemrograman Web 3\TA 2020 - 2021\Projek\pertemuan7\system\CodeIgniter.php(918): App\Controllers\Produk->tambah()
#4 E:\STMIK WP\Pemrograman Web 3\TA 2020 - 2021\Projek\pertemuan7\system\CodeIgniter.php(404): CodeIgniter\CodeIgniter->runController(Object(App\Controllers\Produk))
#5 E:\STMIK WP\Pemrograman Web 3\TA 2020 - 2021\Projek\pertemuan7\system\CodeIgniter.php(312): CodeIgniter\CodeIgniter->handleRequest(NULL, Object(Config\Cache), false)
#6 E:\STMIK WP\Pemrograman Web 3\TA 2020 - 2021\Projek\pertemuan7\public\index.php(45): CodeIgniter\CodeIgniter->run()
#7 E:\STMIK WP\Pemrograman Web 3\TA 2020 - 2021\Projek\pertemuan7\system\Commands\Server\rewrite.php(34): require_once('E:\\STMIK WP\\Pem...')
#8 {main}
CRITICAL - 2020-11-26 12:28:55 --> Invalid file: admin/add_produk.php
#0 E:\STMIK WP\Pemrograman Web 3\TA 2020 - 2021\Projek\pertemuan7\system\View\View.php(228): CodeIgniter\Exceptions\FrameworkException::forInvalidFile('admin/add_produ...')
#1 E:\STMIK WP\Pemrograman Web 3\TA 2020 - 2021\Projek\pertemuan7\system\Common.php(1119): CodeIgniter\View\View->render('admin/add_produ...', Array, true)
#2 E:\STMIK WP\Pemrograman Web 3\TA 2020 - 2021\Projek\pertemuan7\app\Controllers\Produk.php(46): view('admin/add_produ...', Array)
#3 E:\STMIK WP\Pemrograman Web 3\TA 2020 - 2021\Projek\pertemuan7\system\CodeIgniter.php(918): App\Controllers\Produk->tambah()
#4 E:\STMIK WP\Pemrograman Web 3\TA 2020 - 2021\Projek\pertemuan7\system\CodeIgniter.php(404): CodeIgniter\CodeIgniter->runController(Object(App\Controllers\Produk))
#5 E:\STMIK WP\Pemrograman Web 3\TA 2020 - 2021\Projek\pertemuan7\system\CodeIgniter.php(312): CodeIgniter\CodeIgniter->handleRequest(NULL, Object(Config\Cache), false)
#6 E:\STMIK WP\Pemrograman Web 3\TA 2020 - 2021\Projek\pertemuan7\public\index.php(45): CodeIgniter\CodeIgniter->run()
#7 E:\STMIK WP\Pemrograman Web 3\TA 2020 - 2021\Projek\pertemuan7\system\Commands\Server\rewrite.php(34): require_once('E:\\STMIK WP\\Pem...')
#8 {main}
CRITICAL - 2020-11-26 12:52:25 --> Class 'App\Controllers\Kategori_model' not found
#0 E:\STMIK WP\Pemrograman Web 3\TA 2020 - 2021\Projek\pertemuan7\system\CodeIgniter.php(890): App\Controllers\Kategori->__construct()
#1 E:\STMIK WP\Pemrograman Web 3\TA 2020 - 2021\Projek\pertemuan7\system\CodeIgniter.php(399): CodeIgniter\CodeIgniter->createController()
#2 E:\STMIK WP\Pemrograman Web 3\TA 2020 - 2021\Projek\pertemuan7\system\CodeIgniter.php(312): CodeIgniter\CodeIgniter->handleRequest(NULL, Object(Config\Cache), false)
#3 E:\STMIK WP\Pemrograman Web 3\TA 2020 - 2021\Projek\pertemuan7\public\index.php(45): CodeIgniter\CodeIgniter->run()
#4 E:\STMIK WP\Pemrograman Web 3\TA 2020 - 2021\Projek\pertemuan7\system\Commands\Server\rewrite.php(34): require_once('E:\\STMIK WP\\Pem...')
#5 {main}
CRITICAL - 2020-11-26 12:52:55 --> Undefined variable: data_produk
#0 E:\STMIK WP\Pemrograman Web 3\TA 2020 - 2021\Projek\pertemuan7\app\Views\admin\produk.php(22): CodeIgniter\Debug\Exceptions->errorHandler(8, 'Undefined varia...', 'E:\\STMIK WP\\Pem...', 22, Array)
#1 E:\STMIK WP\Pemrograman Web 3\TA 2020 - 2021\Projek\pertemuan7\system\View\View.php(246): include('E:\\STMIK WP\\Pem...')
#2 E:\STMIK WP\Pemrograman Web 3\TA 2020 - 2021\Projek\pertemuan7\system\Common.php(1119): CodeIgniter\View\View->render('admin/produk', Array, true)
#3 E:\STMIK WP\Pemrograman Web 3\TA 2020 - 2021\Projek\pertemuan7\app\Controllers\Kategori.php(25): view('admin/produk', Array)
#4 E:\STMIK WP\Pemrograman Web 3\TA 2020 - 2021\Projek\pertemuan7\system\CodeIgniter.php(918): App\Controllers\Kategori->index()
#5 E:\STMIK WP\Pemrograman Web 3\TA 2020 - 2021\Projek\pertemuan7\system\CodeIgniter.php(404): CodeIgniter\CodeIgniter->runController(Object(App\Controllers\Kategori))
#6 E:\STMIK WP\Pemrograman Web 3\TA 2020 - 2021\Projek\pertemuan7\system\CodeIgniter.php(312): CodeIgniter\CodeIgniter->handleRequest(NULL, Object(Config\Cache), false)
#7 E:\STMIK WP\Pemrograman Web 3\TA 2020 - 2021\Projek\pertemuan7\public\index.php(45): CodeIgniter\CodeIgniter->run()
#8 E:\STMIK WP\Pemrograman Web 3\TA 2020 - 2021\Projek\pertemuan7\system\Commands\Server\rewrite.php(34): require_once('E:\\STMIK WP\\Pem...')
#9 {main}
CRITICAL - 2020-11-26 12:54:09 --> Undefined variable: data_produk
#0 E:\STMIK WP\Pemrograman Web 3\TA 2020 - 2021\Projek\pertemuan7\app\Views\admin\produk.php(22): CodeIgniter\Debug\Exceptions->errorHandler(8, 'Undefined varia...', 'E:\\STMIK WP\\Pem...', 22, Array)
#1 E:\STMIK WP\Pemrograman Web 3\TA 2020 - 2021\Projek\pertemuan7\system\View\View.php(246): include('E:\\STMIK WP\\Pem...')
#2 E:\STMIK WP\Pemrograman Web 3\TA 2020 - 2021\Projek\pertemuan7\system\Common.php(1119): CodeIgniter\View\View->render('admin/produk', Array, true)
#3 E:\STMIK WP\Pemrograman Web 3\TA 2020 - 2021\Projek\pertemuan7\app\Controllers\Kategori.php(25): view('admin/produk', Array)
#4 E:\STMIK WP\Pemrograman Web 3\TA 2020 - 2021\Projek\pertemuan7\system\CodeIgniter.php(918): App\Controllers\Kategori->index()
#5 E:\STMIK WP\Pemrograman Web 3\TA 2020 - 2021\Projek\pertemuan7\system\CodeIgniter.php(404): CodeIgniter\CodeIgniter->runController(Object(App\Controllers\Kategori))
#6 E:\STMIK WP\Pemrograman Web 3\TA 2020 - 2021\Projek\pertemuan7\system\CodeIgniter.php(312): CodeIgniter\CodeIgniter->handleRequest(NULL, Object(Config\Cache), false)
#7 E:\STMIK WP\Pemrograman Web 3\TA 2020 - 2021\Projek\pertemuan7\public\index.php(45): CodeIgniter\CodeIgniter->run()
#8 E:\STMIK WP\Pemrograman Web 3\TA 2020 - 2021\Projek\pertemuan7\system\Commands\Server\rewrite.php(34): require_once('E:\\STMIK WP\\Pem...')
#9 {main}
CRITICAL - 2020-11-26 12:54:19 --> Undefined variable: data_produk
#0 E:\STMIK WP\Pemrograman Web 3\TA 2020 - 2021\Projek\pertemuan7\app\Views\admin\produk.php(22): CodeIgniter\Debug\Exceptions->errorHandler(8, 'Undefined varia...', 'E:\\STMIK WP\\Pem...', 22, Array)
#1 E:\STMIK WP\Pemrograman Web 3\TA 2020 - 2021\Projek\pertemuan7\system\View\View.php(246): include('E:\\STMIK WP\\Pem...')
#2 E:\STMIK WP\Pemrograman Web 3\TA 2020 - 2021\Projek\pertemuan7\system\Common.php(1119): CodeIgniter\View\View->render('admin/produk', Array, true)
#3 E:\STMIK WP\Pemrograman Web 3\TA 2020 - 2021\Projek\pertemuan7\app\Controllers\Kategori.php(25): view('admin/produk', Array)
#4 E:\STMIK WP\Pemrograman Web 3\TA 2020 - 2021\Projek\pertemuan7\system\CodeIgniter.php(918): App\Controllers\Kategori->index()
#5 E:\STMIK WP\Pemrograman Web 3\TA 2020 - 2021\Projek\pertemuan7\system\CodeIgniter.php(404): CodeIgniter\CodeIgniter->runController(Object(App\Controllers\Kategori))
#6 E:\STMIK WP\Pemrograman Web 3\TA 2020 - 2021\Projek\pertemuan7\system\CodeIgniter.php(312): CodeIgniter\CodeIgniter->handleRequest(NULL, Object(Config\Cache), false)
#7 E:\STMIK WP\Pemrograman Web 3\TA 2020 - 2021\Projek\pertemuan7\public\index.php(45): CodeIgniter\CodeIgniter->run()
#8 E:\STMIK WP\Pemrograman Web 3\TA 2020 - 2021\Projek\pertemuan7\system\Commands\Server\rewrite.php(34): require_once('E:\\STMIK WP\\Pem...')
#9 {main}
CRITICAL - 2020-11-26 12:54:35 --> Undefined variable: p
#0 E:\STMIK WP\Pemrograman Web 3\TA 2020 - 2021\Projek\pertemuan7\app\Views\admin\kategori.php(22): CodeIgniter\Debug\Exceptions->errorHandler(8, 'Undefined varia...', 'E:\\STMIK WP\\Pem...', 22, Array)
#1 E:\STMIK WP\Pemrograman Web 3\TA 2020 - 2021\Projek\pertemuan7\system\View\View.php(246): include('E:\\STMIK WP\\Pem...')
#2 E:\STMIK WP\Pemrograman Web 3\TA 2020 - 2021\Projek\pertemuan7\system\Common.php(1119): CodeIgniter\View\View->render('admin/kategori', Array, true)
#3 E:\STMIK WP\Pemrograman Web 3\TA 2020 - 2021\Projek\pertemuan7\app\Controllers\Kategori.php(25): view('admin/kategori', Array)
#4 E:\STMIK WP\Pemrograman Web 3\TA 2020 - 2021\Projek\pertemuan7\system\CodeIgniter.php(918): App\Controllers\Kategori->index()
#5 E:\STMIK WP\Pemrograman Web 3\TA 2020 - 2021\Projek\pertemuan7\system\CodeIgniter.php(404): CodeIgniter\CodeIgniter->runController(Object(App\Controllers\Kategori))
#6 E:\STMIK WP\Pemrograman Web 3\TA 2020 - 2021\Projek\pertemuan7\system\CodeIgniter.php(312): CodeIgniter\CodeIgniter->handleRequest(NULL, Object(Config\Cache), false)
#7 E:\STMIK WP\Pemrograman Web 3\TA 2020 - 2021\Projek\pertemuan7\public\index.php(45): CodeIgniter\CodeIgniter->run()
#8 E:\STMIK WP\Pemrograman Web 3\TA 2020 - 2021\Projek\pertemuan7\system\Commands\Server\rewrite.php(34): require_once('E:\\STMIK WP\\Pem...')
#9 {main}
CRITICAL - 2020-11-26 12:56:43 --> Call to undefined function form_open()
#0 E:\STMIK WP\Pemrograman Web 3\TA 2020 - 2021\Projek\pertemuan7\system\View\View.php(246): include()
#1 E:\STMIK WP\Pemrograman Web 3\TA 2020 - 2021\Projek\pertemuan7\system\Common.php(1119): CodeIgniter\View\View->render('admin/kategori_...', Array, true)
#2 E:\STMIK WP\Pemrograman Web 3\TA 2020 - 2021\Projek\pertemuan7\app\Controllers\Kategori.php(34): view('admin/kategori_...', Array)
#3 E:\STMIK WP\Pemrograman Web 3\TA 2020 - 2021\Projek\pertemuan7\system\CodeIgniter.php(918): App\Controllers\Kategori->tambah()
#4 E:\STMIK WP\Pemrograman Web 3\TA 2020 - 2021\Projek\pertemuan7\system\CodeIgniter.php(404): CodeIgniter\CodeIgniter->runController(Object(App\Controllers\Kategori))
#5 E:\STMIK WP\Pemrograman Web 3\TA 2020 - 2021\Projek\pertemuan7\system\CodeIgniter.php(312): CodeIgniter\CodeIgniter->handleRequest(NULL, Object(Config\Cache), false)
#6 E:\STMIK WP\Pemrograman Web 3\TA 2020 - 2021\Projek\pertemuan7\public\index.php(45): CodeIgniter\CodeIgniter->run()
#7 E:\STMIK WP\Pemrograman Web 3\TA 2020 - 2021\Projek\pertemuan7\system\Commands\Server\rewrite.php(34): require_once('E:\\STMIK WP\\Pem...')
#8 {main}
CRITICAL - 2020-11-26 12:57:38 --> Call to undefined function form_open()
#0 E:\STMIK WP\Pemrograman Web 3\TA 2020 - 2021\Projek\pertemuan7\system\View\View.php(246): include()
#1 E:\STMIK WP\Pemrograman Web 3\TA 2020 - 2021\Projek\pertemuan7\system\Common.php(1119): CodeIgniter\View\View->render('admin/kategori_...', Array, true)
#2 E:\STMIK WP\Pemrograman Web 3\TA 2020 - 2021\Projek\pertemuan7\app\Controllers\Kategori.php(34): view('admin/kategori_...', Array)
#3 E:\STMIK WP\Pemrograman Web 3\TA 2020 - 2021\Projek\pertemuan7\system\CodeIgniter.php(918): App\Controllers\Kategori->tambah()
#4 E:\STMIK WP\Pemrograman Web 3\TA 2020 - 2021\Projek\pertemuan7\system\CodeIgniter.php(404): CodeIgniter\CodeIgniter->runController(Object(App\Controllers\Kategori))
#5 E:\STMIK WP\Pemrograman Web 3\TA 2020 - 2021\Projek\pertemuan7\system\CodeIgniter.php(312): CodeIgniter\CodeIgniter->handleRequest(NULL, Object(Config\Cache), false)
#6 E:\STMIK WP\Pemrograman Web 3\TA 2020 - 2021\Projek\pertemuan7\public\index.php(45): CodeIgniter\CodeIgniter->run()
#7 E:\STMIK WP\Pemrograman Web 3\TA 2020 - 2021\Projek\pertemuan7\system\Commands\Server\rewrite.php(34): require_once('E:\\STMIK WP\\Pem...')
#8 {main}
