CRITICAL - 2021-01-29 21:38:58 --> Class 'App\Controllers\UserModel' not found
#0 C:\xampp\htdocs\projek\system\CodeIgniter.php(918): App\Controllers\Prestige->auth()
#1 C:\xampp\htdocs\projek\system\CodeIgniter.php(404): CodeIgniter\CodeIgniter->runController(Object(App\Controllers\Prestige))
#2 C:\xampp\htdocs\projek\system\CodeIgniter.php(312): CodeIgniter\CodeIgniter->handleRequest(NULL, Object(Config\Cache), false)
#3 C:\xampp\htdocs\projek\public\index.php(45): CodeIgniter\CodeIgniter->run()
#4 C:\xampp\htdocs\projek\system\Commands\Server\rewrite.php(34): require_once('C:\\xampp\\htdocs...')
#5 {main}
CRITICAL - 2021-01-29 22:06:02 --> Class 'App\Controllers\UserModel' not found
#0 C:\xampp\htdocs\projek\system\CodeIgniter.php(918): App\Controllers\Prestige->auth()
#1 C:\xampp\htdocs\projek\system\CodeIgniter.php(404): CodeIgniter\CodeIgniter->runController(Object(App\Controllers\Prestige))
#2 C:\xampp\htdocs\projek\system\CodeIgniter.php(312): CodeIgniter\CodeIgniter->handleRequest(NULL, Object(Config\Cache), false)
#3 C:\xampp\htdocs\projek\public\index.php(45): CodeIgniter\CodeIgniter->run()
#4 C:\xampp\htdocs\projek\system\Commands\Server\rewrite.php(34): require_once('C:\\xampp\\htdocs...')
#5 {main}
CRITICAL - 2021-01-29 22:10:09 --> syntax error, unexpected 'public' (T_PUBLIC), expecting ';' or ','
#0 C:\xampp\htdocs\projek\system\Autoloader\Autoloader.php(296): CodeIgniter\Autoloader\Autoloader->requireFile('C:\\xampp\\htdocs...')
#1 C:\xampp\htdocs\projek\system\Autoloader\Autoloader.php(258): CodeIgniter\Autoloader\Autoloader->loadInNamespace('App\\Models\\Akun...')
#2 [internal function]: CodeIgniter\Autoloader\Autoloader->loadClass('App\\Models\\Akun...')
#3 C:\xampp\htdocs\projek\app\Controllers\Prestige.php(64): spl_autoload_call('App\\Models\\Akun...')
#4 C:\xampp\htdocs\projek\system\CodeIgniter.php(918): App\Controllers\Prestige->auth()
#5 C:\xampp\htdocs\projek\system\CodeIgniter.php(404): CodeIgniter\CodeIgniter->runController(Object(App\Controllers\Prestige))
#6 C:\xampp\htdocs\projek\system\CodeIgniter.php(312): CodeIgniter\CodeIgniter->handleRequest(NULL, Object(Config\Cache), false)
#7 C:\xampp\htdocs\projek\public\index.php(45): CodeIgniter\CodeIgniter->run()
#8 C:\xampp\htdocs\projek\system\Commands\Server\rewrite.php(34): require_once('C:\\xampp\\htdocs...')
#9 {main}
CRITICAL - 2021-01-29 23:24:48 --> Class 'App\Controllers\login_model' not found
#0 C:\xampp\htdocs\projek\system\CodeIgniter.php(918): App\Controllers\Prestige->auth()
#1 C:\xampp\htdocs\projek\system\CodeIgniter.php(404): CodeIgniter\CodeIgniter->runController(Object(App\Controllers\Prestige))
#2 C:\xampp\htdocs\projek\system\CodeIgniter.php(312): CodeIgniter\CodeIgniter->handleRequest(NULL, Object(Config\Cache), false)
#3 C:\xampp\htdocs\projek\public\index.php(45): CodeIgniter\CodeIgniter->run()
#4 C:\xampp\htdocs\projek\system\Commands\Server\rewrite.php(34): require_once('C:\\xampp\\htdocs...')
#5 {main}
CRITICAL - 2021-01-29 23:28:35 --> syntax error, unexpected end of file, expecting elseif (T_ELSEIF) or else (T_ELSE) or endif (T_ENDIF)
#0 C:\xampp\htdocs\projek\system\Common.php(1119): CodeIgniter\View\View->render('prestige/login', Array, true)
#1 C:\xampp\htdocs\projek\app\Controllers\Prestige.php(58): view('prestige/login', Array)
#2 C:\xampp\htdocs\projek\system\CodeIgniter.php(918): App\Controllers\Prestige->login()
#3 C:\xampp\htdocs\projek\system\CodeIgniter.php(404): CodeIgniter\CodeIgniter->runController(Object(App\Controllers\Prestige))
#4 C:\xampp\htdocs\projek\system\CodeIgniter.php(312): CodeIgniter\CodeIgniter->handleRequest(NULL, Object(Config\Cache), false)
#5 C:\xampp\htdocs\projek\public\index.php(45): CodeIgniter\CodeIgniter->run()
#6 C:\xampp\htdocs\projek\system\Commands\Server\rewrite.php(34): require_once('C:\\xampp\\htdocs...')
#7 {main}
CRITICAL - 2021-01-29 23:30:16 --> syntax error, unexpected end of file, expecting elseif (T_ELSEIF) or else (T_ELSE) or endif (T_ENDIF)
#0 C:\xampp\htdocs\projek\system\Common.php(1119): CodeIgniter\View\View->render('prestige/login', Array, true)
#1 C:\xampp\htdocs\projek\app\Controllers\Prestige.php(58): view('prestige/login', Array)
#2 C:\xampp\htdocs\projek\system\CodeIgniter.php(918): App\Controllers\Prestige->login()
#3 C:\xampp\htdocs\projek\system\CodeIgniter.php(404): CodeIgniter\CodeIgniter->runController(Object(App\Controllers\Prestige))
#4 C:\xampp\htdocs\projek\system\CodeIgniter.php(312): CodeIgniter\CodeIgniter->handleRequest(NULL, Object(Config\Cache), false)
#5 C:\xampp\htdocs\projek\public\index.php(45): CodeIgniter\CodeIgniter->run()
#6 C:\xampp\htdocs\projek\system\Commands\Server\rewrite.php(34): require_once('C:\\xampp\\htdocs...')
#7 {main}
CRITICAL - 2021-01-29 23:30:31 --> syntax error, unexpected end of file, expecting elseif (T_ELSEIF) or else (T_ELSE) or endif (T_ENDIF)
#0 C:\xampp\htdocs\projek\system\Common.php(1119): CodeIgniter\View\View->render('prestige/login', Array, true)
#1 C:\xampp\htdocs\projek\app\Controllers\Prestige.php(58): view('prestige/login', Array)
#2 C:\xampp\htdocs\projek\system\CodeIgniter.php(918): App\Controllers\Prestige->login()
#3 C:\xampp\htdocs\projek\system\CodeIgniter.php(404): CodeIgniter\CodeIgniter->runController(Object(App\Controllers\Prestige))
#4 C:\xampp\htdocs\projek\system\CodeIgniter.php(312): CodeIgniter\CodeIgniter->handleRequest(NULL, Object(Config\Cache), false)
#5 C:\xampp\htdocs\projek\public\index.php(45): CodeIgniter\CodeIgniter->run()
#6 C:\xampp\htdocs\projek\system\Commands\Server\rewrite.php(34): require_once('C:\\xampp\\htdocs...')
#7 {main}
CRITICAL - 2021-01-29 23:46:40 --> bootstrap_pagination is not a valid Pager template.
#0 C:\xampp\htdocs\projek\system\Pager\Pager.php(182): CodeIgniter\Pager\Exceptions\PagerException::forInvalidTemplate('bootstrap_pagin...')
#1 C:\xampp\htdocs\projek\system\Pager\Pager.php(121): CodeIgniter\Pager\Pager->displayLinks('bootstrap', 'bootstrap_pagin...')
#2 C:\xampp\htdocs\projek\app\Views\admin\produk.php(38): CodeIgniter\Pager\Pager->links('bootstrap', 'bootstrap_pagin...')
#3 C:\xampp\htdocs\projek\system\View\View.php(246): include('C:\\xampp\\htdocs...')
#4 C:\xampp\htdocs\projek\system\Common.php(1119): CodeIgniter\View\View->render('admin/produk', Array, true)
#5 C:\xampp\htdocs\projek\app\Controllers\Produk.php(25): view('admin/produk', Array)
#6 C:\xampp\htdocs\projek\system\CodeIgniter.php(918): App\Controllers\Produk->index()
#7 C:\xampp\htdocs\projek\system\CodeIgniter.php(404): CodeIgniter\CodeIgniter->runController(Object(App\Controllers\Produk))
#8 C:\xampp\htdocs\projek\system\CodeIgniter.php(312): CodeIgniter\CodeIgniter->handleRequest(NULL, Object(Config\Cache), false)
#9 C:\xampp\htdocs\projek\public\index.php(45): CodeIgniter\CodeIgniter->run()
#10 C:\xampp\htdocs\projek\system\Commands\Server\rewrite.php(34): require_once('C:\\xampp\\htdocs...')
#11 {main}
CRITICAL - 2021-01-29 23:46:50 --> bootstrap_pagination is not a valid Pager template.
#0 C:\xampp\htdocs\projek\system\Pager\Pager.php(182): CodeIgniter\Pager\Exceptions\PagerException::forInvalidTemplate('bootstrap_pagin...')
#1 C:\xampp\htdocs\projek\system\Pager\Pager.php(121): CodeIgniter\Pager\Pager->displayLinks('bootstrap', 'bootstrap_pagin...')
#2 C:\xampp\htdocs\projek\app\Views\admin\kategori.php(33): CodeIgniter\Pager\Pager->links('bootstrap', 'bootstrap_pagin...')
#3 C:\xampp\htdocs\projek\system\View\View.php(246): include('C:\\xampp\\htdocs...')
#4 C:\xampp\htdocs\projek\system\Common.php(1119): CodeIgniter\View\View->render('admin/kategori', Array, true)
#5 C:\xampp\htdocs\projek\app\Controllers\Kategori.php(26): view('admin/kategori', Array)
#6 C:\xampp\htdocs\projek\system\CodeIgniter.php(918): App\Controllers\Kategori->index()
#7 C:\xampp\htdocs\projek\system\CodeIgniter.php(404): CodeIgniter\CodeIgniter->runController(Object(App\Controllers\Kategori))
#8 C:\xampp\htdocs\projek\system\CodeIgniter.php(312): CodeIgniter\CodeIgniter->handleRequest(NULL, Object(Config\Cache), false)
#9 C:\xampp\htdocs\projek\public\index.php(45): CodeIgniter\CodeIgniter->run()
#10 C:\xampp\htdocs\projek\system\Commands\Server\rewrite.php(34): require_once('C:\\xampp\\htdocs...')
#11 {main}
