CRITICAL - 2020-12-17 08:35:06 --> Undefined variable: cart
#0 E:\STMIK WP\Pemrograman Web 3\TA 2020 - 2021\Projek\pertemuan9\app\Views\pages\navbar.php(27): CodeIgniter\Debug\Exceptions->errorHandler(8, 'Undefined varia...', 'E:\\STMIK WP\\Pem...', 27, Array)
#1 E:\STMIK WP\Pemrograman Web 3\TA 2020 - 2021\Projek\pertemuan9\system\View\View.php(246): include('E:\\STMIK WP\\Pem...')
#2 E:\STMIK WP\Pemrograman Web 3\TA 2020 - 2021\Projek\pertemuan9\system\View\View.php(525): CodeIgniter\View\View->render('pages/navbar', NULL, true)
#3 E:\STMIK WP\Pemrograman Web 3\TA 2020 - 2021\Projek\pertemuan9\app\Views\template.php(34): CodeIgniter\View\View->include('pages/navbar')
#4 E:\STMIK WP\Pemrograman Web 3\TA 2020 - 2021\Projek\pertemuan9\system\View\View.php(246): include('E:\\STMIK WP\\Pem...')
#5 E:\STMIK WP\Pemrograman Web 3\TA 2020 - 2021\Projek\pertemuan9\system\View\View.php(257): CodeIgniter\View\View->render('/template', Array, true)
#6 E:\STMIK WP\Pemrograman Web 3\TA 2020 - 2021\Projek\pertemuan9\system\Common.php(1119): CodeIgniter\View\View->render('pages/daftar', Array, true)
#7 E:\STMIK WP\Pemrograman Web 3\TA 2020 - 2021\Projek\pertemuan9\app\Controllers\Pages.php(51): view('pages/daftar', Array)
#8 E:\STMIK WP\Pemrograman Web 3\TA 2020 - 2021\Projek\pertemuan9\system\CodeIgniter.php(918): App\Controllers\Pages->daftar()
#9 E:\STMIK WP\Pemrograman Web 3\TA 2020 - 2021\Projek\pertemuan9\system\CodeIgniter.php(404): CodeIgniter\CodeIgniter->runController(Object(App\Controllers\Pages))
#10 E:\STMIK WP\Pemrograman Web 3\TA 2020 - 2021\Projek\pertemuan9\system\CodeIgniter.php(312): CodeIgniter\CodeIgniter->handleRequest(NULL, Object(Config\Cache), false)
#11 E:\STMIK WP\Pemrograman Web 3\TA 2020 - 2021\Projek\pertemuan9\public\index.php(45): CodeIgniter\CodeIgniter->run()
#12 E:\STMIK WP\Pemrograman Web 3\TA 2020 - 2021\Projek\pertemuan9\system\Commands\Server\rewrite.php(34): require_once('E:\\STMIK WP\\Pem...')
#13 {main}
CRITICAL - 2020-12-17 08:35:13 --> Undefined variable: cart
#0 E:\STMIK WP\Pemrograman Web 3\TA 2020 - 2021\Projek\pertemuan9\app\Views\pages\navbar.php(27): CodeIgniter\Debug\Exceptions->errorHandler(8, 'Undefined varia...', 'E:\\STMIK WP\\Pem...', 27, Array)
#1 E:\STMIK WP\Pemrograman Web 3\TA 2020 - 2021\Projek\pertemuan9\system\View\View.php(246): include('E:\\STMIK WP\\Pem...')
#2 E:\STMIK WP\Pemrograman Web 3\TA 2020 - 2021\Projek\pertemuan9\system\View\View.php(525): CodeIgniter\View\View->render('pages/navbar', NULL, true)
#3 E:\STMIK WP\Pemrograman Web 3\TA 2020 - 2021\Projek\pertemuan9\app\Views\template.php(34): CodeIgniter\View\View->include('pages/navbar')
#4 E:\STMIK WP\Pemrograman Web 3\TA 2020 - 2021\Projek\pertemuan9\system\View\View.php(246): include('E:\\STMIK WP\\Pem...')
#5 E:\STMIK WP\Pemrograman Web 3\TA 2020 - 2021\Projek\pertemuan9\system\View\View.php(257): CodeIgniter\View\View->render('/template', Array, true)
#6 E:\STMIK WP\Pemrograman Web 3\TA 2020 - 2021\Projek\pertemuan9\system\Common.php(1119): CodeIgniter\View\View->render('pages/about', Array, true)
#7 E:\STMIK WP\Pemrograman Web 3\TA 2020 - 2021\Projek\pertemuan9\app\Controllers\Pages.php(32): view('pages/about', Array)
#8 E:\STMIK WP\Pemrograman Web 3\TA 2020 - 2021\Projek\pertemuan9\system\CodeIgniter.php(918): App\Controllers\Pages->about()
#9 E:\STMIK WP\Pemrograman Web 3\TA 2020 - 2021\Projek\pertemuan9\system\CodeIgniter.php(404): CodeIgniter\CodeIgniter->runController(Object(App\Controllers\Pages))
#10 E:\STMIK WP\Pemrograman Web 3\TA 2020 - 2021\Projek\pertemuan9\system\CodeIgniter.php(312): CodeIgniter\CodeIgniter->handleRequest(NULL, Object(Config\Cache), false)
#11 E:\STMIK WP\Pemrograman Web 3\TA 2020 - 2021\Projek\pertemuan9\public\index.php(45): CodeIgniter\CodeIgniter->run()
#12 E:\STMIK WP\Pemrograman Web 3\TA 2020 - 2021\Projek\pertemuan9\system\Commands\Server\rewrite.php(34): require_once('E:\\STMIK WP\\Pem...')
#13 {main}
CRITICAL - 2020-12-17 08:36:17 --> Undefined property: App\Controllers\Pages::$cart
#0 E:\STMIK WP\Pemrograman Web 3\TA 2020 - 2021\Projek\pertemuan9\app\Controllers\Pages.php(31): CodeIgniter\Debug\Exceptions->errorHandler(8, 'Undefined prope...', 'E:\\STMIK WP\\Pem...', 31, Array)
#1 E:\STMIK WP\Pemrograman Web 3\TA 2020 - 2021\Projek\pertemuan9\system\CodeIgniter.php(918): App\Controllers\Pages->about()
#2 E:\STMIK WP\Pemrograman Web 3\TA 2020 - 2021\Projek\pertemuan9\system\CodeIgniter.php(404): CodeIgniter\CodeIgniter->runController(Object(App\Controllers\Pages))
#3 E:\STMIK WP\Pemrograman Web 3\TA 2020 - 2021\Projek\pertemuan9\system\CodeIgniter.php(312): CodeIgniter\CodeIgniter->handleRequest(NULL, Object(Config\Cache), false)
#4 E:\STMIK WP\Pemrograman Web 3\TA 2020 - 2021\Projek\pertemuan9\public\index.php(45): CodeIgniter\CodeIgniter->run()
#5 E:\STMIK WP\Pemrograman Web 3\TA 2020 - 2021\Projek\pertemuan9\system\Commands\Server\rewrite.php(34): require_once('E:\\STMIK WP\\Pem...')
#6 {main}
CRITICAL - 2020-12-17 08:51:00 --> Undefined variable: tentang
#0 E:\STMIK WP\Pemrograman Web 3\TA 2020 - 2021\Projek\pertemuan9\app\Views\pages\cart.php(7): CodeIgniter\Debug\Exceptions->errorHandler(8, 'Undefined varia...', 'E:\\STMIK WP\\Pem...', 7, Array)
#1 E:\STMIK WP\Pemrograman Web 3\TA 2020 - 2021\Projek\pertemuan9\system\View\View.php(246): include('E:\\STMIK WP\\Pem...')
#2 E:\STMIK WP\Pemrograman Web 3\TA 2020 - 2021\Projek\pertemuan9\system\Common.php(1119): CodeIgniter\View\View->render('pages/cart', Array, true)
#3 E:\STMIK WP\Pemrograman Web 3\TA 2020 - 2021\Projek\pertemuan9\app\Controllers\Home.php(61): view('pages/cart', Array)
#4 E:\STMIK WP\Pemrograman Web 3\TA 2020 - 2021\Projek\pertemuan9\system\CodeIgniter.php(918): App\Controllers\Home->cart()
#5 E:\STMIK WP\Pemrograman Web 3\TA 2020 - 2021\Projek\pertemuan9\system\CodeIgniter.php(404): CodeIgniter\CodeIgniter->runController(Object(App\Controllers\Home))
#6 E:\STMIK WP\Pemrograman Web 3\TA 2020 - 2021\Projek\pertemuan9\system\CodeIgniter.php(312): CodeIgniter\CodeIgniter->handleRequest(NULL, Object(Config\Cache), false)
#7 E:\STMIK WP\Pemrograman Web 3\TA 2020 - 2021\Projek\pertemuan9\public\index.php(45): CodeIgniter\CodeIgniter->run()
#8 E:\STMIK WP\Pemrograman Web 3\TA 2020 - 2021\Projek\pertemuan9\system\Commands\Server\rewrite.php(34): require_once('E:\\STMIK WP\\Pem...')
#9 {main}
