CRITICAL - 2022-06-16 13:09:33 --> Unable to connect to the database.
#0 C:\xampp\htdocs\TugasAkhir\system\Database\BaseConnection.php(646): CodeIgniter\Database\BaseConnection->initialize()
#1 C:\xampp\htdocs\TugasAkhir\system\Database\BaseBuilder.php(1860): CodeIgniter\Database\BaseConnection->query('SELECT *\nFROM `...', Array, false)
#2 C:\xampp\htdocs\TugasAkhir\system\Model.php(506): CodeIgniter\Database\BaseBuilder->get()
#3 C:\xampp\htdocs\TugasAkhir\vendor\myth\auth\src\Authentication\LocalAuthenticator.php(156): CodeIgniter\Model->first()
#4 C:\xampp\htdocs\TugasAkhir\vendor\myth\auth\src\Authentication\LocalAuthenticator.php(20): Myth\Auth\Authentication\LocalAuthenticator->validate(Array, true)
#5 C:\xampp\htdocs\TugasAkhir\vendor\myth\auth\src\Controllers\AuthController.php(85): Myth\Auth\Authentication\LocalAuthenticator->attempt(Array, false)
#6 C:\xampp\htdocs\TugasAkhir\system\CodeIgniter.php(918): Myth\Auth\Controllers\AuthController->attemptLogin()
#7 C:\xampp\htdocs\TugasAkhir\system\CodeIgniter.php(404): CodeIgniter\CodeIgniter->runController(Object(Myth\Auth\Controllers\AuthController))
#8 C:\xampp\htdocs\TugasAkhir\system\CodeIgniter.php(312): CodeIgniter\CodeIgniter->handleRequest(NULL, Object(Config\Cache), false)
#9 C:\xampp\htdocs\TugasAkhir\public\index.php(45): CodeIgniter\CodeIgniter->run()
#10 C:\xampp\htdocs\TugasAkhir\system\Commands\Server\rewrite.php(34): require_once('C:\\xampp\\htdocs...')
#11 {main}
CRITICAL - 2022-06-16 13:09:50 --> Unable to connect to the database.
#0 C:\xampp\htdocs\TugasAkhir\system\Database\BaseConnection.php(646): CodeIgniter\Database\BaseConnection->initialize()
#1 C:\xampp\htdocs\TugasAkhir\system\Database\BaseBuilder.php(1860): CodeIgniter\Database\BaseConnection->query('SELECT *\nFROM `...', Array, false)
#2 C:\xampp\htdocs\TugasAkhir\system\Model.php(506): CodeIgniter\Database\BaseBuilder->get()
#3 C:\xampp\htdocs\TugasAkhir\vendor\myth\auth\src\Authentication\LocalAuthenticator.php(156): CodeIgniter\Model->first()
#4 C:\xampp\htdocs\TugasAkhir\vendor\myth\auth\src\Authentication\LocalAuthenticator.php(20): Myth\Auth\Authentication\LocalAuthenticator->validate(Array, true)
#5 C:\xampp\htdocs\TugasAkhir\vendor\myth\auth\src\Controllers\AuthController.php(85): Myth\Auth\Authentication\LocalAuthenticator->attempt(Array, false)
#6 C:\xampp\htdocs\TugasAkhir\system\CodeIgniter.php(918): Myth\Auth\Controllers\AuthController->attemptLogin()
#7 C:\xampp\htdocs\TugasAkhir\system\CodeIgniter.php(404): CodeIgniter\CodeIgniter->runController(Object(Myth\Auth\Controllers\AuthController))
#8 C:\xampp\htdocs\TugasAkhir\system\CodeIgniter.php(312): CodeIgniter\CodeIgniter->handleRequest(NULL, Object(Config\Cache), false)
#9 C:\xampp\htdocs\TugasAkhir\public\index.php(45): CodeIgniter\CodeIgniter->run()
#10 C:\xampp\htdocs\TugasAkhir\system\Commands\Server\rewrite.php(34): require_once('C:\\xampp\\htdocs...')
#11 {main}
CRITICAL - 2022-06-16 13:10:02 --> Unable to connect to the database.
#0 C:\xampp\htdocs\TugasAkhir\system\Database\BaseConnection.php(646): CodeIgniter\Database\BaseConnection->initialize()
#1 C:\xampp\htdocs\TugasAkhir\system\Database\BaseBuilder.php(1860): CodeIgniter\Database\BaseConnection->query('SELECT *\nFROM `...', Array, false)
#2 C:\xampp\htdocs\TugasAkhir\system\Model.php(462): CodeIgniter\Database\BaseBuilder->get()
#3 C:\xampp\htdocs\TugasAkhir\app\Controllers\Prestige.php(74): CodeIgniter\Model->findAll()
#4 C:\xampp\htdocs\TugasAkhir\system\CodeIgniter.php(918): App\Controllers\Prestige->cart()
#5 C:\xampp\htdocs\TugasAkhir\system\CodeIgniter.php(404): CodeIgniter\CodeIgniter->runController(Object(App\Controllers\Prestige))
#6 C:\xampp\htdocs\TugasAkhir\system\CodeIgniter.php(312): CodeIgniter\CodeIgniter->handleRequest(NULL, Object(Config\Cache), false)
#7 C:\xampp\htdocs\TugasAkhir\public\index.php(45): CodeIgniter\CodeIgniter->run()
#8 C:\xampp\htdocs\TugasAkhir\system\Commands\Server\rewrite.php(34): require_once('C:\\xampp\\htdocs...')
#9 {main}
CRITICAL - 2022-06-16 13:11:31 --> Table 'ci4_db.users' doesn't exist
#0 C:\xampp\htdocs\TugasAkhir\system\Database\MySQLi\Connection.php(331): mysqli->query('SELECT *\nFROM `...')
#1 C:\xampp\htdocs\TugasAkhir\system\Database\BaseConnection.php(741): CodeIgniter\Database\MySQLi\Connection->execute('SELECT *\nFROM `...')
#2 C:\xampp\htdocs\TugasAkhir\system\Database\BaseConnection.php(669): CodeIgniter\Database\BaseConnection->simpleQuery('SELECT *\nFROM `...')
#3 C:\xampp\htdocs\TugasAkhir\system\Database\BaseBuilder.php(1860): CodeIgniter\Database\BaseConnection->query('SELECT *\nFROM `...', Array, false)
#4 C:\xampp\htdocs\TugasAkhir\system\Model.php(506): CodeIgniter\Database\BaseBuilder->get()
#5 C:\xampp\htdocs\TugasAkhir\vendor\myth\auth\src\Authentication\LocalAuthenticator.php(156): CodeIgniter\Model->first()
#6 C:\xampp\htdocs\TugasAkhir\vendor\myth\auth\src\Authentication\LocalAuthenticator.php(20): Myth\Auth\Authentication\LocalAuthenticator->validate(Array, true)
#7 C:\xampp\htdocs\TugasAkhir\vendor\myth\auth\src\Controllers\AuthController.php(85): Myth\Auth\Authentication\LocalAuthenticator->attempt(Array, false)
#8 C:\xampp\htdocs\TugasAkhir\system\CodeIgniter.php(918): Myth\Auth\Controllers\AuthController->attemptLogin()
#9 C:\xampp\htdocs\TugasAkhir\system\CodeIgniter.php(404): CodeIgniter\CodeIgniter->runController(Object(Myth\Auth\Controllers\AuthController))
#10 C:\xampp\htdocs\TugasAkhir\system\CodeIgniter.php(312): CodeIgniter\CodeIgniter->handleRequest(NULL, Object(Config\Cache), false)
#11 C:\xampp\htdocs\TugasAkhir\public\index.php(45): CodeIgniter\CodeIgniter->run()
#12 C:\xampp\htdocs\TugasAkhir\system\Commands\Server\rewrite.php(34): require_once('C:\\xampp\\htdocs...')
#13 {main}
CRITICAL - 2022-06-16 13:13:46 --> Table 'ci4_db.users' doesn't exist
#0 C:\xampp\htdocs\TugasAkhir\system\Database\MySQLi\Connection.php(331): mysqli->query('SELECT *\nFROM `...')
#1 C:\xampp\htdocs\TugasAkhir\system\Database\BaseConnection.php(741): CodeIgniter\Database\MySQLi\Connection->execute('SELECT *\nFROM `...')
#2 C:\xampp\htdocs\TugasAkhir\system\Database\BaseConnection.php(669): CodeIgniter\Database\BaseConnection->simpleQuery('SELECT *\nFROM `...')
#3 C:\xampp\htdocs\TugasAkhir\system\Database\BaseBuilder.php(1860): CodeIgniter\Database\BaseConnection->query('SELECT *\nFROM `...', Array, false)
#4 C:\xampp\htdocs\TugasAkhir\system\Model.php(506): CodeIgniter\Database\BaseBuilder->get()
#5 C:\xampp\htdocs\TugasAkhir\vendor\myth\auth\src\Authentication\LocalAuthenticator.php(156): CodeIgniter\Model->first()
#6 C:\xampp\htdocs\TugasAkhir\vendor\myth\auth\src\Authentication\LocalAuthenticator.php(20): Myth\Auth\Authentication\LocalAuthenticator->validate(Array, true)
#7 C:\xampp\htdocs\TugasAkhir\vendor\myth\auth\src\Controllers\AuthController.php(85): Myth\Auth\Authentication\LocalAuthenticator->attempt(Array, false)
#8 C:\xampp\htdocs\TugasAkhir\system\CodeIgniter.php(918): Myth\Auth\Controllers\AuthController->attemptLogin()
#9 C:\xampp\htdocs\TugasAkhir\system\CodeIgniter.php(404): CodeIgniter\CodeIgniter->runController(Object(Myth\Auth\Controllers\AuthController))
#10 C:\xampp\htdocs\TugasAkhir\system\CodeIgniter.php(312): CodeIgniter\CodeIgniter->handleRequest(NULL, Object(Config\Cache), false)
#11 C:\xampp\htdocs\TugasAkhir\public\index.php(45): CodeIgniter\CodeIgniter->run()
#12 C:\xampp\htdocs\TugasAkhir\system\Commands\Server\rewrite.php(34): require_once('C:\\xampp\\htdocs...')
#13 {main}
