CRITICAL - 2021-01-21 21:24:52 --> Call to a member function contents() on array
#0 C:\xxamp\htdocs\pertemuan9\system\View\View.php(246): include()
#1 C:\xxamp\htdocs\pertemuan9\system\View\View.php(525): CodeIgniter\View\View->render('pages/navbar', NULL, true)
#2 C:\xxamp\htdocs\pertemuan9\app\Views\template.php(34): CodeIgniter\View\View->include('pages/navbar')
#3 C:\xxamp\htdocs\pertemuan9\system\View\View.php(246): include('C:\\xxamp\\htdocs...')
#4 C:\xxamp\htdocs\pertemuan9\system\View\View.php(257): CodeIgniter\View\View->render('/template', Array, true)
#5 C:\xxamp\htdocs\pertemuan9\system\Common.php(1119): CodeIgniter\View\View->render('pages/about', Array, true)
#6 C:\xxamp\htdocs\pertemuan9\app\Controllers\Pages.php(34): view('pages/about', Array)
#7 C:\xxamp\htdocs\pertemuan9\system\CodeIgniter.php(918): App\Controllers\Pages->about()
#8 C:\xxamp\htdocs\pertemuan9\system\CodeIgniter.php(404): CodeIgniter\CodeIgniter->runController(Object(App\Controllers\Pages))
#9 C:\xxamp\htdocs\pertemuan9\system\CodeIgniter.php(312): CodeIgniter\CodeIgniter->handleRequest(NULL, Object(Config\Cache), false)
#10 C:\xxamp\htdocs\pertemuan9\public\index.php(45): CodeIgniter\CodeIgniter->run()
#11 C:\xxamp\htdocs\pertemuan9\system\Commands\Server\rewrite.php(34): require_once('C:\\xxamp\\htdocs...')
#12 {main}
CRITICAL - 2021-01-21 21:24:58 --> Undefined variable: cart
#0 C:\xxamp\htdocs\pertemuan9\app\Views\pages\navbar.php(27): CodeIgniter\Debug\Exceptions->errorHandler(8, 'Undefined varia...', 'C:\\xxamp\\htdocs...', 27, Array)
#1 C:\xxamp\htdocs\pertemuan9\system\View\View.php(246): include('C:\\xxamp\\htdocs...')
#2 C:\xxamp\htdocs\pertemuan9\system\View\View.php(525): CodeIgniter\View\View->render('pages/navbar', NULL, true)
#3 C:\xxamp\htdocs\pertemuan9\app\Views\template.php(34): CodeIgniter\View\View->include('pages/navbar')
#4 C:\xxamp\htdocs\pertemuan9\system\View\View.php(246): include('C:\\xxamp\\htdocs...')
#5 C:\xxamp\htdocs\pertemuan9\system\View\View.php(257): CodeIgniter\View\View->render('/template', Array, true)
#6 C:\xxamp\htdocs\pertemuan9\system\Common.php(1119): CodeIgniter\View\View->render('pages/contact', Array, true)
#7 C:\xxamp\htdocs\pertemuan9\app\Controllers\Pages.php(44): view('pages/contact', Array)
#8 C:\xxamp\htdocs\pertemuan9\system\CodeIgniter.php(918): App\Controllers\Pages->contact()
#9 C:\xxamp\htdocs\pertemuan9\system\CodeIgniter.php(404): CodeIgniter\CodeIgniter->runController(Object(App\Controllers\Pages))
#10 C:\xxamp\htdocs\pertemuan9\system\CodeIgniter.php(312): CodeIgniter\CodeIgniter->handleRequest(NULL, Object(Config\Cache), false)
#11 C:\xxamp\htdocs\pertemuan9\public\index.php(45): CodeIgniter\CodeIgniter->run()
#12 C:\xxamp\htdocs\pertemuan9\system\Commands\Server\rewrite.php(34): require_once('C:\\xxamp\\htdocs...')
#13 {main}
CRITICAL - 2021-01-21 21:25:02 --> Undefined variable: cart
#0 C:\xxamp\htdocs\pertemuan9\app\Views\pages\navbar.php(27): CodeIgniter\Debug\Exceptions->errorHandler(8, 'Undefined varia...', 'C:\\xxamp\\htdocs...', 27, Array)
#1 C:\xxamp\htdocs\pertemuan9\system\View\View.php(246): include('C:\\xxamp\\htdocs...')
#2 C:\xxamp\htdocs\pertemuan9\system\View\View.php(525): CodeIgniter\View\View->render('pages/navbar', NULL, true)
#3 C:\xxamp\htdocs\pertemuan9\app\Views\template.php(34): CodeIgniter\View\View->include('pages/navbar')
#4 C:\xxamp\htdocs\pertemuan9\system\View\View.php(246): include('C:\\xxamp\\htdocs...')
#5 C:\xxamp\htdocs\pertemuan9\system\View\View.php(257): CodeIgniter\View\View->render('/template', Array, true)
#6 C:\xxamp\htdocs\pertemuan9\system\Common.php(1119): CodeIgniter\View\View->render('pages/daftar', Array, true)
#7 C:\xxamp\htdocs\pertemuan9\app\Controllers\Pages.php(53): view('pages/daftar', Array)
#8 C:\xxamp\htdocs\pertemuan9\system\CodeIgniter.php(918): App\Controllers\Pages->daftar()
#9 C:\xxamp\htdocs\pertemuan9\system\CodeIgniter.php(404): CodeIgniter\CodeIgniter->runController(Object(App\Controllers\Pages))
#10 C:\xxamp\htdocs\pertemuan9\system\CodeIgniter.php(312): CodeIgniter\CodeIgniter->handleRequest(NULL, Object(Config\Cache), false)
#11 C:\xxamp\htdocs\pertemuan9\public\index.php(45): CodeIgniter\CodeIgniter->run()
#12 C:\xxamp\htdocs\pertemuan9\system\Commands\Server\rewrite.php(34): require_once('C:\\xxamp\\htdocs...')
#13 {main}
CRITICAL - 2021-01-21 22:17:44 --> Undefined variable: cart
#0 C:\xxamp\htdocs\pertemuan9\app\Views\pages\navbar.php(27): CodeIgniter\Debug\Exceptions->errorHandler(8, 'Undefined varia...', 'C:\\xxamp\\htdocs...', 27, Array)
#1 C:\xxamp\htdocs\pertemuan9\system\View\View.php(246): include('C:\\xxamp\\htdocs...')
#2 C:\xxamp\htdocs\pertemuan9\system\View\View.php(525): CodeIgniter\View\View->render('pages/navbar', NULL, true)
#3 C:\xxamp\htdocs\pertemuan9\app\Views\template.php(34): CodeIgniter\View\View->include('pages/navbar')
#4 C:\xxamp\htdocs\pertemuan9\system\View\View.php(246): include('C:\\xxamp\\htdocs...')
#5 C:\xxamp\htdocs\pertemuan9\system\View\View.php(257): CodeIgniter\View\View->render('/template', Array, true)
#6 C:\xxamp\htdocs\pertemuan9\system\Common.php(1119): CodeIgniter\View\View->render('pages/daftar', Array, true)
#7 C:\xxamp\htdocs\pertemuan9\app\Controllers\Pages.php(53): view('pages/daftar', Array)
#8 C:\xxamp\htdocs\pertemuan9\system\CodeIgniter.php(918): App\Controllers\Pages->daftar()
#9 C:\xxamp\htdocs\pertemuan9\system\CodeIgniter.php(404): CodeIgniter\CodeIgniter->runController(Object(App\Controllers\Pages))
#10 C:\xxamp\htdocs\pertemuan9\system\CodeIgniter.php(312): CodeIgniter\CodeIgniter->handleRequest(NULL, Object(Config\Cache), false)
#11 C:\xxamp\htdocs\pertemuan9\public\index.php(45): CodeIgniter\CodeIgniter->run()
#12 C:\xxamp\htdocs\pertemuan9\system\Commands\Server\rewrite.php(34): require_once('C:\\xxamp\\htdocs...')
#13 {main}
CRITICAL - 2021-01-21 22:17:48 --> Undefined variable: cart
#0 C:\xxamp\htdocs\pertemuan9\app\Views\pages\navbar.php(27): CodeIgniter\Debug\Exceptions->errorHandler(8, 'Undefined varia...', 'C:\\xxamp\\htdocs...', 27, Array)
#1 C:\xxamp\htdocs\pertemuan9\system\View\View.php(246): include('C:\\xxamp\\htdocs...')
#2 C:\xxamp\htdocs\pertemuan9\system\View\View.php(525): CodeIgniter\View\View->render('pages/navbar', NULL, true)
#3 C:\xxamp\htdocs\pertemuan9\app\Views\template.php(34): CodeIgniter\View\View->include('pages/navbar')
#4 C:\xxamp\htdocs\pertemuan9\system\View\View.php(246): include('C:\\xxamp\\htdocs...')
#5 C:\xxamp\htdocs\pertemuan9\system\View\View.php(257): CodeIgniter\View\View->render('/template', Array, true)
#6 C:\xxamp\htdocs\pertemuan9\system\Common.php(1119): CodeIgniter\View\View->render('pages/contact', Array, true)
#7 C:\xxamp\htdocs\pertemuan9\app\Controllers\Pages.php(44): view('pages/contact', Array)
#8 C:\xxamp\htdocs\pertemuan9\system\CodeIgniter.php(918): App\Controllers\Pages->contact()
#9 C:\xxamp\htdocs\pertemuan9\system\CodeIgniter.php(404): CodeIgniter\CodeIgniter->runController(Object(App\Controllers\Pages))
#10 C:\xxamp\htdocs\pertemuan9\system\CodeIgniter.php(312): CodeIgniter\CodeIgniter->handleRequest(NULL, Object(Config\Cache), false)
#11 C:\xxamp\htdocs\pertemuan9\public\index.php(45): CodeIgniter\CodeIgniter->run()
#12 C:\xxamp\htdocs\pertemuan9\system\Commands\Server\rewrite.php(34): require_once('C:\\xxamp\\htdocs...')
#13 {main}
CRITICAL - 2021-01-21 22:17:51 --> Call to a member function contents() on array
#0 C:\xxamp\htdocs\pertemuan9\system\View\View.php(246): include()
#1 C:\xxamp\htdocs\pertemuan9\system\View\View.php(525): CodeIgniter\View\View->render('pages/navbar', NULL, true)
#2 C:\xxamp\htdocs\pertemuan9\app\Views\template.php(34): CodeIgniter\View\View->include('pages/navbar')
#3 C:\xxamp\htdocs\pertemuan9\system\View\View.php(246): include('C:\\xxamp\\htdocs...')
#4 C:\xxamp\htdocs\pertemuan9\system\View\View.php(257): CodeIgniter\View\View->render('/template', Array, true)
#5 C:\xxamp\htdocs\pertemuan9\system\Common.php(1119): CodeIgniter\View\View->render('pages/about', Array, true)
#6 C:\xxamp\htdocs\pertemuan9\app\Controllers\Pages.php(34): view('pages/about', Array)
#7 C:\xxamp\htdocs\pertemuan9\system\CodeIgniter.php(918): App\Controllers\Pages->about()
#8 C:\xxamp\htdocs\pertemuan9\system\CodeIgniter.php(404): CodeIgniter\CodeIgniter->runController(Object(App\Controllers\Pages))
#9 C:\xxamp\htdocs\pertemuan9\system\CodeIgniter.php(312): CodeIgniter\CodeIgniter->handleRequest(NULL, Object(Config\Cache), false)
#10 C:\xxamp\htdocs\pertemuan9\public\index.php(45): CodeIgniter\CodeIgniter->run()
#11 C:\xxamp\htdocs\pertemuan9\system\Commands\Server\rewrite.php(34): require_once('C:\\xxamp\\htdocs...')
#12 {main}
CRITICAL - 2021-01-21 22:20:17 --> Call to a member function contents() on array
#0 C:\xxamp\htdocs\pertemuan9\system\View\View.php(246): include()
#1 C:\xxamp\htdocs\pertemuan9\system\View\View.php(525): CodeIgniter\View\View->render('pages/navbar', NULL, true)
#2 C:\xxamp\htdocs\pertemuan9\app\Views\template.php(34): CodeIgniter\View\View->include('pages/navbar')
#3 C:\xxamp\htdocs\pertemuan9\system\View\View.php(246): include('C:\\xxamp\\htdocs...')
#4 C:\xxamp\htdocs\pertemuan9\system\View\View.php(257): CodeIgniter\View\View->render('/template', Array, true)
#5 C:\xxamp\htdocs\pertemuan9\system\Common.php(1119): CodeIgniter\View\View->render('pages/about', Array, true)
#6 C:\xxamp\htdocs\pertemuan9\app\Controllers\Pages.php(34): view('pages/about', Array)
#7 C:\xxamp\htdocs\pertemuan9\system\CodeIgniter.php(918): App\Controllers\Pages->about()
#8 C:\xxamp\htdocs\pertemuan9\system\CodeIgniter.php(404): CodeIgniter\CodeIgniter->runController(Object(App\Controllers\Pages))
#9 C:\xxamp\htdocs\pertemuan9\system\CodeIgniter.php(312): CodeIgniter\CodeIgniter->handleRequest(NULL, Object(Config\Cache), false)
#10 C:\xxamp\htdocs\pertemuan9\public\index.php(45): CodeIgniter\CodeIgniter->run()
#11 C:\xxamp\htdocs\pertemuan9\system\Commands\Server\rewrite.php(34): require_once('C:\\xxamp\\htdocs...')
#12 {main}
