CRITICAL - 2020-12-18 18:56:25 --> Call to a member function total() on array
#0 E:\STMIK WP\Pemrograman Web 3\TA 2020 - 2021\Projek\pertemuan9\system\View\View.php(246): include()
#1 E:\STMIK WP\Pemrograman Web 3\TA 2020 - 2021\Projek\pertemuan9\system\Common.php(1119): CodeIgniter\View\View->render('pages/cart', Array, true)
#2 E:\STMIK WP\Pemrograman Web 3\TA 2020 - 2021\Projek\pertemuan9\app\Controllers\Home.php(61): view('pages/cart', Array)
#3 E:\STMIK WP\Pemrograman Web 3\TA 2020 - 2021\Projek\pertemuan9\system\CodeIgniter.php(918): App\Controllers\Home->cart()
#4 E:\STMIK WP\Pemrograman Web 3\TA 2020 - 2021\Projek\pertemuan9\system\CodeIgniter.php(404): CodeIgniter\CodeIgniter->runController(Object(App\Controllers\Home))
#5 E:\STMIK WP\Pemrograman Web 3\TA 2020 - 2021\Projek\pertemuan9\system\CodeIgniter.php(312): CodeIgniter\CodeIgniter->handleRequest(NULL, Object(Config\Cache), false)
#6 E:\STMIK WP\Pemrograman Web 3\TA 2020 - 2021\Projek\pertemuan9\public\index.php(45): CodeIgniter\CodeIgniter->run()
#7 E:\STMIK WP\Pemrograman Web 3\TA 2020 - 2021\Projek\pertemuan9\system\Commands\Server\rewrite.php(34): require_once('E:\\STMIK WP\\Pem...')
#8 {main}
CRITICAL - 2020-12-18 18:59:23 --> Illegal string offset 'qty'
#0 E:\STMIK WP\Pemrograman Web 3\TA 2020 - 2021\Projek\pertemuan9\app\Views\pages\navbar.php(28): CodeIgniter\Debug\Exceptions->errorHandler(2, 'Illegal string ...', 'E:\\STMIK WP\\Pem...', 28, Array)
#1 E:\STMIK WP\Pemrograman Web 3\TA 2020 - 2021\Projek\pertemuan9\system\View\View.php(246): include('E:\\STMIK WP\\Pem...')
#2 E:\STMIK WP\Pemrograman Web 3\TA 2020 - 2021\Projek\pertemuan9\system\View\View.php(525): CodeIgniter\View\View->render('pages/navbar', NULL, true)
#3 E:\STMIK WP\Pemrograman Web 3\TA 2020 - 2021\Projek\pertemuan9\app\Views\template.php(34): CodeIgniter\View\View->include('pages/navbar')
#4 E:\STMIK WP\Pemrograman Web 3\TA 2020 - 2021\Projek\pertemuan9\system\View\View.php(246): include('E:\\STMIK WP\\Pem...')
#5 E:\STMIK WP\Pemrograman Web 3\TA 2020 - 2021\Projek\pertemuan9\system\View\View.php(257): CodeIgniter\View\View->render('/template', Array, true)
#6 E:\STMIK WP\Pemrograman Web 3\TA 2020 - 2021\Projek\pertemuan9\system\Common.php(1119): CodeIgniter\View\View->render('pages/cart', Array, true)
#7 E:\STMIK WP\Pemrograman Web 3\TA 2020 - 2021\Projek\pertemuan9\app\Controllers\Home.php(61): view('pages/cart', Array)
#8 E:\STMIK WP\Pemrograman Web 3\TA 2020 - 2021\Projek\pertemuan9\system\CodeIgniter.php(918): App\Controllers\Home->cart()
#9 E:\STMIK WP\Pemrograman Web 3\TA 2020 - 2021\Projek\pertemuan9\system\CodeIgniter.php(404): CodeIgniter\CodeIgniter->runController(Object(App\Controllers\Home))
#10 E:\STMIK WP\Pemrograman Web 3\TA 2020 - 2021\Projek\pertemuan9\system\CodeIgniter.php(312): CodeIgniter\CodeIgniter->handleRequest(NULL, Object(Config\Cache), false)
#11 E:\STMIK WP\Pemrograman Web 3\TA 2020 - 2021\Projek\pertemuan9\public\index.php(45): CodeIgniter\CodeIgniter->run()
#12 E:\STMIK WP\Pemrograman Web 3\TA 2020 - 2021\Projek\pertemuan9\system\Commands\Server\rewrite.php(34): require_once('E:\\STMIK WP\\Pem...')
#13 {main}
CRITICAL - 2020-12-18 19:21:53 --> syntax error, unexpected '=>' (T_DOUBLE_ARROW), expecting ')'
#0 E:\STMIK WP\Pemrograman Web 3\TA 2020 - 2021\Projek\pertemuan9\system\Router\Router.php(195): CodeIgniter\Router\Router->autoRoute('home/cart')
#1 E:\STMIK WP\Pemrograman Web 3\TA 2020 - 2021\Projek\pertemuan9\system\CodeIgniter.php(793): CodeIgniter\Router\Router->handle('home/cart')
#2 E:\STMIK WP\Pemrograman Web 3\TA 2020 - 2021\Projek\pertemuan9\system\CodeIgniter.php(364): CodeIgniter\CodeIgniter->tryToRouteIt(Object(CodeIgniter\Router\RouteCollection))
#3 E:\STMIK WP\Pemrograman Web 3\TA 2020 - 2021\Projek\pertemuan9\system\CodeIgniter.php(312): CodeIgniter\CodeIgniter->handleRequest(NULL, Object(Config\Cache), false)
#4 E:\STMIK WP\Pemrograman Web 3\TA 2020 - 2021\Projek\pertemuan9\public\index.php(45): CodeIgniter\CodeIgniter->run()
#5 E:\STMIK WP\Pemrograman Web 3\TA 2020 - 2021\Projek\pertemuan9\system\Commands\Server\rewrite.php(34): require_once('E:\\STMIK WP\\Pem...')
#6 {main}
