CRITICAL - 2020-10-16 10:30:35 --> Undefined property: CodeIgniter\View\View::$uri
#0 C:\xampp\htdocs\pertemuan4\app\Views\template.php(44): CodeIgniter\Debug\Exceptions->errorHandler(8, 'Undefined prope...', 'C:\\xampp\\htdocs...', 44, Array)
#1 C:\xampp\htdocs\pertemuan4\system\View\View.php(246): include('C:\\xampp\\htdocs...')
#2 C:\xampp\htdocs\pertemuan4\system\View\View.php(257): CodeIgniter\View\View->render('/template', Array, true)
#3 C:\xampp\htdocs\pertemuan4\system\Common.php(1119): CodeIgniter\View\View->render('pages/about', Array, true)
#4 C:\xampp\htdocs\pertemuan4\app\Controllers\Pages.php(28): view('pages/about', Array)
#5 C:\xampp\htdocs\pertemuan4\system\CodeIgniter.php(918): App\Controllers\Pages->about()
#6 C:\xampp\htdocs\pertemuan4\system\CodeIgniter.php(404): CodeIgniter\CodeIgniter->runController(Object(App\Controllers\Pages))
#7 C:\xampp\htdocs\pertemuan4\system\CodeIgniter.php(312): CodeIgniter\CodeIgniter->handleRequest(NULL, Object(Config\Cache), false)
#8 C:\xampp\htdocs\pertemuan4\public\index.php(45): CodeIgniter\CodeIgniter->run()
#9 C:\xampp\htdocs\pertemuan4\system\Commands\Server\rewrite.php(34): require_once('C:\\xampp\\htdocs...')
#10 {main}
CRITICAL - 2020-10-16 10:33:20 --> Undefined variable: uri
#0 C:\xampp\htdocs\pertemuan4\app\Views\template.php(44): CodeIgniter\Debug\Exceptions->errorHandler(8, 'Undefined varia...', 'C:\\xampp\\htdocs...', 44, Array)
#1 C:\xampp\htdocs\pertemuan4\system\View\View.php(246): include('C:\\xampp\\htdocs...')
#2 C:\xampp\htdocs\pertemuan4\system\View\View.php(257): CodeIgniter\View\View->render('/template', Array, true)
#3 C:\xampp\htdocs\pertemuan4\system\Common.php(1119): CodeIgniter\View\View->render('pages/about', Array, true)
#4 C:\xampp\htdocs\pertemuan4\app\Controllers\Pages.php(28): view('pages/about', Array)
#5 C:\xampp\htdocs\pertemuan4\system\CodeIgniter.php(918): App\Controllers\Pages->about()
#6 C:\xampp\htdocs\pertemuan4\system\CodeIgniter.php(404): CodeIgniter\CodeIgniter->runController(Object(App\Controllers\Pages))
#7 C:\xampp\htdocs\pertemuan4\system\CodeIgniter.php(312): CodeIgniter\CodeIgniter->handleRequest(NULL, Object(Config\Cache), false)
#8 C:\xampp\htdocs\pertemuan4\public\index.php(45): CodeIgniter\CodeIgniter->run()
#9 C:\xampp\htdocs\pertemuan4\system\Commands\Server\rewrite.php(34): require_once('C:\\xampp\\htdocs...')
#10 {main}
CRITICAL - 2020-10-16 10:33:24 --> Undefined variable: uri
#0 C:\xampp\htdocs\pertemuan4\app\Views\template.php(44): CodeIgniter\Debug\Exceptions->errorHandler(8, 'Undefined varia...', 'C:\\xampp\\htdocs...', 44, Array)
#1 C:\xampp\htdocs\pertemuan4\system\View\View.php(246): include('C:\\xampp\\htdocs...')
#2 C:\xampp\htdocs\pertemuan4\system\View\View.php(257): CodeIgniter\View\View->render('/template', Array, true)
#3 C:\xampp\htdocs\pertemuan4\system\Common.php(1119): CodeIgniter\View\View->render('pages/home', Array, true)
#4 C:\xampp\htdocs\pertemuan4\app\Controllers\Pages.php(19): view('pages/home', Array)
#5 C:\xampp\htdocs\pertemuan4\system\CodeIgniter.php(918): App\Controllers\Pages->index()
#6 C:\xampp\htdocs\pertemuan4\system\CodeIgniter.php(404): CodeIgniter\CodeIgniter->runController(Object(App\Controllers\Pages))
#7 C:\xampp\htdocs\pertemuan4\system\CodeIgniter.php(312): CodeIgniter\CodeIgniter->handleRequest(NULL, Object(Config\Cache), false)
#8 C:\xampp\htdocs\pertemuan4\public\index.php(45): CodeIgniter\CodeIgniter->run()
#9 C:\xampp\htdocs\pertemuan4\system\Commands\Server\rewrite.php(34): require_once('C:\\xampp\\htdocs...')
#10 {main}
CRITICAL - 2020-10-16 10:33:28 --> Undefined variable: uri
#0 C:\xampp\htdocs\pertemuan4\app\Views\template.php(44): CodeIgniter\Debug\Exceptions->errorHandler(8, 'Undefined varia...', 'C:\\xampp\\htdocs...', 44, Array)
#1 C:\xampp\htdocs\pertemuan4\system\View\View.php(246): include('C:\\xampp\\htdocs...')
#2 C:\xampp\htdocs\pertemuan4\system\View\View.php(257): CodeIgniter\View\View->render('/template', Array, true)
#3 C:\xampp\htdocs\pertemuan4\system\Common.php(1119): CodeIgniter\View\View->render('pages/home', Array, true)
#4 C:\xampp\htdocs\pertemuan4\app\Controllers\Pages.php(19): view('pages/home', Array)
#5 C:\xampp\htdocs\pertemuan4\system\CodeIgniter.php(918): App\Controllers\Pages->index()
#6 C:\xampp\htdocs\pertemuan4\system\CodeIgniter.php(404): CodeIgniter\CodeIgniter->runController(Object(App\Controllers\Pages))
#7 C:\xampp\htdocs\pertemuan4\system\CodeIgniter.php(312): CodeIgniter\CodeIgniter->handleRequest(NULL, Object(Config\Cache), false)
#8 C:\xampp\htdocs\pertemuan4\public\index.php(45): CodeIgniter\CodeIgniter->run()
#9 C:\xampp\htdocs\pertemuan4\system\Commands\Server\rewrite.php(34): require_once('C:\\xampp\\htdocs...')
#10 {main}
CRITICAL - 2020-10-16 10:35:35 --> Constant expression contains invalid operations
#0 [internal function]: CodeIgniter\Debug\Exceptions->shutdownHandler()
#1 {main}
CRITICAL - 2020-10-16 10:40:43 --> Constant expression contains invalid operations
#0 [internal function]: CodeIgniter\Debug\Exceptions->shutdownHandler()
#1 {main}
CRITICAL - 2020-10-16 10:41:03 --> Undefined variable: uri
#0 C:\xampp\htdocs\pertemuan4\app\Views\template.php(44): CodeIgniter\Debug\Exceptions->errorHandler(8, 'Undefined varia...', 'C:\\xampp\\htdocs...', 44, Array)
#1 C:\xampp\htdocs\pertemuan4\system\View\View.php(246): include('C:\\xampp\\htdocs...')
#2 C:\xampp\htdocs\pertemuan4\system\View\View.php(257): CodeIgniter\View\View->render('/template', Array, true)
#3 C:\xampp\htdocs\pertemuan4\system\Common.php(1119): CodeIgniter\View\View->render('pages/home', Array, true)
#4 C:\xampp\htdocs\pertemuan4\app\Controllers\Pages.php(20): view('pages/home', Array)
#5 C:\xampp\htdocs\pertemuan4\system\CodeIgniter.php(918): App\Controllers\Pages->index()
#6 C:\xampp\htdocs\pertemuan4\system\CodeIgniter.php(404): CodeIgniter\CodeIgniter->runController(Object(App\Controllers\Pages))
#7 C:\xampp\htdocs\pertemuan4\system\CodeIgniter.php(312): CodeIgniter\CodeIgniter->handleRequest(NULL, Object(Config\Cache), false)
#8 C:\xampp\htdocs\pertemuan4\public\index.php(45): CodeIgniter\CodeIgniter->run()
#9 C:\xampp\htdocs\pertemuan4\system\Commands\Server\rewrite.php(34): require_once('C:\\xampp\\htdocs...')
#10 {main}
CRITICAL - 2020-10-16 10:41:24 --> syntax error, unexpected '$uri' (T_VARIABLE), expecting function (T_FUNCTION) or const (T_CONST)
#0 C:\xampp\htdocs\pertemuan4\system\Autoloader\Autoloader.php(296): CodeIgniter\Autoloader\Autoloader->requireFile('C:\\xampp\\htdocs...')
#1 C:\xampp\htdocs\pertemuan4\system\Autoloader\Autoloader.php(258): CodeIgniter\Autoloader\Autoloader->loadInNamespace('App\\Controllers...')
#2 [internal function]: CodeIgniter\Autoloader\Autoloader->loadClass('App\\Controllers...')
#3 [internal function]: spl_autoload_call('App\\Controllers...')
#4 C:\xampp\htdocs\pertemuan4\system\CodeIgniter.php(869): class_exists('\\App\\Controller...', true)
#5 C:\xampp\htdocs\pertemuan4\system\CodeIgniter.php(394): CodeIgniter\CodeIgniter->startController()
#6 C:\xampp\htdocs\pertemuan4\system\CodeIgniter.php(312): CodeIgniter\CodeIgniter->handleRequest(NULL, Object(Config\Cache), false)
#7 C:\xampp\htdocs\pertemuan4\public\index.php(45): CodeIgniter\CodeIgniter->run()
#8 C:\xampp\htdocs\pertemuan4\system\Commands\Server\rewrite.php(34): require_once('C:\\xampp\\htdocs...')
#9 {main}
CRITICAL - 2020-10-16 10:41:39 --> Constant expression contains invalid operations
#0 [internal function]: CodeIgniter\Debug\Exceptions->shutdownHandler()
#1 {main}
CRITICAL - 2020-10-16 10:42:08 --> Undefined variable: uri
#0 C:\xampp\htdocs\pertemuan4\app\Views\template.php(44): CodeIgniter\Debug\Exceptions->errorHandler(8, 'Undefined varia...', 'C:\\xampp\\htdocs...', 44, Array)
#1 C:\xampp\htdocs\pertemuan4\system\View\View.php(246): include('C:\\xampp\\htdocs...')
#2 C:\xampp\htdocs\pertemuan4\system\View\View.php(257): CodeIgniter\View\View->render('/template', Array, true)
#3 C:\xampp\htdocs\pertemuan4\system\Common.php(1119): CodeIgniter\View\View->render('pages/home', Array, true)
#4 C:\xampp\htdocs\pertemuan4\app\Controllers\Pages.php(22): view('pages/home', Array)
#5 C:\xampp\htdocs\pertemuan4\system\CodeIgniter.php(918): App\Controllers\Pages->index()
#6 C:\xampp\htdocs\pertemuan4\system\CodeIgniter.php(404): CodeIgniter\CodeIgniter->runController(Object(App\Controllers\Pages))
#7 C:\xampp\htdocs\pertemuan4\system\CodeIgniter.php(312): CodeIgniter\CodeIgniter->handleRequest(NULL, Object(Config\Cache), false)
#8 C:\xampp\htdocs\pertemuan4\public\index.php(45): CodeIgniter\CodeIgniter->run()
#9 C:\xampp\htdocs\pertemuan4\system\Commands\Server\rewrite.php(34): require_once('C:\\xampp\\htdocs...')
#10 {main}
CRITICAL - 2020-10-16 10:42:25 --> Undefined variable: uri
#0 C:\xampp\htdocs\pertemuan4\app\Views\template.php(44): CodeIgniter\Debug\Exceptions->errorHandler(8, 'Undefined varia...', 'C:\\xampp\\htdocs...', 44, Array)
#1 C:\xampp\htdocs\pertemuan4\system\View\View.php(246): include('C:\\xampp\\htdocs...')
#2 C:\xampp\htdocs\pertemuan4\system\View\View.php(257): CodeIgniter\View\View->render('/template', Array, true)
#3 C:\xampp\htdocs\pertemuan4\system\Common.php(1119): CodeIgniter\View\View->render('pages/home', Array, true)
#4 C:\xampp\htdocs\pertemuan4\app\Controllers\Pages.php(22): view('pages/home', Array)
#5 C:\xampp\htdocs\pertemuan4\system\CodeIgniter.php(918): App\Controllers\Pages->index()
#6 C:\xampp\htdocs\pertemuan4\system\CodeIgniter.php(404): CodeIgniter\CodeIgniter->runController(Object(App\Controllers\Pages))
#7 C:\xampp\htdocs\pertemuan4\system\CodeIgniter.php(312): CodeIgniter\CodeIgniter->handleRequest(NULL, Object(Config\Cache), false)
#8 C:\xampp\htdocs\pertemuan4\public\index.php(45): CodeIgniter\CodeIgniter->run()
#9 C:\xampp\htdocs\pertemuan4\system\Commands\Server\rewrite.php(34): require_once('C:\\xampp\\htdocs...')
#10 {main}
CRITICAL - 2020-10-16 10:42:47 --> Constant expression contains invalid operations
#0 [internal function]: CodeIgniter\Debug\Exceptions->shutdownHandler()
#1 {main}
CRITICAL - 2020-10-16 10:57:29 --> Undefined variable: request
#0 C:\xampp\htdocs\pertemuan4\app\Views\template.php(44): CodeIgniter\Debug\Exceptions->errorHandler(8, 'Undefined varia...', 'C:\\xampp\\htdocs...', 44, Array)
#1 C:\xampp\htdocs\pertemuan4\system\View\View.php(246): include('C:\\xampp\\htdocs...')
#2 C:\xampp\htdocs\pertemuan4\system\View\View.php(257): CodeIgniter\View\View->render('/template', Array, true)
#3 C:\xampp\htdocs\pertemuan4\system\Common.php(1119): CodeIgniter\View\View->render('pages/home', Array, true)
#4 C:\xampp\htdocs\pertemuan4\app\Controllers\Pages.php(23): view('pages/home', Array)
#5 C:\xampp\htdocs\pertemuan4\system\CodeIgniter.php(918): App\Controllers\Pages->index()
#6 C:\xampp\htdocs\pertemuan4\system\CodeIgniter.php(404): CodeIgniter\CodeIgniter->runController(Object(App\Controllers\Pages))
#7 C:\xampp\htdocs\pertemuan4\system\CodeIgniter.php(312): CodeIgniter\CodeIgniter->handleRequest(NULL, Object(Config\Cache), false)
#8 C:\xampp\htdocs\pertemuan4\public\index.php(45): CodeIgniter\CodeIgniter->run()
#9 C:\xampp\htdocs\pertemuan4\system\Commands\Server\rewrite.php(34): require_once('C:\\xampp\\htdocs...')
#10 {main}
CRITICAL - 2020-10-16 10:58:05 --> Undefined variable: request
#0 C:\xampp\htdocs\pertemuan4\app\Views\template.php(44): CodeIgniter\Debug\Exceptions->errorHandler(8, 'Undefined varia...', 'C:\\xampp\\htdocs...', 44, Array)
#1 C:\xampp\htdocs\pertemuan4\system\View\View.php(246): include('C:\\xampp\\htdocs...')
#2 C:\xampp\htdocs\pertemuan4\system\View\View.php(257): CodeIgniter\View\View->render('/template', Array, true)
#3 C:\xampp\htdocs\pertemuan4\system\Common.php(1119): CodeIgniter\View\View->render('pages/home', Array, true)
#4 C:\xampp\htdocs\pertemuan4\app\Controllers\Pages.php(23): view('pages/home', Array)
#5 C:\xampp\htdocs\pertemuan4\system\CodeIgniter.php(918): App\Controllers\Pages->index()
#6 C:\xampp\htdocs\pertemuan4\system\CodeIgniter.php(404): CodeIgniter\CodeIgniter->runController(Object(App\Controllers\Pages))
#7 C:\xampp\htdocs\pertemuan4\system\CodeIgniter.php(312): CodeIgniter\CodeIgniter->handleRequest(NULL, Object(Config\Cache), false)
#8 C:\xampp\htdocs\pertemuan4\public\index.php(45): CodeIgniter\CodeIgniter->run()
#9 C:\xampp\htdocs\pertemuan4\system\Commands\Server\rewrite.php(34): require_once('C:\\xampp\\htdocs...')
#10 {main}
CRITICAL - 2020-10-16 10:58:46 --> Undefined variable: request
#0 C:\xampp\htdocs\pertemuan4\app\Views\template.php(44): CodeIgniter\Debug\Exceptions->errorHandler(8, 'Undefined varia...', 'C:\\xampp\\htdocs...', 44, Array)
#1 C:\xampp\htdocs\pertemuan4\system\View\View.php(246): include('C:\\xampp\\htdocs...')
#2 C:\xampp\htdocs\pertemuan4\system\View\View.php(257): CodeIgniter\View\View->render('/template', Array, true)
#3 C:\xampp\htdocs\pertemuan4\system\Common.php(1119): CodeIgniter\View\View->render('pages/home', Array, true)
#4 C:\xampp\htdocs\pertemuan4\app\Controllers\Pages.php(23): view('pages/home', Array)
#5 C:\xampp\htdocs\pertemuan4\system\CodeIgniter.php(918): App\Controllers\Pages->index()
#6 C:\xampp\htdocs\pertemuan4\system\CodeIgniter.php(404): CodeIgniter\CodeIgniter->runController(Object(App\Controllers\Pages))
#7 C:\xampp\htdocs\pertemuan4\system\CodeIgniter.php(312): CodeIgniter\CodeIgniter->handleRequest(NULL, Object(Config\Cache), false)
#8 C:\xampp\htdocs\pertemuan4\public\index.php(45): CodeIgniter\CodeIgniter->run()
#9 C:\xampp\htdocs\pertemuan4\system\Commands\Server\rewrite.php(34): require_once('C:\\xampp\\htdocs...')
#10 {main}
CRITICAL - 2020-10-16 11:15:14 --> Undefined variable: request
#0 C:\xampp\htdocs\pertemuan4\app\Views\template.php(44): CodeIgniter\Debug\Exceptions->errorHandler(8, 'Undefined varia...', 'C:\\xampp\\htdocs...', 44, Array)
#1 C:\xampp\htdocs\pertemuan4\system\View\View.php(246): include('C:\\xampp\\htdocs...')
#2 C:\xampp\htdocs\pertemuan4\system\View\View.php(257): CodeIgniter\View\View->render('/template', Array, true)
#3 C:\xampp\htdocs\pertemuan4\system\Common.php(1119): CodeIgniter\View\View->render('pages/home', Array, true)
#4 C:\xampp\htdocs\pertemuan4\app\Controllers\Pages.php(20): view('pages/home', Array)
#5 C:\xampp\htdocs\pertemuan4\system\CodeIgniter.php(918): App\Controllers\Pages->index()
#6 C:\xampp\htdocs\pertemuan4\system\CodeIgniter.php(404): CodeIgniter\CodeIgniter->runController(Object(App\Controllers\Pages))
#7 C:\xampp\htdocs\pertemuan4\system\CodeIgniter.php(312): CodeIgniter\CodeIgniter->handleRequest(NULL, Object(Config\Cache), false)
#8 C:\xampp\htdocs\pertemuan4\public\index.php(45): CodeIgniter\CodeIgniter->run()
#9 C:\xampp\htdocs\pertemuan4\system\Commands\Server\rewrite.php(34): require_once('C:\\xampp\\htdocs...')
#10 {main}
CRITICAL - 2020-10-16 11:18:14 --> Undefined variable: request
#0 C:\xampp\htdocs\pertemuan4\app\Views\template.php(44): CodeIgniter\Debug\Exceptions->errorHandler(8, 'Undefined varia...', 'C:\\xampp\\htdocs...', 44, Array)
#1 C:\xampp\htdocs\pertemuan4\system\View\View.php(246): include('C:\\xampp\\htdocs...')
#2 C:\xampp\htdocs\pertemuan4\system\View\View.php(257): CodeIgniter\View\View->render('/template', Array, true)
#3 C:\xampp\htdocs\pertemuan4\system\Common.php(1119): CodeIgniter\View\View->render('pages/about', Array, true)
#4 C:\xampp\htdocs\pertemuan4\app\Controllers\Pages.php(30): view('pages/about', Array)
#5 C:\xampp\htdocs\pertemuan4\system\CodeIgniter.php(918): App\Controllers\Pages->about()
#6 C:\xampp\htdocs\pertemuan4\system\CodeIgniter.php(404): CodeIgniter\CodeIgniter->runController(Object(App\Controllers\Pages))
#7 C:\xampp\htdocs\pertemuan4\system\CodeIgniter.php(312): CodeIgniter\CodeIgniter->handleRequest(NULL, Object(Config\Cache), false)
#8 C:\xampp\htdocs\pertemuan4\public\index.php(45): CodeIgniter\CodeIgniter->run()
#9 C:\xampp\htdocs\pertemuan4\system\Commands\Server\rewrite.php(34): require_once('C:\\xampp\\htdocs...')
#10 {main}
CRITICAL - 2020-10-16 11:30:28 --> Invalid file: layout/navbar.php
#0 C:\xampp\htdocs\pertemuan4\system\View\View.php(228): CodeIgniter\Exceptions\FrameworkException::forInvalidFile('layout/navbar.p...')
#1 C:\xampp\htdocs\pertemuan4\system\View\View.php(525): CodeIgniter\View\View->render('layout/navbar', NULL, true)
#2 C:\xampp\htdocs\pertemuan4\app\Views\template.php(33): CodeIgniter\View\View->include('layout/navbar')
#3 C:\xampp\htdocs\pertemuan4\system\View\View.php(246): include('C:\\xampp\\htdocs...')
#4 C:\xampp\htdocs\pertemuan4\system\View\View.php(257): CodeIgniter\View\View->render('/template', Array, true)
#5 C:\xampp\htdocs\pertemuan4\system\Common.php(1119): CodeIgniter\View\View->render('pages/about', Array, true)
#6 C:\xampp\htdocs\pertemuan4\app\Controllers\Pages.php(30): view('pages/about', Array)
#7 C:\xampp\htdocs\pertemuan4\system\CodeIgniter.php(918): App\Controllers\Pages->about()
#8 C:\xampp\htdocs\pertemuan4\system\CodeIgniter.php(404): CodeIgniter\CodeIgniter->runController(Object(App\Controllers\Pages))
#9 C:\xampp\htdocs\pertemuan4\system\CodeIgniter.php(312): CodeIgniter\CodeIgniter->handleRequest(NULL, Object(Config\Cache), false)
#10 C:\xampp\htdocs\pertemuan4\public\index.php(45): CodeIgniter\CodeIgniter->run()
#11 C:\xampp\htdocs\pertemuan4\system\Commands\Server\rewrite.php(34): require_once('C:\\xampp\\htdocs...')
#12 {main}
CRITICAL - 2020-10-16 11:30:45 --> Undefined variable: request
#0 C:\xampp\htdocs\pertemuan4\app\Views\pages\navbar.php(12): CodeIgniter\Debug\Exceptions->errorHandler(8, 'Undefined varia...', 'C:\\xampp\\htdocs...', 12, Array)
#1 C:\xampp\htdocs\pertemuan4\system\View\View.php(246): include('C:\\xampp\\htdocs...')
#2 C:\xampp\htdocs\pertemuan4\system\View\View.php(525): CodeIgniter\View\View->render('pages/navbar', NULL, true)
#3 C:\xampp\htdocs\pertemuan4\app\Views\template.php(33): CodeIgniter\View\View->include('pages/navbar')
#4 C:\xampp\htdocs\pertemuan4\system\View\View.php(246): include('C:\\xampp\\htdocs...')
#5 C:\xampp\htdocs\pertemuan4\system\View\View.php(257): CodeIgniter\View\View->render('/template', Array, true)
#6 C:\xampp\htdocs\pertemuan4\system\Common.php(1119): CodeIgniter\View\View->render('pages/home', Array, true)
#7 C:\xampp\htdocs\pertemuan4\app\Controllers\Pages.php(20): view('pages/home', Array)
#8 C:\xampp\htdocs\pertemuan4\system\CodeIgniter.php(918): App\Controllers\Pages->index()
#9 C:\xampp\htdocs\pertemuan4\system\CodeIgniter.php(404): CodeIgniter\CodeIgniter->runController(Object(App\Controllers\Pages))
#10 C:\xampp\htdocs\pertemuan4\system\CodeIgniter.php(312): CodeIgniter\CodeIgniter->handleRequest(NULL, Object(Config\Cache), false)
#11 C:\xampp\htdocs\pertemuan4\public\index.php(45): CodeIgniter\CodeIgniter->run()
#12 C:\xampp\htdocs\pertemuan4\system\Commands\Server\rewrite.php(34): require_once('C:\\xampp\\htdocs...')
#13 {main}
CRITICAL - 2020-10-16 11:31:40 --> syntax error, unexpected '$request' (T_VARIABLE), expecting function (T_FUNCTION) or const (T_CONST)
#0 C:\xampp\htdocs\pertemuan4\system\Router\Router.php(195): CodeIgniter\Router\Router->autoRoute('pages/about')
#1 C:\xampp\htdocs\pertemuan4\system\CodeIgniter.php(793): CodeIgniter\Router\Router->handle('pages/about')
#2 C:\xampp\htdocs\pertemuan4\system\CodeIgniter.php(364): CodeIgniter\CodeIgniter->tryToRouteIt(Object(CodeIgniter\Router\RouteCollection))
#3 C:\xampp\htdocs\pertemuan4\system\CodeIgniter.php(312): CodeIgniter\CodeIgniter->handleRequest(NULL, Object(Config\Cache), false)
#4 C:\xampp\htdocs\pertemuan4\public\index.php(45): CodeIgniter\CodeIgniter->run()
#5 C:\xampp\htdocs\pertemuan4\system\Commands\Server\rewrite.php(34): require_once('C:\\xampp\\htdocs...')
#6 {main}
CRITICAL - 2020-10-16 11:32:02 --> Undefined variable: request
#0 C:\xampp\htdocs\pertemuan4\app\Views\pages\navbar.php(12): CodeIgniter\Debug\Exceptions->errorHandler(8, 'Undefined varia...', 'C:\\xampp\\htdocs...', 12, Array)
#1 C:\xampp\htdocs\pertemuan4\system\View\View.php(246): include('C:\\xampp\\htdocs...')
#2 C:\xampp\htdocs\pertemuan4\system\View\View.php(525): CodeIgniter\View\View->render('pages/navbar', NULL, true)
#3 C:\xampp\htdocs\pertemuan4\app\Views\template.php(33): CodeIgniter\View\View->include('pages/navbar')
#4 C:\xampp\htdocs\pertemuan4\system\View\View.php(246): include('C:\\xampp\\htdocs...')
#5 C:\xampp\htdocs\pertemuan4\system\View\View.php(257): CodeIgniter\View\View->render('/template', Array, true)
#6 C:\xampp\htdocs\pertemuan4\system\Common.php(1119): CodeIgniter\View\View->render('pages/about', Array, true)
#7 C:\xampp\htdocs\pertemuan4\app\Controllers\Pages.php(30): view('pages/about', Array)
#8 C:\xampp\htdocs\pertemuan4\system\CodeIgniter.php(918): App\Controllers\Pages->about()
#9 C:\xampp\htdocs\pertemuan4\system\CodeIgniter.php(404): CodeIgniter\CodeIgniter->runController(Object(App\Controllers\Pages))
#10 C:\xampp\htdocs\pertemuan4\system\CodeIgniter.php(312): CodeIgniter\CodeIgniter->handleRequest(NULL, Object(Config\Cache), false)
#11 C:\xampp\htdocs\pertemuan4\public\index.php(45): CodeIgniter\CodeIgniter->run()
#12 C:\xampp\htdocs\pertemuan4\system\Commands\Server\rewrite.php(34): require_once('C:\\xampp\\htdocs...')
#13 {main}
CRITICAL - 2020-10-16 11:32:56 --> Undefined variable: request
#0 C:\xampp\htdocs\pertemuan4\app\Controllers\Pages.php(29): CodeIgniter\Debug\Exceptions->errorHandler(8, 'Undefined varia...', 'C:\\xampp\\htdocs...', 29, Array)
#1 C:\xampp\htdocs\pertemuan4\system\CodeIgniter.php(918): App\Controllers\Pages->about()
#2 C:\xampp\htdocs\pertemuan4\system\CodeIgniter.php(404): CodeIgniter\CodeIgniter->runController(Object(App\Controllers\Pages))
#3 C:\xampp\htdocs\pertemuan4\system\CodeIgniter.php(312): CodeIgniter\CodeIgniter->handleRequest(NULL, Object(Config\Cache), false)
#4 C:\xampp\htdocs\pertemuan4\public\index.php(45): CodeIgniter\CodeIgniter->run()
#5 C:\xampp\htdocs\pertemuan4\system\Commands\Server\rewrite.php(34): require_once('C:\\xampp\\htdocs...')
#6 {main}
CRITICAL - 2020-10-16 11:33:13 --> Undefined variable: request
#0 C:\xampp\htdocs\pertemuan4\app\Controllers\Pages.php(29): CodeIgniter\Debug\Exceptions->errorHandler(8, 'Undefined varia...', 'C:\\xampp\\htdocs...', 29, Array)
#1 C:\xampp\htdocs\pertemuan4\system\CodeIgniter.php(918): App\Controllers\Pages->about()
#2 C:\xampp\htdocs\pertemuan4\system\CodeIgniter.php(404): CodeIgniter\CodeIgniter->runController(Object(App\Controllers\Pages))
#3 C:\xampp\htdocs\pertemuan4\system\CodeIgniter.php(312): CodeIgniter\CodeIgniter->handleRequest(NULL, Object(Config\Cache), false)
#4 C:\xampp\htdocs\pertemuan4\public\index.php(45): CodeIgniter\CodeIgniter->run()
#5 C:\xampp\htdocs\pertemuan4\system\Commands\Server\rewrite.php(34): require_once('C:\\xampp\\htdocs...')
#6 {main}
CRITICAL - 2020-10-16 11:33:38 --> Undefined variable: request
#0 C:\xampp\htdocs\pertemuan4\app\Controllers\Pages.php(29): CodeIgniter\Debug\Exceptions->errorHandler(8, 'Undefined varia...', 'C:\\xampp\\htdocs...', 29, Array)
#1 C:\xampp\htdocs\pertemuan4\system\CodeIgniter.php(918): App\Controllers\Pages->about()
#2 C:\xampp\htdocs\pertemuan4\system\CodeIgniter.php(404): CodeIgniter\CodeIgniter->runController(Object(App\Controllers\Pages))
#3 C:\xampp\htdocs\pertemuan4\system\CodeIgniter.php(312): CodeIgniter\CodeIgniter->handleRequest(NULL, Object(Config\Cache), false)
#4 C:\xampp\htdocs\pertemuan4\public\index.php(45): CodeIgniter\CodeIgniter->run()
#5 C:\xampp\htdocs\pertemuan4\system\Commands\Server\rewrite.php(34): require_once('C:\\xampp\\htdocs...')
#6 {main}
CRITICAL - 2020-10-16 11:33:40 --> Undefined variable: request
#0 C:\xampp\htdocs\pertemuan4\app\Controllers\Pages.php(29): CodeIgniter\Debug\Exceptions->errorHandler(8, 'Undefined varia...', 'C:\\xampp\\htdocs...', 29, Array)
#1 C:\xampp\htdocs\pertemuan4\system\CodeIgniter.php(918): App\Controllers\Pages->about()
#2 C:\xampp\htdocs\pertemuan4\system\CodeIgniter.php(404): CodeIgniter\CodeIgniter->runController(Object(App\Controllers\Pages))
#3 C:\xampp\htdocs\pertemuan4\system\CodeIgniter.php(312): CodeIgniter\CodeIgniter->handleRequest(NULL, Object(Config\Cache), false)
#4 C:\xampp\htdocs\pertemuan4\public\index.php(45): CodeIgniter\CodeIgniter->run()
#5 C:\xampp\htdocs\pertemuan4\system\Commands\Server\rewrite.php(34): require_once('C:\\xampp\\htdocs...')
#6 {main}
CRITICAL - 2020-10-16 11:33:57 --> Trying to get property 'uri' of non-object
#0 C:\xampp\htdocs\pertemuan4\app\Views\pages\navbar.php(12): CodeIgniter\Debug\Exceptions->errorHandler(8, 'Trying to get p...', 'C:\\xampp\\htdocs...', 12, Array)
#1 C:\xampp\htdocs\pertemuan4\system\View\View.php(246): include('C:\\xampp\\htdocs...')
#2 C:\xampp\htdocs\pertemuan4\system\View\View.php(525): CodeIgniter\View\View->render('pages/navbar', NULL, true)
#3 C:\xampp\htdocs\pertemuan4\app\Views\template.php(33): CodeIgniter\View\View->include('pages/navbar')
#4 C:\xampp\htdocs\pertemuan4\system\View\View.php(246): include('C:\\xampp\\htdocs...')
#5 C:\xampp\htdocs\pertemuan4\system\View\View.php(257): CodeIgniter\View\View->render('/template', Array, true)
#6 C:\xampp\htdocs\pertemuan4\system\Common.php(1119): CodeIgniter\View\View->render('pages/about', Array, true)
#7 C:\xampp\htdocs\pertemuan4\app\Controllers\Pages.php(31): view('pages/about', Array)
#8 C:\xampp\htdocs\pertemuan4\system\CodeIgniter.php(918): App\Controllers\Pages->about()
#9 C:\xampp\htdocs\pertemuan4\system\CodeIgniter.php(404): CodeIgniter\CodeIgniter->runController(Object(App\Controllers\Pages))
#10 C:\xampp\htdocs\pertemuan4\system\CodeIgniter.php(312): CodeIgniter\CodeIgniter->handleRequest(NULL, Object(Config\Cache), false)
#11 C:\xampp\htdocs\pertemuan4\public\index.php(45): CodeIgniter\CodeIgniter->run()
#12 C:\xampp\htdocs\pertemuan4\system\Commands\Server\rewrite.php(34): require_once('C:\\xampp\\htdocs...')
#13 {main}
CRITICAL - 2020-10-16 11:34:16 --> Trying to get property 'uri' of non-object
#0 C:\xampp\htdocs\pertemuan4\app\Views\pages\navbar.php(12): CodeIgniter\Debug\Exceptions->errorHandler(8, 'Trying to get p...', 'C:\\xampp\\htdocs...', 12, Array)
#1 C:\xampp\htdocs\pertemuan4\system\View\View.php(246): include('C:\\xampp\\htdocs...')
#2 C:\xampp\htdocs\pertemuan4\system\View\View.php(525): CodeIgniter\View\View->render('pages/navbar', NULL, true)
#3 C:\xampp\htdocs\pertemuan4\app\Views\template.php(33): CodeIgniter\View\View->include('pages/navbar')
#4 C:\xampp\htdocs\pertemuan4\system\View\View.php(246): include('C:\\xampp\\htdocs...')
#5 C:\xampp\htdocs\pertemuan4\system\View\View.php(257): CodeIgniter\View\View->render('/template', Array, true)
#6 C:\xampp\htdocs\pertemuan4\system\Common.php(1119): CodeIgniter\View\View->render('pages/about', Array, true)
#7 C:\xampp\htdocs\pertemuan4\app\Controllers\Pages.php(30): view('pages/about', Array)
#8 C:\xampp\htdocs\pertemuan4\system\CodeIgniter.php(918): App\Controllers\Pages->about()
#9 C:\xampp\htdocs\pertemuan4\system\CodeIgniter.php(404): CodeIgniter\CodeIgniter->runController(Object(App\Controllers\Pages))
#10 C:\xampp\htdocs\pertemuan4\system\CodeIgniter.php(312): CodeIgniter\CodeIgniter->handleRequest(NULL, Object(Config\Cache), false)
#11 C:\xampp\htdocs\pertemuan4\public\index.php(45): CodeIgniter\CodeIgniter->run()
#12 C:\xampp\htdocs\pertemuan4\system\Commands\Server\rewrite.php(34): require_once('C:\\xampp\\htdocs...')
#13 {main}
CRITICAL - 2020-10-16 11:34:30 --> Undefined variable: request
#0 C:\xampp\htdocs\pertemuan4\app\Views\pages\navbar.php(12): CodeIgniter\Debug\Exceptions->errorHandler(8, 'Undefined varia...', 'C:\\xampp\\htdocs...', 12, Array)
#1 C:\xampp\htdocs\pertemuan4\system\View\View.php(246): include('C:\\xampp\\htdocs...')
#2 C:\xampp\htdocs\pertemuan4\system\View\View.php(525): CodeIgniter\View\View->render('pages/navbar', NULL, true)
#3 C:\xampp\htdocs\pertemuan4\app\Views\template.php(33): CodeIgniter\View\View->include('pages/navbar')
#4 C:\xampp\htdocs\pertemuan4\system\View\View.php(246): include('C:\\xampp\\htdocs...')
#5 C:\xampp\htdocs\pertemuan4\system\View\View.php(257): CodeIgniter\View\View->render('/template', Array, true)
#6 C:\xampp\htdocs\pertemuan4\system\Common.php(1119): CodeIgniter\View\View->render('pages/contact', Array, true)
#7 C:\xampp\htdocs\pertemuan4\app\Controllers\Pages.php(42): view('pages/contact', Array)
#8 C:\xampp\htdocs\pertemuan4\system\CodeIgniter.php(918): App\Controllers\Pages->contact()
#9 C:\xampp\htdocs\pertemuan4\system\CodeIgniter.php(404): CodeIgniter\CodeIgniter->runController(Object(App\Controllers\Pages))
#10 C:\xampp\htdocs\pertemuan4\system\CodeIgniter.php(312): CodeIgniter\CodeIgniter->handleRequest(NULL, Object(Config\Cache), false)
#11 C:\xampp\htdocs\pertemuan4\public\index.php(45): CodeIgniter\CodeIgniter->run()
#12 C:\xampp\htdocs\pertemuan4\system\Commands\Server\rewrite.php(34): require_once('C:\\xampp\\htdocs...')
#13 {main}
CRITICAL - 2020-10-16 11:36:38 --> Undefined variable: request
#0 C:\xampp\htdocs\pertemuan4\app\Views\pages\navbar.php(12): CodeIgniter\Debug\Exceptions->errorHandler(8, 'Undefined varia...', 'C:\\xampp\\htdocs...', 12, Array)
#1 C:\xampp\htdocs\pertemuan4\system\View\View.php(246): include('C:\\xampp\\htdocs...')
#2 C:\xampp\htdocs\pertemuan4\system\View\View.php(525): CodeIgniter\View\View->render('pages/navbar', NULL, true)
#3 C:\xampp\htdocs\pertemuan4\app\Views\template.php(33): CodeIgniter\View\View->include('pages/navbar')
#4 C:\xampp\htdocs\pertemuan4\system\View\View.php(246): include('C:\\xampp\\htdocs...')
#5 C:\xampp\htdocs\pertemuan4\system\View\View.php(257): CodeIgniter\View\View->render('/template', Array, true)
#6 C:\xampp\htdocs\pertemuan4\system\Common.php(1119): CodeIgniter\View\View->render('pages/contact', Array, true)
#7 C:\xampp\htdocs\pertemuan4\app\Controllers\Pages.php(42): view('pages/contact', Array)
#8 C:\xampp\htdocs\pertemuan4\system\CodeIgniter.php(918): App\Controllers\Pages->contact()
#9 C:\xampp\htdocs\pertemuan4\system\CodeIgniter.php(404): CodeIgniter\CodeIgniter->runController(Object(App\Controllers\Pages))
#10 C:\xampp\htdocs\pertemuan4\system\CodeIgniter.php(312): CodeIgniter\CodeIgniter->handleRequest(NULL, Object(Config\Cache), false)
#11 C:\xampp\htdocs\pertemuan4\public\index.php(45): CodeIgniter\CodeIgniter->run()
#12 C:\xampp\htdocs\pertemuan4\system\Commands\Server\rewrite.php(34): require_once('C:\\xampp\\htdocs...')
#13 {main}
CRITICAL - 2020-10-16 11:36:43 --> Undefined variable: request
#0 C:\xampp\htdocs\pertemuan4\app\Views\pages\navbar.php(12): CodeIgniter\Debug\Exceptions->errorHandler(8, 'Undefined varia...', 'C:\\xampp\\htdocs...', 12, Array)
#1 C:\xampp\htdocs\pertemuan4\system\View\View.php(246): include('C:\\xampp\\htdocs...')
#2 C:\xampp\htdocs\pertemuan4\system\View\View.php(525): CodeIgniter\View\View->render('pages/navbar', NULL, true)
#3 C:\xampp\htdocs\pertemuan4\app\Views\template.php(33): CodeIgniter\View\View->include('pages/navbar')
#4 C:\xampp\htdocs\pertemuan4\system\View\View.php(246): include('C:\\xampp\\htdocs...')
#5 C:\xampp\htdocs\pertemuan4\system\View\View.php(257): CodeIgniter\View\View->render('/template', Array, true)
#6 C:\xampp\htdocs\pertemuan4\system\Common.php(1119): CodeIgniter\View\View->render('pages/home', Array, true)
#7 C:\xampp\htdocs\pertemuan4\app\Controllers\Pages.php(19): view('pages/home', Array)
#8 C:\xampp\htdocs\pertemuan4\system\CodeIgniter.php(918): App\Controllers\Pages->index()
#9 C:\xampp\htdocs\pertemuan4\system\CodeIgniter.php(404): CodeIgniter\CodeIgniter->runController(Object(App\Controllers\Pages))
#10 C:\xampp\htdocs\pertemuan4\system\CodeIgniter.php(312): CodeIgniter\CodeIgniter->handleRequest(NULL, Object(Config\Cache), false)
#11 C:\xampp\htdocs\pertemuan4\public\index.php(45): CodeIgniter\CodeIgniter->run()
#12 C:\xampp\htdocs\pertemuan4\system\Commands\Server\rewrite.php(34): require_once('C:\\xampp\\htdocs...')
#13 {main}
CRITICAL - 2020-10-16 11:38:18 --> Undefined variable: request
#0 C:\xampp\htdocs\pertemuan4\app\Views\pages\navbar.php(12): CodeIgniter\Debug\Exceptions->errorHandler(8, 'Undefined varia...', 'C:\\xampp\\htdocs...', 12, Array)
#1 C:\xampp\htdocs\pertemuan4\system\View\View.php(246): include('C:\\xampp\\htdocs...')
#2 C:\xampp\htdocs\pertemuan4\system\View\View.php(525): CodeIgniter\View\View->render('pages/navbar', NULL, true)
#3 C:\xampp\htdocs\pertemuan4\app\Views\template.php(33): CodeIgniter\View\View->include('pages/navbar')
#4 C:\xampp\htdocs\pertemuan4\system\View\View.php(246): include('C:\\xampp\\htdocs...')
#5 C:\xampp\htdocs\pertemuan4\system\View\View.php(257): CodeIgniter\View\View->render('/template', Array, true)
#6 C:\xampp\htdocs\pertemuan4\system\Common.php(1119): CodeIgniter\View\View->render('pages/contact', Array, true)
#7 C:\xampp\htdocs\pertemuan4\app\Controllers\Pages.php(42): view('pages/contact', Array)
#8 C:\xampp\htdocs\pertemuan4\system\CodeIgniter.php(918): App\Controllers\Pages->contact()
#9 C:\xampp\htdocs\pertemuan4\system\CodeIgniter.php(404): CodeIgniter\CodeIgniter->runController(Object(App\Controllers\Pages))
#10 C:\xampp\htdocs\pertemuan4\system\CodeIgniter.php(312): CodeIgniter\CodeIgniter->handleRequest(NULL, Object(Config\Cache), false)
#11 C:\xampp\htdocs\pertemuan4\public\index.php(45): CodeIgniter\CodeIgniter->run()
#12 C:\xampp\htdocs\pertemuan4\system\Commands\Server\rewrite.php(34): require_once('C:\\xampp\\htdocs...')
#13 {main}
CRITICAL - 2020-10-16 11:39:17 --> syntax error, unexpected ']'
#0 C:\xampp\htdocs\pertemuan4\system\Router\Router.php(195): CodeIgniter\Router\Router->autoRoute('pages/contact')
#1 C:\xampp\htdocs\pertemuan4\system\CodeIgniter.php(793): CodeIgniter\Router\Router->handle('pages/contact')
#2 C:\xampp\htdocs\pertemuan4\system\CodeIgniter.php(364): CodeIgniter\CodeIgniter->tryToRouteIt(Object(CodeIgniter\Router\RouteCollection))
#3 C:\xampp\htdocs\pertemuan4\system\CodeIgniter.php(312): CodeIgniter\CodeIgniter->handleRequest(NULL, Object(Config\Cache), false)
#4 C:\xampp\htdocs\pertemuan4\public\index.php(45): CodeIgniter\CodeIgniter->run()
#5 C:\xampp\htdocs\pertemuan4\system\Commands\Server\rewrite.php(34): require_once('C:\\xampp\\htdocs...')
#6 {main}
CRITICAL - 2020-10-16 11:40:08 --> Undefined variable: request
#0 C:\xampp\htdocs\pertemuan4\app\Views\pages\navbar.php(12): CodeIgniter\Debug\Exceptions->errorHandler(8, 'Undefined varia...', 'C:\\xampp\\htdocs...', 12, Array)
#1 C:\xampp\htdocs\pertemuan4\system\View\View.php(246): include('C:\\xampp\\htdocs...')
#2 C:\xampp\htdocs\pertemuan4\system\View\View.php(525): CodeIgniter\View\View->render('pages/navbar', NULL, true)
#3 C:\xampp\htdocs\pertemuan4\app\Views\template.php(33): CodeIgniter\View\View->include('pages/navbar')
#4 C:\xampp\htdocs\pertemuan4\system\View\View.php(246): include('C:\\xampp\\htdocs...')
#5 C:\xampp\htdocs\pertemuan4\system\View\View.php(257): CodeIgniter\View\View->render('/template', Array, true)
#6 C:\xampp\htdocs\pertemuan4\system\Common.php(1119): CodeIgniter\View\View->render('pages/home', Array, true)
#7 C:\xampp\htdocs\pertemuan4\app\Controllers\Pages.php(19): view('pages/home', Array)
#8 C:\xampp\htdocs\pertemuan4\system\CodeIgniter.php(918): App\Controllers\Pages->index()
#9 C:\xampp\htdocs\pertemuan4\system\CodeIgniter.php(404): CodeIgniter\CodeIgniter->runController(Object(App\Controllers\Pages))
#10 C:\xampp\htdocs\pertemuan4\system\CodeIgniter.php(312): CodeIgniter\CodeIgniter->handleRequest(NULL, Object(Config\Cache), false)
#11 C:\xampp\htdocs\pertemuan4\public\index.php(45): CodeIgniter\CodeIgniter->run()
#12 C:\xampp\htdocs\pertemuan4\system\Commands\Server\rewrite.php(34): require_once('C:\\xampp\\htdocs...')
#13 {main}
CRITICAL - 2020-10-16 11:40:35 --> Undefined variable: request
#0 C:\xampp\htdocs\pertemuan4\app\Views\pages\navbar.php(10): CodeIgniter\Debug\Exceptions->errorHandler(8, 'Undefined varia...', 'C:\\xampp\\htdocs...', 10, Array)
#1 C:\xampp\htdocs\pertemuan4\system\View\View.php(246): include('C:\\xampp\\htdocs...')
#2 C:\xampp\htdocs\pertemuan4\system\View\View.php(525): CodeIgniter\View\View->render('pages/navbar', NULL, true)
#3 C:\xampp\htdocs\pertemuan4\app\Views\template.php(33): CodeIgniter\View\View->include('pages/navbar')
#4 C:\xampp\htdocs\pertemuan4\system\View\View.php(246): include('C:\\xampp\\htdocs...')
#5 C:\xampp\htdocs\pertemuan4\system\View\View.php(257): CodeIgniter\View\View->render('/template', Array, true)
#6 C:\xampp\htdocs\pertemuan4\system\Common.php(1119): CodeIgniter\View\View->render('pages/home', Array, true)
#7 C:\xampp\htdocs\pertemuan4\app\Controllers\Pages.php(19): view('pages/home', Array)
#8 C:\xampp\htdocs\pertemuan4\system\CodeIgniter.php(918): App\Controllers\Pages->index()
#9 C:\xampp\htdocs\pertemuan4\system\CodeIgniter.php(404): CodeIgniter\CodeIgniter->runController(Object(App\Controllers\Pages))
#10 C:\xampp\htdocs\pertemuan4\system\CodeIgniter.php(312): CodeIgniter\CodeIgniter->handleRequest(NULL, Object(Config\Cache), false)
#11 C:\xampp\htdocs\pertemuan4\public\index.php(45): CodeIgniter\CodeIgniter->run()
#12 C:\xampp\htdocs\pertemuan4\system\Commands\Server\rewrite.php(34): require_once('C:\\xampp\\htdocs...')
#13 {main}
CRITICAL - 2020-10-16 11:40:55 --> Undefined variable: request
#0 C:\xampp\htdocs\pertemuan4\app\Views\pages\navbar.php(12): CodeIgniter\Debug\Exceptions->errorHandler(8, 'Undefined varia...', 'C:\\xampp\\htdocs...', 12, Array)
#1 C:\xampp\htdocs\pertemuan4\system\View\View.php(246): include('C:\\xampp\\htdocs...')
#2 C:\xampp\htdocs\pertemuan4\system\View\View.php(525): CodeIgniter\View\View->render('pages/navbar', NULL, true)
#3 C:\xampp\htdocs\pertemuan4\app\Views\template.php(33): CodeIgniter\View\View->include('pages/navbar')
#4 C:\xampp\htdocs\pertemuan4\system\View\View.php(246): include('C:\\xampp\\htdocs...')
#5 C:\xampp\htdocs\pertemuan4\system\View\View.php(257): CodeIgniter\View\View->render('/template', Array, true)
#6 C:\xampp\htdocs\pertemuan4\system\Common.php(1119): CodeIgniter\View\View->render('pages/home', Array, true)
#7 C:\xampp\htdocs\pertemuan4\app\Controllers\Pages.php(19): view('pages/home', Array)
#8 C:\xampp\htdocs\pertemuan4\system\CodeIgniter.php(918): App\Controllers\Pages->index()
#9 C:\xampp\htdocs\pertemuan4\system\CodeIgniter.php(404): CodeIgniter\CodeIgniter->runController(Object(App\Controllers\Pages))
#10 C:\xampp\htdocs\pertemuan4\system\CodeIgniter.php(312): CodeIgniter\CodeIgniter->handleRequest(NULL, Object(Config\Cache), false)
#11 C:\xampp\htdocs\pertemuan4\public\index.php(45): CodeIgniter\CodeIgniter->run()
#12 C:\xampp\htdocs\pertemuan4\system\Commands\Server\rewrite.php(34): require_once('C:\\xampp\\htdocs...')
#13 {main}
CRITICAL - 2020-10-16 11:41:23 --> syntax error, unexpected ''request'' (T_CONSTANT_ENCAPSED_STRING), expecting ']'
#0 C:\xampp\htdocs\pertemuan4\system\Autoloader\Autoloader.php(296): CodeIgniter\Autoloader\Autoloader->requireFile('C:\\xampp\\htdocs...')
#1 C:\xampp\htdocs\pertemuan4\system\Autoloader\Autoloader.php(258): CodeIgniter\Autoloader\Autoloader->loadInNamespace('App\\Controllers...')
#2 [internal function]: CodeIgniter\Autoloader\Autoloader->loadClass('App\\Controllers...')
#3 [internal function]: spl_autoload_call('App\\Controllers...')
#4 C:\xampp\htdocs\pertemuan4\system\CodeIgniter.php(869): class_exists('\\App\\Controller...', true)
#5 C:\xampp\htdocs\pertemuan4\system\CodeIgniter.php(394): CodeIgniter\CodeIgniter->startController()
#6 C:\xampp\htdocs\pertemuan4\system\CodeIgniter.php(312): CodeIgniter\CodeIgniter->handleRequest(NULL, Object(Config\Cache), false)
#7 C:\xampp\htdocs\pertemuan4\public\index.php(45): CodeIgniter\CodeIgniter->run()
#8 C:\xampp\htdocs\pertemuan4\system\Commands\Server\rewrite.php(34): require_once('C:\\xampp\\htdocs...')
#9 {main}
CRITICAL - 2020-10-16 11:41:32 --> Request URI segment is out of range: 1
#0 C:\xampp\htdocs\pertemuan4\system\HTTP\URI.php(515): CodeIgniter\HTTP\Exceptions\HTTPException::forURISegmentOutOfRange(1)
#1 C:\xampp\htdocs\pertemuan4\app\Controllers\Pages.php(18): CodeIgniter\HTTP\URI->getSegment(1)
#2 C:\xampp\htdocs\pertemuan4\system\CodeIgniter.php(918): App\Controllers\Pages->index()
#3 C:\xampp\htdocs\pertemuan4\system\CodeIgniter.php(404): CodeIgniter\CodeIgniter->runController(Object(App\Controllers\Pages))
#4 C:\xampp\htdocs\pertemuan4\system\CodeIgniter.php(312): CodeIgniter\CodeIgniter->handleRequest(NULL, Object(Config\Cache), false)
#5 C:\xampp\htdocs\pertemuan4\public\index.php(45): CodeIgniter\CodeIgniter->run()
#6 C:\xampp\htdocs\pertemuan4\system\Commands\Server\rewrite.php(34): require_once('C:\\xampp\\htdocs...')
#7 {main}
