CRITICAL - 2021-02-06 01:51:17 --> Undefined variable: produk
#0 C:\xampp\htdocs\TugasAkhir\app\Views\admin\produk_edit.php(10): CodeIgniter\Debug\Exceptions->errorHandler(8, 'Undefined varia...', 'C:\\xampp\\htdocs...', 10, Array)
#1 C:\xampp\htdocs\TugasAkhir\system\View\View.php(246): include('C:\\xampp\\htdocs...')
#2 C:\xampp\htdocs\TugasAkhir\system\Common.php(1119): CodeIgniter\View\View->render('admin/produk_ed...', Array, true)
#3 C:\xampp\htdocs\TugasAkhir\app\Controllers\Produk.php(94): view('admin/produk_ed...', Array)
#4 C:\xampp\htdocs\TugasAkhir\system\CodeIgniter.php(918): App\Controllers\Produk->edit('PR001')
#5 C:\xampp\htdocs\TugasAkhir\system\CodeIgniter.php(404): CodeIgniter\CodeIgniter->runController(Object(App\Controllers\Produk))
#6 C:\xampp\htdocs\TugasAkhir\system\CodeIgniter.php(312): CodeIgniter\CodeIgniter->handleRequest(NULL, Object(Config\Cache), false)
#7 C:\xampp\htdocs\TugasAkhir\public\index.php(45): CodeIgniter\CodeIgniter->run()
#8 C:\xampp\htdocs\TugasAkhir\system\Commands\Server\rewrite.php(34): require_once('C:\\xampp\\htdocs...')
#9 {main}
CRITICAL - 2021-02-06 02:05:45 --> Undefined variable: produk
#0 C:\xampp\htdocs\TugasAkhir\app\Views\admin\produk_edit.php(10): CodeIgniter\Debug\Exceptions->errorHandler(8, 'Undefined varia...', 'C:\\xampp\\htdocs...', 10, Array)
#1 C:\xampp\htdocs\TugasAkhir\system\View\View.php(246): include('C:\\xampp\\htdocs...')
#2 C:\xampp\htdocs\TugasAkhir\system\Common.php(1119): CodeIgniter\View\View->render('admin/produk_ed...', Array, true)
#3 C:\xampp\htdocs\TugasAkhir\app\Controllers\Produk.php(93): view('admin/produk_ed...', Array)
#4 C:\xampp\htdocs\TugasAkhir\system\CodeIgniter.php(918): App\Controllers\Produk->edit('PR001')
#5 C:\xampp\htdocs\TugasAkhir\system\CodeIgniter.php(404): CodeIgniter\CodeIgniter->runController(Object(App\Controllers\Produk))
#6 C:\xampp\htdocs\TugasAkhir\system\CodeIgniter.php(312): CodeIgniter\CodeIgniter->handleRequest(NULL, Object(Config\Cache), false)
#7 C:\xampp\htdocs\TugasAkhir\public\index.php(45): CodeIgniter\CodeIgniter->run()
#8 C:\xampp\htdocs\TugasAkhir\system\Commands\Server\rewrite.php(34): require_once('C:\\xampp\\htdocs...')
#9 {main}
CRITICAL - 2021-02-06 02:07:00 --> Too few arguments to function App\Controllers\Produk::update(), 0 passed in C:\xampp\htdocs\TugasAkhir\system\CodeIgniter.php on line 918 and exactly 1 expected
#0 C:\xampp\htdocs\TugasAkhir\system\CodeIgniter.php(918): App\Controllers\Produk->update()
#1 C:\xampp\htdocs\TugasAkhir\system\CodeIgniter.php(404): CodeIgniter\CodeIgniter->runController(Object(App\Controllers\Produk))
#2 C:\xampp\htdocs\TugasAkhir\system\CodeIgniter.php(312): CodeIgniter\CodeIgniter->handleRequest(NULL, Object(Config\Cache), false)
#3 C:\xampp\htdocs\TugasAkhir\public\index.php(45): CodeIgniter\CodeIgniter->run()
#4 C:\xampp\htdocs\TugasAkhir\system\Commands\Server\rewrite.php(34): require_once('C:\\xampp\\htdocs...')
#5 {main}
CRITICAL - 2021-02-06 04:29:10 --> Too few arguments to function App\Controllers\Transaksi::invoicePDF(), 0 passed in C:\xampp\htdocs\TugasAkhir\system\CodeIgniter.php on line 918 and exactly 1 expected
#0 C:\xampp\htdocs\TugasAkhir\system\CodeIgniter.php(918): App\Controllers\Transaksi->invoicePDF()
#1 C:\xampp\htdocs\TugasAkhir\system\CodeIgniter.php(404): CodeIgniter\CodeIgniter->runController(Object(App\Controllers\Transaksi))
#2 C:\xampp\htdocs\TugasAkhir\system\CodeIgniter.php(312): CodeIgniter\CodeIgniter->handleRequest(NULL, Object(Config\Cache), false)
#3 C:\xampp\htdocs\TugasAkhir\public\index.php(45): CodeIgniter\CodeIgniter->run()
#4 C:\xampp\htdocs\TugasAkhir\system\Commands\Server\rewrite.php(34): require_once('C:\\xampp\\htdocs...')
#5 {main}
CRITICAL - 2021-02-06 04:30:04 --> Too few arguments to function App\Controllers\Transaksi::invoicePDF(), 0 passed in C:\xampp\htdocs\TugasAkhir\system\CodeIgniter.php on line 918 and exactly 1 expected
#0 C:\xampp\htdocs\TugasAkhir\system\CodeIgniter.php(918): App\Controllers\Transaksi->invoicePDF()
#1 C:\xampp\htdocs\TugasAkhir\system\CodeIgniter.php(404): CodeIgniter\CodeIgniter->runController(Object(App\Controllers\Transaksi))
#2 C:\xampp\htdocs\TugasAkhir\system\CodeIgniter.php(312): CodeIgniter\CodeIgniter->handleRequest(NULL, Object(Config\Cache), false)
#3 C:\xampp\htdocs\TugasAkhir\public\index.php(45): CodeIgniter\CodeIgniter->run()
#4 C:\xampp\htdocs\TugasAkhir\system\Commands\Server\rewrite.php(34): require_once('C:\\xampp\\htdocs...')
#5 {main}
CRITICAL - 2021-02-06 05:40:06 --> Too few arguments to function App\Controllers\Transaksi::invoicePDF(), 0 passed in C:\xampp\htdocs\TugasAkhir\system\CodeIgniter.php on line 918 and exactly 1 expected
#0 C:\xampp\htdocs\TugasAkhir\system\CodeIgniter.php(918): App\Controllers\Transaksi->invoicePDF()
#1 C:\xampp\htdocs\TugasAkhir\system\CodeIgniter.php(404): CodeIgniter\CodeIgniter->runController(Object(App\Controllers\Transaksi))
#2 C:\xampp\htdocs\TugasAkhir\system\CodeIgniter.php(312): CodeIgniter\CodeIgniter->handleRequest(NULL, Object(Config\Cache), false)
#3 C:\xampp\htdocs\TugasAkhir\public\index.php(45): CodeIgniter\CodeIgniter->run()
#4 C:\xampp\htdocs\TugasAkhir\system\Commands\Server\rewrite.php(34): require_once('C:\\xampp\\htdocs...')
#5 {main}
CRITICAL - 2021-02-06 05:40:48 --> Too few arguments to function App\Controllers\Transaksi::invoicePDF(), 0 passed in C:\xampp\htdocs\TugasAkhir\system\CodeIgniter.php on line 918 and exactly 1 expected
#0 C:\xampp\htdocs\TugasAkhir\system\CodeIgniter.php(918): App\Controllers\Transaksi->invoicePDF()
#1 C:\xampp\htdocs\TugasAkhir\system\CodeIgniter.php(404): CodeIgniter\CodeIgniter->runController(Object(App\Controllers\Transaksi))
#2 C:\xampp\htdocs\TugasAkhir\system\CodeIgniter.php(312): CodeIgniter\CodeIgniter->handleRequest(NULL, Object(Config\Cache), false)
#3 C:\xampp\htdocs\TugasAkhir\public\index.php(45): CodeIgniter\CodeIgniter->run()
#4 C:\xampp\htdocs\TugasAkhir\system\Commands\Server\rewrite.php(34): require_once('C:\\xampp\\htdocs...')
#5 {main}
CRITICAL - 2021-02-06 05:41:31 --> Too few arguments to function App\Controllers\Transaksi::invoicePDF(), 0 passed in C:\xampp\htdocs\TugasAkhir\system\CodeIgniter.php on line 918 and exactly 1 expected
#0 C:\xampp\htdocs\TugasAkhir\system\CodeIgniter.php(918): App\Controllers\Transaksi->invoicePDF()
#1 C:\xampp\htdocs\TugasAkhir\system\CodeIgniter.php(404): CodeIgniter\CodeIgniter->runController(Object(App\Controllers\Transaksi))
#2 C:\xampp\htdocs\TugasAkhir\system\CodeIgniter.php(312): CodeIgniter\CodeIgniter->handleRequest(NULL, Object(Config\Cache), false)
#3 C:\xampp\htdocs\TugasAkhir\public\index.php(45): CodeIgniter\CodeIgniter->run()
#4 C:\xampp\htdocs\TugasAkhir\system\Commands\Server\rewrite.php(34): require_once('C:\\xampp\\htdocs...')
#5 {main}
CRITICAL - 2021-02-06 05:41:32 --> Too few arguments to function App\Controllers\Transaksi::invoicePDF(), 0 passed in C:\xampp\htdocs\TugasAkhir\system\CodeIgniter.php on line 918 and exactly 1 expected
#0 C:\xampp\htdocs\TugasAkhir\system\CodeIgniter.php(918): App\Controllers\Transaksi->invoicePDF()
#1 C:\xampp\htdocs\TugasAkhir\system\CodeIgniter.php(404): CodeIgniter\CodeIgniter->runController(Object(App\Controllers\Transaksi))
#2 C:\xampp\htdocs\TugasAkhir\system\CodeIgniter.php(312): CodeIgniter\CodeIgniter->handleRequest(NULL, Object(Config\Cache), false)
#3 C:\xampp\htdocs\TugasAkhir\public\index.php(45): CodeIgniter\CodeIgniter->run()
#4 C:\xampp\htdocs\TugasAkhir\system\Commands\Server\rewrite.php(34): require_once('C:\\xampp\\htdocs...')
#5 {main}
CRITICAL - 2021-02-06 05:41:32 --> Too few arguments to function App\Controllers\Transaksi::invoicePDF(), 0 passed in C:\xampp\htdocs\TugasAkhir\system\CodeIgniter.php on line 918 and exactly 1 expected
#0 C:\xampp\htdocs\TugasAkhir\system\CodeIgniter.php(918): App\Controllers\Transaksi->invoicePDF()
#1 C:\xampp\htdocs\TugasAkhir\system\CodeIgniter.php(404): CodeIgniter\CodeIgniter->runController(Object(App\Controllers\Transaksi))
#2 C:\xampp\htdocs\TugasAkhir\system\CodeIgniter.php(312): CodeIgniter\CodeIgniter->handleRequest(NULL, Object(Config\Cache), false)
#3 C:\xampp\htdocs\TugasAkhir\public\index.php(45): CodeIgniter\CodeIgniter->run()
#4 C:\xampp\htdocs\TugasAkhir\system\Commands\Server\rewrite.php(34): require_once('C:\\xampp\\htdocs...')
#5 {main}
CRITICAL - 2021-02-06 05:41:46 --> Undefined variable: kode
#0 C:\xampp\htdocs\TugasAkhir\app\Controllers\Transaksi.php(44): CodeIgniter\Debug\Exceptions->errorHandler(8, 'Undefined varia...', 'C:\\xampp\\htdocs...', 44, Array)
#1 C:\xampp\htdocs\TugasAkhir\system\CodeIgniter.php(918): App\Controllers\Transaksi->invoicePDF()
#2 C:\xampp\htdocs\TugasAkhir\system\CodeIgniter.php(404): CodeIgniter\CodeIgniter->runController(Object(App\Controllers\Transaksi))
#3 C:\xampp\htdocs\TugasAkhir\system\CodeIgniter.php(312): CodeIgniter\CodeIgniter->handleRequest(NULL, Object(Config\Cache), false)
#4 C:\xampp\htdocs\TugasAkhir\public\index.php(45): CodeIgniter\CodeIgniter->run()
#5 C:\xampp\htdocs\TugasAkhir\system\Commands\Server\rewrite.php(34): require_once('C:\\xampp\\htdocs...')
#6 {main}
CRITICAL - 2021-02-06 05:41:59 --> Undefined variable: kode
#0 C:\xampp\htdocs\TugasAkhir\app\Controllers\Transaksi.php(44): CodeIgniter\Debug\Exceptions->errorHandler(8, 'Undefined varia...', 'C:\\xampp\\htdocs...', 44, Array)
#1 C:\xampp\htdocs\TugasAkhir\system\CodeIgniter.php(918): App\Controllers\Transaksi->invoicePDF()
#2 C:\xampp\htdocs\TugasAkhir\system\CodeIgniter.php(404): CodeIgniter\CodeIgniter->runController(Object(App\Controllers\Transaksi))
#3 C:\xampp\htdocs\TugasAkhir\system\CodeIgniter.php(312): CodeIgniter\CodeIgniter->handleRequest(NULL, Object(Config\Cache), false)
#4 C:\xampp\htdocs\TugasAkhir\public\index.php(45): CodeIgniter\CodeIgniter->run()
#5 C:\xampp\htdocs\TugasAkhir\system\Commands\Server\rewrite.php(34): require_once('C:\\xampp\\htdocs...')
#6 {main}
CRITICAL - 2021-02-06 05:42:01 --> Undefined variable: kode
#0 C:\xampp\htdocs\TugasAkhir\app\Controllers\Transaksi.php(44): CodeIgniter\Debug\Exceptions->errorHandler(8, 'Undefined varia...', 'C:\\xampp\\htdocs...', 44, Array)
#1 C:\xampp\htdocs\TugasAkhir\system\CodeIgniter.php(918): App\Controllers\Transaksi->invoicePDF()
#2 C:\xampp\htdocs\TugasAkhir\system\CodeIgniter.php(404): CodeIgniter\CodeIgniter->runController(Object(App\Controllers\Transaksi))
#3 C:\xampp\htdocs\TugasAkhir\system\CodeIgniter.php(312): CodeIgniter\CodeIgniter->handleRequest(NULL, Object(Config\Cache), false)
#4 C:\xampp\htdocs\TugasAkhir\public\index.php(45): CodeIgniter\CodeIgniter->run()
#5 C:\xampp\htdocs\TugasAkhir\system\Commands\Server\rewrite.php(34): require_once('C:\\xampp\\htdocs...')
#6 {main}
CRITICAL - 2021-02-06 05:42:02 --> Undefined variable: kode
#0 C:\xampp\htdocs\TugasAkhir\app\Controllers\Transaksi.php(44): CodeIgniter\Debug\Exceptions->errorHandler(8, 'Undefined varia...', 'C:\\xampp\\htdocs...', 44, Array)
#1 C:\xampp\htdocs\TugasAkhir\system\CodeIgniter.php(918): App\Controllers\Transaksi->invoicePDF()
#2 C:\xampp\htdocs\TugasAkhir\system\CodeIgniter.php(404): CodeIgniter\CodeIgniter->runController(Object(App\Controllers\Transaksi))
#3 C:\xampp\htdocs\TugasAkhir\system\CodeIgniter.php(312): CodeIgniter\CodeIgniter->handleRequest(NULL, Object(Config\Cache), false)
#4 C:\xampp\htdocs\TugasAkhir\public\index.php(45): CodeIgniter\CodeIgniter->run()
#5 C:\xampp\htdocs\TugasAkhir\system\Commands\Server\rewrite.php(34): require_once('C:\\xampp\\htdocs...')
#6 {main}
CRITICAL - 2021-02-06 05:42:21 --> Undefined index: nama_produk
#0 C:\xampp\htdocs\TugasAkhir\app\Controllers\Transaksi.php(50): CodeIgniter\Debug\Exceptions->errorHandler(8, 'Undefined index...', 'C:\\xampp\\htdocs...', 50, Array)
#1 C:\xampp\htdocs\TugasAkhir\system\CodeIgniter.php(918): App\Controllers\Transaksi->invoicePDF()
#2 C:\xampp\htdocs\TugasAkhir\system\CodeIgniter.php(404): CodeIgniter\CodeIgniter->runController(Object(App\Controllers\Transaksi))
#3 C:\xampp\htdocs\TugasAkhir\system\CodeIgniter.php(312): CodeIgniter\CodeIgniter->handleRequest(NULL, Object(Config\Cache), false)
#4 C:\xampp\htdocs\TugasAkhir\public\index.php(45): CodeIgniter\CodeIgniter->run()
#5 C:\xampp\htdocs\TugasAkhir\system\Commands\Server\rewrite.php(34): require_once('C:\\xampp\\htdocs...')
#6 {main}
CRITICAL - 2021-02-06 05:49:30 --> Undefined variable: data_produk
#0 C:\xampp\htdocs\TugasAkhir\app\Views\admin\produk_edit.php(10): CodeIgniter\Debug\Exceptions->errorHandler(8, 'Undefined varia...', 'C:\\xampp\\htdocs...', 10, Array)
#1 C:\xampp\htdocs\TugasAkhir\system\View\View.php(246): include('C:\\xampp\\htdocs...')
#2 C:\xampp\htdocs\TugasAkhir\system\Common.php(1119): CodeIgniter\View\View->render('admin/produk_ed...', Array, true)
#3 C:\xampp\htdocs\TugasAkhir\app\Controllers\Produk.php(93): view('admin/produk_ed...', Array)
#4 C:\xampp\htdocs\TugasAkhir\system\CodeIgniter.php(918): App\Controllers\Produk->edit('PR001')
#5 C:\xampp\htdocs\TugasAkhir\system\CodeIgniter.php(404): CodeIgniter\CodeIgniter->runController(Object(App\Controllers\Produk))
#6 C:\xampp\htdocs\TugasAkhir\system\CodeIgniter.php(312): CodeIgniter\CodeIgniter->handleRequest(NULL, Object(Config\Cache), false)
#7 C:\xampp\htdocs\TugasAkhir\public\index.php(45): CodeIgniter\CodeIgniter->run()
#8 C:\xampp\htdocs\TugasAkhir\system\Commands\Server\rewrite.php(34): require_once('C:\\xampp\\htdocs...')
#9 {main}
CRITICAL - 2021-02-06 05:54:40 --> Undefined variable: request
#0 C:\xampp\htdocs\TugasAkhir\app\Views\admin\template_admin.php(40): CodeIgniter\Debug\Exceptions->errorHandler(8, 'Undefined varia...', 'C:\\xampp\\htdocs...', 40, Array)
#1 C:\xampp\htdocs\TugasAkhir\system\View\View.php(246): include('C:\\xampp\\htdocs...')
#2 C:\xampp\htdocs\TugasAkhir\system\View\View.php(257): CodeIgniter\View\View->render('/admin/template...', Array, true)
#3 C:\xampp\htdocs\TugasAkhir\system\Common.php(1119): CodeIgniter\View\View->render('admin/produk_ed...', Array, true)
#4 C:\xampp\htdocs\TugasAkhir\app\Controllers\Produk.php(92): view('admin/produk_ed...', Array)
#5 C:\xampp\htdocs\TugasAkhir\system\CodeIgniter.php(918): App\Controllers\Produk->edit('PR001')
#6 C:\xampp\htdocs\TugasAkhir\system\CodeIgniter.php(404): CodeIgniter\CodeIgniter->runController(Object(App\Controllers\Produk))
#7 C:\xampp\htdocs\TugasAkhir\system\CodeIgniter.php(312): CodeIgniter\CodeIgniter->handleRequest(NULL, Object(Config\Cache), false)
#8 C:\xampp\htdocs\TugasAkhir\public\index.php(45): CodeIgniter\CodeIgniter->run()
#9 C:\xampp\htdocs\TugasAkhir\system\Commands\Server\rewrite.php(34): require_once('C:\\xampp\\htdocs...')
#10 {main}
CRITICAL - 2021-02-06 05:55:18 --> Undefined variable: kode
#0 C:\xampp\htdocs\TugasAkhir\app\Controllers\Produk.php(91): CodeIgniter\Debug\Exceptions->errorHandler(8, 'Undefined varia...', 'C:\\xampp\\htdocs...', 91, Array)
#1 C:\xampp\htdocs\TugasAkhir\system\CodeIgniter.php(918): App\Controllers\Produk->edit('PR001')
#2 C:\xampp\htdocs\TugasAkhir\system\CodeIgniter.php(404): CodeIgniter\CodeIgniter->runController(Object(App\Controllers\Produk))
#3 C:\xampp\htdocs\TugasAkhir\system\CodeIgniter.php(312): CodeIgniter\CodeIgniter->handleRequest(NULL, Object(Config\Cache), false)
#4 C:\xampp\htdocs\TugasAkhir\public\index.php(45): CodeIgniter\CodeIgniter->run()
#5 C:\xampp\htdocs\TugasAkhir\system\Commands\Server\rewrite.php(34): require_once('C:\\xampp\\htdocs...')
#6 {main}
CRITICAL - 2021-02-06 05:55:38 --> Too few arguments to function App\Models\Produk_model::get_produk(), 0 passed in C:\xampp\htdocs\TugasAkhir\app\Controllers\Produk.php on line 91 and exactly 1 expected
#0 C:\xampp\htdocs\TugasAkhir\app\Controllers\Produk.php(91): App\Models\Produk_model->get_produk()
#1 C:\xampp\htdocs\TugasAkhir\system\CodeIgniter.php(918): App\Controllers\Produk->edit('PR001')
#2 C:\xampp\htdocs\TugasAkhir\system\CodeIgniter.php(404): CodeIgniter\CodeIgniter->runController(Object(App\Controllers\Produk))
#3 C:\xampp\htdocs\TugasAkhir\system\CodeIgniter.php(312): CodeIgniter\CodeIgniter->handleRequest(NULL, Object(Config\Cache), false)
#4 C:\xampp\htdocs\TugasAkhir\public\index.php(45): CodeIgniter\CodeIgniter->run()
#5 C:\xampp\htdocs\TugasAkhir\system\Commands\Server\rewrite.php(34): require_once('C:\\xampp\\htdocs...')
#6 {main}
CRITICAL - 2021-02-06 06:05:50 --> Declaration of Myth\Auth\Filters\RoleFilter::after(CodeIgniter\HTTP\RequestInterface $request, CodeIgniter\HTTP\ResponseInterface $response) must be compatible with CodeIgniter\Filters\FilterInterface::after(CodeIgniter\HTTP\RequestInterface $request, CodeIgniter\HTTP\ResponseInterface $response, $arguments = NULL)
#0 [internal function]: CodeIgniter\Debug\Exceptions->shutdownHandler()
#1 {main}
CRITICAL - 2021-02-06 06:14:22 --> You do not have sufficient permissions to access that page.
#0 C:\xampp\htdocs\TugasAkhir\system\Filters\Filters.php(173): Myth\Auth\Filters\RoleFilter->before(Object(CodeIgniter\HTTP\IncomingRequest), Array)
#1 C:\xampp\htdocs\TugasAkhir\system\CodeIgniter.php(382): CodeIgniter\Filters\Filters->run('dashboard', 'before')
#2 C:\xampp\htdocs\TugasAkhir\system\CodeIgniter.php(312): CodeIgniter\CodeIgniter->handleRequest(NULL, Object(Config\Cache), false)
#3 C:\xampp\htdocs\TugasAkhir\public\index.php(45): CodeIgniter\CodeIgniter->run()
#4 C:\xampp\htdocs\TugasAkhir\system\Commands\Server\rewrite.php(34): require_once('C:\\xampp\\htdocs...')
#5 {main}
CRITICAL - 2021-02-06 06:14:56 --> You do not have sufficient permissions to access that page.
#0 C:\xampp\htdocs\TugasAkhir\system\Filters\Filters.php(173): Myth\Auth\Filters\RoleFilter->before(Object(CodeIgniter\HTTP\IncomingRequest), Array)
#1 C:\xampp\htdocs\TugasAkhir\system\CodeIgniter.php(382): CodeIgniter\Filters\Filters->run('dashboard', 'before')
#2 C:\xampp\htdocs\TugasAkhir\system\CodeIgniter.php(312): CodeIgniter\CodeIgniter->handleRequest(NULL, Object(Config\Cache), false)
#3 C:\xampp\htdocs\TugasAkhir\public\index.php(45): CodeIgniter\CodeIgniter->run()
#4 C:\xampp\htdocs\TugasAkhir\system\Commands\Server\rewrite.php(34): require_once('C:\\xampp\\htdocs...')
#5 {main}
CRITICAL - 2021-02-06 06:15:08 --> You do not have sufficient permissions to access that page.
#0 C:\xampp\htdocs\TugasAkhir\system\Filters\Filters.php(173): Myth\Auth\Filters\RoleFilter->before(Object(CodeIgniter\HTTP\IncomingRequest), Array)
#1 C:\xampp\htdocs\TugasAkhir\system\CodeIgniter.php(382): CodeIgniter\Filters\Filters->run('dashboard', 'before')
#2 C:\xampp\htdocs\TugasAkhir\system\CodeIgniter.php(312): CodeIgniter\CodeIgniter->handleRequest(NULL, Object(Config\Cache), false)
#3 C:\xampp\htdocs\TugasAkhir\public\index.php(45): CodeIgniter\CodeIgniter->run()
#4 C:\xampp\htdocs\TugasAkhir\system\Commands\Server\rewrite.php(34): require_once('C:\\xampp\\htdocs...')
#5 {main}
CRITICAL - 2021-02-06 06:15:20 --> You do not have sufficient permissions to access that page.
#0 C:\xampp\htdocs\TugasAkhir\system\Filters\Filters.php(173): Myth\Auth\Filters\RoleFilter->before(Object(CodeIgniter\HTTP\IncomingRequest), Array)
#1 C:\xampp\htdocs\TugasAkhir\system\CodeIgniter.php(382): CodeIgniter\Filters\Filters->run('dashboard', 'before')
#2 C:\xampp\htdocs\TugasAkhir\system\CodeIgniter.php(312): CodeIgniter\CodeIgniter->handleRequest(NULL, Object(Config\Cache), false)
#3 C:\xampp\htdocs\TugasAkhir\public\index.php(45): CodeIgniter\CodeIgniter->run()
#4 C:\xampp\htdocs\TugasAkhir\system\Commands\Server\rewrite.php(34): require_once('C:\\xampp\\htdocs...')
#5 {main}
CRITICAL - 2021-02-06 06:24:22 --> You do not have sufficient permissions to access that page.
#0 C:\xampp\htdocs\TugasAkhir\system\Filters\Filters.php(173): Myth\Auth\Filters\RoleFilter->before(Object(CodeIgniter\HTTP\IncomingRequest), Array)
#1 C:\xampp\htdocs\TugasAkhir\system\CodeIgniter.php(382): CodeIgniter\Filters\Filters->run('dashboard', 'before')
#2 C:\xampp\htdocs\TugasAkhir\system\CodeIgniter.php(312): CodeIgniter\CodeIgniter->handleRequest(NULL, Object(Config\Cache), false)
#3 C:\xampp\htdocs\TugasAkhir\public\index.php(45): CodeIgniter\CodeIgniter->run()
#4 C:\xampp\htdocs\TugasAkhir\system\Commands\Server\rewrite.php(34): require_once('C:\\xampp\\htdocs...')
#5 {main}
CRITICAL - 2021-02-06 06:25:11 --> You do not have sufficient permissions to access that page.
#0 C:\xampp\htdocs\TugasAkhir\system\Filters\Filters.php(173): Myth\Auth\Filters\RoleFilter->before(Object(CodeIgniter\HTTP\IncomingRequest), Array)
#1 C:\xampp\htdocs\TugasAkhir\system\CodeIgniter.php(382): CodeIgniter\Filters\Filters->run('dashboard', 'before')
#2 C:\xampp\htdocs\TugasAkhir\system\CodeIgniter.php(312): CodeIgniter\CodeIgniter->handleRequest(NULL, Object(Config\Cache), false)
#3 C:\xampp\htdocs\TugasAkhir\public\index.php(45): CodeIgniter\CodeIgniter->run()
#4 C:\xampp\htdocs\TugasAkhir\system\Commands\Server\rewrite.php(34): require_once('C:\\xampp\\htdocs...')
#5 {main}
CRITICAL - 2021-02-06 06:25:12 --> You do not have sufficient permissions to access that page.
#0 C:\xampp\htdocs\TugasAkhir\system\Filters\Filters.php(173): Myth\Auth\Filters\RoleFilter->before(Object(CodeIgniter\HTTP\IncomingRequest), Array)
#1 C:\xampp\htdocs\TugasAkhir\system\CodeIgniter.php(382): CodeIgniter\Filters\Filters->run('dashboard', 'before')
#2 C:\xampp\htdocs\TugasAkhir\system\CodeIgniter.php(312): CodeIgniter\CodeIgniter->handleRequest(NULL, Object(Config\Cache), false)
#3 C:\xampp\htdocs\TugasAkhir\public\index.php(45): CodeIgniter\CodeIgniter->run()
#4 C:\xampp\htdocs\TugasAkhir\system\Commands\Server\rewrite.php(34): require_once('C:\\xampp\\htdocs...')
#5 {main}
CRITICAL - 2021-02-06 06:25:13 --> You do not have sufficient permissions to access that page.
#0 C:\xampp\htdocs\TugasAkhir\system\Filters\Filters.php(173): Myth\Auth\Filters\RoleFilter->before(Object(CodeIgniter\HTTP\IncomingRequest), Array)
#1 C:\xampp\htdocs\TugasAkhir\system\CodeIgniter.php(382): CodeIgniter\Filters\Filters->run('dashboard', 'before')
#2 C:\xampp\htdocs\TugasAkhir\system\CodeIgniter.php(312): CodeIgniter\CodeIgniter->handleRequest(NULL, Object(Config\Cache), false)
#3 C:\xampp\htdocs\TugasAkhir\public\index.php(45): CodeIgniter\CodeIgniter->run()
#4 C:\xampp\htdocs\TugasAkhir\system\Commands\Server\rewrite.php(34): require_once('C:\\xampp\\htdocs...')
#5 {main}
CRITICAL - 2021-02-06 06:25:13 --> You do not have sufficient permissions to access that page.
#0 C:\xampp\htdocs\TugasAkhir\system\Filters\Filters.php(173): Myth\Auth\Filters\RoleFilter->before(Object(CodeIgniter\HTTP\IncomingRequest), Array)
#1 C:\xampp\htdocs\TugasAkhir\system\CodeIgniter.php(382): CodeIgniter\Filters\Filters->run('dashboard', 'before')
#2 C:\xampp\htdocs\TugasAkhir\system\CodeIgniter.php(312): CodeIgniter\CodeIgniter->handleRequest(NULL, Object(Config\Cache), false)
#3 C:\xampp\htdocs\TugasAkhir\public\index.php(45): CodeIgniter\CodeIgniter->run()
#4 C:\xampp\htdocs\TugasAkhir\system\Commands\Server\rewrite.php(34): require_once('C:\\xampp\\htdocs...')
#5 {main}
CRITICAL - 2021-02-06 06:25:13 --> You do not have sufficient permissions to access that page.
#0 C:\xampp\htdocs\TugasAkhir\system\Filters\Filters.php(173): Myth\Auth\Filters\RoleFilter->before(Object(CodeIgniter\HTTP\IncomingRequest), Array)
#1 C:\xampp\htdocs\TugasAkhir\system\CodeIgniter.php(382): CodeIgniter\Filters\Filters->run('dashboard', 'before')
#2 C:\xampp\htdocs\TugasAkhir\system\CodeIgniter.php(312): CodeIgniter\CodeIgniter->handleRequest(NULL, Object(Config\Cache), false)
#3 C:\xampp\htdocs\TugasAkhir\public\index.php(45): CodeIgniter\CodeIgniter->run()
#4 C:\xampp\htdocs\TugasAkhir\system\Commands\Server\rewrite.php(34): require_once('C:\\xampp\\htdocs...')
#5 {main}
CRITICAL - 2021-02-06 06:25:14 --> You do not have sufficient permissions to access that page.
#0 C:\xampp\htdocs\TugasAkhir\system\Filters\Filters.php(173): Myth\Auth\Filters\RoleFilter->before(Object(CodeIgniter\HTTP\IncomingRequest), Array)
#1 C:\xampp\htdocs\TugasAkhir\system\CodeIgniter.php(382): CodeIgniter\Filters\Filters->run('dashboard', 'before')
#2 C:\xampp\htdocs\TugasAkhir\system\CodeIgniter.php(312): CodeIgniter\CodeIgniter->handleRequest(NULL, Object(Config\Cache), false)
#3 C:\xampp\htdocs\TugasAkhir\public\index.php(45): CodeIgniter\CodeIgniter->run()
#4 C:\xampp\htdocs\TugasAkhir\system\Commands\Server\rewrite.php(34): require_once('C:\\xampp\\htdocs...')
#5 {main}
CRITICAL - 2021-02-06 06:25:14 --> You do not have sufficient permissions to access that page.
#0 C:\xampp\htdocs\TugasAkhir\system\Filters\Filters.php(173): Myth\Auth\Filters\RoleFilter->before(Object(CodeIgniter\HTTP\IncomingRequest), Array)
#1 C:\xampp\htdocs\TugasAkhir\system\CodeIgniter.php(382): CodeIgniter\Filters\Filters->run('dashboard', 'before')
#2 C:\xampp\htdocs\TugasAkhir\system\CodeIgniter.php(312): CodeIgniter\CodeIgniter->handleRequest(NULL, Object(Config\Cache), false)
#3 C:\xampp\htdocs\TugasAkhir\public\index.php(45): CodeIgniter\CodeIgniter->run()
#4 C:\xampp\htdocs\TugasAkhir\system\Commands\Server\rewrite.php(34): require_once('C:\\xampp\\htdocs...')
#5 {main}
CRITICAL - 2021-02-06 06:25:42 --> syntax error, unexpected ';'
#0 C:\xampp\htdocs\TugasAkhir\system\Autoloader\Autoloader.php(296): CodeIgniter\Autoloader\Autoloader->requireFile('C:\\xampp\\htdocs...')
#1 C:\xampp\htdocs\TugasAkhir\system\Autoloader\Autoloader.php(258): CodeIgniter\Autoloader\Autoloader->loadInNamespace('Myth\\Auth\\Confi...')
#2 [internal function]: CodeIgniter\Autoloader\Autoloader->loadClass('Myth\\Auth\\Confi...')
#3 C:\xampp\htdocs\TugasAkhir\system\Config\Config.php(157): spl_autoload_call('Myth\\Auth\\Confi...')
#4 C:\xampp\htdocs\TugasAkhir\system\Config\Config.php(83): CodeIgniter\Config\Config::createClass('Myth\\Auth\\Confi...')
#5 C:\xampp\htdocs\TugasAkhir\system\Common.php(155): CodeIgniter\Config\Config::get('Auth', true)
#6 C:\xampp\htdocs\TugasAkhir\vendor\myth\auth\src\Controllers\AuthController.php(26): config('Auth')
#7 C:\xampp\htdocs\TugasAkhir\system\CodeIgniter.php(890): Myth\Auth\Controllers\AuthController->__construct()
#8 C:\xampp\htdocs\TugasAkhir\system\CodeIgniter.php(399): CodeIgniter\CodeIgniter->createController()
#9 C:\xampp\htdocs\TugasAkhir\system\CodeIgniter.php(312): CodeIgniter\CodeIgniter->handleRequest(NULL, Object(Config\Cache), false)
#10 C:\xampp\htdocs\TugasAkhir\public\index.php(45): CodeIgniter\CodeIgniter->run()
#11 C:\xampp\htdocs\TugasAkhir\system\Commands\Server\rewrite.php(34): require_once('C:\\xampp\\htdocs...')
#12 {main}
CRITICAL - 2021-02-06 06:25:45 --> syntax error, unexpected ';'
#0 C:\xampp\htdocs\TugasAkhir\system\Autoloader\Autoloader.php(296): CodeIgniter\Autoloader\Autoloader->requireFile('C:\\xampp\\htdocs...')
#1 C:\xampp\htdocs\TugasAkhir\system\Autoloader\Autoloader.php(258): CodeIgniter\Autoloader\Autoloader->loadInNamespace('Myth\\Auth\\Confi...')
#2 [internal function]: CodeIgniter\Autoloader\Autoloader->loadClass('Myth\\Auth\\Confi...')
#3 C:\xampp\htdocs\TugasAkhir\system\Config\Config.php(157): spl_autoload_call('Myth\\Auth\\Confi...')
#4 C:\xampp\htdocs\TugasAkhir\system\Config\Config.php(83): CodeIgniter\Config\Config::createClass('Myth\\Auth\\Confi...')
#5 C:\xampp\htdocs\TugasAkhir\system\Common.php(155): CodeIgniter\Config\Config::get('Auth', true)
#6 C:\xampp\htdocs\TugasAkhir\vendor\myth\auth\src\Controllers\AuthController.php(26): config('Auth')
#7 C:\xampp\htdocs\TugasAkhir\system\CodeIgniter.php(890): Myth\Auth\Controllers\AuthController->__construct()
#8 C:\xampp\htdocs\TugasAkhir\system\CodeIgniter.php(399): CodeIgniter\CodeIgniter->createController()
#9 C:\xampp\htdocs\TugasAkhir\system\CodeIgniter.php(312): CodeIgniter\CodeIgniter->handleRequest(NULL, Object(Config\Cache), false)
#10 C:\xampp\htdocs\TugasAkhir\public\index.php(45): CodeIgniter\CodeIgniter->run()
#11 C:\xampp\htdocs\TugasAkhir\system\Commands\Server\rewrite.php(34): require_once('C:\\xampp\\htdocs...')
#12 {main}
CRITICAL - 2021-02-06 06:25:48 --> syntax error, unexpected ';'
#0 C:\xampp\htdocs\TugasAkhir\system\Autoloader\Autoloader.php(296): CodeIgniter\Autoloader\Autoloader->requireFile('C:\\xampp\\htdocs...')
#1 C:\xampp\htdocs\TugasAkhir\system\Autoloader\Autoloader.php(258): CodeIgniter\Autoloader\Autoloader->loadInNamespace('Myth\\Auth\\Confi...')
#2 [internal function]: CodeIgniter\Autoloader\Autoloader->loadClass('Myth\\Auth\\Confi...')
#3 C:\xampp\htdocs\TugasAkhir\system\Config\Config.php(157): spl_autoload_call('Myth\\Auth\\Confi...')
#4 C:\xampp\htdocs\TugasAkhir\system\Config\Config.php(83): CodeIgniter\Config\Config::createClass('Myth\\Auth\\Confi...')
#5 C:\xampp\htdocs\TugasAkhir\system\Common.php(155): CodeIgniter\Config\Config::get('Auth', true)
#6 C:\xampp\htdocs\TugasAkhir\vendor\myth\auth\src\Controllers\AuthController.php(26): config('Auth')
#7 C:\xampp\htdocs\TugasAkhir\system\CodeIgniter.php(890): Myth\Auth\Controllers\AuthController->__construct()
#8 C:\xampp\htdocs\TugasAkhir\system\CodeIgniter.php(399): CodeIgniter\CodeIgniter->createController()
#9 C:\xampp\htdocs\TugasAkhir\system\CodeIgniter.php(312): CodeIgniter\CodeIgniter->handleRequest(NULL, Object(Config\Cache), false)
#10 C:\xampp\htdocs\TugasAkhir\public\index.php(45): CodeIgniter\CodeIgniter->run()
#11 C:\xampp\htdocs\TugasAkhir\system\Commands\Server\rewrite.php(34): require_once('C:\\xampp\\htdocs...')
#12 {main}
CRITICAL - 2021-02-06 06:27:04 --> You do not have sufficient permissions to access that page.
#0 C:\xampp\htdocs\TugasAkhir\system\Filters\Filters.php(173): Myth\Auth\Filters\RoleFilter->before(Object(CodeIgniter\HTTP\IncomingRequest), Array)
#1 C:\xampp\htdocs\TugasAkhir\system\CodeIgniter.php(382): CodeIgniter\Filters\Filters->run('dashboard', 'before')
#2 C:\xampp\htdocs\TugasAkhir\system\CodeIgniter.php(312): CodeIgniter\CodeIgniter->handleRequest(NULL, Object(Config\Cache), false)
#3 C:\xampp\htdocs\TugasAkhir\public\index.php(45): CodeIgniter\CodeIgniter->run()
#4 C:\xampp\htdocs\TugasAkhir\system\Commands\Server\rewrite.php(34): require_once('C:\\xampp\\htdocs...')
#5 {main}
CRITICAL - 2021-02-06 06:28:49 --> syntax error, unexpected '}', expecting ';'
#0 C:\xampp\htdocs\TugasAkhir\system\Autoloader\Autoloader.php(296): CodeIgniter\Autoloader\Autoloader->requireFile('C:\\xampp\\htdocs...')
#1 C:\xampp\htdocs\TugasAkhir\system\Autoloader\Autoloader.php(258): CodeIgniter\Autoloader\Autoloader->loadInNamespace('Myth\\Auth\\Filte...')
#2 [internal function]: CodeIgniter\Autoloader\Autoloader->loadClass('Myth\\Auth\\Filte...')
#3 C:\xampp\htdocs\TugasAkhir\system\Filters\Filters.php(164): spl_autoload_call('Myth\\Auth\\Filte...')
#4 C:\xampp\htdocs\TugasAkhir\system\CodeIgniter.php(382): CodeIgniter\Filters\Filters->run('dashboard', 'before')
#5 C:\xampp\htdocs\TugasAkhir\system\CodeIgniter.php(312): CodeIgniter\CodeIgniter->handleRequest(NULL, Object(Config\Cache), false)
#6 C:\xampp\htdocs\TugasAkhir\public\index.php(45): CodeIgniter\CodeIgniter->run()
#7 C:\xampp\htdocs\TugasAkhir\system\Commands\Server\rewrite.php(34): require_once('C:\\xampp\\htdocs...')
#8 {main}
CRITICAL - 2021-02-06 06:29:02 --> syntax error, unexpected '}', expecting ';'
#0 C:\xampp\htdocs\TugasAkhir\system\Autoloader\Autoloader.php(296): CodeIgniter\Autoloader\Autoloader->requireFile('C:\\xampp\\htdocs...')
#1 C:\xampp\htdocs\TugasAkhir\system\Autoloader\Autoloader.php(258): CodeIgniter\Autoloader\Autoloader->loadInNamespace('Myth\\Auth\\Filte...')
#2 [internal function]: CodeIgniter\Autoloader\Autoloader->loadClass('Myth\\Auth\\Filte...')
#3 C:\xampp\htdocs\TugasAkhir\system\Filters\Filters.php(164): spl_autoload_call('Myth\\Auth\\Filte...')
#4 C:\xampp\htdocs\TugasAkhir\system\CodeIgniter.php(382): CodeIgniter\Filters\Filters->run('dashboard', 'before')
#5 C:\xampp\htdocs\TugasAkhir\system\CodeIgniter.php(312): CodeIgniter\CodeIgniter->handleRequest(NULL, Object(Config\Cache), false)
#6 C:\xampp\htdocs\TugasAkhir\public\index.php(45): CodeIgniter\CodeIgniter->run()
#7 C:\xampp\htdocs\TugasAkhir\system\Commands\Server\rewrite.php(34): require_once('C:\\xampp\\htdocs...')
#8 {main}
CRITICAL - 2021-02-06 06:29:12 --> syntax error, unexpected '}', expecting ';'
#0 C:\xampp\htdocs\TugasAkhir\system\Autoloader\Autoloader.php(296): CodeIgniter\Autoloader\Autoloader->requireFile('C:\\xampp\\htdocs...')
#1 C:\xampp\htdocs\TugasAkhir\system\Autoloader\Autoloader.php(258): CodeIgniter\Autoloader\Autoloader->loadInNamespace('Myth\\Auth\\Filte...')
#2 [internal function]: CodeIgniter\Autoloader\Autoloader->loadClass('Myth\\Auth\\Filte...')
#3 C:\xampp\htdocs\TugasAkhir\system\Filters\Filters.php(164): spl_autoload_call('Myth\\Auth\\Filte...')
#4 C:\xampp\htdocs\TugasAkhir\system\CodeIgniter.php(382): CodeIgniter\Filters\Filters->run('dashboard', 'before')
#5 C:\xampp\htdocs\TugasAkhir\system\CodeIgniter.php(312): CodeIgniter\CodeIgniter->handleRequest(NULL, Object(Config\Cache), false)
#6 C:\xampp\htdocs\TugasAkhir\public\index.php(45): CodeIgniter\CodeIgniter->run()
#7 C:\xampp\htdocs\TugasAkhir\system\Commands\Server\rewrite.php(34): require_once('C:\\xampp\\htdocs...')
#8 {main}
CRITICAL - 2021-02-06 06:29:22 --> Class 'Config\App\Filters\Auth' not found
#0 C:\xampp\htdocs\TugasAkhir\system\CodeIgniter.php(382): CodeIgniter\Filters\Filters->run('home', 'before')
#1 C:\xampp\htdocs\TugasAkhir\system\CodeIgniter.php(312): CodeIgniter\CodeIgniter->handleRequest(NULL, Object(Config\Cache), false)
#2 C:\xampp\htdocs\TugasAkhir\public\index.php(45): CodeIgniter\CodeIgniter->run()
#3 C:\xampp\htdocs\TugasAkhir\system\Commands\Server\rewrite.php(34): require_once('C:\\xampp\\htdocs...')
#4 {main}
CRITICAL - 2021-02-06 06:29:48 --> Class 'Config\App\Filters\Auth' not found
#0 C:\xampp\htdocs\TugasAkhir\system\CodeIgniter.php(382): CodeIgniter\Filters\Filters->run('home', 'before')
#1 C:\xampp\htdocs\TugasAkhir\system\CodeIgniter.php(312): CodeIgniter\CodeIgniter->handleRequest(NULL, Object(Config\Cache), false)
#2 C:\xampp\htdocs\TugasAkhir\public\index.php(45): CodeIgniter\CodeIgniter->run()
#3 C:\xampp\htdocs\TugasAkhir\system\Commands\Server\rewrite.php(34): require_once('C:\\xampp\\htdocs...')
#4 {main}
CRITICAL - 2021-02-06 06:37:01 --> Too few arguments to function App\Models\Produk_model::get_produk(), 0 passed in C:\xampp\htdocs\TugasAkhir\app\Controllers\Produk.php on line 91 and exactly 1 expected
#0 C:\xampp\htdocs\TugasAkhir\app\Controllers\Produk.php(91): App\Models\Produk_model->get_produk()
#1 C:\xampp\htdocs\TugasAkhir\system\CodeIgniter.php(918): App\Controllers\Produk->edit('PR001')
#2 C:\xampp\htdocs\TugasAkhir\system\CodeIgniter.php(404): CodeIgniter\CodeIgniter->runController(Object(App\Controllers\Produk))
#3 C:\xampp\htdocs\TugasAkhir\system\CodeIgniter.php(312): CodeIgniter\CodeIgniter->handleRequest(NULL, Object(Config\Cache), false)
#4 C:\xampp\htdocs\TugasAkhir\public\index.php(45): CodeIgniter\CodeIgniter->run()
#5 C:\xampp\htdocs\TugasAkhir\system\Commands\Server\rewrite.php(34): require_once('C:\\xampp\\htdocs...')
#6 {main}
CRITICAL - 2021-02-06 06:41:53 --> Too few arguments to function App\Controllers\Produk::update(), 0 passed in C:\xampp\htdocs\TugasAkhir\system\CodeIgniter.php on line 918 and exactly 1 expected
#0 C:\xampp\htdocs\TugasAkhir\system\CodeIgniter.php(918): App\Controllers\Produk->update()
#1 C:\xampp\htdocs\TugasAkhir\system\CodeIgniter.php(404): CodeIgniter\CodeIgniter->runController(Object(App\Controllers\Produk))
#2 C:\xampp\htdocs\TugasAkhir\system\CodeIgniter.php(312): CodeIgniter\CodeIgniter->handleRequest(NULL, Object(Config\Cache), false)
#3 C:\xampp\htdocs\TugasAkhir\public\index.php(45): CodeIgniter\CodeIgniter->run()
#4 C:\xampp\htdocs\TugasAkhir\system\Commands\Server\rewrite.php(34): require_once('C:\\xampp\\htdocs...')
#5 {main}
CRITICAL - 2021-02-06 06:42:15 --> Undefined variable: kode
#0 C:\xampp\htdocs\TugasAkhir\app\Controllers\Produk.php(106): CodeIgniter\Debug\Exceptions->errorHandler(8, 'Undefined varia...', 'C:\\xampp\\htdocs...', 106, Array)
#1 C:\xampp\htdocs\TugasAkhir\system\CodeIgniter.php(918): App\Controllers\Produk->update()
#2 C:\xampp\htdocs\TugasAkhir\system\CodeIgniter.php(404): CodeIgniter\CodeIgniter->runController(Object(App\Controllers\Produk))
#3 C:\xampp\htdocs\TugasAkhir\system\CodeIgniter.php(312): CodeIgniter\CodeIgniter->handleRequest(NULL, Object(Config\Cache), false)
#4 C:\xampp\htdocs\TugasAkhir\public\index.php(45): CodeIgniter\CodeIgniter->run()
#5 C:\xampp\htdocs\TugasAkhir\system\Commands\Server\rewrite.php(34): require_once('C:\\xampp\\htdocs...')
#6 {main}
CRITICAL - 2021-02-06 06:44:34 --> Too few arguments to function App\Controllers\Produk::edit(), 0 passed in C:\xampp\htdocs\TugasAkhir\system\CodeIgniter.php on line 918 and exactly 1 expected
#0 C:\xampp\htdocs\TugasAkhir\system\CodeIgniter.php(918): App\Controllers\Produk->edit()
#1 C:\xampp\htdocs\TugasAkhir\system\CodeIgniter.php(404): CodeIgniter\CodeIgniter->runController(Object(App\Controllers\Produk))
#2 C:\xampp\htdocs\TugasAkhir\system\CodeIgniter.php(312): CodeIgniter\CodeIgniter->handleRequest(NULL, Object(Config\Cache), false)
#3 C:\xampp\htdocs\TugasAkhir\public\index.php(45): CodeIgniter\CodeIgniter->run()
#4 C:\xampp\htdocs\TugasAkhir\system\Commands\Server\rewrite.php(34): require_once('C:\\xampp\\htdocs...')
#5 {main}
CRITICAL - 2021-02-06 06:45:26 --> Too few arguments to function App\Controllers\Produk::edit(), 0 passed in C:\xampp\htdocs\TugasAkhir\system\CodeIgniter.php on line 918 and exactly 1 expected
#0 C:\xampp\htdocs\TugasAkhir\system\CodeIgniter.php(918): App\Controllers\Produk->edit()
#1 C:\xampp\htdocs\TugasAkhir\system\CodeIgniter.php(404): CodeIgniter\CodeIgniter->runController(Object(App\Controllers\Produk))
#2 C:\xampp\htdocs\TugasAkhir\system\CodeIgniter.php(312): CodeIgniter\CodeIgniter->handleRequest(NULL, Object(Config\Cache), false)
#3 C:\xampp\htdocs\TugasAkhir\public\index.php(45): CodeIgniter\CodeIgniter->run()
#4 C:\xampp\htdocs\TugasAkhir\system\Commands\Server\rewrite.php(34): require_once('C:\\xampp\\htdocs...')
#5 {main}
CRITICAL - 2021-02-06 06:45:28 --> Too few arguments to function App\Controllers\Produk::edit(), 0 passed in C:\xampp\htdocs\TugasAkhir\system\CodeIgniter.php on line 918 and exactly 1 expected
#0 C:\xampp\htdocs\TugasAkhir\system\CodeIgniter.php(918): App\Controllers\Produk->edit()
#1 C:\xampp\htdocs\TugasAkhir\system\CodeIgniter.php(404): CodeIgniter\CodeIgniter->runController(Object(App\Controllers\Produk))
#2 C:\xampp\htdocs\TugasAkhir\system\CodeIgniter.php(312): CodeIgniter\CodeIgniter->handleRequest(NULL, Object(Config\Cache), false)
#3 C:\xampp\htdocs\TugasAkhir\public\index.php(45): CodeIgniter\CodeIgniter->run()
#4 C:\xampp\htdocs\TugasAkhir\system\Commands\Server\rewrite.php(34): require_once('C:\\xampp\\htdocs...')
#5 {main}
CRITICAL - 2021-02-06 06:45:29 --> Too few arguments to function App\Controllers\Produk::edit(), 0 passed in C:\xampp\htdocs\TugasAkhir\system\CodeIgniter.php on line 918 and exactly 1 expected
#0 C:\xampp\htdocs\TugasAkhir\system\CodeIgniter.php(918): App\Controllers\Produk->edit()
#1 C:\xampp\htdocs\TugasAkhir\system\CodeIgniter.php(404): CodeIgniter\CodeIgniter->runController(Object(App\Controllers\Produk))
#2 C:\xampp\htdocs\TugasAkhir\system\CodeIgniter.php(312): CodeIgniter\CodeIgniter->handleRequest(NULL, Object(Config\Cache), false)
#3 C:\xampp\htdocs\TugasAkhir\public\index.php(45): CodeIgniter\CodeIgniter->run()
#4 C:\xampp\htdocs\TugasAkhir\system\Commands\Server\rewrite.php(34): require_once('C:\\xampp\\htdocs...')
#5 {main}
CRITICAL - 2021-02-06 06:45:31 --> Too few arguments to function App\Controllers\Produk::edit(), 0 passed in C:\xampp\htdocs\TugasAkhir\system\CodeIgniter.php on line 918 and exactly 1 expected
#0 C:\xampp\htdocs\TugasAkhir\system\CodeIgniter.php(918): App\Controllers\Produk->edit()
#1 C:\xampp\htdocs\TugasAkhir\system\CodeIgniter.php(404): CodeIgniter\CodeIgniter->runController(Object(App\Controllers\Produk))
#2 C:\xampp\htdocs\TugasAkhir\system\CodeIgniter.php(312): CodeIgniter\CodeIgniter->handleRequest(NULL, Object(Config\Cache), false)
#3 C:\xampp\htdocs\TugasAkhir\public\index.php(45): CodeIgniter\CodeIgniter->run()
#4 C:\xampp\htdocs\TugasAkhir\system\Commands\Server\rewrite.php(34): require_once('C:\\xampp\\htdocs...')
#5 {main}
CRITICAL - 2021-02-06 07:15:25 --> Too few arguments to function App\Controllers\Produk::edit(), 0 passed in C:\xampp\htdocs\TugasAkhir\system\CodeIgniter.php on line 918 and exactly 1 expected
#0 C:\xampp\htdocs\TugasAkhir\system\CodeIgniter.php(918): App\Controllers\Produk->edit()
#1 C:\xampp\htdocs\TugasAkhir\system\CodeIgniter.php(404): CodeIgniter\CodeIgniter->runController(Object(App\Controllers\Produk))
#2 C:\xampp\htdocs\TugasAkhir\system\CodeIgniter.php(312): CodeIgniter\CodeIgniter->handleRequest(NULL, Object(Config\Cache), false)
#3 C:\xampp\htdocs\TugasAkhir\public\index.php(45): CodeIgniter\CodeIgniter->run()
#4 C:\xampp\htdocs\TugasAkhir\system\Commands\Server\rewrite.php(34): require_once('C:\\xampp\\htdocs...')
#5 {main}
CRITICAL - 2021-02-06 07:16:15 --> Too few arguments to function App\Controllers\Produk::edit(), 0 passed in C:\xampp\htdocs\TugasAkhir\system\CodeIgniter.php on line 918 and exactly 1 expected
#0 C:\xampp\htdocs\TugasAkhir\system\CodeIgniter.php(918): App\Controllers\Produk->edit()
#1 C:\xampp\htdocs\TugasAkhir\system\CodeIgniter.php(404): CodeIgniter\CodeIgniter->runController(Object(App\Controllers\Produk))
#2 C:\xampp\htdocs\TugasAkhir\system\CodeIgniter.php(312): CodeIgniter\CodeIgniter->handleRequest(NULL, Object(Config\Cache), false)
#3 C:\xampp\htdocs\TugasAkhir\public\index.php(45): CodeIgniter\CodeIgniter->run()
#4 C:\xampp\htdocs\TugasAkhir\system\Commands\Server\rewrite.php(34): require_once('C:\\xampp\\htdocs...')
#5 {main}
CRITICAL - 2021-02-06 07:16:31 --> Too few arguments to function App\Controllers\Produk::edit(), 0 passed in C:\xampp\htdocs\TugasAkhir\system\CodeIgniter.php on line 918 and exactly 1 expected
#0 C:\xampp\htdocs\TugasAkhir\system\CodeIgniter.php(918): App\Controllers\Produk->edit()
#1 C:\xampp\htdocs\TugasAkhir\system\CodeIgniter.php(404): CodeIgniter\CodeIgniter->runController(Object(App\Controllers\Produk))
#2 C:\xampp\htdocs\TugasAkhir\system\CodeIgniter.php(312): CodeIgniter\CodeIgniter->handleRequest(NULL, Object(Config\Cache), false)
#3 C:\xampp\htdocs\TugasAkhir\public\index.php(45): CodeIgniter\CodeIgniter->run()
#4 C:\xampp\htdocs\TugasAkhir\system\Commands\Server\rewrite.php(34): require_once('C:\\xampp\\htdocs...')
#5 {main}
CRITICAL - 2021-02-06 07:17:36 --> Too few arguments to function App\Controllers\Produk::edit(), 0 passed in C:\xampp\htdocs\TugasAkhir\system\CodeIgniter.php on line 918 and exactly 1 expected
#0 C:\xampp\htdocs\TugasAkhir\system\CodeIgniter.php(918): App\Controllers\Produk->edit()
#1 C:\xampp\htdocs\TugasAkhir\system\CodeIgniter.php(404): CodeIgniter\CodeIgniter->runController(Object(App\Controllers\Produk))
#2 C:\xampp\htdocs\TugasAkhir\system\CodeIgniter.php(312): CodeIgniter\CodeIgniter->handleRequest(NULL, Object(Config\Cache), false)
#3 C:\xampp\htdocs\TugasAkhir\public\index.php(45): CodeIgniter\CodeIgniter->run()
#4 C:\xampp\htdocs\TugasAkhir\system\Commands\Server\rewrite.php(34): require_once('C:\\xampp\\htdocs...')
#5 {main}
CRITICAL - 2021-02-06 07:18:23 --> Too few arguments to function App\Controllers\Produk::edit(), 0 passed in C:\xampp\htdocs\TugasAkhir\system\CodeIgniter.php on line 918 and exactly 1 expected
#0 C:\xampp\htdocs\TugasAkhir\system\CodeIgniter.php(918): App\Controllers\Produk->edit()
#1 C:\xampp\htdocs\TugasAkhir\system\CodeIgniter.php(404): CodeIgniter\CodeIgniter->runController(Object(App\Controllers\Produk))
#2 C:\xampp\htdocs\TugasAkhir\system\CodeIgniter.php(312): CodeIgniter\CodeIgniter->handleRequest(NULL, Object(Config\Cache), false)
#3 C:\xampp\htdocs\TugasAkhir\public\index.php(45): CodeIgniter\CodeIgniter->run()
#4 C:\xampp\htdocs\TugasAkhir\system\Commands\Server\rewrite.php(34): require_once('C:\\xampp\\htdocs...')
#5 {main}
CRITICAL - 2021-02-06 07:18:24 --> Too few arguments to function App\Controllers\Produk::edit(), 0 passed in C:\xampp\htdocs\TugasAkhir\system\CodeIgniter.php on line 918 and exactly 1 expected
#0 C:\xampp\htdocs\TugasAkhir\system\CodeIgniter.php(918): App\Controllers\Produk->edit()
#1 C:\xampp\htdocs\TugasAkhir\system\CodeIgniter.php(404): CodeIgniter\CodeIgniter->runController(Object(App\Controllers\Produk))
#2 C:\xampp\htdocs\TugasAkhir\system\CodeIgniter.php(312): CodeIgniter\CodeIgniter->handleRequest(NULL, Object(Config\Cache), false)
#3 C:\xampp\htdocs\TugasAkhir\public\index.php(45): CodeIgniter\CodeIgniter->run()
#4 C:\xampp\htdocs\TugasAkhir\system\Commands\Server\rewrite.php(34): require_once('C:\\xampp\\htdocs...')
#5 {main}
CRITICAL - 2021-02-06 07:19:15 --> Too few arguments to function App\Controllers\Produk::update(), 0 passed in C:\xampp\htdocs\TugasAkhir\system\CodeIgniter.php on line 918 and exactly 1 expected
#0 C:\xampp\htdocs\TugasAkhir\system\CodeIgniter.php(918): App\Controllers\Produk->update()
#1 C:\xampp\htdocs\TugasAkhir\system\CodeIgniter.php(404): CodeIgniter\CodeIgniter->runController(Object(App\Controllers\Produk))
#2 C:\xampp\htdocs\TugasAkhir\system\CodeIgniter.php(312): CodeIgniter\CodeIgniter->handleRequest(NULL, Object(Config\Cache), false)
#3 C:\xampp\htdocs\TugasAkhir\public\index.php(45): CodeIgniter\CodeIgniter->run()
#4 C:\xampp\htdocs\TugasAkhir\system\Commands\Server\rewrite.php(34): require_once('C:\\xampp\\htdocs...')
#5 {main}
CRITICAL - 2021-02-06 07:33:39 --> Too few arguments to function App\Controllers\Produk::update(), 0 passed in C:\xampp\htdocs\TugasAkhir\system\CodeIgniter.php on line 918 and exactly 1 expected
#0 C:\xampp\htdocs\TugasAkhir\system\CodeIgniter.php(918): App\Controllers\Produk->update()
#1 C:\xampp\htdocs\TugasAkhir\system\CodeIgniter.php(404): CodeIgniter\CodeIgniter->runController(Object(App\Controllers\Produk))
#2 C:\xampp\htdocs\TugasAkhir\system\CodeIgniter.php(312): CodeIgniter\CodeIgniter->handleRequest(NULL, Object(Config\Cache), false)
#3 C:\xampp\htdocs\TugasAkhir\public\index.php(45): CodeIgniter\CodeIgniter->run()
#4 C:\xampp\htdocs\TugasAkhir\system\Commands\Server\rewrite.php(34): require_once('C:\\xampp\\htdocs...')
#5 {main}
CRITICAL - 2021-02-06 07:34:04 --> Too few arguments to function App\Controllers\Produk::edit(), 0 passed in C:\xampp\htdocs\TugasAkhir\system\CodeIgniter.php on line 918 and exactly 1 expected
#0 C:\xampp\htdocs\TugasAkhir\system\CodeIgniter.php(918): App\Controllers\Produk->edit()
#1 C:\xampp\htdocs\TugasAkhir\system\CodeIgniter.php(404): CodeIgniter\CodeIgniter->runController(Object(App\Controllers\Produk))
#2 C:\xampp\htdocs\TugasAkhir\system\CodeIgniter.php(312): CodeIgniter\CodeIgniter->handleRequest(NULL, Object(Config\Cache), false)
#3 C:\xampp\htdocs\TugasAkhir\public\index.php(45): CodeIgniter\CodeIgniter->run()
#4 C:\xampp\htdocs\TugasAkhir\system\Commands\Server\rewrite.php(34): require_once('C:\\xampp\\htdocs...')
#5 {main}
CRITICAL - 2021-02-06 07:34:19 --> Undefined index: merk_produk
#0 C:\xampp\htdocs\TugasAkhir\app\Views\admin\produk_edit.php(58): CodeIgniter\Debug\Exceptions->errorHandler(8, 'Undefined index...', 'C:\\xampp\\htdocs...', 58, Array)
#1 C:\xampp\htdocs\TugasAkhir\system\View\View.php(246): include('C:\\xampp\\htdocs...')
#2 C:\xampp\htdocs\TugasAkhir\system\Common.php(1119): CodeIgniter\View\View->render('admin/produk_ed...', Array, true)
#3 C:\xampp\htdocs\TugasAkhir\app\Controllers\Produk.php(93): view('admin/produk_ed...', Array)
#4 C:\xampp\htdocs\TugasAkhir\system\CodeIgniter.php(918): App\Controllers\Produk->edit()
#5 C:\xampp\htdocs\TugasAkhir\system\CodeIgniter.php(404): CodeIgniter\CodeIgniter->runController(Object(App\Controllers\Produk))
#6 C:\xampp\htdocs\TugasAkhir\system\CodeIgniter.php(312): CodeIgniter\CodeIgniter->handleRequest(NULL, Object(Config\Cache), false)
#7 C:\xampp\htdocs\TugasAkhir\public\index.php(45): CodeIgniter\CodeIgniter->run()
#8 C:\xampp\htdocs\TugasAkhir\system\Commands\Server\rewrite.php(34): require_once('C:\\xampp\\htdocs...')
#9 {main}
CRITICAL - 2021-02-06 07:35:10 --> Undefined index: merk_produk
#0 C:\xampp\htdocs\TugasAkhir\app\Views\admin\produk_edit.php(58): CodeIgniter\Debug\Exceptions->errorHandler(8, 'Undefined index...', 'C:\\xampp\\htdocs...', 58, Array)
#1 C:\xampp\htdocs\TugasAkhir\system\View\View.php(246): include('C:\\xampp\\htdocs...')
#2 C:\xampp\htdocs\TugasAkhir\system\Common.php(1119): CodeIgniter\View\View->render('admin/produk_ed...', Array, true)
#3 C:\xampp\htdocs\TugasAkhir\app\Controllers\Produk.php(93): view('admin/produk_ed...', Array)
#4 C:\xampp\htdocs\TugasAkhir\system\CodeIgniter.php(918): App\Controllers\Produk->edit()
#5 C:\xampp\htdocs\TugasAkhir\system\CodeIgniter.php(404): CodeIgniter\CodeIgniter->runController(Object(App\Controllers\Produk))
#6 C:\xampp\htdocs\TugasAkhir\system\CodeIgniter.php(312): CodeIgniter\CodeIgniter->handleRequest(NULL, Object(Config\Cache), false)
#7 C:\xampp\htdocs\TugasAkhir\public\index.php(45): CodeIgniter\CodeIgniter->run()
#8 C:\xampp\htdocs\TugasAkhir\system\Commands\Server\rewrite.php(34): require_once('C:\\xampp\\htdocs...')
#9 {main}
CRITICAL - 2021-02-06 07:37:53 --> Undefined variable: inputs
#0 C:\xampp\htdocs\TugasAkhir\app\Views\admin\produk_edit.php(24): CodeIgniter\Debug\Exceptions->errorHandler(8, 'Undefined varia...', 'C:\\xampp\\htdocs...', 24, Array)
#1 C:\xampp\htdocs\TugasAkhir\system\View\View.php(246): include('C:\\xampp\\htdocs...')
#2 C:\xampp\htdocs\TugasAkhir\system\Common.php(1119): CodeIgniter\View\View->render('admin/produk_ed...', Array, true)
#3 C:\xampp\htdocs\TugasAkhir\app\Controllers\Produk.php(93): view('admin/produk_ed...', Array)
#4 C:\xampp\htdocs\TugasAkhir\system\CodeIgniter.php(918): App\Controllers\Produk->edit('PR001')
#5 C:\xampp\htdocs\TugasAkhir\system\CodeIgniter.php(404): CodeIgniter\CodeIgniter->runController(Object(App\Controllers\Produk))
#6 C:\xampp\htdocs\TugasAkhir\system\CodeIgniter.php(312): CodeIgniter\CodeIgniter->handleRequest(NULL, Object(Config\Cache), false)
#7 C:\xampp\htdocs\TugasAkhir\public\index.php(45): CodeIgniter\CodeIgniter->run()
#8 C:\xampp\htdocs\TugasAkhir\system\Commands\Server\rewrite.php(34): require_once('C:\\xampp\\htdocs...')
#9 {main}
CRITICAL - 2021-02-06 07:39:02 --> Undefined variable: inputs
#0 C:\xampp\htdocs\TugasAkhir\app\Views\admin\produk_edit.php(24): CodeIgniter\Debug\Exceptions->errorHandler(8, 'Undefined varia...', 'C:\\xampp\\htdocs...', 24, Array)
#1 C:\xampp\htdocs\TugasAkhir\system\View\View.php(246): include('C:\\xampp\\htdocs...')
#2 C:\xampp\htdocs\TugasAkhir\system\Common.php(1119): CodeIgniter\View\View->render('admin/produk_ed...', Array, true)
#3 C:\xampp\htdocs\TugasAkhir\app\Controllers\Produk.php(93): view('admin/produk_ed...', Array)
#4 C:\xampp\htdocs\TugasAkhir\system\CodeIgniter.php(918): App\Controllers\Produk->edit('PR001')
#5 C:\xampp\htdocs\TugasAkhir\system\CodeIgniter.php(404): CodeIgniter\CodeIgniter->runController(Object(App\Controllers\Produk))
#6 C:\xampp\htdocs\TugasAkhir\system\CodeIgniter.php(312): CodeIgniter\CodeIgniter->handleRequest(NULL, Object(Config\Cache), false)
#7 C:\xampp\htdocs\TugasAkhir\public\index.php(45): CodeIgniter\CodeIgniter->run()
#8 C:\xampp\htdocs\TugasAkhir\system\Commands\Server\rewrite.php(34): require_once('C:\\xampp\\htdocs...')
#9 {main}
CRITICAL - 2021-02-06 08:00:04 --> The original file is not a valid file.
#0 C:\xampp\htdocs\TugasAkhir\system\HTTP\Files\UploadedFile.php(172): CodeIgniter\HTTP\Exceptions\HTTPException::forInvalidFile()
#1 C:\xampp\htdocs\TugasAkhir\app\Controllers\Produk.php(115): CodeIgniter\HTTP\Files\UploadedFile->move('C:\\xampp\\htdocs...')
#2 C:\xampp\htdocs\TugasAkhir\system\CodeIgniter.php(918): App\Controllers\Produk->update()
#3 C:\xampp\htdocs\TugasAkhir\system\CodeIgniter.php(404): CodeIgniter\CodeIgniter->runController(Object(App\Controllers\Produk))
#4 C:\xampp\htdocs\TugasAkhir\system\CodeIgniter.php(312): CodeIgniter\CodeIgniter->handleRequest(NULL, Object(Config\Cache), false)
#5 C:\xampp\htdocs\TugasAkhir\public\index.php(45): CodeIgniter\CodeIgniter->run()
#6 C:\xampp\htdocs\TugasAkhir\system\Commands\Server\rewrite.php(34): require_once('C:\\xampp\\htdocs...')
#7 {main}
CRITICAL - 2021-02-06 08:07:48 --> Too few arguments to function App\Controllers\Produk::update(), 0 passed in C:\xampp\htdocs\TugasAkhir\system\CodeIgniter.php on line 918 and exactly 1 expected
#0 C:\xampp\htdocs\TugasAkhir\system\CodeIgniter.php(918): App\Controllers\Produk->update()
#1 C:\xampp\htdocs\TugasAkhir\system\CodeIgniter.php(404): CodeIgniter\CodeIgniter->runController(Object(App\Controllers\Produk))
#2 C:\xampp\htdocs\TugasAkhir\system\CodeIgniter.php(312): CodeIgniter\CodeIgniter->handleRequest(NULL, Object(Config\Cache), false)
#3 C:\xampp\htdocs\TugasAkhir\public\index.php(45): CodeIgniter\CodeIgniter->run()
#4 C:\xampp\htdocs\TugasAkhir\system\Commands\Server\rewrite.php(34): require_once('C:\\xampp\\htdocs...')
#5 {main}
CRITICAL - 2021-02-06 08:08:46 --> syntax error, unexpected '==' (T_IS_EQUAL), expecting ')'
#0 C:\xampp\htdocs\TugasAkhir\system\Router\Router.php(195): CodeIgniter\Router\Router->autoRoute('produk/update')
#1 C:\xampp\htdocs\TugasAkhir\system\CodeIgniter.php(793): CodeIgniter\Router\Router->handle('produk/update')
#2 C:\xampp\htdocs\TugasAkhir\system\CodeIgniter.php(364): CodeIgniter\CodeIgniter->tryToRouteIt(Object(CodeIgniter\Router\RouteCollection))
#3 C:\xampp\htdocs\TugasAkhir\system\CodeIgniter.php(312): CodeIgniter\CodeIgniter->handleRequest(NULL, Object(Config\Cache), false)
#4 C:\xampp\htdocs\TugasAkhir\public\index.php(45): CodeIgniter\CodeIgniter->run()
#5 C:\xampp\htdocs\TugasAkhir\system\Commands\Server\rewrite.php(34): require_once('C:\\xampp\\htdocs...')
#6 {main}
CRITICAL - 2021-02-06 08:08:57 --> Constant expression contains invalid operations
#0 [internal function]: CodeIgniter\Debug\Exceptions->shutdownHandler()
#1 {main}
CRITICAL - 2021-02-06 08:09:11 --> Constant expression contains invalid operations
#0 [internal function]: CodeIgniter\Debug\Exceptions->shutdownHandler()
#1 {main}
CRITICAL - 2021-02-06 08:12:52 --> Too few arguments to function App\Controllers\Produk::update(), 0 passed in C:\xampp\htdocs\TugasAkhir\system\CodeIgniter.php on line 918 and exactly 2 expected
#0 C:\xampp\htdocs\TugasAkhir\system\CodeIgniter.php(918): App\Controllers\Produk->update()
#1 C:\xampp\htdocs\TugasAkhir\system\CodeIgniter.php(404): CodeIgniter\CodeIgniter->runController(Object(App\Controllers\Produk))
#2 C:\xampp\htdocs\TugasAkhir\system\CodeIgniter.php(312): CodeIgniter\CodeIgniter->handleRequest(NULL, Object(Config\Cache), false)
#3 C:\xampp\htdocs\TugasAkhir\public\index.php(45): CodeIgniter\CodeIgniter->run()
#4 C:\xampp\htdocs\TugasAkhir\system\Commands\Server\rewrite.php(34): require_once('C:\\xampp\\htdocs...')
#5 {main}
CRITICAL - 2021-02-06 08:13:45 --> Too few arguments to function App\Controllers\Produk::edit(), 0 passed in C:\xampp\htdocs\TugasAkhir\system\CodeIgniter.php on line 918 and exactly 1 expected
#0 C:\xampp\htdocs\TugasAkhir\system\CodeIgniter.php(918): App\Controllers\Produk->edit()
#1 C:\xampp\htdocs\TugasAkhir\system\CodeIgniter.php(404): CodeIgniter\CodeIgniter->runController(Object(App\Controllers\Produk))
#2 C:\xampp\htdocs\TugasAkhir\system\CodeIgniter.php(312): CodeIgniter\CodeIgniter->handleRequest(NULL, Object(Config\Cache), false)
#3 C:\xampp\htdocs\TugasAkhir\public\index.php(45): CodeIgniter\CodeIgniter->run()
#4 C:\xampp\htdocs\TugasAkhir\system\Commands\Server\rewrite.php(34): require_once('C:\\xampp\\htdocs...')
#5 {main}
CRITICAL - 2021-02-06 08:13:59 --> Undefined index: nama
#0 C:\xampp\htdocs\TugasAkhir\app\Views\prestige\contact.php(52): CodeIgniter\Debug\Exceptions->errorHandler(8, 'Undefined index...', 'C:\\xampp\\htdocs...', 52, Array)
#1 C:\xampp\htdocs\TugasAkhir\system\View\View.php(246): include('C:\\xampp\\htdocs...')
#2 C:\xampp\htdocs\TugasAkhir\system\Common.php(1119): CodeIgniter\View\View->render('prestige/contac...', Array, true)
#3 C:\xampp\htdocs\TugasAkhir\app\Controllers\Prestige.php(168): view('prestige/contac...', Array)
#4 C:\xampp\htdocs\TugasAkhir\system\CodeIgniter.php(918): App\Controllers\Prestige->contact()
#5 C:\xampp\htdocs\TugasAkhir\system\CodeIgniter.php(404): CodeIgniter\CodeIgniter->runController(Object(App\Controllers\Prestige))
#6 C:\xampp\htdocs\TugasAkhir\system\CodeIgniter.php(312): CodeIgniter\CodeIgniter->handleRequest(NULL, Object(Config\Cache), false)
#7 C:\xampp\htdocs\TugasAkhir\public\index.php(45): CodeIgniter\CodeIgniter->run()
#8 C:\xampp\htdocs\TugasAkhir\system\Commands\Server\rewrite.php(34): require_once('C:\\xampp\\htdocs...')
#9 {main}
CRITICAL - 2021-02-06 09:09:26 --> You must set the database table to be used with your query.
#0 C:\xampp\htdocs\TugasAkhir\system\Model.php(1237): CodeIgniter\Database\BaseConnection->table(NULL)
#1 C:\xampp\htdocs\TugasAkhir\system\Model.php(454): CodeIgniter\Model->builder()
#2 C:\xampp\htdocs\TugasAkhir\app\Controllers\Transaksi.php(44): CodeIgniter\Model->findAll()
#3 C:\xampp\htdocs\TugasAkhir\system\CodeIgniter.php(918): App\Controllers\Transaksi->invoicePDF()
#4 C:\xampp\htdocs\TugasAkhir\system\CodeIgniter.php(404): CodeIgniter\CodeIgniter->runController(Object(App\Controllers\Transaksi))
#5 C:\xampp\htdocs\TugasAkhir\system\CodeIgniter.php(312): CodeIgniter\CodeIgniter->handleRequest(NULL, Object(Config\Cache), false)
#6 C:\xampp\htdocs\TugasAkhir\public\index.php(45): CodeIgniter\CodeIgniter->run()
#7 C:\xampp\htdocs\TugasAkhir\system\Commands\Server\rewrite.php(34): require_once('C:\\xampp\\htdocs...')
#8 {main}
CRITICAL - 2021-02-06 09:12:43 --> Undefined index: nama_produk
#0 C:\xampp\htdocs\TugasAkhir\app\Controllers\Transaksi.php(50): CodeIgniter\Debug\Exceptions->errorHandler(8, 'Undefined index...', 'C:\\xampp\\htdocs...', 50, Array)
#1 C:\xampp\htdocs\TugasAkhir\system\CodeIgniter.php(918): App\Controllers\Transaksi->invoicePDF()
#2 C:\xampp\htdocs\TugasAkhir\system\CodeIgniter.php(404): CodeIgniter\CodeIgniter->runController(Object(App\Controllers\Transaksi))
#3 C:\xampp\htdocs\TugasAkhir\system\CodeIgniter.php(312): CodeIgniter\CodeIgniter->handleRequest(NULL, Object(Config\Cache), false)
#4 C:\xampp\htdocs\TugasAkhir\public\index.php(45): CodeIgniter\CodeIgniter->run()
#5 C:\xampp\htdocs\TugasAkhir\system\Commands\Server\rewrite.php(34): require_once('C:\\xampp\\htdocs...')
#6 {main}
CRITICAL - 2021-02-06 09:14:10 --> Undefined index: nama_produk
#0 C:\xampp\htdocs\TugasAkhir\app\Controllers\Transaksi.php(50): CodeIgniter\Debug\Exceptions->errorHandler(8, 'Undefined index...', 'C:\\xampp\\htdocs...', 50, Array)
#1 C:\xampp\htdocs\TugasAkhir\system\CodeIgniter.php(918): App\Controllers\Transaksi->invoicePDF()
#2 C:\xampp\htdocs\TugasAkhir\system\CodeIgniter.php(404): CodeIgniter\CodeIgniter->runController(Object(App\Controllers\Transaksi))
#3 C:\xampp\htdocs\TugasAkhir\system\CodeIgniter.php(312): CodeIgniter\CodeIgniter->handleRequest(NULL, Object(Config\Cache), false)
#4 C:\xampp\htdocs\TugasAkhir\public\index.php(45): CodeIgniter\CodeIgniter->run()
#5 C:\xampp\htdocs\TugasAkhir\system\Commands\Server\rewrite.php(34): require_once('C:\\xampp\\htdocs...')
#6 {main}
CRITICAL - 2021-02-06 09:17:00 --> Undefined index: nama_produk
#0 C:\xampp\htdocs\TugasAkhir\app\Controllers\Transaksi.php(54): CodeIgniter\Debug\Exceptions->errorHandler(8, 'Undefined index...', 'C:\\xampp\\htdocs...', 54, Array)
#1 C:\xampp\htdocs\TugasAkhir\system\CodeIgniter.php(918): App\Controllers\Transaksi->invoicePDF()
#2 C:\xampp\htdocs\TugasAkhir\system\CodeIgniter.php(404): CodeIgniter\CodeIgniter->runController(Object(App\Controllers\Transaksi))
#3 C:\xampp\htdocs\TugasAkhir\system\CodeIgniter.php(312): CodeIgniter\CodeIgniter->handleRequest(NULL, Object(Config\Cache), false)
#4 C:\xampp\htdocs\TugasAkhir\public\index.php(45): CodeIgniter\CodeIgniter->run()
#5 C:\xampp\htdocs\TugasAkhir\system\Commands\Server\rewrite.php(34): require_once('C:\\xampp\\htdocs...')
#6 {main}
CRITICAL - 2021-02-06 09:39:59 --> syntax error, unexpected ''pager'' (T_CONSTANT_ENCAPSED_STRING), expecting ']'
#0 C:\xampp\htdocs\TugasAkhir\system\Router\Router.php(195): CodeIgniter\Router\Router->autoRoute('transaksi')
#1 C:\xampp\htdocs\TugasAkhir\system\CodeIgniter.php(793): CodeIgniter\Router\Router->handle('transaksi')
#2 C:\xampp\htdocs\TugasAkhir\system\CodeIgniter.php(364): CodeIgniter\CodeIgniter->tryToRouteIt(Object(CodeIgniter\Router\RouteCollection))
#3 C:\xampp\htdocs\TugasAkhir\system\CodeIgniter.php(312): CodeIgniter\CodeIgniter->handleRequest(NULL, Object(Config\Cache), false)
#4 C:\xampp\htdocs\TugasAkhir\public\index.php(45): CodeIgniter\CodeIgniter->run()
#5 C:\xampp\htdocs\TugasAkhir\system\Commands\Server\rewrite.php(34): require_once('C:\\xampp\\htdocs...')
#6 {main}
CRITICAL - 2021-02-06 09:40:08 --> syntax error, unexpected ''pager'' (T_CONSTANT_ENCAPSED_STRING), expecting ']'
#0 C:\xampp\htdocs\TugasAkhir\system\Router\Router.php(195): CodeIgniter\Router\Router->autoRoute('transaksi')
#1 C:\xampp\htdocs\TugasAkhir\system\CodeIgniter.php(793): CodeIgniter\Router\Router->handle('transaksi')
#2 C:\xampp\htdocs\TugasAkhir\system\CodeIgniter.php(364): CodeIgniter\CodeIgniter->tryToRouteIt(Object(CodeIgniter\Router\RouteCollection))
#3 C:\xampp\htdocs\TugasAkhir\system\CodeIgniter.php(312): CodeIgniter\CodeIgniter->handleRequest(NULL, Object(Config\Cache), false)
#4 C:\xampp\htdocs\TugasAkhir\public\index.php(45): CodeIgniter\CodeIgniter->run()
#5 C:\xampp\htdocs\TugasAkhir\system\Commands\Server\rewrite.php(34): require_once('C:\\xampp\\htdocs...')
#6 {main}
CRITICAL - 2021-02-06 09:41:25 --> Undefined variable: data_detailtransaksi
#0 C:\xampp\htdocs\TugasAkhir\app\Controllers\Transaksi.php(51): CodeIgniter\Debug\Exceptions->errorHandler(8, 'Undefined varia...', 'C:\\xampp\\htdocs...', 51, Array)
#1 C:\xampp\htdocs\TugasAkhir\system\CodeIgniter.php(918): App\Controllers\Transaksi->invoicePDF()
#2 C:\xampp\htdocs\TugasAkhir\system\CodeIgniter.php(404): CodeIgniter\CodeIgniter->runController(Object(App\Controllers\Transaksi))
#3 C:\xampp\htdocs\TugasAkhir\system\CodeIgniter.php(312): CodeIgniter\CodeIgniter->handleRequest(NULL, Object(Config\Cache), false)
#4 C:\xampp\htdocs\TugasAkhir\public\index.php(45): CodeIgniter\CodeIgniter->run()
#5 C:\xampp\htdocs\TugasAkhir\system\Commands\Server\rewrite.php(34): require_once('C:\\xampp\\htdocs...')
#6 {main}
CRITICAL - 2021-02-06 09:46:00 --> Undefined index: nama_produk
#0 C:\xampp\htdocs\TugasAkhir\app\Controllers\Transaksi.php(55): CodeIgniter\Debug\Exceptions->errorHandler(8, 'Undefined index...', 'C:\\xampp\\htdocs...', 55, Array)
#1 C:\xampp\htdocs\TugasAkhir\system\CodeIgniter.php(918): App\Controllers\Transaksi->invoicePDF()
#2 C:\xampp\htdocs\TugasAkhir\system\CodeIgniter.php(404): CodeIgniter\CodeIgniter->runController(Object(App\Controllers\Transaksi))
#3 C:\xampp\htdocs\TugasAkhir\system\CodeIgniter.php(312): CodeIgniter\CodeIgniter->handleRequest(NULL, Object(Config\Cache), false)
#4 C:\xampp\htdocs\TugasAkhir\public\index.php(45): CodeIgniter\CodeIgniter->run()
#5 C:\xampp\htdocs\TugasAkhir\system\Commands\Server\rewrite.php(34): require_once('C:\\xampp\\htdocs...')
#6 {main}
CRITICAL - 2021-02-06 21:49:06 --> Call to undefined method App\Models\Detailtransaksi_model::get_ResultArray
#0 C:\xampp\htdocs\TugasAkhir\app\Controllers\Transaksi.php(29): CodeIgniter\Model->__call('get_ResultArray', Array)
#1 C:\xampp\htdocs\TugasAkhir\system\CodeIgniter.php(918): App\Controllers\Transaksi->index()
#2 C:\xampp\htdocs\TugasAkhir\system\CodeIgniter.php(404): CodeIgniter\CodeIgniter->runController(Object(App\Controllers\Transaksi))
#3 C:\xampp\htdocs\TugasAkhir\system\CodeIgniter.php(312): CodeIgniter\CodeIgniter->handleRequest(NULL, Object(Config\Cache), false)
#4 C:\xampp\htdocs\TugasAkhir\public\index.php(45): CodeIgniter\CodeIgniter->run()
#5 C:\xampp\htdocs\TugasAkhir\system\Commands\Server\rewrite.php(34): require_once('C:\\xampp\\htdocs...')
#6 {main}
CRITICAL - 2021-02-06 21:50:12 --> Undefined property: App\Controllers\Transaksi::$data_detailtransaksi
#0 C:\xampp\htdocs\TugasAkhir\app\Controllers\Transaksi.php(49): CodeIgniter\Debug\Exceptions->errorHandler(8, 'Undefined prope...', 'C:\\xampp\\htdocs...', 49, Array)
#1 C:\xampp\htdocs\TugasAkhir\system\CodeIgniter.php(918): App\Controllers\Transaksi->invoicePDF()
#2 C:\xampp\htdocs\TugasAkhir\system\CodeIgniter.php(404): CodeIgniter\CodeIgniter->runController(Object(App\Controllers\Transaksi))
#3 C:\xampp\htdocs\TugasAkhir\system\CodeIgniter.php(312): CodeIgniter\CodeIgniter->handleRequest(NULL, Object(Config\Cache), false)
#4 C:\xampp\htdocs\TugasAkhir\public\index.php(45): CodeIgniter\CodeIgniter->run()
#5 C:\xampp\htdocs\TugasAkhir\system\Commands\Server\rewrite.php(34): require_once('C:\\xampp\\htdocs...')
#6 {main}
CRITICAL - 2021-02-06 21:52:41 --> Undefined variable: query
#0 C:\xampp\htdocs\TugasAkhir\app\Controllers\Transaksi.php(49): CodeIgniter\Debug\Exceptions->errorHandler(8, 'Undefined varia...', 'C:\\xampp\\htdocs...', 49, Array)
#1 C:\xampp\htdocs\TugasAkhir\system\CodeIgniter.php(918): App\Controllers\Transaksi->invoicePDF()
#2 C:\xampp\htdocs\TugasAkhir\system\CodeIgniter.php(404): CodeIgniter\CodeIgniter->runController(Object(App\Controllers\Transaksi))
#3 C:\xampp\htdocs\TugasAkhir\system\CodeIgniter.php(312): CodeIgniter\CodeIgniter->handleRequest(NULL, Object(Config\Cache), false)
#4 C:\xampp\htdocs\TugasAkhir\public\index.php(45): CodeIgniter\CodeIgniter->run()
#5 C:\xampp\htdocs\TugasAkhir\system\Commands\Server\rewrite.php(34): require_once('C:\\xampp\\htdocs...')
#6 {main}
CRITICAL - 2021-02-06 21:53:08 --> Too few arguments to function App\Controllers\Transaksi::invoicePDF(), 0 passed in C:\xampp\htdocs\TugasAkhir\system\CodeIgniter.php on line 918 and exactly 1 expected
#0 C:\xampp\htdocs\TugasAkhir\system\CodeIgniter.php(918): App\Controllers\Transaksi->invoicePDF()
#1 C:\xampp\htdocs\TugasAkhir\system\CodeIgniter.php(404): CodeIgniter\CodeIgniter->runController(Object(App\Controllers\Transaksi))
#2 C:\xampp\htdocs\TugasAkhir\system\CodeIgniter.php(312): CodeIgniter\CodeIgniter->handleRequest(NULL, Object(Config\Cache), false)
#3 C:\xampp\htdocs\TugasAkhir\public\index.php(45): CodeIgniter\CodeIgniter->run()
#4 C:\xampp\htdocs\TugasAkhir\system\Commands\Server\rewrite.php(34): require_once('C:\\xampp\\htdocs...')
#5 {main}
CRITICAL - 2021-02-06 21:53:26 --> Undefined property: App\Controllers\Transaksi::$data_detailtransaksi
#0 C:\xampp\htdocs\TugasAkhir\app\Controllers\Transaksi.php(49): CodeIgniter\Debug\Exceptions->errorHandler(8, 'Undefined prope...', 'C:\\xampp\\htdocs...', 49, Array)
#1 C:\xampp\htdocs\TugasAkhir\system\CodeIgniter.php(918): App\Controllers\Transaksi->invoicePDF()
#2 C:\xampp\htdocs\TugasAkhir\system\CodeIgniter.php(404): CodeIgniter\CodeIgniter->runController(Object(App\Controllers\Transaksi))
#3 C:\xampp\htdocs\TugasAkhir\system\CodeIgniter.php(312): CodeIgniter\CodeIgniter->handleRequest(NULL, Object(Config\Cache), false)
#4 C:\xampp\htdocs\TugasAkhir\public\index.php(45): CodeIgniter\CodeIgniter->run()
#5 C:\xampp\htdocs\TugasAkhir\system\Commands\Server\rewrite.php(34): require_once('C:\\xampp\\htdocs...')
#6 {main}
CRITICAL - 2021-02-06 21:53:36 --> Undefined index: nama_produk
#0 C:\xampp\htdocs\TugasAkhir\app\Controllers\Transaksi.php(55): CodeIgniter\Debug\Exceptions->errorHandler(8, 'Undefined index...', 'C:\\xampp\\htdocs...', 55, Array)
#1 C:\xampp\htdocs\TugasAkhir\system\CodeIgniter.php(918): App\Controllers\Transaksi->invoicePDF()
#2 C:\xampp\htdocs\TugasAkhir\system\CodeIgniter.php(404): CodeIgniter\CodeIgniter->runController(Object(App\Controllers\Transaksi))
#3 C:\xampp\htdocs\TugasAkhir\system\CodeIgniter.php(312): CodeIgniter\CodeIgniter->handleRequest(NULL, Object(Config\Cache), false)
#4 C:\xampp\htdocs\TugasAkhir\public\index.php(45): CodeIgniter\CodeIgniter->run()
#5 C:\xampp\htdocs\TugasAkhir\system\Commands\Server\rewrite.php(34): require_once('C:\\xampp\\htdocs...')
#6 {main}
CRITICAL - 2021-02-06 22:13:09 --> Undefined variable: request
#0 C:\xampp\htdocs\TugasAkhir\app\Views\admin\template_admin.php(40): CodeIgniter\Debug\Exceptions->errorHandler(8, 'Undefined varia...', 'C:\\xampp\\htdocs...', 40, Array)
#1 C:\xampp\htdocs\TugasAkhir\system\View\View.php(246): include('C:\\xampp\\htdocs...')
#2 C:\xampp\htdocs\TugasAkhir\system\View\View.php(257): CodeIgniter\View\View->render('/admin/template...', Array, true)
#3 C:\xampp\htdocs\TugasAkhir\system\Common.php(1119): CodeIgniter\View\View->render('admin/users', Array, true)
#4 C:\xampp\htdocs\TugasAkhir\app\Controllers\Users.php(29): view('admin/users', Array)
#5 C:\xampp\htdocs\TugasAkhir\system\CodeIgniter.php(918): App\Controllers\Users->index()
#6 C:\xampp\htdocs\TugasAkhir\system\CodeIgniter.php(404): CodeIgniter\CodeIgniter->runController(Object(App\Controllers\Users))
#7 C:\xampp\htdocs\TugasAkhir\system\CodeIgniter.php(312): CodeIgniter\CodeIgniter->handleRequest(NULL, Object(Config\Cache), false)
#8 C:\xampp\htdocs\TugasAkhir\public\index.php(45): CodeIgniter\CodeIgniter->run()
#9 C:\xampp\htdocs\TugasAkhir\system\Commands\Server\rewrite.php(34): require_once('C:\\xampp\\htdocs...')
#10 {main}
CRITICAL - 2021-02-06 22:19:33 --> Undefined variable: request
#0 C:\xampp\htdocs\TugasAkhir\app\Views\admin\template_admin.php(40): CodeIgniter\Debug\Exceptions->errorHandler(8, 'Undefined varia...', 'C:\\xampp\\htdocs...', 40, Array)
#1 C:\xampp\htdocs\TugasAkhir\system\View\View.php(246): include('C:\\xampp\\htdocs...')
#2 C:\xampp\htdocs\TugasAkhir\system\View\View.php(257): CodeIgniter\View\View->render('/admin/template...', Array, true)
#3 C:\xampp\htdocs\TugasAkhir\system\Common.php(1119): CodeIgniter\View\View->render('admin/users', Array, true)
#4 C:\xampp\htdocs\TugasAkhir\app\Controllers\Users.php(28): view('admin/users', Array)
#5 C:\xampp\htdocs\TugasAkhir\system\CodeIgniter.php(918): App\Controllers\Users->index()
#6 C:\xampp\htdocs\TugasAkhir\system\CodeIgniter.php(404): CodeIgniter\CodeIgniter->runController(Object(App\Controllers\Users))
#7 C:\xampp\htdocs\TugasAkhir\system\CodeIgniter.php(312): CodeIgniter\CodeIgniter->handleRequest(NULL, Object(Config\Cache), false)
#8 C:\xampp\htdocs\TugasAkhir\public\index.php(45): CodeIgniter\CodeIgniter->run()
#9 C:\xampp\htdocs\TugasAkhir\system\Commands\Server\rewrite.php(34): require_once('C:\\xampp\\htdocs...')
#10 {main}
CRITICAL - 2021-02-06 22:26:21 --> Undefined variable: request
#0 C:\xampp\htdocs\TugasAkhir\app\Views\admin\template_admin.php(40): CodeIgniter\Debug\Exceptions->errorHandler(8, 'Undefined varia...', 'C:\\xampp\\htdocs...', 40, Array)
#1 C:\xampp\htdocs\TugasAkhir\system\View\View.php(246): include('C:\\xampp\\htdocs...')
#2 C:\xampp\htdocs\TugasAkhir\system\View\View.php(257): CodeIgniter\View\View->render('/admin/template...', Array, true)
#3 C:\xampp\htdocs\TugasAkhir\system\Common.php(1119): CodeIgniter\View\View->render('admin/users', Array, true)
#4 C:\xampp\htdocs\TugasAkhir\app\Controllers\Users.php(28): view('admin/users', Array)
#5 C:\xampp\htdocs\TugasAkhir\system\CodeIgniter.php(918): App\Controllers\Users->index()
#6 C:\xampp\htdocs\TugasAkhir\system\CodeIgniter.php(404): CodeIgniter\CodeIgniter->runController(Object(App\Controllers\Users))
#7 C:\xampp\htdocs\TugasAkhir\system\CodeIgniter.php(312): CodeIgniter\CodeIgniter->handleRequest(NULL, Object(Config\Cache), false)
#8 C:\xampp\htdocs\TugasAkhir\public\index.php(45): CodeIgniter\CodeIgniter->run()
#9 C:\xampp\htdocs\TugasAkhir\system\Commands\Server\rewrite.php(34): require_once('C:\\xampp\\htdocs...')
#10 {main}
CRITICAL - 2021-02-06 22:26:22 --> Undefined variable: request
#0 C:\xampp\htdocs\TugasAkhir\app\Views\admin\template_admin.php(40): CodeIgniter\Debug\Exceptions->errorHandler(8, 'Undefined varia...', 'C:\\xampp\\htdocs...', 40, Array)
#1 C:\xampp\htdocs\TugasAkhir\system\View\View.php(246): include('C:\\xampp\\htdocs...')
#2 C:\xampp\htdocs\TugasAkhir\system\View\View.php(257): CodeIgniter\View\View->render('/admin/template...', Array, true)
#3 C:\xampp\htdocs\TugasAkhir\system\Common.php(1119): CodeIgniter\View\View->render('admin/users', Array, true)
#4 C:\xampp\htdocs\TugasAkhir\app\Controllers\Users.php(28): view('admin/users', Array)
#5 C:\xampp\htdocs\TugasAkhir\system\CodeIgniter.php(918): App\Controllers\Users->index()
#6 C:\xampp\htdocs\TugasAkhir\system\CodeIgniter.php(404): CodeIgniter\CodeIgniter->runController(Object(App\Controllers\Users))
#7 C:\xampp\htdocs\TugasAkhir\system\CodeIgniter.php(312): CodeIgniter\CodeIgniter->handleRequest(NULL, Object(Config\Cache), false)
#8 C:\xampp\htdocs\TugasAkhir\public\index.php(45): CodeIgniter\CodeIgniter->run()
#9 C:\xampp\htdocs\TugasAkhir\system\Commands\Server\rewrite.php(34): require_once('C:\\xampp\\htdocs...')
#10 {main}
CRITICAL - 2021-02-06 22:26:23 --> Undefined variable: request
#0 C:\xampp\htdocs\TugasAkhir\app\Views\admin\template_admin.php(40): CodeIgniter\Debug\Exceptions->errorHandler(8, 'Undefined varia...', 'C:\\xampp\\htdocs...', 40, Array)
#1 C:\xampp\htdocs\TugasAkhir\system\View\View.php(246): include('C:\\xampp\\htdocs...')
#2 C:\xampp\htdocs\TugasAkhir\system\View\View.php(257): CodeIgniter\View\View->render('/admin/template...', Array, true)
#3 C:\xampp\htdocs\TugasAkhir\system\Common.php(1119): CodeIgniter\View\View->render('admin/users', Array, true)
#4 C:\xampp\htdocs\TugasAkhir\app\Controllers\Users.php(28): view('admin/users', Array)
#5 C:\xampp\htdocs\TugasAkhir\system\CodeIgniter.php(918): App\Controllers\Users->index()
#6 C:\xampp\htdocs\TugasAkhir\system\CodeIgniter.php(404): CodeIgniter\CodeIgniter->runController(Object(App\Controllers\Users))
#7 C:\xampp\htdocs\TugasAkhir\system\CodeIgniter.php(312): CodeIgniter\CodeIgniter->handleRequest(NULL, Object(Config\Cache), false)
#8 C:\xampp\htdocs\TugasAkhir\public\index.php(45): CodeIgniter\CodeIgniter->run()
#9 C:\xampp\htdocs\TugasAkhir\system\Commands\Server\rewrite.php(34): require_once('C:\\xampp\\htdocs...')
#10 {main}
CRITICAL - 2021-02-06 22:27:08 --> Undefined variable: request
#0 C:\xampp\htdocs\TugasAkhir\app\Views\admin\template_admin.php(40): CodeIgniter\Debug\Exceptions->errorHandler(8, 'Undefined varia...', 'C:\\xampp\\htdocs...', 40, Array)
#1 C:\xampp\htdocs\TugasAkhir\system\View\View.php(246): include('C:\\xampp\\htdocs...')
#2 C:\xampp\htdocs\TugasAkhir\system\View\View.php(257): CodeIgniter\View\View->render('/admin/template...', Array, true)
#3 C:\xampp\htdocs\TugasAkhir\system\Common.php(1119): CodeIgniter\View\View->render('admin/users', Array, true)
#4 C:\xampp\htdocs\TugasAkhir\app\Controllers\Users.php(28): view('admin/users', Array)
#5 C:\xampp\htdocs\TugasAkhir\system\CodeIgniter.php(918): App\Controllers\Users->index()
#6 C:\xampp\htdocs\TugasAkhir\system\CodeIgniter.php(404): CodeIgniter\CodeIgniter->runController(Object(App\Controllers\Users))
#7 C:\xampp\htdocs\TugasAkhir\system\CodeIgniter.php(312): CodeIgniter\CodeIgniter->handleRequest(NULL, Object(Config\Cache), false)
#8 C:\xampp\htdocs\TugasAkhir\public\index.php(45): CodeIgniter\CodeIgniter->run()
#9 C:\xampp\htdocs\TugasAkhir\system\Commands\Server\rewrite.php(34): require_once('C:\\xampp\\htdocs...')
#10 {main}
CRITICAL - 2021-02-06 22:27:09 --> Undefined variable: request
#0 C:\xampp\htdocs\TugasAkhir\app\Views\admin\template_admin.php(40): CodeIgniter\Debug\Exceptions->errorHandler(8, 'Undefined varia...', 'C:\\xampp\\htdocs...', 40, Array)
#1 C:\xampp\htdocs\TugasAkhir\system\View\View.php(246): include('C:\\xampp\\htdocs...')
#2 C:\xampp\htdocs\TugasAkhir\system\View\View.php(257): CodeIgniter\View\View->render('/admin/template...', Array, true)
#3 C:\xampp\htdocs\TugasAkhir\system\Common.php(1119): CodeIgniter\View\View->render('admin/users', Array, true)
#4 C:\xampp\htdocs\TugasAkhir\app\Controllers\Users.php(28): view('admin/users', Array)
#5 C:\xampp\htdocs\TugasAkhir\system\CodeIgniter.php(918): App\Controllers\Users->index()
#6 C:\xampp\htdocs\TugasAkhir\system\CodeIgniter.php(404): CodeIgniter\CodeIgniter->runController(Object(App\Controllers\Users))
#7 C:\xampp\htdocs\TugasAkhir\system\CodeIgniter.php(312): CodeIgniter\CodeIgniter->handleRequest(NULL, Object(Config\Cache), false)
#8 C:\xampp\htdocs\TugasAkhir\public\index.php(45): CodeIgniter\CodeIgniter->run()
#9 C:\xampp\htdocs\TugasAkhir\system\Commands\Server\rewrite.php(34): require_once('C:\\xampp\\htdocs...')
#10 {main}
CRITICAL - 2021-02-06 22:27:14 --> Undefined variable: request
#0 C:\xampp\htdocs\TugasAkhir\app\Views\admin\template_admin.php(40): CodeIgniter\Debug\Exceptions->errorHandler(8, 'Undefined varia...', 'C:\\xampp\\htdocs...', 40, Array)
#1 C:\xampp\htdocs\TugasAkhir\system\View\View.php(246): include('C:\\xampp\\htdocs...')
#2 C:\xampp\htdocs\TugasAkhir\system\View\View.php(257): CodeIgniter\View\View->render('/admin/template...', Array, true)
#3 C:\xampp\htdocs\TugasAkhir\system\Common.php(1119): CodeIgniter\View\View->render('admin/users', Array, true)
#4 C:\xampp\htdocs\TugasAkhir\app\Controllers\Users.php(28): view('admin/users', Array)
#5 C:\xampp\htdocs\TugasAkhir\system\CodeIgniter.php(918): App\Controllers\Users->index()
#6 C:\xampp\htdocs\TugasAkhir\system\CodeIgniter.php(404): CodeIgniter\CodeIgniter->runController(Object(App\Controllers\Users))
#7 C:\xampp\htdocs\TugasAkhir\system\CodeIgniter.php(312): CodeIgniter\CodeIgniter->handleRequest(NULL, Object(Config\Cache), false)
#8 C:\xampp\htdocs\TugasAkhir\public\index.php(45): CodeIgniter\CodeIgniter->run()
#9 C:\xampp\htdocs\TugasAkhir\system\Commands\Server\rewrite.php(34): require_once('C:\\xampp\\htdocs...')
#10 {main}
CRITICAL - 2021-02-06 22:34:48 --> Undefined variable: request
#0 C:\xampp\htdocs\TugasAkhir\app\Views\admin\template_admin.php(40): CodeIgniter\Debug\Exceptions->errorHandler(8, 'Undefined varia...', 'C:\\xampp\\htdocs...', 40, Array)
#1 C:\xampp\htdocs\TugasAkhir\system\View\View.php(246): include('C:\\xampp\\htdocs...')
#2 C:\xampp\htdocs\TugasAkhir\system\View\View.php(257): CodeIgniter\View\View->render('/admin/template...', Array, true)
#3 C:\xampp\htdocs\TugasAkhir\system\Common.php(1119): CodeIgniter\View\View->render('admin/users', Array, true)
#4 C:\xampp\htdocs\TugasAkhir\app\Controllers\Users.php(21): view('admin/users', Array)
#5 C:\xampp\htdocs\TugasAkhir\system\CodeIgniter.php(918): App\Controllers\Users->index()
#6 C:\xampp\htdocs\TugasAkhir\system\CodeIgniter.php(404): CodeIgniter\CodeIgniter->runController(Object(App\Controllers\Users))
#7 C:\xampp\htdocs\TugasAkhir\system\CodeIgniter.php(312): CodeIgniter\CodeIgniter->handleRequest(NULL, Object(Config\Cache), false)
#8 C:\xampp\htdocs\TugasAkhir\public\index.php(45): CodeIgniter\CodeIgniter->run()
#9 C:\xampp\htdocs\TugasAkhir\system\Commands\Server\rewrite.php(34): require_once('C:\\xampp\\htdocs...')
#10 {main}
CRITICAL - 2021-02-06 23:46:16 --> Call to undefined method CodeIgniter\HTTP\URI::detSegment()
#0 C:\xampp\htdocs\TugasAkhir\system\CodeIgniter.php(918): App\Controllers\Invoice->invoicePDF()
#1 C:\xampp\htdocs\TugasAkhir\system\CodeIgniter.php(404): CodeIgniter\CodeIgniter->runController(Object(App\Controllers\Invoice))
#2 C:\xampp\htdocs\TugasAkhir\system\CodeIgniter.php(312): CodeIgniter\CodeIgniter->handleRequest(NULL, Object(Config\Cache), false)
#3 C:\xampp\htdocs\TugasAkhir\public\index.php(45): CodeIgniter\CodeIgniter->run()
#4 C:\xampp\htdocs\TugasAkhir\system\Commands\Server\rewrite.php(34): require_once('C:\\xampp\\htdocs...')
#5 {main}
CRITICAL - 2021-02-06 23:46:34 --> Undefined variable: detailtransaksi_model
#0 C:\xampp\htdocs\TugasAkhir\app\Controllers\Invoice.php(35): CodeIgniter\Debug\Exceptions->errorHandler(8, 'Undefined varia...', 'C:\\xampp\\htdocs...', 35, Array)
#1 C:\xampp\htdocs\TugasAkhir\system\CodeIgniter.php(918): App\Controllers\Invoice->invoicePDF()
#2 C:\xampp\htdocs\TugasAkhir\system\CodeIgniter.php(404): CodeIgniter\CodeIgniter->runController(Object(App\Controllers\Invoice))
#3 C:\xampp\htdocs\TugasAkhir\system\CodeIgniter.php(312): CodeIgniter\CodeIgniter->handleRequest(NULL, Object(Config\Cache), false)
#4 C:\xampp\htdocs\TugasAkhir\public\index.php(45): CodeIgniter\CodeIgniter->run()
#5 C:\xampp\htdocs\TugasAkhir\system\Commands\Server\rewrite.php(34): require_once('C:\\xampp\\htdocs...')
#6 {main}
CRITICAL - 2021-02-06 23:49:58 --> Call to undefined method CodeIgniter\HTTP\URI::get_detailtransaksi()
#0 C:\xampp\htdocs\TugasAkhir\system\CodeIgniter.php(918): App\Controllers\Invoice->invoicePDF()
#1 C:\xampp\htdocs\TugasAkhir\system\CodeIgniter.php(404): CodeIgniter\CodeIgniter->runController(Object(App\Controllers\Invoice))
#2 C:\xampp\htdocs\TugasAkhir\system\CodeIgniter.php(312): CodeIgniter\CodeIgniter->handleRequest(NULL, Object(Config\Cache), false)
#3 C:\xampp\htdocs\TugasAkhir\public\index.php(45): CodeIgniter\CodeIgniter->run()
#4 C:\xampp\htdocs\TugasAkhir\system\Commands\Server\rewrite.php(34): require_once('C:\\xampp\\htdocs...')
#5 {main}
CRITICAL - 2021-02-06 23:50:12 --> Undefined variable: detailtransaksi_model
#0 C:\xampp\htdocs\TugasAkhir\app\Controllers\Invoice.php(35): CodeIgniter\Debug\Exceptions->errorHandler(8, 'Undefined varia...', 'C:\\xampp\\htdocs...', 35, Array)
#1 C:\xampp\htdocs\TugasAkhir\system\CodeIgniter.php(918): App\Controllers\Invoice->invoicePDF()
#2 C:\xampp\htdocs\TugasAkhir\system\CodeIgniter.php(404): CodeIgniter\CodeIgniter->runController(Object(App\Controllers\Invoice))
#3 C:\xampp\htdocs\TugasAkhir\system\CodeIgniter.php(312): CodeIgniter\CodeIgniter->handleRequest(NULL, Object(Config\Cache), false)
#4 C:\xampp\htdocs\TugasAkhir\public\index.php(45): CodeIgniter\CodeIgniter->run()
#5 C:\xampp\htdocs\TugasAkhir\system\Commands\Server\rewrite.php(34): require_once('C:\\xampp\\htdocs...')
#6 {main}
CRITICAL - 2021-02-06 23:51:03 --> Too few arguments to function App\Controllers\Invoice::invoicePDF(), 0 passed in C:\xampp\htdocs\TugasAkhir\system\CodeIgniter.php on line 918 and exactly 1 expected
#0 C:\xampp\htdocs\TugasAkhir\system\CodeIgniter.php(918): App\Controllers\Invoice->invoicePDF()
#1 C:\xampp\htdocs\TugasAkhir\system\CodeIgniter.php(404): CodeIgniter\CodeIgniter->runController(Object(App\Controllers\Invoice))
#2 C:\xampp\htdocs\TugasAkhir\system\CodeIgniter.php(312): CodeIgniter\CodeIgniter->handleRequest(NULL, Object(Config\Cache), false)
#3 C:\xampp\htdocs\TugasAkhir\public\index.php(45): CodeIgniter\CodeIgniter->run()
#4 C:\xampp\htdocs\TugasAkhir\system\Commands\Server\rewrite.php(34): require_once('C:\\xampp\\htdocs...')
#5 {main}
CRITICAL - 2021-02-06 23:51:13 --> Undefined variable: detailtransaksi_model
#0 C:\xampp\htdocs\TugasAkhir\app\Controllers\Invoice.php(35): CodeIgniter\Debug\Exceptions->errorHandler(8, 'Undefined varia...', 'C:\\xampp\\htdocs...', 35, Array)
#1 C:\xampp\htdocs\TugasAkhir\system\CodeIgniter.php(918): App\Controllers\Invoice->invoicePDF()
#2 C:\xampp\htdocs\TugasAkhir\system\CodeIgniter.php(404): CodeIgniter\CodeIgniter->runController(Object(App\Controllers\Invoice))
#3 C:\xampp\htdocs\TugasAkhir\system\CodeIgniter.php(312): CodeIgniter\CodeIgniter->handleRequest(NULL, Object(Config\Cache), false)
#4 C:\xampp\htdocs\TugasAkhir\public\index.php(45): CodeIgniter\CodeIgniter->run()
#5 C:\xampp\htdocs\TugasAkhir\system\Commands\Server\rewrite.php(34): require_once('C:\\xampp\\htdocs...')
#6 {main}
CRITICAL - 2021-02-06 23:58:03 --> Too few arguments to function App\Controllers\Transaksi::invoicePDF(), 0 passed in C:\xampp\htdocs\TugasAkhir\system\CodeIgniter.php on line 918 and exactly 1 expected
#0 C:\xampp\htdocs\TugasAkhir\system\CodeIgniter.php(918): App\Controllers\Transaksi->invoicePDF()
#1 C:\xampp\htdocs\TugasAkhir\system\CodeIgniter.php(404): CodeIgniter\CodeIgniter->runController(Object(App\Controllers\Transaksi))
#2 C:\xampp\htdocs\TugasAkhir\system\CodeIgniter.php(312): CodeIgniter\CodeIgniter->handleRequest(NULL, Object(Config\Cache), false)
#3 C:\xampp\htdocs\TugasAkhir\public\index.php(45): CodeIgniter\CodeIgniter->run()
#4 C:\xampp\htdocs\TugasAkhir\system\Commands\Server\rewrite.php(34): require_once('C:\\xampp\\htdocs...')
#5 {main}
CRITICAL - 2021-02-06 23:58:52 --> Undefined variable: kode
#0 C:\xampp\htdocs\TugasAkhir\app\Controllers\Transaksi.php(42): CodeIgniter\Debug\Exceptions->errorHandler(8, 'Undefined varia...', 'C:\\xampp\\htdocs...', 42, Array)
#1 C:\xampp\htdocs\TugasAkhir\system\CodeIgniter.php(918): App\Controllers\Transaksi->invoicePDF()
#2 C:\xampp\htdocs\TugasAkhir\system\CodeIgniter.php(404): CodeIgniter\CodeIgniter->runController(Object(App\Controllers\Transaksi))
#3 C:\xampp\htdocs\TugasAkhir\system\CodeIgniter.php(312): CodeIgniter\CodeIgniter->handleRequest(NULL, Object(Config\Cache), false)
#4 C:\xampp\htdocs\TugasAkhir\public\index.php(45): CodeIgniter\CodeIgniter->run()
#5 C:\xampp\htdocs\TugasAkhir\system\Commands\Server\rewrite.php(34): require_once('C:\\xampp\\htdocs...')
#6 {main}
