CRITICAL - 2020-10-15 22:11:50 --> Call to undefined function form_open()
#0 C:\xampp\htdocs\pertemuan4\system\View\View.php(246): include()
#1 C:\xampp\htdocs\pertemuan4\system\Common.php(1119): CodeIgniter\View\View->render('pages/contact', Array, true)
#2 C:\xampp\htdocs\pertemuan4\app\Controllers\Pages.php(33): view('pages/contact', Array)
#3 C:\xampp\htdocs\pertemuan4\system\CodeIgniter.php(918): App\Controllers\Pages->contact()
#4 C:\xampp\htdocs\pertemuan4\system\CodeIgniter.php(404): CodeIgniter\CodeIgniter->runController(Object(App\Controllers\Pages))
#5 C:\xampp\htdocs\pertemuan4\system\CodeIgniter.php(312): CodeIgniter\CodeIgniter->handleRequest(NULL, Object(Config\Cache), false)
#6 C:\xampp\htdocs\pertemuan4\public\index.php(45): CodeIgniter\CodeIgniter->run()
#7 C:\xampp\htdocs\pertemuan4\system\Commands\Server\rewrite.php(34): require_once('C:\\xampp\\htdocs...')
#8 {main}
CRITICAL - 2020-10-15 22:12:07 --> Call to undefined function form_open()
#0 C:\xampp\htdocs\pertemuan4\system\View\View.php(246): include()
#1 C:\xampp\htdocs\pertemuan4\system\Common.php(1119): CodeIgniter\View\View->render('pages/contact', Array, true)
#2 C:\xampp\htdocs\pertemuan4\app\Controllers\Pages.php(33): view('pages/contact', Array)
#3 C:\xampp\htdocs\pertemuan4\system\CodeIgniter.php(918): App\Controllers\Pages->contact()
#4 C:\xampp\htdocs\pertemuan4\system\CodeIgniter.php(404): CodeIgniter\CodeIgniter->runController(Object(App\Controllers\Pages))
#5 C:\xampp\htdocs\pertemuan4\system\CodeIgniter.php(312): CodeIgniter\CodeIgniter->handleRequest(NULL, Object(Config\Cache), false)
#6 C:\xampp\htdocs\pertemuan4\public\index.php(45): CodeIgniter\CodeIgniter->run()
#7 C:\xampp\htdocs\pertemuan4\system\Commands\Server\rewrite.php(34): require_once('C:\\xampp\\htdocs...')
#8 {main}
CRITICAL - 2020-10-15 22:12:44 --> Call to undefined function form_open()
#0 C:\xampp\htdocs\pertemuan4\system\View\View.php(246): include()
#1 C:\xampp\htdocs\pertemuan4\system\Common.php(1119): CodeIgniter\View\View->render('pages/contact', Array, true)
#2 C:\xampp\htdocs\pertemuan4\app\Controllers\Pages.php(33): view('pages/contact', Array)
#3 C:\xampp\htdocs\pertemuan4\system\CodeIgniter.php(918): App\Controllers\Pages->contact()
#4 C:\xampp\htdocs\pertemuan4\system\CodeIgniter.php(404): CodeIgniter\CodeIgniter->runController(Object(App\Controllers\Pages))
#5 C:\xampp\htdocs\pertemuan4\system\CodeIgniter.php(312): CodeIgniter\CodeIgniter->handleRequest(NULL, Object(Config\Cache), false)
#6 C:\xampp\htdocs\pertemuan4\public\index.php(45): CodeIgniter\CodeIgniter->run()
#7 C:\xampp\htdocs\pertemuan4\system\Commands\Server\rewrite.php(34): require_once('C:\\xampp\\htdocs...')
#8 {main}
CRITICAL - 2020-10-15 22:13:06 --> Call to undefined function form_open()
#0 C:\xampp\htdocs\pertemuan4\system\View\View.php(246): include()
#1 C:\xampp\htdocs\pertemuan4\system\Common.php(1119): CodeIgniter\View\View->render('pages/contact', Array, true)
#2 C:\xampp\htdocs\pertemuan4\app\Controllers\Pages.php(33): view('pages/contact', Array)
#3 C:\xampp\htdocs\pertemuan4\system\CodeIgniter.php(918): App\Controllers\Pages->contact()
#4 C:\xampp\htdocs\pertemuan4\system\CodeIgniter.php(404): CodeIgniter\CodeIgniter->runController(Object(App\Controllers\Pages))
#5 C:\xampp\htdocs\pertemuan4\system\CodeIgniter.php(312): CodeIgniter\CodeIgniter->handleRequest(NULL, Object(Config\Cache), false)
#6 C:\xampp\htdocs\pertemuan4\public\index.php(45): CodeIgniter\CodeIgniter->run()
#7 C:\xampp\htdocs\pertemuan4\system\Commands\Server\rewrite.php(34): require_once('C:\\xampp\\htdocs...')
#8 {main}
CRITICAL - 2020-10-15 22:15:18 --> Call to undefined function form_open()
#0 C:\xampp\htdocs\pertemuan4\system\View\View.php(246): include()
#1 C:\xampp\htdocs\pertemuan4\system\Common.php(1119): CodeIgniter\View\View->render('pages/contact', Array, true)
#2 C:\xampp\htdocs\pertemuan4\app\Controllers\Pages.php(37): view('pages/contact', Array)
#3 C:\xampp\htdocs\pertemuan4\system\CodeIgniter.php(918): App\Controllers\Pages->contact()
#4 C:\xampp\htdocs\pertemuan4\system\CodeIgniter.php(404): CodeIgniter\CodeIgniter->runController(Object(App\Controllers\Pages))
#5 C:\xampp\htdocs\pertemuan4\system\CodeIgniter.php(312): CodeIgniter\CodeIgniter->handleRequest(NULL, Object(Config\Cache), false)
#6 C:\xampp\htdocs\pertemuan4\public\index.php(45): CodeIgniter\CodeIgniter->run()
#7 C:\xampp\htdocs\pertemuan4\system\Commands\Server\rewrite.php(34): require_once('C:\\xampp\\htdocs...')
#8 {main}
CRITICAL - 2020-10-15 22:16:01 --> Call to undefined function form_open()
#0 C:\xampp\htdocs\pertemuan4\system\View\View.php(246): include()
#1 C:\xampp\htdocs\pertemuan4\system\Common.php(1119): CodeIgniter\View\View->render('pages/contact', Array, true)
#2 C:\xampp\htdocs\pertemuan4\app\Controllers\Pages.php(38): view('pages/contact', Array)
#3 C:\xampp\htdocs\pertemuan4\system\CodeIgniter.php(918): App\Controllers\Pages->contact()
#4 C:\xampp\htdocs\pertemuan4\system\CodeIgniter.php(404): CodeIgniter\CodeIgniter->runController(Object(App\Controllers\Pages))
#5 C:\xampp\htdocs\pertemuan4\system\CodeIgniter.php(312): CodeIgniter\CodeIgniter->handleRequest(NULL, Object(Config\Cache), false)
#6 C:\xampp\htdocs\pertemuan4\public\index.php(45): CodeIgniter\CodeIgniter->run()
#7 C:\xampp\htdocs\pertemuan4\system\Commands\Server\rewrite.php(34): require_once('C:\\xampp\\htdocs...')
#8 {main}
CRITICAL - 2020-10-15 22:19:22 --> Call to undefined function form_open()
#0 C:\xampp\htdocs\pertemuan4\system\View\View.php(246): include()
#1 C:\xampp\htdocs\pertemuan4\system\Common.php(1119): CodeIgniter\View\View->render('pages/contact', Array, true)
#2 C:\xampp\htdocs\pertemuan4\app\Controllers\Pages.php(38): view('pages/contact', Array)
#3 C:\xampp\htdocs\pertemuan4\system\CodeIgniter.php(918): App\Controllers\Pages->contact()
#4 C:\xampp\htdocs\pertemuan4\system\CodeIgniter.php(404): CodeIgniter\CodeIgniter->runController(Object(App\Controllers\Pages))
#5 C:\xampp\htdocs\pertemuan4\system\CodeIgniter.php(312): CodeIgniter\CodeIgniter->handleRequest(NULL, Object(Config\Cache), false)
#6 C:\xampp\htdocs\pertemuan4\public\index.php(45): CodeIgniter\CodeIgniter->run()
#7 C:\xampp\htdocs\pertemuan4\system\Commands\Server\rewrite.php(34): require_once('C:\\xampp\\htdocs...')
#8 {main}
CRITICAL - 2020-10-15 22:20:11 --> Call to undefined function form_open()
#0 C:\xampp\htdocs\pertemuan4\system\View\View.php(246): include()
#1 C:\xampp\htdocs\pertemuan4\system\Common.php(1119): CodeIgniter\View\View->render('pages/contact', Array, true)
#2 C:\xampp\htdocs\pertemuan4\app\Controllers\Pages.php(38): view('pages/contact', Array)
#3 C:\xampp\htdocs\pertemuan4\system\CodeIgniter.php(918): App\Controllers\Pages->contact()
#4 C:\xampp\htdocs\pertemuan4\system\CodeIgniter.php(404): CodeIgniter\CodeIgniter->runController(Object(App\Controllers\Pages))
#5 C:\xampp\htdocs\pertemuan4\system\CodeIgniter.php(312): CodeIgniter\CodeIgniter->handleRequest(NULL, Object(Config\Cache), false)
#6 C:\xampp\htdocs\pertemuan4\public\index.php(45): CodeIgniter\CodeIgniter->run()
#7 C:\xampp\htdocs\pertemuan4\system\Commands\Server\rewrite.php(34): require_once('C:\\xampp\\htdocs...')
#8 {main}
CRITICAL - 2020-10-15 22:20:50 --> Call to undefined function form_open()
#0 C:\xampp\htdocs\pertemuan4\system\View\View.php(246): include()
#1 C:\xampp\htdocs\pertemuan4\system\Common.php(1119): CodeIgniter\View\View->render('pages/contact', Array, true)
#2 C:\xampp\htdocs\pertemuan4\app\Controllers\Pages.php(38): view('pages/contact', Array)
#3 C:\xampp\htdocs\pertemuan4\system\CodeIgniter.php(918): App\Controllers\Pages->contact()
#4 C:\xampp\htdocs\pertemuan4\system\CodeIgniter.php(404): CodeIgniter\CodeIgniter->runController(Object(App\Controllers\Pages))
#5 C:\xampp\htdocs\pertemuan4\system\CodeIgniter.php(312): CodeIgniter\CodeIgniter->handleRequest(NULL, Object(Config\Cache), false)
#6 C:\xampp\htdocs\pertemuan4\public\index.php(45): CodeIgniter\CodeIgniter->run()
#7 C:\xampp\htdocs\pertemuan4\system\Commands\Server\rewrite.php(34): require_once('C:\\xampp\\htdocs...')
#8 {main}
CRITICAL - 2020-10-15 22:20:57 --> Call to undefined function form_open()
#0 C:\xampp\htdocs\pertemuan4\system\View\View.php(246): include()
#1 C:\xampp\htdocs\pertemuan4\system\Common.php(1119): CodeIgniter\View\View->render('pages/contact', Array, true)
#2 C:\xampp\htdocs\pertemuan4\app\Controllers\Pages.php(38): view('pages/contact', Array)
#3 C:\xampp\htdocs\pertemuan4\system\CodeIgniter.php(918): App\Controllers\Pages->contact()
#4 C:\xampp\htdocs\pertemuan4\system\CodeIgniter.php(404): CodeIgniter\CodeIgniter->runController(Object(App\Controllers\Pages))
#5 C:\xampp\htdocs\pertemuan4\system\CodeIgniter.php(312): CodeIgniter\CodeIgniter->handleRequest(NULL, Object(Config\Cache), false)
#6 C:\xampp\htdocs\pertemuan4\public\index.php(45): CodeIgniter\CodeIgniter->run()
#7 C:\xampp\htdocs\pertemuan4\system\Commands\Server\rewrite.php(34): require_once('C:\\xampp\\htdocs...')
#8 {main}
CRITICAL - 2020-10-15 22:22:56 --> Call to undefined function form_open()
#0 C:\xampp\htdocs\pertemuan4\system\View\View.php(246): include()
#1 C:\xampp\htdocs\pertemuan4\system\Common.php(1119): CodeIgniter\View\View->render('pages/contact', Array, true)
#2 C:\xampp\htdocs\pertemuan4\app\Controllers\Pages.php(38): view('pages/contact', Array)
#3 C:\xampp\htdocs\pertemuan4\system\CodeIgniter.php(918): App\Controllers\Pages->contact()
#4 C:\xampp\htdocs\pertemuan4\system\CodeIgniter.php(404): CodeIgniter\CodeIgniter->runController(Object(App\Controllers\Pages))
#5 C:\xampp\htdocs\pertemuan4\system\CodeIgniter.php(312): CodeIgniter\CodeIgniter->handleRequest(NULL, Object(Config\Cache), false)
#6 C:\xampp\htdocs\pertemuan4\public\index.php(45): CodeIgniter\CodeIgniter->run()
#7 C:\xampp\htdocs\pertemuan4\system\Commands\Server\rewrite.php(34): require_once('C:\\xampp\\htdocs...')
#8 {main}
CRITICAL - 2020-10-15 22:23:16 --> Call to undefined function form_open()
#0 C:\xampp\htdocs\pertemuan4\system\View\View.php(246): include()
#1 C:\xampp\htdocs\pertemuan4\system\Common.php(1119): CodeIgniter\View\View->render('pages/contact', Array, true)
#2 C:\xampp\htdocs\pertemuan4\app\Controllers\Pages.php(39): view('pages/contact', Array)
#3 C:\xampp\htdocs\pertemuan4\system\CodeIgniter.php(918): App\Controllers\Pages->contact()
#4 C:\xampp\htdocs\pertemuan4\system\CodeIgniter.php(404): CodeIgniter\CodeIgniter->runController(Object(App\Controllers\Pages))
#5 C:\xampp\htdocs\pertemuan4\system\CodeIgniter.php(312): CodeIgniter\CodeIgniter->handleRequest(NULL, Object(Config\Cache), false)
#6 C:\xampp\htdocs\pertemuan4\public\index.php(45): CodeIgniter\CodeIgniter->run()
#7 C:\xampp\htdocs\pertemuan4\system\Commands\Server\rewrite.php(34): require_once('C:\\xampp\\htdocs...')
#8 {main}
CRITICAL - 2020-10-15 22:23:21 --> Call to undefined function form_open()
#0 C:\xampp\htdocs\pertemuan4\system\View\View.php(246): include()
#1 C:\xampp\htdocs\pertemuan4\system\Common.php(1119): CodeIgniter\View\View->render('pages/contact', Array, true)
#2 C:\xampp\htdocs\pertemuan4\app\Controllers\Pages.php(39): view('pages/contact', Array)
#3 C:\xampp\htdocs\pertemuan4\system\CodeIgniter.php(918): App\Controllers\Pages->contact()
#4 C:\xampp\htdocs\pertemuan4\system\CodeIgniter.php(404): CodeIgniter\CodeIgniter->runController(Object(App\Controllers\Pages))
#5 C:\xampp\htdocs\pertemuan4\system\CodeIgniter.php(312): CodeIgniter\CodeIgniter->handleRequest(NULL, Object(Config\Cache), false)
#6 C:\xampp\htdocs\pertemuan4\public\index.php(45): CodeIgniter\CodeIgniter->run()
#7 C:\xampp\htdocs\pertemuan4\system\Commands\Server\rewrite.php(34): require_once('C:\\xampp\\htdocs...')
#8 {main}
CRITICAL - 2020-10-15 22:46:29 --> Undefined variable: data
#0 C:\xampp\htdocs\pertemuan4\app\Controllers\Pages.php(50): CodeIgniter\Debug\Exceptions->errorHandler(8, 'Undefined varia...', 'C:\\xampp\\htdocs...', 50, Array)
#1 C:\xampp\htdocs\pertemuan4\system\CodeIgniter.php(918): App\Controllers\Pages->send_contact()
#2 C:\xampp\htdocs\pertemuan4\system\CodeIgniter.php(404): CodeIgniter\CodeIgniter->runController(Object(App\Controllers\Pages))
#3 C:\xampp\htdocs\pertemuan4\system\CodeIgniter.php(312): CodeIgniter\CodeIgniter->handleRequest(NULL, Object(Config\Cache), false)
#4 C:\xampp\htdocs\pertemuan4\public\index.php(45): CodeIgniter\CodeIgniter->run()
#5 C:\xampp\htdocs\pertemuan4\system\Commands\Server\rewrite.php(34): require_once('C:\\xampp\\htdocs...')
#6 {main}
CRITICAL - 2020-10-15 22:47:09 --> Undefined variable: title
#0 C:\xampp\htdocs\pertemuan4\app\Views\template.php(11): CodeIgniter\Debug\Exceptions->errorHandler(8, 'Undefined varia...', 'C:\\xampp\\htdocs...', 11, Array)
#1 C:\xampp\htdocs\pertemuan4\system\View\View.php(246): include('C:\\xampp\\htdocs...')
#2 C:\xampp\htdocs\pertemuan4\system\View\View.php(257): CodeIgniter\View\View->render('/template', Array, true)
#3 C:\xampp\htdocs\pertemuan4\system\Common.php(1119): CodeIgniter\View\View->render('pages/contact', Array, true)
#4 C:\xampp\htdocs\pertemuan4\app\Controllers\Pages.php(50): view('pages/contact')
#5 C:\xampp\htdocs\pertemuan4\system\CodeIgniter.php(918): App\Controllers\Pages->send_contact()
#6 C:\xampp\htdocs\pertemuan4\system\CodeIgniter.php(404): CodeIgniter\CodeIgniter->runController(Object(App\Controllers\Pages))
#7 C:\xampp\htdocs\pertemuan4\system\CodeIgniter.php(312): CodeIgniter\CodeIgniter->handleRequest(NULL, Object(Config\Cache), false)
#8 C:\xampp\htdocs\pertemuan4\public\index.php(45): CodeIgniter\CodeIgniter->run()
#9 C:\xampp\htdocs\pertemuan4\system\Commands\Server\rewrite.php(34): require_once('C:\\xampp\\htdocs...')
#10 {main}
