CRITICAL - 2021-01-30 00:17:03 --> Class 'App\Database\Seeds\ProductSeed' not found
#0 C:\xampp\htdocs\projek\system\Commands\Database\Seed.php(124): CodeIgniter\Database\Seeder->call('App\\Database\\Se...')
#1 C:\xampp\htdocs\projek\system\CLI\Commands.php(100): CodeIgniter\Commands\Database\Seed->run(Array)
#2 C:\xampp\htdocs\projek\system\CLI\CommandRunner.php(107): CodeIgniter\CLI\Commands->run('db:seed', Array)
#3 C:\xampp\htdocs\projek\system\CLI\CommandRunner.php(85): CodeIgniter\CLI\CommandRunner->index(Array)
#4 C:\xampp\htdocs\projek\system\CodeIgniter.php(914): CodeIgniter\CLI\CommandRunner->_remap('index', 'db:seed', 'ProductSeed')
#5 C:\xampp\htdocs\projek\system\CodeIgniter.php(404): CodeIgniter\CodeIgniter->runController(Object(CodeIgniter\CLI\CommandRunner))
#6 C:\xampp\htdocs\projek\system\CodeIgniter.php(312): CodeIgniter\CodeIgniter->handleRequest(NULL, Object(Config\Cache), false)
#7 C:\xampp\htdocs\projek\system\CLI\Console.php(86): CodeIgniter\CodeIgniter->run()
#8 C:\xampp\htdocs\projek\spark(57): CodeIgniter\CLI\Console->run()
#9 {main}
CRITICAL - 2021-01-30 00:19:38 --> bootstrap_pagination is not a valid Pager template.
#0 C:\xampp\htdocs\projek\system\Pager\Pager.php(182): CodeIgniter\Pager\Exceptions\PagerException::forInvalidTemplate('bootstrap_pagin...')
#1 C:\xampp\htdocs\projek\system\Pager\Pager.php(121): CodeIgniter\Pager\Pager->displayLinks('bootstrap', 'bootstrap_pagin...')
#2 C:\xampp\htdocs\projek\app\Views\admin\produk.php(38): CodeIgniter\Pager\Pager->links('bootstrap', 'bootstrap_pagin...')
#3 C:\xampp\htdocs\projek\system\View\View.php(246): include('C:\\xampp\\htdocs...')
#4 C:\xampp\htdocs\projek\system\Common.php(1119): CodeIgniter\View\View->render('admin/produk', Array, true)
#5 C:\xampp\htdocs\projek\app\Controllers\Produk.php(25): view('admin/produk', Array)
#6 C:\xampp\htdocs\projek\system\CodeIgniter.php(918): App\Controllers\Produk->index()
#7 C:\xampp\htdocs\projek\system\CodeIgniter.php(404): CodeIgniter\CodeIgniter->runController(Object(App\Controllers\Produk))
#8 C:\xampp\htdocs\projek\system\CodeIgniter.php(312): CodeIgniter\CodeIgniter->handleRequest(NULL, Object(Config\Cache), false)
#9 C:\xampp\htdocs\projek\public\index.php(45): CodeIgniter\CodeIgniter->run()
#10 C:\xampp\htdocs\projek\system\Commands\Server\rewrite.php(34): require_once('C:\\xampp\\htdocs...')
#11 {main}
CRITICAL - 2021-01-30 20:09:01 --> Unable to connect to the database.
#0 C:\xampp\htdocs\projek\system\Database\Database.php(109): CodeIgniter\Database\BaseConnection->initialize()
#1 C:\xampp\htdocs\projek\system\Database\Config.php(148): CodeIgniter\Database\Database->loadForge(Object(CodeIgniter\Database\MySQLi\Connection))
#2 C:\xampp\htdocs\projek\system\Database\Seeder.php(126): CodeIgniter\Database\Config::forge(NULL)
#3 C:\xampp\htdocs\projek\system\Commands\Database\Seed.php(107): CodeIgniter\Database\Seeder->__construct(Object(Config\Database))
#4 C:\xampp\htdocs\projek\system\CLI\Commands.php(100): CodeIgniter\Commands\Database\Seed->run(Array)
#5 C:\xampp\htdocs\projek\system\CLI\CommandRunner.php(107): CodeIgniter\CLI\Commands->run('db:seed', Array)
#6 C:\xampp\htdocs\projek\system\CLI\CommandRunner.php(85): CodeIgniter\CLI\CommandRunner->index(Array)
#7 C:\xampp\htdocs\projek\system\CodeIgniter.php(914): CodeIgniter\CLI\CommandRunner->_remap('index', 'db:seed', 'ProdukSeeder')
#8 C:\xampp\htdocs\projek\system\CodeIgniter.php(404): CodeIgniter\CodeIgniter->runController(Object(CodeIgniter\CLI\CommandRunner))
#9 C:\xampp\htdocs\projek\system\CodeIgniter.php(312): CodeIgniter\CodeIgniter->handleRequest(NULL, Object(Config\Cache), false)
#10 C:\xampp\htdocs\projek\system\CLI\Console.php(86): CodeIgniter\CodeIgniter->run()
#11 C:\xampp\htdocs\projek\spark(57): CodeIgniter\CLI\Console->run()
#12 {main}
CRITICAL - 2021-01-30 20:12:39 --> syntax error, unexpected ''nama_produk'' (T_CONSTANT_ENCAPSED_STRING), expecting ']'
#0 C:\xampp\htdocs\projek\system\Commands\Database\Seed.php(124): CodeIgniter\Database\Seeder->call('App\\Database\\Se...')
#1 C:\xampp\htdocs\projek\system\CLI\Commands.php(100): CodeIgniter\Commands\Database\Seed->run(Array)
#2 C:\xampp\htdocs\projek\system\CLI\CommandRunner.php(107): CodeIgniter\CLI\Commands->run('db:seed', Array)
#3 C:\xampp\htdocs\projek\system\CLI\CommandRunner.php(85): CodeIgniter\CLI\CommandRunner->index(Array)
#4 C:\xampp\htdocs\projek\system\CodeIgniter.php(914): CodeIgniter\CLI\CommandRunner->_remap('index', 'db:seed', 'ProdukSeeder')
#5 C:\xampp\htdocs\projek\system\CodeIgniter.php(404): CodeIgniter\CodeIgniter->runController(Object(CodeIgniter\CLI\CommandRunner))
#6 C:\xampp\htdocs\projek\system\CodeIgniter.php(312): CodeIgniter\CodeIgniter->handleRequest(NULL, Object(Config\Cache), false)
#7 C:\xampp\htdocs\projek\system\CLI\Console.php(86): CodeIgniter\CodeIgniter->run()
#8 C:\xampp\htdocs\projek\spark(57): CodeIgniter\CLI\Console->run()
#9 {main}
CRITICAL - 2021-01-30 20:51:24 --> syntax error, unexpected 'foto_produk' (T_STRING), expecting ')'
#0 C:\xampp\htdocs\projek\system\Common.php(1119): CodeIgniter\View\View->render('prestige/produc...', Array, true)
#1 C:\xampp\htdocs\projek\app\Controllers\Prestige.php(31): view('prestige/produc...', Array)
#2 C:\xampp\htdocs\projek\system\CodeIgniter.php(918): App\Controllers\Prestige->product()
#3 C:\xampp\htdocs\projek\system\CodeIgniter.php(404): CodeIgniter\CodeIgniter->runController(Object(App\Controllers\Prestige))
#4 C:\xampp\htdocs\projek\system\CodeIgniter.php(312): CodeIgniter\CodeIgniter->handleRequest(NULL, Object(Config\Cache), false)
#5 C:\xampp\htdocs\projek\public\index.php(45): CodeIgniter\CodeIgniter->run()
#6 C:\xampp\htdocs\projek\system\Commands\Server\rewrite.php(34): require_once('C:\\xampp\\htdocs...')
#7 {main}
CRITICAL - 2021-01-30 21:12:34 --> Invalid argument supplied for foreach()
#0 C:\xampp\htdocs\projek\app\Views\prestige\product.php(60): CodeIgniter\Debug\Exceptions->errorHandler(2, 'Invalid argumen...', 'C:\\xampp\\htdocs...', 60, Array)
#1 C:\xampp\htdocs\projek\system\View\View.php(246): include('C:\\xampp\\htdocs...')
#2 C:\xampp\htdocs\projek\system\Common.php(1119): CodeIgniter\View\View->render('prestige/produc...', Array, true)
#3 C:\xampp\htdocs\projek\app\Controllers\Prestige.php(31): view('prestige/produc...', Array)
#4 C:\xampp\htdocs\projek\system\CodeIgniter.php(918): App\Controllers\Prestige->product()
#5 C:\xampp\htdocs\projek\system\CodeIgniter.php(404): CodeIgniter\CodeIgniter->runController(Object(App\Controllers\Prestige))
#6 C:\xampp\htdocs\projek\system\CodeIgniter.php(312): CodeIgniter\CodeIgniter->handleRequest(NULL, Object(Config\Cache), false)
#7 C:\xampp\htdocs\projek\public\index.php(45): CodeIgniter\CodeIgniter->run()
#8 C:\xampp\htdocs\projek\system\Commands\Server\rewrite.php(34): require_once('C:\\xampp\\htdocs...')
#9 {main}
CRITICAL - 2021-01-30 21:50:52 --> Invalid argument supplied for foreach()
#0 C:\xampp\htdocs\projek\app\Views\prestige\product.php(69): CodeIgniter\Debug\Exceptions->errorHandler(2, 'Invalid argumen...', 'C:\\xampp\\htdocs...', 69, Array)
#1 C:\xampp\htdocs\projek\system\View\View.php(246): include('C:\\xampp\\htdocs...')
#2 C:\xampp\htdocs\projek\system\Common.php(1119): CodeIgniter\View\View->render('prestige/produc...', Array, true)
#3 C:\xampp\htdocs\projek\app\Controllers\Prestige.php(31): view('prestige/produc...', Array)
#4 C:\xampp\htdocs\projek\system\CodeIgniter.php(918): App\Controllers\Prestige->product()
#5 C:\xampp\htdocs\projek\system\CodeIgniter.php(404): CodeIgniter\CodeIgniter->runController(Object(App\Controllers\Prestige))
#6 C:\xampp\htdocs\projek\system\CodeIgniter.php(312): CodeIgniter\CodeIgniter->handleRequest(NULL, Object(Config\Cache), false)
#7 C:\xampp\htdocs\projek\public\index.php(45): CodeIgniter\CodeIgniter->run()
#8 C:\xampp\htdocs\projek\system\Commands\Server\rewrite.php(34): require_once('C:\\xampp\\htdocs...')
#9 {main}
CRITICAL - 2021-01-30 22:00:25 --> Invalid argument supplied for foreach()
#0 C:\xampp\htdocs\projek\app\Views\prestige\product.php(62): CodeIgniter\Debug\Exceptions->errorHandler(2, 'Invalid argumen...', 'C:\\xampp\\htdocs...', 62, Array)
#1 C:\xampp\htdocs\projek\system\View\View.php(246): include('C:\\xampp\\htdocs...')
#2 C:\xampp\htdocs\projek\system\Common.php(1119): CodeIgniter\View\View->render('prestige/produc...', Array, true)
#3 C:\xampp\htdocs\projek\app\Controllers\Prestige.php(31): view('prestige/produc...', Array)
#4 C:\xampp\htdocs\projek\system\CodeIgniter.php(918): App\Controllers\Prestige->product()
#5 C:\xampp\htdocs\projek\system\CodeIgniter.php(404): CodeIgniter\CodeIgniter->runController(Object(App\Controllers\Prestige))
#6 C:\xampp\htdocs\projek\system\CodeIgniter.php(312): CodeIgniter\CodeIgniter->handleRequest(NULL, Object(Config\Cache), false)
#7 C:\xampp\htdocs\projek\public\index.php(45): CodeIgniter\CodeIgniter->run()
#8 C:\xampp\htdocs\projek\system\Commands\Server\rewrite.php(34): require_once('C:\\xampp\\htdocs...')
#9 {main}
CRITICAL - 2021-01-30 22:19:18 --> bootstrap_pagination is not a valid Pager template.
#0 C:\xampp\htdocs\projek\system\Pager\Pager.php(182): CodeIgniter\Pager\Exceptions\PagerException::forInvalidTemplate('bootstrap_pagin...')
#1 C:\xampp\htdocs\projek\system\Pager\Pager.php(121): CodeIgniter\Pager\Pager->displayLinks('bootstrap', 'bootstrap_pagin...')
#2 C:\xampp\htdocs\projek\app\Views\admin\produk.php(38): CodeIgniter\Pager\Pager->links('bootstrap', 'bootstrap_pagin...')
#3 C:\xampp\htdocs\projek\system\View\View.php(246): include('C:\\xampp\\htdocs...')
#4 C:\xampp\htdocs\projek\system\Common.php(1119): CodeIgniter\View\View->render('admin/produk', Array, true)
#5 C:\xampp\htdocs\projek\app\Controllers\Produk.php(25): view('admin/produk', Array)
#6 C:\xampp\htdocs\projek\system\CodeIgniter.php(918): App\Controllers\Produk->index()
#7 C:\xampp\htdocs\projek\system\CodeIgniter.php(404): CodeIgniter\CodeIgniter->runController(Object(App\Controllers\Produk))
#8 C:\xampp\htdocs\projek\system\CodeIgniter.php(312): CodeIgniter\CodeIgniter->handleRequest(NULL, Object(Config\Cache), false)
#9 C:\xampp\htdocs\projek\public\index.php(45): CodeIgniter\CodeIgniter->run()
#10 C:\xampp\htdocs\projek\system\Commands\Server\rewrite.php(34): require_once('C:\\xampp\\htdocs...')
#11 {main}
CRITICAL - 2021-01-30 22:27:40 --> Invalid argument supplied for foreach()
#0 C:\xampp\htdocs\projek\app\Views\prestige\product.php(62): CodeIgniter\Debug\Exceptions->errorHandler(2, 'Invalid argumen...', 'C:\\xampp\\htdocs...', 62, Array)
#1 C:\xampp\htdocs\projek\system\View\View.php(246): include('C:\\xampp\\htdocs...')
#2 C:\xampp\htdocs\projek\system\Common.php(1119): CodeIgniter\View\View->render('prestige/produc...', Array, true)
#3 C:\xampp\htdocs\projek\app\Controllers\Prestige.php(31): view('prestige/produc...', Array)
#4 C:\xampp\htdocs\projek\system\CodeIgniter.php(918): App\Controllers\Prestige->product()
#5 C:\xampp\htdocs\projek\system\CodeIgniter.php(404): CodeIgniter\CodeIgniter->runController(Object(App\Controllers\Prestige))
#6 C:\xampp\htdocs\projek\system\CodeIgniter.php(312): CodeIgniter\CodeIgniter->handleRequest(NULL, Object(Config\Cache), false)
#7 C:\xampp\htdocs\projek\public\index.php(45): CodeIgniter\CodeIgniter->run()
#8 C:\xampp\htdocs\projek\system\Commands\Server\rewrite.php(34): require_once('C:\\xampp\\htdocs...')
#9 {main}
CRITICAL - 2021-01-30 22:27:56 --> bootstrap_pagination is not a valid Pager template.
#0 C:\xampp\htdocs\projek\system\Pager\Pager.php(182): CodeIgniter\Pager\Exceptions\PagerException::forInvalidTemplate('bootstrap_pagin...')
#1 C:\xampp\htdocs\projek\system\Pager\Pager.php(121): CodeIgniter\Pager\Pager->displayLinks('bootstrap', 'bootstrap_pagin...')
#2 C:\xampp\htdocs\projek\app\Views\admin\produk.php(38): CodeIgniter\Pager\Pager->links('bootstrap', 'bootstrap_pagin...')
#3 C:\xampp\htdocs\projek\system\View\View.php(246): include('C:\\xampp\\htdocs...')
#4 C:\xampp\htdocs\projek\system\Common.php(1119): CodeIgniter\View\View->render('admin/produk', Array, true)
#5 C:\xampp\htdocs\projek\app\Controllers\Produk.php(25): view('admin/produk', Array)
#6 C:\xampp\htdocs\projek\system\CodeIgniter.php(918): App\Controllers\Produk->index()
#7 C:\xampp\htdocs\projek\system\CodeIgniter.php(404): CodeIgniter\CodeIgniter->runController(Object(App\Controllers\Produk))
#8 C:\xampp\htdocs\projek\system\CodeIgniter.php(312): CodeIgniter\CodeIgniter->handleRequest(NULL, Object(Config\Cache), false)
#9 C:\xampp\htdocs\projek\public\index.php(45): CodeIgniter\CodeIgniter->run()
#10 C:\xampp\htdocs\projek\system\Commands\Server\rewrite.php(34): require_once('C:\\xampp\\htdocs...')
#11 {main}
CRITICAL - 2021-01-30 22:41:14 --> Invalid argument supplied for foreach()
#0 C:\xampp\htdocs\projek\app\Views\prestige\product.php(62): CodeIgniter\Debug\Exceptions->errorHandler(2, 'Invalid argumen...', 'C:\\xampp\\htdocs...', 62, Array)
#1 C:\xampp\htdocs\projek\system\View\View.php(246): include('C:\\xampp\\htdocs...')
#2 C:\xampp\htdocs\projek\system\Common.php(1119): CodeIgniter\View\View->render('prestige/produc...', Array, true)
#3 C:\xampp\htdocs\projek\app\Controllers\Prestige.php(31): view('prestige/produc...', Array)
#4 C:\xampp\htdocs\projek\system\CodeIgniter.php(918): App\Controllers\Prestige->product()
#5 C:\xampp\htdocs\projek\system\CodeIgniter.php(404): CodeIgniter\CodeIgniter->runController(Object(App\Controllers\Prestige))
#6 C:\xampp\htdocs\projek\system\CodeIgniter.php(312): CodeIgniter\CodeIgniter->handleRequest(NULL, Object(Config\Cache), false)
#7 C:\xampp\htdocs\projek\public\index.php(45): CodeIgniter\CodeIgniter->run()
#8 C:\xampp\htdocs\projek\system\Commands\Server\rewrite.php(34): require_once('C:\\xampp\\htdocs...')
#9 {main}
CRITICAL - 2021-01-30 22:51:32 --> Invalid argument supplied for foreach()
#0 C:\xampp\htdocs\projek\app\Views\prestige\product.php(62): CodeIgniter\Debug\Exceptions->errorHandler(2, 'Invalid argumen...', 'C:\\xampp\\htdocs...', 62, Array)
#1 C:\xampp\htdocs\projek\system\View\View.php(246): include('C:\\xampp\\htdocs...')
#2 C:\xampp\htdocs\projek\system\Common.php(1119): CodeIgniter\View\View->render('prestige/produc...', Array, true)
#3 C:\xampp\htdocs\projek\app\Controllers\Prestige.php(31): view('prestige/produc...', Array)
#4 C:\xampp\htdocs\projek\system\CodeIgniter.php(918): App\Controllers\Prestige->product()
#5 C:\xampp\htdocs\projek\system\CodeIgniter.php(404): CodeIgniter\CodeIgniter->runController(Object(App\Controllers\Prestige))
#6 C:\xampp\htdocs\projek\system\CodeIgniter.php(312): CodeIgniter\CodeIgniter->handleRequest(NULL, Object(Config\Cache), false)
#7 C:\xampp\htdocs\projek\public\index.php(45): CodeIgniter\CodeIgniter->run()
#8 C:\xampp\htdocs\projek\system\Commands\Server\rewrite.php(34): require_once('C:\\xampp\\htdocs...')
#9 {main}
CRITICAL - 2021-01-30 22:51:58 --> bootstrap_pagination is not a valid Pager template.
#0 C:\xampp\htdocs\projek\system\Pager\Pager.php(182): CodeIgniter\Pager\Exceptions\PagerException::forInvalidTemplate('bootstrap_pagin...')
#1 C:\xampp\htdocs\projek\system\Pager\Pager.php(121): CodeIgniter\Pager\Pager->displayLinks('bootstrap', 'bootstrap_pagin...')
#2 C:\xampp\htdocs\projek\app\Views\admin\produk.php(38): CodeIgniter\Pager\Pager->links('bootstrap', 'bootstrap_pagin...')
#3 C:\xampp\htdocs\projek\system\View\View.php(246): include('C:\\xampp\\htdocs...')
#4 C:\xampp\htdocs\projek\system\Common.php(1119): CodeIgniter\View\View->render('admin/produk', Array, true)
#5 C:\xampp\htdocs\projek\app\Controllers\Produk.php(25): view('admin/produk', Array)
#6 C:\xampp\htdocs\projek\system\CodeIgniter.php(918): App\Controllers\Produk->index()
#7 C:\xampp\htdocs\projek\system\CodeIgniter.php(404): CodeIgniter\CodeIgniter->runController(Object(App\Controllers\Produk))
#8 C:\xampp\htdocs\projek\system\CodeIgniter.php(312): CodeIgniter\CodeIgniter->handleRequest(NULL, Object(Config\Cache), false)
#9 C:\xampp\htdocs\projek\public\index.php(45): CodeIgniter\CodeIgniter->run()
#10 C:\xampp\htdocs\projek\system\Commands\Server\rewrite.php(34): require_once('C:\\xampp\\htdocs...')
#11 {main}
CRITICAL - 2021-01-30 22:56:52 --> Invalid argument supplied for foreach()
#0 C:\xampp\htdocs\projek\app\Views\prestige\product.php(62): CodeIgniter\Debug\Exceptions->errorHandler(2, 'Invalid argumen...', 'C:\\xampp\\htdocs...', 62, Array)
#1 C:\xampp\htdocs\projek\system\View\View.php(246): include('C:\\xampp\\htdocs...')
#2 C:\xampp\htdocs\projek\system\Common.php(1119): CodeIgniter\View\View->render('prestige/produc...', Array, true)
#3 C:\xampp\htdocs\projek\app\Controllers\Prestige.php(31): view('prestige/produc...', Array)
#4 C:\xampp\htdocs\projek\system\CodeIgniter.php(918): App\Controllers\Prestige->product()
#5 C:\xampp\htdocs\projek\system\CodeIgniter.php(404): CodeIgniter\CodeIgniter->runController(Object(App\Controllers\Prestige))
#6 C:\xampp\htdocs\projek\system\CodeIgniter.php(312): CodeIgniter\CodeIgniter->handleRequest(NULL, Object(Config\Cache), false)
#7 C:\xampp\htdocs\projek\public\index.php(45): CodeIgniter\CodeIgniter->run()
#8 C:\xampp\htdocs\projek\system\Commands\Server\rewrite.php(34): require_once('C:\\xampp\\htdocs...')
#9 {main}
CRITICAL - 2021-01-30 22:56:58 --> bootstrap_pagination is not a valid Pager template.
#0 C:\xampp\htdocs\projek\system\Pager\Pager.php(182): CodeIgniter\Pager\Exceptions\PagerException::forInvalidTemplate('bootstrap_pagin...')
#1 C:\xampp\htdocs\projek\system\Pager\Pager.php(121): CodeIgniter\Pager\Pager->displayLinks('bootstrap', 'bootstrap_pagin...')
#2 C:\xampp\htdocs\projek\app\Views\admin\produk.php(38): CodeIgniter\Pager\Pager->links('bootstrap', 'bootstrap_pagin...')
#3 C:\xampp\htdocs\projek\system\View\View.php(246): include('C:\\xampp\\htdocs...')
#4 C:\xampp\htdocs\projek\system\Common.php(1119): CodeIgniter\View\View->render('admin/produk', Array, true)
#5 C:\xampp\htdocs\projek\app\Controllers\Produk.php(25): view('admin/produk', Array)
#6 C:\xampp\htdocs\projek\system\CodeIgniter.php(918): App\Controllers\Produk->index()
#7 C:\xampp\htdocs\projek\system\CodeIgniter.php(404): CodeIgniter\CodeIgniter->runController(Object(App\Controllers\Produk))
#8 C:\xampp\htdocs\projek\system\CodeIgniter.php(312): CodeIgniter\CodeIgniter->handleRequest(NULL, Object(Config\Cache), false)
#9 C:\xampp\htdocs\projek\public\index.php(45): CodeIgniter\CodeIgniter->run()
#10 C:\xampp\htdocs\projek\system\Commands\Server\rewrite.php(34): require_once('C:\\xampp\\htdocs...')
#11 {main}
