CRITICAL - 2020-12-03 21:54:32 --> Unable to connect to the database.
#0 E:\STMIK WP\Pemrograman Web 3\TA 2020 - 2021\Projek\pertemuan9\system\Database\BaseConnection.php(646): CodeIgniter\Database\BaseConnection->initialize()
#1 E:\STMIK WP\Pemrograman Web 3\TA 2020 - 2021\Projek\pertemuan9\system\Database\BaseBuilder.php(1860): CodeIgniter\Database\BaseConnection->query('SELECT *\nFROM `...', Array, false)
#2 E:\STMIK WP\Pemrograman Web 3\TA 2020 - 2021\Projek\pertemuan9\system\Model.php(462): CodeIgniter\Database\BaseBuilder->get()
#3 E:\STMIK WP\Pemrograman Web 3\TA 2020 - 2021\Projek\pertemuan9\app\Controllers\Home.php(21): CodeIgniter\Model->findAll()
#4 E:\STMIK WP\Pemrograman Web 3\TA 2020 - 2021\Projek\pertemuan9\system\CodeIgniter.php(918): App\Controllers\Home->index()
#5 E:\STMIK WP\Pemrograman Web 3\TA 2020 - 2021\Projek\pertemuan9\system\CodeIgniter.php(404): CodeIgniter\CodeIgniter->runController(Object(App\Controllers\Home))
#6 E:\STMIK WP\Pemrograman Web 3\TA 2020 - 2021\Projek\pertemuan9\system\CodeIgniter.php(312): CodeIgniter\CodeIgniter->handleRequest(NULL, Object(Config\Cache), false)
#7 E:\STMIK WP\Pemrograman Web 3\TA 2020 - 2021\Projek\pertemuan9\public\index.php(45): CodeIgniter\CodeIgniter->run()
#8 E:\STMIK WP\Pemrograman Web 3\TA 2020 - 2021\Projek\pertemuan9\system\Commands\Server\rewrite.php(34): require_once('E:\\STMIK WP\\Pem...')
#9 {main}
CRITICAL - 2020-12-03 21:55:35 --> Unable to connect to the database.
#0 E:\STMIK WP\Pemrograman Web 3\TA 2020 - 2021\Projek\pertemuan9\system\Database\BaseConnection.php(646): CodeIgniter\Database\BaseConnection->initialize()
#1 E:\STMIK WP\Pemrograman Web 3\TA 2020 - 2021\Projek\pertemuan9\system\Database\BaseBuilder.php(1860): CodeIgniter\Database\BaseConnection->query('SELECT *\nFROM `...', Array, false)
#2 E:\STMIK WP\Pemrograman Web 3\TA 2020 - 2021\Projek\pertemuan9\system\Model.php(462): CodeIgniter\Database\BaseBuilder->get()
#3 E:\STMIK WP\Pemrograman Web 3\TA 2020 - 2021\Projek\pertemuan9\app\Controllers\Home.php(21): CodeIgniter\Model->findAll()
#4 E:\STMIK WP\Pemrograman Web 3\TA 2020 - 2021\Projek\pertemuan9\system\CodeIgniter.php(918): App\Controllers\Home->index()
#5 E:\STMIK WP\Pemrograman Web 3\TA 2020 - 2021\Projek\pertemuan9\system\CodeIgniter.php(404): CodeIgniter\CodeIgniter->runController(Object(App\Controllers\Home))
#6 E:\STMIK WP\Pemrograman Web 3\TA 2020 - 2021\Projek\pertemuan9\system\CodeIgniter.php(312): CodeIgniter\CodeIgniter->handleRequest(NULL, Object(Config\Cache), false)
#7 E:\STMIK WP\Pemrograman Web 3\TA 2020 - 2021\Projek\pertemuan9\public\index.php(45): CodeIgniter\CodeIgniter->run()
#8 E:\STMIK WP\Pemrograman Web 3\TA 2020 - 2021\Projek\pertemuan9\system\Commands\Server\rewrite.php(34): require_once('E:\\STMIK WP\\Pem...')
#9 {main}
