CRITICAL - 2021-01-31 02:55:50 --> Invalid argument supplied for foreach()
#0 C:\xampp\htdocs\projek\app\Views\prestige\product.php(62): CodeIgniter\Debug\Exceptions->errorHandler(2, 'Invalid argumen...', 'C:\\xampp\\htdocs...', 62, Array)
#1 C:\xampp\htdocs\projek\system\View\View.php(246): include('C:\\xampp\\htdocs...')
#2 C:\xampp\htdocs\projek\system\Common.php(1119): CodeIgniter\View\View->render('prestige/produc...', Array, true)
#3 C:\xampp\htdocs\projek\app\Controllers\Prestige.php(31): view('prestige/produc...', Array)
#4 C:\xampp\htdocs\projek\system\CodeIgniter.php(918): App\Controllers\Prestige->product()
#5 C:\xampp\htdocs\projek\system\CodeIgniter.php(404): CodeIgniter\CodeIgniter->runController(Object(App\Controllers\Prestige))
#6 C:\xampp\htdocs\projek\system\CodeIgniter.php(312): CodeIgniter\CodeIgniter->handleRequest(NULL, Object(Config\Cache), false)
#7 C:\xampp\htdocs\projek\public\index.php(45): CodeIgniter\CodeIgniter->run()
#8 C:\xampp\htdocs\projek\system\Commands\Server\rewrite.php(34): require_once('C:\\xampp\\htdocs...')
#9 {main}
CRITICAL - 2021-01-31 02:56:02 --> Invalid argument supplied for foreach()
#0 C:\xampp\htdocs\projek\app\Views\prestige\product.php(62): CodeIgniter\Debug\Exceptions->errorHandler(2, 'Invalid argumen...', 'C:\\xampp\\htdocs...', 62, Array)
#1 C:\xampp\htdocs\projek\system\View\View.php(246): include('C:\\xampp\\htdocs...')
#2 C:\xampp\htdocs\projek\system\Common.php(1119): CodeIgniter\View\View->render('prestige/produc...', Array, true)
#3 C:\xampp\htdocs\projek\app\Controllers\Prestige.php(31): view('prestige/produc...', Array)
#4 C:\xampp\htdocs\projek\system\CodeIgniter.php(918): App\Controllers\Prestige->product()
#5 C:\xampp\htdocs\projek\system\CodeIgniter.php(404): CodeIgniter\CodeIgniter->runController(Object(App\Controllers\Prestige))
#6 C:\xampp\htdocs\projek\system\CodeIgniter.php(312): CodeIgniter\CodeIgniter->handleRequest(NULL, Object(Config\Cache), false)
#7 C:\xampp\htdocs\projek\public\index.php(45): CodeIgniter\CodeIgniter->run()
#8 C:\xampp\htdocs\projek\system\Commands\Server\rewrite.php(34): require_once('C:\\xampp\\htdocs...')
#9 {main}
CRITICAL - 2021-01-31 06:03:50 --> Invalid argument supplied for foreach()
#0 C:\xampp\htdocs\projek\app\Views\prestige\product.php(62): CodeIgniter\Debug\Exceptions->errorHandler(2, 'Invalid argumen...', 'C:\\xampp\\htdocs...', 62, Array)
#1 C:\xampp\htdocs\projek\system\View\View.php(246): include('C:\\xampp\\htdocs...')
#2 C:\xampp\htdocs\projek\system\Common.php(1119): CodeIgniter\View\View->render('prestige/produc...', Array, true)
#3 C:\xampp\htdocs\projek\app\Controllers\Prestige.php(31): view('prestige/produc...', Array)
#4 C:\xampp\htdocs\projek\system\CodeIgniter.php(918): App\Controllers\Prestige->product()
#5 C:\xampp\htdocs\projek\system\CodeIgniter.php(404): CodeIgniter\CodeIgniter->runController(Object(App\Controllers\Prestige))
#6 C:\xampp\htdocs\projek\system\CodeIgniter.php(312): CodeIgniter\CodeIgniter->handleRequest(NULL, Object(Config\Cache), false)
#7 C:\xampp\htdocs\projek\public\index.php(45): CodeIgniter\CodeIgniter->run()
#8 C:\xampp\htdocs\projek\system\Commands\Server\rewrite.php(34): require_once('C:\\xampp\\htdocs...')
#9 {main}
CRITICAL - 2021-01-31 06:15:40 --> Invalid argument supplied for foreach()
#0 C:\xampp\htdocs\projek\app\Views\prestige\product.php(63): CodeIgniter\Debug\Exceptions->errorHandler(2, 'Invalid argumen...', 'C:\\xampp\\htdocs...', 63, Array)
#1 C:\xampp\htdocs\projek\system\View\View.php(246): include('C:\\xampp\\htdocs...')
#2 C:\xampp\htdocs\projek\system\Common.php(1119): CodeIgniter\View\View->render('prestige/produc...', Array, true)
#3 C:\xampp\htdocs\projek\app\Controllers\Prestige.php(31): view('prestige/produc...', Array)
#4 C:\xampp\htdocs\projek\system\CodeIgniter.php(918): App\Controllers\Prestige->product()
#5 C:\xampp\htdocs\projek\system\CodeIgniter.php(404): CodeIgniter\CodeIgniter->runController(Object(App\Controllers\Prestige))
#6 C:\xampp\htdocs\projek\system\CodeIgniter.php(312): CodeIgniter\CodeIgniter->handleRequest(NULL, Object(Config\Cache), false)
#7 C:\xampp\htdocs\projek\public\index.php(45): CodeIgniter\CodeIgniter->run()
#8 C:\xampp\htdocs\projek\system\Commands\Server\rewrite.php(34): require_once('C:\\xampp\\htdocs...')
#9 {main}
CRITICAL - 2021-01-31 06:17:18 --> Invalid argument supplied for foreach()
#0 C:\xampp\htdocs\projek\app\Views\prestige\product.php(63): CodeIgniter\Debug\Exceptions->errorHandler(2, 'Invalid argumen...', 'C:\\xampp\\htdocs...', 63, Array)
#1 C:\xampp\htdocs\projek\system\View\View.php(246): include('C:\\xampp\\htdocs...')
#2 C:\xampp\htdocs\projek\system\Common.php(1119): CodeIgniter\View\View->render('prestige/produc...', Array, true)
#3 C:\xampp\htdocs\projek\app\Controllers\Prestige.php(31): view('prestige/produc...', Array)
#4 C:\xampp\htdocs\projek\system\CodeIgniter.php(918): App\Controllers\Prestige->product()
#5 C:\xampp\htdocs\projek\system\CodeIgniter.php(404): CodeIgniter\CodeIgniter->runController(Object(App\Controllers\Prestige))
#6 C:\xampp\htdocs\projek\system\CodeIgniter.php(312): CodeIgniter\CodeIgniter->handleRequest(NULL, Object(Config\Cache), false)
#7 C:\xampp\htdocs\projek\public\index.php(45): CodeIgniter\CodeIgniter->run()
#8 C:\xampp\htdocs\projek\system\Commands\Server\rewrite.php(34): require_once('C:\\xampp\\htdocs...')
#9 {main}
CRITICAL - 2021-01-31 06:17:20 --> Invalid argument supplied for foreach()
#0 C:\xampp\htdocs\projek\app\Views\prestige\product.php(63): CodeIgniter\Debug\Exceptions->errorHandler(2, 'Invalid argumen...', 'C:\\xampp\\htdocs...', 63, Array)
#1 C:\xampp\htdocs\projek\system\View\View.php(246): include('C:\\xampp\\htdocs...')
#2 C:\xampp\htdocs\projek\system\Common.php(1119): CodeIgniter\View\View->render('prestige/produc...', Array, true)
#3 C:\xampp\htdocs\projek\app\Controllers\Prestige.php(31): view('prestige/produc...', Array)
#4 C:\xampp\htdocs\projek\system\CodeIgniter.php(918): App\Controllers\Prestige->product()
#5 C:\xampp\htdocs\projek\system\CodeIgniter.php(404): CodeIgniter\CodeIgniter->runController(Object(App\Controllers\Prestige))
#6 C:\xampp\htdocs\projek\system\CodeIgniter.php(312): CodeIgniter\CodeIgniter->handleRequest(NULL, Object(Config\Cache), false)
#7 C:\xampp\htdocs\projek\public\index.php(45): CodeIgniter\CodeIgniter->run()
#8 C:\xampp\htdocs\projek\system\Commands\Server\rewrite.php(34): require_once('C:\\xampp\\htdocs...')
#9 {main}
CRITICAL - 2021-01-31 06:19:15 --> Invalid argument supplied for foreach()
#0 C:\xampp\htdocs\projek\app\Views\prestige\product.php(63): CodeIgniter\Debug\Exceptions->errorHandler(2, 'Invalid argumen...', 'C:\\xampp\\htdocs...', 63, Array)
#1 C:\xampp\htdocs\projek\system\View\View.php(246): include('C:\\xampp\\htdocs...')
#2 C:\xampp\htdocs\projek\system\Common.php(1119): CodeIgniter\View\View->render('prestige/produc...', Array, true)
#3 C:\xampp\htdocs\projek\app\Controllers\Prestige.php(31): view('prestige/produc...', Array)
#4 C:\xampp\htdocs\projek\system\CodeIgniter.php(918): App\Controllers\Prestige->product()
#5 C:\xampp\htdocs\projek\system\CodeIgniter.php(404): CodeIgniter\CodeIgniter->runController(Object(App\Controllers\Prestige))
#6 C:\xampp\htdocs\projek\system\CodeIgniter.php(312): CodeIgniter\CodeIgniter->handleRequest(NULL, Object(Config\Cache), false)
#7 C:\xampp\htdocs\projek\public\index.php(45): CodeIgniter\CodeIgniter->run()
#8 C:\xampp\htdocs\projek\system\Commands\Server\rewrite.php(34): require_once('C:\\xampp\\htdocs...')
#9 {main}
CRITICAL - 2021-01-31 06:26:25 --> Cannot use App\Models\Produk_model as Produk_model because the name is already in use
#0 [internal function]: CodeIgniter\Debug\Exceptions->shutdownHandler()
#1 {main}
CRITICAL - 2021-01-31 06:27:53 --> Invalid argument supplied for foreach()
#0 C:\xampp\htdocs\projek\app\Views\prestige\product.php(63): CodeIgniter\Debug\Exceptions->errorHandler(2, 'Invalid argumen...', 'C:\\xampp\\htdocs...', 63, Array)
#1 C:\xampp\htdocs\projek\system\View\View.php(246): include('C:\\xampp\\htdocs...')
#2 C:\xampp\htdocs\projek\system\Common.php(1119): CodeIgniter\View\View->render('prestige/produc...', Array, true)
#3 C:\xampp\htdocs\projek\app\Controllers\Prestige.php(31): view('prestige/produc...', Array)
#4 C:\xampp\htdocs\projek\system\CodeIgniter.php(918): App\Controllers\Prestige->product()
#5 C:\xampp\htdocs\projek\system\CodeIgniter.php(404): CodeIgniter\CodeIgniter->runController(Object(App\Controllers\Prestige))
#6 C:\xampp\htdocs\projek\system\CodeIgniter.php(312): CodeIgniter\CodeIgniter->handleRequest(NULL, Object(Config\Cache), false)
#7 C:\xampp\htdocs\projek\public\index.php(45): CodeIgniter\CodeIgniter->run()
#8 C:\xampp\htdocs\projek\system\Commands\Server\rewrite.php(34): require_once('C:\\xampp\\htdocs...')
#9 {main}
CRITICAL - 2021-01-31 06:30:01 --> Class 'Config\App\Filters\Auth' not found
#0 C:\xampp\htdocs\projek\system\CodeIgniter.php(382): CodeIgniter\Filters\Filters->run('home', 'before')
#1 C:\xampp\htdocs\projek\system\CodeIgniter.php(312): CodeIgniter\CodeIgniter->handleRequest(NULL, Object(Config\Cache), false)
#2 C:\xampp\htdocs\projek\public\index.php(45): CodeIgniter\CodeIgniter->run()
#3 C:\xampp\htdocs\projek\system\Commands\Server\rewrite.php(34): require_once('C:\\xampp\\htdocs...')
#4 {main}
CRITICAL - 2021-01-31 06:30:12 --> Invalid argument supplied for foreach()
#0 C:\xampp\htdocs\projek\app\Views\prestige\product.php(63): CodeIgniter\Debug\Exceptions->errorHandler(2, 'Invalid argumen...', 'C:\\xampp\\htdocs...', 63, Array)
#1 C:\xampp\htdocs\projek\system\View\View.php(246): include('C:\\xampp\\htdocs...')
#2 C:\xampp\htdocs\projek\system\Common.php(1119): CodeIgniter\View\View->render('prestige/produc...', Array, true)
#3 C:\xampp\htdocs\projek\app\Controllers\Prestige.php(31): view('prestige/produc...', Array)
#4 C:\xampp\htdocs\projek\system\CodeIgniter.php(918): App\Controllers\Prestige->product()
#5 C:\xampp\htdocs\projek\system\CodeIgniter.php(404): CodeIgniter\CodeIgniter->runController(Object(App\Controllers\Prestige))
#6 C:\xampp\htdocs\projek\system\CodeIgniter.php(312): CodeIgniter\CodeIgniter->handleRequest(NULL, Object(Config\Cache), false)
#7 C:\xampp\htdocs\projek\public\index.php(45): CodeIgniter\CodeIgniter->run()
#8 C:\xampp\htdocs\projek\system\Commands\Server\rewrite.php(34): require_once('C:\\xampp\\htdocs...')
#9 {main}
CRITICAL - 2021-01-31 06:30:36 --> syntax error, unexpected 'endforeach' (T_ENDFOREACH), expecting end of file
#0 C:\xampp\htdocs\projek\system\Common.php(1119): CodeIgniter\View\View->render('prestige/produc...', Array, true)
#1 C:\xampp\htdocs\projek\app\Controllers\Prestige.php(31): view('prestige/produc...', Array)
#2 C:\xampp\htdocs\projek\system\CodeIgniter.php(918): App\Controllers\Prestige->product()
#3 C:\xampp\htdocs\projek\system\CodeIgniter.php(404): CodeIgniter\CodeIgniter->runController(Object(App\Controllers\Prestige))
#4 C:\xampp\htdocs\projek\system\CodeIgniter.php(312): CodeIgniter\CodeIgniter->handleRequest(NULL, Object(Config\Cache), false)
#5 C:\xampp\htdocs\projek\public\index.php(45): CodeIgniter\CodeIgniter->run()
#6 C:\xampp\htdocs\projek\system\Commands\Server\rewrite.php(34): require_once('C:\\xampp\\htdocs...')
#7 {main}
CRITICAL - 2021-01-31 06:30:56 --> Invalid argument supplied for foreach()
#0 C:\xampp\htdocs\projek\app\Views\prestige\product.php(63): CodeIgniter\Debug\Exceptions->errorHandler(2, 'Invalid argumen...', 'C:\\xampp\\htdocs...', 63, Array)
#1 C:\xampp\htdocs\projek\system\View\View.php(246): include('C:\\xampp\\htdocs...')
#2 C:\xampp\htdocs\projek\system\Common.php(1119): CodeIgniter\View\View->render('prestige/produc...', Array, true)
#3 C:\xampp\htdocs\projek\app\Controllers\Prestige.php(31): view('prestige/produc...', Array)
#4 C:\xampp\htdocs\projek\system\CodeIgniter.php(918): App\Controllers\Prestige->product()
#5 C:\xampp\htdocs\projek\system\CodeIgniter.php(404): CodeIgniter\CodeIgniter->runController(Object(App\Controllers\Prestige))
#6 C:\xampp\htdocs\projek\system\CodeIgniter.php(312): CodeIgniter\CodeIgniter->handleRequest(NULL, Object(Config\Cache), false)
#7 C:\xampp\htdocs\projek\public\index.php(45): CodeIgniter\CodeIgniter->run()
#8 C:\xampp\htdocs\projek\system\Commands\Server\rewrite.php(34): require_once('C:\\xampp\\htdocs...')
#9 {main}
CRITICAL - 2021-01-31 06:36:49 --> Call to a member function findAll() on null
#0 C:\xampp\htdocs\projek\system\CodeIgniter.php(918): App\Controllers\Prestige->product()
#1 C:\xampp\htdocs\projek\system\CodeIgniter.php(404): CodeIgniter\CodeIgniter->runController(Object(App\Controllers\Prestige))
#2 C:\xampp\htdocs\projek\system\CodeIgniter.php(312): CodeIgniter\CodeIgniter->handleRequest(NULL, Object(Config\Cache), false)
#3 C:\xampp\htdocs\projek\public\index.php(45): CodeIgniter\CodeIgniter->run()
#4 C:\xampp\htdocs\projek\system\Commands\Server\rewrite.php(34): require_once('C:\\xampp\\htdocs...')
#5 {main}
CRITICAL - 2021-01-31 06:38:44 --> Call to a member function findAll() on null
#0 C:\xampp\htdocs\projek\system\CodeIgniter.php(918): App\Controllers\Prestige->product()
#1 C:\xampp\htdocs\projek\system\CodeIgniter.php(404): CodeIgniter\CodeIgniter->runController(Object(App\Controllers\Prestige))
#2 C:\xampp\htdocs\projek\system\CodeIgniter.php(312): CodeIgniter\CodeIgniter->handleRequest(NULL, Object(Config\Cache), false)
#3 C:\xampp\htdocs\projek\public\index.php(45): CodeIgniter\CodeIgniter->run()
#4 C:\xampp\htdocs\projek\system\Commands\Server\rewrite.php(34): require_once('C:\\xampp\\htdocs...')
#5 {main}
CRITICAL - 2021-01-31 06:39:31 --> Cannot use App\Models\Produk_model as Produk_model because the name is already in use
#0 [internal function]: CodeIgniter\Debug\Exceptions->shutdownHandler()
#1 {main}
CRITICAL - 2021-01-31 06:43:18 --> Cannot use App\Models\Produk_model as Produk_model because the name is already in use
#0 [internal function]: CodeIgniter\Debug\Exceptions->shutdownHandler()
#1 {main}
CRITICAL - 2021-01-31 06:45:04 --> Cannot use App\Models\Produk_model as Produk_model because the name is already in use
#0 [internal function]: CodeIgniter\Debug\Exceptions->shutdownHandler()
#1 {main}
CRITICAL - 2021-01-31 06:46:28 --> Cannot use App\Models\Produk_model as Produk_model because the name is already in use
#0 [internal function]: CodeIgniter\Debug\Exceptions->shutdownHandler()
#1 {main}
CRITICAL - 2021-01-31 06:46:56 --> bootstrap_pagination is not a valid Pager template.
#0 C:\xampp\htdocs\projek\system\Pager\Pager.php(182): CodeIgniter\Pager\Exceptions\PagerException::forInvalidTemplate('bootstrap_pagin...')
#1 C:\xampp\htdocs\projek\system\Pager\Pager.php(121): CodeIgniter\Pager\Pager->displayLinks('bootstrap', 'bootstrap_pagin...')
#2 C:\xampp\htdocs\projek\app\Views\admin\produk.php(38): CodeIgniter\Pager\Pager->links('bootstrap', 'bootstrap_pagin...')
#3 C:\xampp\htdocs\projek\system\View\View.php(246): include('C:\\xampp\\htdocs...')
#4 C:\xampp\htdocs\projek\system\Common.php(1119): CodeIgniter\View\View->render('admin/produk', Array, true)
#5 C:\xampp\htdocs\projek\app\Controllers\Produk.php(26): view('admin/produk', Array)
#6 C:\xampp\htdocs\projek\system\CodeIgniter.php(918): App\Controllers\Produk->index()
#7 C:\xampp\htdocs\projek\system\CodeIgniter.php(404): CodeIgniter\CodeIgniter->runController(Object(App\Controllers\Produk))
#8 C:\xampp\htdocs\projek\system\CodeIgniter.php(312): CodeIgniter\CodeIgniter->handleRequest(NULL, Object(Config\Cache), false)
#9 C:\xampp\htdocs\projek\public\index.php(45): CodeIgniter\CodeIgniter->run()
#10 C:\xampp\htdocs\projek\system\Commands\Server\rewrite.php(34): require_once('C:\\xampp\\htdocs...')
#11 {main}
CRITICAL - 2021-01-31 06:53:32 --> bootstrap_pagination is not a valid Pager template.
#0 C:\xampp\htdocs\projek\system\Pager\Pager.php(182): CodeIgniter\Pager\Exceptions\PagerException::forInvalidTemplate('bootstrap_pagin...')
#1 C:\xampp\htdocs\projek\system\Pager\Pager.php(121): CodeIgniter\Pager\Pager->displayLinks('bootstrap', 'bootstrap_pagin...')
#2 C:\xampp\htdocs\projek\app\Views\admin\produk.php(38): CodeIgniter\Pager\Pager->links('bootstrap', 'bootstrap_pagin...')
#3 C:\xampp\htdocs\projek\system\View\View.php(246): include('C:\\xampp\\htdocs...')
#4 C:\xampp\htdocs\projek\system\Common.php(1119): CodeIgniter\View\View->render('admin/produk', Array, true)
#5 C:\xampp\htdocs\projek\app\Controllers\Produk.php(26): view('admin/produk', Array)
#6 C:\xampp\htdocs\projek\system\CodeIgniter.php(918): App\Controllers\Produk->index()
#7 C:\xampp\htdocs\projek\system\CodeIgniter.php(404): CodeIgniter\CodeIgniter->runController(Object(App\Controllers\Produk))
#8 C:\xampp\htdocs\projek\system\CodeIgniter.php(312): CodeIgniter\CodeIgniter->handleRequest(NULL, Object(Config\Cache), false)
#9 C:\xampp\htdocs\projek\public\index.php(45): CodeIgniter\CodeIgniter->run()
#10 C:\xampp\htdocs\projek\system\Commands\Server\rewrite.php(34): require_once('C:\\xampp\\htdocs...')
#11 {main}
CRITICAL - 2021-01-31 06:57:18 --> bootstrap_pagination is not a valid Pager template.
#0 C:\xampp\htdocs\projek\system\Pager\Pager.php(182): CodeIgniter\Pager\Exceptions\PagerException::forInvalidTemplate('bootstrap_pagin...')
#1 C:\xampp\htdocs\projek\system\Pager\Pager.php(121): CodeIgniter\Pager\Pager->displayLinks('bootstrap', 'bootstrap_pagin...')
#2 C:\xampp\htdocs\projek\app\Views\admin\produk.php(38): CodeIgniter\Pager\Pager->links('bootstrap', 'bootstrap_pagin...')
#3 C:\xampp\htdocs\projek\system\View\View.php(246): include('C:\\xampp\\htdocs...')
#4 C:\xampp\htdocs\projek\system\Common.php(1119): CodeIgniter\View\View->render('admin/produk', Array, true)
#5 C:\xampp\htdocs\projek\app\Controllers\Produk.php(26): view('admin/produk', Array)
#6 C:\xampp\htdocs\projek\system\CodeIgniter.php(918): App\Controllers\Produk->index()
#7 C:\xampp\htdocs\projek\system\CodeIgniter.php(404): CodeIgniter\CodeIgniter->runController(Object(App\Controllers\Produk))
#8 C:\xampp\htdocs\projek\system\CodeIgniter.php(312): CodeIgniter\CodeIgniter->handleRequest(NULL, Object(Config\Cache), false)
#9 C:\xampp\htdocs\projek\public\index.php(45): CodeIgniter\CodeIgniter->run()
#10 C:\xampp\htdocs\projek\system\Commands\Server\rewrite.php(34): require_once('C:\\xampp\\htdocs...')
#11 {main}
CRITICAL - 2021-01-31 06:58:52 --> bootstrap_pagination is not a valid Pager template.
#0 C:\xampp\htdocs\projek\system\Pager\Pager.php(182): CodeIgniter\Pager\Exceptions\PagerException::forInvalidTemplate('bootstrap_pagin...')
#1 C:\xampp\htdocs\projek\system\Pager\Pager.php(121): CodeIgniter\Pager\Pager->displayLinks('bootstrap', 'bootstrap_pagin...')
#2 C:\xampp\htdocs\projek\app\Views\admin\produk.php(38): CodeIgniter\Pager\Pager->links('bootstrap', 'bootstrap_pagin...')
#3 C:\xampp\htdocs\projek\system\View\View.php(246): include('C:\\xampp\\htdocs...')
#4 C:\xampp\htdocs\projek\system\Common.php(1119): CodeIgniter\View\View->render('admin/produk', Array, true)
#5 C:\xampp\htdocs\projek\app\Controllers\Produk.php(26): view('admin/produk', Array)
#6 C:\xampp\htdocs\projek\system\CodeIgniter.php(918): App\Controllers\Produk->index()
#7 C:\xampp\htdocs\projek\system\CodeIgniter.php(404): CodeIgniter\CodeIgniter->runController(Object(App\Controllers\Produk))
#8 C:\xampp\htdocs\projek\system\CodeIgniter.php(312): CodeIgniter\CodeIgniter->handleRequest(NULL, Object(Config\Cache), false)
#9 C:\xampp\htdocs\projek\public\index.php(45): CodeIgniter\CodeIgniter->run()
#10 C:\xampp\htdocs\projek\system\Commands\Server\rewrite.php(34): require_once('C:\\xampp\\htdocs...')
#11 {main}
CRITICAL - 2021-01-31 07:00:10 --> bootstrap_pagination is not a valid Pager template.
#0 C:\xampp\htdocs\projek\system\Pager\Pager.php(182): CodeIgniter\Pager\Exceptions\PagerException::forInvalidTemplate('bootstrap_pagin...')
#1 C:\xampp\htdocs\projek\system\Pager\Pager.php(121): CodeIgniter\Pager\Pager->displayLinks('bootstrap', 'bootstrap_pagin...')
#2 C:\xampp\htdocs\projek\app\Views\admin\produk.php(38): CodeIgniter\Pager\Pager->links('bootstrap', 'bootstrap_pagin...')
#3 C:\xampp\htdocs\projek\system\View\View.php(246): include('C:\\xampp\\htdocs...')
#4 C:\xampp\htdocs\projek\system\Common.php(1119): CodeIgniter\View\View->render('admin/produk', Array, true)
#5 C:\xampp\htdocs\projek\app\Controllers\Produk.php(26): view('admin/produk', Array)
#6 C:\xampp\htdocs\projek\system\CodeIgniter.php(918): App\Controllers\Produk->index()
#7 C:\xampp\htdocs\projek\system\CodeIgniter.php(404): CodeIgniter\CodeIgniter->runController(Object(App\Controllers\Produk))
#8 C:\xampp\htdocs\projek\system\CodeIgniter.php(312): CodeIgniter\CodeIgniter->handleRequest(NULL, Object(Config\Cache), false)
#9 C:\xampp\htdocs\projek\public\index.php(45): CodeIgniter\CodeIgniter->run()
#10 C:\xampp\htdocs\projek\system\Commands\Server\rewrite.php(34): require_once('C:\\xampp\\htdocs...')
#11 {main}
CRITICAL - 2021-01-31 07:05:57 --> Call to a member function findAll() on null
#0 C:\xampp\htdocs\projek\system\CodeIgniter.php(918): App\Controllers\Prestige->product()
#1 C:\xampp\htdocs\projek\system\CodeIgniter.php(404): CodeIgniter\CodeIgniter->runController(Object(App\Controllers\Prestige))
#2 C:\xampp\htdocs\projek\system\CodeIgniter.php(312): CodeIgniter\CodeIgniter->handleRequest(NULL, Object(Config\Cache), false)
#3 C:\xampp\htdocs\projek\public\index.php(45): CodeIgniter\CodeIgniter->run()
#4 C:\xampp\htdocs\projek\system\Commands\Server\rewrite.php(34): require_once('C:\\xampp\\htdocs...')
#5 {main}
CRITICAL - 2021-01-31 07:08:25 --> Cannot use App\Models\Produk_model as Produk_model because the name is already in use
#0 [internal function]: CodeIgniter\Debug\Exceptions->shutdownHandler()
#1 {main}
CRITICAL - 2021-01-31 07:08:39 --> Call to undefined function character_limiter()
#0 C:\xampp\htdocs\projek\system\View\View.php(246): include()
#1 C:\xampp\htdocs\projek\system\Common.php(1119): CodeIgniter\View\View->render('prestige/produc...', Array, true)
#2 C:\xampp\htdocs\projek\app\Controllers\Prestige.php(34): view('prestige/produc...', Array)
#3 C:\xampp\htdocs\projek\system\CodeIgniter.php(918): App\Controllers\Prestige->product()
#4 C:\xampp\htdocs\projek\system\CodeIgniter.php(404): CodeIgniter\CodeIgniter->runController(Object(App\Controllers\Prestige))
#5 C:\xampp\htdocs\projek\system\CodeIgniter.php(312): CodeIgniter\CodeIgniter->handleRequest(NULL, Object(Config\Cache), false)
#6 C:\xampp\htdocs\projek\public\index.php(45): CodeIgniter\CodeIgniter->run()
#7 C:\xampp\htdocs\projek\system\Commands\Server\rewrite.php(34): require_once('C:\\xampp\\htdocs...')
#8 {main}
CRITICAL - 2021-01-31 07:18:52 --> Call to undefined function character_limiter()
#0 C:\xampp\htdocs\projek\system\View\View.php(246): include()
#1 C:\xampp\htdocs\projek\system\Common.php(1119): CodeIgniter\View\View->render('prestige/produc...', Array, true)
#2 C:\xampp\htdocs\projek\app\Controllers\Prestige.php(34): view('prestige/produc...', Array)
#3 C:\xampp\htdocs\projek\system\CodeIgniter.php(918): App\Controllers\Prestige->product()
#4 C:\xampp\htdocs\projek\system\CodeIgniter.php(404): CodeIgniter\CodeIgniter->runController(Object(App\Controllers\Prestige))
#5 C:\xampp\htdocs\projek\system\CodeIgniter.php(312): CodeIgniter\CodeIgniter->handleRequest(NULL, Object(Config\Cache), false)
#6 C:\xampp\htdocs\projek\public\index.php(45): CodeIgniter\CodeIgniter->run()
#7 C:\xampp\htdocs\projek\system\Commands\Server\rewrite.php(34): require_once('C:\\xampp\\htdocs...')
#8 {main}
CRITICAL - 2021-01-31 07:22:42 --> Call to undefined function number_to_currency()
#0 C:\xampp\htdocs\projek\system\View\View.php(246): include()
#1 C:\xampp\htdocs\projek\system\Common.php(1119): CodeIgniter\View\View->render('prestige/produc...', Array, true)
#2 C:\xampp\htdocs\projek\app\Controllers\Prestige.php(34): view('prestige/produc...', Array)
#3 C:\xampp\htdocs\projek\system\CodeIgniter.php(918): App\Controllers\Prestige->product()
#4 C:\xampp\htdocs\projek\system\CodeIgniter.php(404): CodeIgniter\CodeIgniter->runController(Object(App\Controllers\Prestige))
#5 C:\xampp\htdocs\projek\system\CodeIgniter.php(312): CodeIgniter\CodeIgniter->handleRequest(NULL, Object(Config\Cache), false)
#6 C:\xampp\htdocs\projek\public\index.php(45): CodeIgniter\CodeIgniter->run()
#7 C:\xampp\htdocs\projek\system\Commands\Server\rewrite.php(34): require_once('C:\\xampp\\htdocs...')
#8 {main}
CRITICAL - 2021-01-31 07:24:27 --> Call to a member function insert() on null
#0 C:\xampp\htdocs\projek\system\CodeIgniter.php(918): App\Controllers\Home->add()
#1 C:\xampp\htdocs\projek\system\CodeIgniter.php(404): CodeIgniter\CodeIgniter->runController(Object(App\Controllers\Home))
#2 C:\xampp\htdocs\projek\system\CodeIgniter.php(312): CodeIgniter\CodeIgniter->handleRequest(NULL, Object(Config\Cache), false)
#3 C:\xampp\htdocs\projek\public\index.php(45): CodeIgniter\CodeIgniter->run()
#4 C:\xampp\htdocs\projek\system\Commands\Server\rewrite.php(34): require_once('C:\\xampp\\htdocs...')
#5 {main}
CRITICAL - 2021-01-31 07:31:37 --> Call to undefined function form_open_multipart()
#0 C:\xampp\htdocs\projek\system\View\View.php(246): include()
#1 C:\xampp\htdocs\projek\system\Common.php(1119): CodeIgniter\View\View->render('admin/produk_ed...', Array, true)
#2 C:\xampp\htdocs\projek\app\Controllers\Produk.php(60): view('admin/produk_ed...', Array)
#3 C:\xampp\htdocs\projek\system\CodeIgniter.php(918): App\Controllers\Produk->edit('PR001')
#4 C:\xampp\htdocs\projek\system\CodeIgniter.php(404): CodeIgniter\CodeIgniter->runController(Object(App\Controllers\Produk))
#5 C:\xampp\htdocs\projek\system\CodeIgniter.php(312): CodeIgniter\CodeIgniter->handleRequest(NULL, Object(Config\Cache), false)
#6 C:\xampp\htdocs\projek\public\index.php(45): CodeIgniter\CodeIgniter->run()
#7 C:\xampp\htdocs\projek\system\Commands\Server\rewrite.php(34): require_once('C:\\xampp\\htdocs...')
#8 {main}
CRITICAL - 2021-01-31 07:31:48 --> Call to undefined function form_open()
#0 C:\xampp\htdocs\projek\system\View\View.php(246): include()
#1 C:\xampp\htdocs\projek\system\Common.php(1119): CodeIgniter\View\View->render('admin/produk_ta...', Array, true)
#2 C:\xampp\htdocs\projek\app\Controllers\Produk.php(48): view('admin/produk_ta...', Array)
#3 C:\xampp\htdocs\projek\system\CodeIgniter.php(918): App\Controllers\Produk->tambah()
#4 C:\xampp\htdocs\projek\system\CodeIgniter.php(404): CodeIgniter\CodeIgniter->runController(Object(App\Controllers\Produk))
#5 C:\xampp\htdocs\projek\system\CodeIgniter.php(312): CodeIgniter\CodeIgniter->handleRequest(NULL, Object(Config\Cache), false)
#6 C:\xampp\htdocs\projek\public\index.php(45): CodeIgniter\CodeIgniter->run()
#7 C:\xampp\htdocs\projek\system\Commands\Server\rewrite.php(34): require_once('C:\\xampp\\htdocs...')
#8 {main}
CRITICAL - 2021-01-31 07:35:00 --> Call to a member function insert() on null
#0 C:\xampp\htdocs\projek\system\CodeIgniter.php(918): App\Controllers\Home->add()
#1 C:\xampp\htdocs\projek\system\CodeIgniter.php(404): CodeIgniter\CodeIgniter->runController(Object(App\Controllers\Home))
#2 C:\xampp\htdocs\projek\system\CodeIgniter.php(312): CodeIgniter\CodeIgniter->handleRequest(NULL, Object(Config\Cache), false)
#3 C:\xampp\htdocs\projek\public\index.php(45): CodeIgniter\CodeIgniter->run()
#4 C:\xampp\htdocs\projek\system\Commands\Server\rewrite.php(34): require_once('C:\\xampp\\htdocs...')
#5 {main}
CRITICAL - 2021-01-31 07:37:52 --> Call to a member function contents() on null
#0 C:\xampp\htdocs\projek\system\View\View.php(246): include()
#1 C:\xampp\htdocs\projek\system\View\View.php(525): CodeIgniter\View\View->render('prestige/navbar', NULL, true)
#2 C:\xampp\htdocs\projek\app\Views\template.php(35): CodeIgniter\View\View->include('prestige/navbar')
#3 C:\xampp\htdocs\projek\system\View\View.php(246): include('C:\\xampp\\htdocs...')
#4 C:\xampp\htdocs\projek\system\View\View.php(257): CodeIgniter\View\View->render('/template', Array, true)
#5 C:\xampp\htdocs\projek\system\Common.php(1119): CodeIgniter\View\View->render('prestige/home', Array, true)
#6 C:\xampp\htdocs\projek\app\Controllers\Prestige.php(24): view('prestige/home', Array)
#7 C:\xampp\htdocs\projek\system\CodeIgniter.php(918): App\Controllers\Prestige->index()
#8 C:\xampp\htdocs\projek\system\CodeIgniter.php(404): CodeIgniter\CodeIgniter->runController(Object(App\Controllers\Prestige))
#9 C:\xampp\htdocs\projek\system\CodeIgniter.php(312): CodeIgniter\CodeIgniter->handleRequest(NULL, Object(Config\Cache), false)
#10 C:\xampp\htdocs\projek\public\index.php(45): CodeIgniter\CodeIgniter->run()
#11 C:\xampp\htdocs\projek\system\Commands\Server\rewrite.php(34): require_once('C:\\xampp\\htdocs...')
#12 {main}
CRITICAL - 2021-01-31 07:44:40 --> Call to a member function insert() on null
#0 C:\xampp\htdocs\projek\system\CodeIgniter.php(918): App\Controllers\Home->add()
#1 C:\xampp\htdocs\projek\system\CodeIgniter.php(404): CodeIgniter\CodeIgniter->runController(Object(App\Controllers\Home))
#2 C:\xampp\htdocs\projek\system\CodeIgniter.php(312): CodeIgniter\CodeIgniter->handleRequest(NULL, Object(Config\Cache), false)
#3 C:\xampp\htdocs\projek\public\index.php(45): CodeIgniter\CodeIgniter->run()
#4 C:\xampp\htdocs\projek\system\Commands\Server\rewrite.php(34): require_once('C:\\xampp\\htdocs...')
#5 {main}
CRITICAL - 2021-01-31 07:44:55 --> Call to a member function insert() on null
#0 C:\xampp\htdocs\projek\system\CodeIgniter.php(918): App\Controllers\Home->add()
#1 C:\xampp\htdocs\projek\system\CodeIgniter.php(404): CodeIgniter\CodeIgniter->runController(Object(App\Controllers\Home))
#2 C:\xampp\htdocs\projek\system\CodeIgniter.php(312): CodeIgniter\CodeIgniter->handleRequest(NULL, Object(Config\Cache), false)
#3 C:\xampp\htdocs\projek\public\index.php(45): CodeIgniter\CodeIgniter->run()
#4 C:\xampp\htdocs\projek\system\Commands\Server\rewrite.php(34): require_once('C:\\xampp\\htdocs...')
#5 {main}
CRITICAL - 2021-01-31 07:46:14 --> Invalid file: /product_detail.php
#0 C:\xampp\htdocs\projek\system\View\View.php(228): CodeIgniter\Exceptions\FrameworkException::forInvalidFile('/product_detail...')
#1 C:\xampp\htdocs\projek\system\Common.php(1119): CodeIgniter\View\View->render('/product_detail', Array, true)
#2 C:\xampp\htdocs\projek\app\Controllers\Prestige.php(71): view('/product_detail', Array)
#3 C:\xampp\htdocs\projek\system\CodeIgniter.php(918): App\Controllers\Prestige->detail('PR001')
#4 C:\xampp\htdocs\projek\system\CodeIgniter.php(404): CodeIgniter\CodeIgniter->runController(Object(App\Controllers\Prestige))
#5 C:\xampp\htdocs\projek\system\CodeIgniter.php(312): CodeIgniter\CodeIgniter->handleRequest(NULL, Object(Config\Cache), false)
#6 C:\xampp\htdocs\projek\public\index.php(45): CodeIgniter\CodeIgniter->run()
#7 C:\xampp\htdocs\projek\system\Commands\Server\rewrite.php(34): require_once('C:\\xampp\\htdocs...')
#8 {main}
CRITICAL - 2021-01-31 07:46:23 --> Invalid file: /product_detail.php
#0 C:\xampp\htdocs\projek\system\View\View.php(228): CodeIgniter\Exceptions\FrameworkException::forInvalidFile('/product_detail...')
#1 C:\xampp\htdocs\projek\system\Common.php(1119): CodeIgniter\View\View->render('/product_detail', Array, true)
#2 C:\xampp\htdocs\projek\app\Controllers\Prestige.php(71): view('/product_detail', Array)
#3 C:\xampp\htdocs\projek\system\CodeIgniter.php(918): App\Controllers\Prestige->detail('PR001')
#4 C:\xampp\htdocs\projek\system\CodeIgniter.php(404): CodeIgniter\CodeIgniter->runController(Object(App\Controllers\Prestige))
#5 C:\xampp\htdocs\projek\system\CodeIgniter.php(312): CodeIgniter\CodeIgniter->handleRequest(NULL, Object(Config\Cache), false)
#6 C:\xampp\htdocs\projek\public\index.php(45): CodeIgniter\CodeIgniter->run()
#7 C:\xampp\htdocs\projek\system\Commands\Server\rewrite.php(34): require_once('C:\\xampp\\htdocs...')
#8 {main}
CRITICAL - 2021-01-31 08:13:48 --> Call to a member function insert() on null
#0 C:\xampp\htdocs\projek\system\CodeIgniter.php(918): App\Controllers\Home->add()
#1 C:\xampp\htdocs\projek\system\CodeIgniter.php(404): CodeIgniter\CodeIgniter->runController(Object(App\Controllers\Home))
#2 C:\xampp\htdocs\projek\system\CodeIgniter.php(312): CodeIgniter\CodeIgniter->handleRequest(NULL, Object(Config\Cache), false)
#3 C:\xampp\htdocs\projek\public\index.php(45): CodeIgniter\CodeIgniter->run()
#4 C:\xampp\htdocs\projek\system\Commands\Server\rewrite.php(34): require_once('C:\\xampp\\htdocs...')
#5 {main}
CRITICAL - 2021-01-31 08:18:25 --> Invalid file: pages/cart.php
#0 C:\xampp\htdocs\projek\system\View\View.php(228): CodeIgniter\Exceptions\FrameworkException::forInvalidFile('pages/cart.php')
#1 C:\xampp\htdocs\projek\system\Common.php(1119): CodeIgniter\View\View->render('pages/cart', Array, true)
#2 C:\xampp\htdocs\projek\app\Controllers\Home.php(61): view('pages/cart', Array)
#3 C:\xampp\htdocs\projek\system\CodeIgniter.php(918): App\Controllers\Home->cart()
#4 C:\xampp\htdocs\projek\system\CodeIgniter.php(404): CodeIgniter\CodeIgniter->runController(Object(App\Controllers\Home))
#5 C:\xampp\htdocs\projek\system\CodeIgniter.php(312): CodeIgniter\CodeIgniter->handleRequest(NULL, Object(Config\Cache), false)
#6 C:\xampp\htdocs\projek\public\index.php(45): CodeIgniter\CodeIgniter->run()
#7 C:\xampp\htdocs\projek\system\Commands\Server\rewrite.php(34): require_once('C:\\xampp\\htdocs...')
#8 {main}
CRITICAL - 2021-01-31 08:18:54 --> Call to a member function insert() on null
#0 C:\xampp\htdocs\projek\system\CodeIgniter.php(918): App\Controllers\Home->add()
#1 C:\xampp\htdocs\projek\system\CodeIgniter.php(404): CodeIgniter\CodeIgniter->runController(Object(App\Controllers\Home))
#2 C:\xampp\htdocs\projek\system\CodeIgniter.php(312): CodeIgniter\CodeIgniter->handleRequest(NULL, Object(Config\Cache), false)
#3 C:\xampp\htdocs\projek\public\index.php(45): CodeIgniter\CodeIgniter->run()
#4 C:\xampp\htdocs\projek\system\Commands\Server\rewrite.php(34): require_once('C:\\xampp\\htdocs...')
#5 {main}
CRITICAL - 2021-01-31 23:22:30 --> syntax error, unexpected ''csrf'' (T_CONSTANT_ENCAPSED_STRING), expecting ']'
#0 C:\xampp\htdocs\TugasAkhir\system\Autoloader\Autoloader.php(296): CodeIgniter\Autoloader\Autoloader->requireFile('C:\\xampp\\htdocs...')
#1 C:\xampp\htdocs\TugasAkhir\system\Autoloader\Autoloader.php(258): CodeIgniter\Autoloader\Autoloader->loadInNamespace('Config\\Filters')
#2 [internal function]: CodeIgniter\Autoloader\Autoloader->loadClass('Config\\Filters')
#3 C:\xampp\htdocs\TugasAkhir\system\Config\Services.php(322): spl_autoload_call('Config\\Filters')
#4 C:\xampp\htdocs\TugasAkhir\system\Config\BaseService.php(123): CodeIgniter\Config\Services::filters(NULL, false)
#5 C:\xampp\htdocs\TugasAkhir\system\Config\Services.php(317): CodeIgniter\Config\BaseService::getSharedInstance('filters', NULL)
#6 C:\xampp\htdocs\TugasAkhir\system\CodeIgniter.php(367): CodeIgniter\Config\Services::filters()
#7 C:\xampp\htdocs\TugasAkhir\system\CodeIgniter.php(312): CodeIgniter\CodeIgniter->handleRequest(NULL, Object(Config\Cache), false)
#8 C:\xampp\htdocs\TugasAkhir\public\index.php(45): CodeIgniter\CodeIgniter->run()
#9 C:\xampp\htdocs\TugasAkhir\system\Commands\Server\rewrite.php(34): require_once('C:\\xampp\\htdocs...')
#10 {main}
CRITICAL - 2021-01-31 23:23:25 --> syntax error, unexpected ''csrf'' (T_CONSTANT_ENCAPSED_STRING), expecting ']'
#0 C:\xampp\htdocs\TugasAkhir\system\Autoloader\Autoloader.php(296): CodeIgniter\Autoloader\Autoloader->requireFile('C:\\xampp\\htdocs...')
#1 C:\xampp\htdocs\TugasAkhir\system\Autoloader\Autoloader.php(258): CodeIgniter\Autoloader\Autoloader->loadInNamespace('Config\\Filters')
#2 [internal function]: CodeIgniter\Autoloader\Autoloader->loadClass('Config\\Filters')
#3 C:\xampp\htdocs\TugasAkhir\system\Config\Services.php(322): spl_autoload_call('Config\\Filters')
#4 C:\xampp\htdocs\TugasAkhir\system\Config\BaseService.php(123): CodeIgniter\Config\Services::filters(NULL, false)
#5 C:\xampp\htdocs\TugasAkhir\system\Config\Services.php(317): CodeIgniter\Config\BaseService::getSharedInstance('filters', NULL)
#6 C:\xampp\htdocs\TugasAkhir\system\CodeIgniter.php(367): CodeIgniter\Config\Services::filters()
#7 C:\xampp\htdocs\TugasAkhir\system\CodeIgniter.php(312): CodeIgniter\CodeIgniter->handleRequest(NULL, Object(Config\Cache), false)
#8 C:\xampp\htdocs\TugasAkhir\public\index.php(45): CodeIgniter\CodeIgniter->run()
#9 C:\xampp\htdocs\TugasAkhir\system\Commands\Server\rewrite.php(34): require_once('C:\\xampp\\htdocs...')
#10 {main}
CRITICAL - 2021-01-31 23:24:22 --> Declaration of Myth\Auth\Filters\LoginFilter::before(CodeIgniter\HTTP\RequestInterface $request) must be compatible with CodeIgniter\Filters\FilterInterface::before(CodeIgniter\HTTP\RequestInterface $request, $arguments = NULL)
#0 [internal function]: CodeIgniter\Debug\Exceptions->shutdownHandler()
#1 {main}
CRITICAL - 2021-01-31 23:33:49 --> Invalid file: prestige/login.php
#0 C:\xampp\htdocs\TugasAkhir\system\View\View.php(228): CodeIgniter\Exceptions\FrameworkException::forInvalidFile('prestige/login....')
#1 C:\xampp\htdocs\TugasAkhir\system\Common.php(1119): CodeIgniter\View\View->render('prestige/login', Array, true)
#2 C:\xampp\htdocs\TugasAkhir\app\Controllers\Prestige.php(61): view('prestige/login', Array)
#3 C:\xampp\htdocs\TugasAkhir\system\CodeIgniter.php(918): App\Controllers\Prestige->login()
#4 C:\xampp\htdocs\TugasAkhir\system\CodeIgniter.php(404): CodeIgniter\CodeIgniter->runController(Object(App\Controllers\Prestige))
#5 C:\xampp\htdocs\TugasAkhir\system\CodeIgniter.php(312): CodeIgniter\CodeIgniter->handleRequest(NULL, Object(Config\Cache), false)
#6 C:\xampp\htdocs\TugasAkhir\public\index.php(45): CodeIgniter\CodeIgniter->run()
#7 C:\xampp\htdocs\TugasAkhir\system\Commands\Server\rewrite.php(34): require_once('C:\\xampp\\htdocs...')
#8 {main}
CRITICAL - 2021-01-31 23:53:10 --> Call to a member function contents() on null
#0 C:\xampp\htdocs\TugasAkhir\system\View\View.php(246): include()
#1 C:\xampp\htdocs\TugasAkhir\system\View\View.php(525): CodeIgniter\View\View->render('prestige/navbar', NULL, true)
#2 C:\xampp\htdocs\TugasAkhir\app\Views\template.php(35): CodeIgniter\View\View->include('prestige/navbar')
#3 C:\xampp\htdocs\TugasAkhir\system\View\View.php(246): include('C:\\xampp\\htdocs...')
#4 C:\xampp\htdocs\TugasAkhir\system\View\View.php(257): CodeIgniter\View\View->render('/template', Array, true)
#5 C:\xampp\htdocs\TugasAkhir\system\Common.php(1119): CodeIgniter\View\View->render('prestige/home', Array, true)
#6 C:\xampp\htdocs\TugasAkhir\app\Controllers\Prestige.php(24): view('prestige/home', Array)
#7 C:\xampp\htdocs\TugasAkhir\system\CodeIgniter.php(918): App\Controllers\Prestige->index()
#8 C:\xampp\htdocs\TugasAkhir\system\CodeIgniter.php(404): CodeIgniter\CodeIgniter->runController(Object(App\Controllers\Prestige))
#9 C:\xampp\htdocs\TugasAkhir\system\CodeIgniter.php(312): CodeIgniter\CodeIgniter->handleRequest(NULL, Object(Config\Cache), false)
#10 C:\xampp\htdocs\TugasAkhir\public\index.php(45): CodeIgniter\CodeIgniter->run()
#11 C:\xampp\htdocs\TugasAkhir\system\Commands\Server\rewrite.php(34): require_once('C:\\xampp\\htdocs...')
#12 {main}
CRITICAL - 2021-01-31 23:53:41 --> Invalid file: pages/cart.php
#0 C:\xampp\htdocs\TugasAkhir\system\View\View.php(228): CodeIgniter\Exceptions\FrameworkException::forInvalidFile('pages/cart.php')
#1 C:\xampp\htdocs\TugasAkhir\system\Common.php(1119): CodeIgniter\View\View->render('pages/cart', Array, true)
#2 C:\xampp\htdocs\TugasAkhir\app\Controllers\Home.php(61): view('pages/cart', Array)
#3 C:\xampp\htdocs\TugasAkhir\system\CodeIgniter.php(918): App\Controllers\Home->cart()
#4 C:\xampp\htdocs\TugasAkhir\system\CodeIgniter.php(404): CodeIgniter\CodeIgniter->runController(Object(App\Controllers\Home))
#5 C:\xampp\htdocs\TugasAkhir\system\CodeIgniter.php(312): CodeIgniter\CodeIgniter->handleRequest(NULL, Object(Config\Cache), false)
#6 C:\xampp\htdocs\TugasAkhir\public\index.php(45): CodeIgniter\CodeIgniter->run()
#7 C:\xampp\htdocs\TugasAkhir\system\Commands\Server\rewrite.php(34): require_once('C:\\xampp\\htdocs...')
#8 {main}
CRITICAL - 2021-01-31 23:55:58 --> Call to a member function contents() on null
#0 C:\xampp\htdocs\TugasAkhir\system\View\View.php(246): include()
#1 C:\xampp\htdocs\TugasAkhir\system\Common.php(1119): CodeIgniter\View\View->render('prestige/cart', Array, true)
#2 C:\xampp\htdocs\TugasAkhir\app\Controllers\Home.php(61): view('prestige/cart', Array)
#3 C:\xampp\htdocs\TugasAkhir\system\CodeIgniter.php(918): App\Controllers\Home->cart()
#4 C:\xampp\htdocs\TugasAkhir\system\CodeIgniter.php(404): CodeIgniter\CodeIgniter->runController(Object(App\Controllers\Home))
#5 C:\xampp\htdocs\TugasAkhir\system\CodeIgniter.php(312): CodeIgniter\CodeIgniter->handleRequest(NULL, Object(Config\Cache), false)
#6 C:\xampp\htdocs\TugasAkhir\public\index.php(45): CodeIgniter\CodeIgniter->run()
#7 C:\xampp\htdocs\TugasAkhir\system\Commands\Server\rewrite.php(34): require_once('C:\\xampp\\htdocs...')
#8 {main}
CRITICAL - 2021-01-31 23:57:12 --> Call to a member function total() on null
#0 C:\xampp\htdocs\TugasAkhir\system\View\View.php(246): include()
#1 C:\xampp\htdocs\TugasAkhir\system\Common.php(1119): CodeIgniter\View\View->render('prestige/cart', Array, true)
#2 C:\xampp\htdocs\TugasAkhir\app\Controllers\Home.php(61): view('prestige/cart', Array)
#3 C:\xampp\htdocs\TugasAkhir\system\CodeIgniter.php(918): App\Controllers\Home->cart()
#4 C:\xampp\htdocs\TugasAkhir\system\CodeIgniter.php(404): CodeIgniter\CodeIgniter->runController(Object(App\Controllers\Home))
#5 C:\xampp\htdocs\TugasAkhir\system\CodeIgniter.php(312): CodeIgniter\CodeIgniter->handleRequest(NULL, Object(Config\Cache), false)
#6 C:\xampp\htdocs\TugasAkhir\public\index.php(45): CodeIgniter\CodeIgniter->run()
#7 C:\xampp\htdocs\TugasAkhir\system\Commands\Server\rewrite.php(34): require_once('C:\\xampp\\htdocs...')
#8 {main}
CRITICAL - 2021-01-31 23:57:51 --> Call to a member function total() on null
#0 C:\xampp\htdocs\TugasAkhir\system\View\View.php(246): include()
#1 C:\xampp\htdocs\TugasAkhir\system\Common.php(1119): CodeIgniter\View\View->render('prestige/cart', Array, true)
#2 C:\xampp\htdocs\TugasAkhir\app\Controllers\Home.php(62): view('prestige/cart', Array)
#3 C:\xampp\htdocs\TugasAkhir\system\CodeIgniter.php(918): App\Controllers\Home->cart()
#4 C:\xampp\htdocs\TugasAkhir\system\CodeIgniter.php(404): CodeIgniter\CodeIgniter->runController(Object(App\Controllers\Home))
#5 C:\xampp\htdocs\TugasAkhir\system\CodeIgniter.php(312): CodeIgniter\CodeIgniter->handleRequest(NULL, Object(Config\Cache), false)
#6 C:\xampp\htdocs\TugasAkhir\public\index.php(45): CodeIgniter\CodeIgniter->run()
#7 C:\xampp\htdocs\TugasAkhir\system\Commands\Server\rewrite.php(34): require_once('C:\\xampp\\htdocs...')
#8 {main}
CRITICAL - 2021-01-31 23:57:52 --> Call to a member function total() on null
#0 C:\xampp\htdocs\TugasAkhir\system\View\View.php(246): include()
#1 C:\xampp\htdocs\TugasAkhir\system\Common.php(1119): CodeIgniter\View\View->render('prestige/cart', Array, true)
#2 C:\xampp\htdocs\TugasAkhir\app\Controllers\Home.php(62): view('prestige/cart', Array)
#3 C:\xampp\htdocs\TugasAkhir\system\CodeIgniter.php(918): App\Controllers\Home->cart()
#4 C:\xampp\htdocs\TugasAkhir\system\CodeIgniter.php(404): CodeIgniter\CodeIgniter->runController(Object(App\Controllers\Home))
#5 C:\xampp\htdocs\TugasAkhir\system\CodeIgniter.php(312): CodeIgniter\CodeIgniter->handleRequest(NULL, Object(Config\Cache), false)
#6 C:\xampp\htdocs\TugasAkhir\public\index.php(45): CodeIgniter\CodeIgniter->run()
#7 C:\xampp\htdocs\TugasAkhir\system\Commands\Server\rewrite.php(34): require_once('C:\\xampp\\htdocs...')
#8 {main}
CRITICAL - 2021-01-31 23:58:54 --> Call to a member function total() on null
#0 C:\xampp\htdocs\TugasAkhir\system\View\View.php(246): include()
#1 C:\xampp\htdocs\TugasAkhir\system\Common.php(1119): CodeIgniter\View\View->render('prestige/cart', Array, true)
#2 C:\xampp\htdocs\TugasAkhir\app\Controllers\Home.php(62): view('prestige/cart', Array)
#3 C:\xampp\htdocs\TugasAkhir\system\CodeIgniter.php(918): App\Controllers\Home->cart()
#4 C:\xampp\htdocs\TugasAkhir\system\CodeIgniter.php(404): CodeIgniter\CodeIgniter->runController(Object(App\Controllers\Home))
#5 C:\xampp\htdocs\TugasAkhir\system\CodeIgniter.php(312): CodeIgniter\CodeIgniter->handleRequest(NULL, Object(Config\Cache), false)
#6 C:\xampp\htdocs\TugasAkhir\public\index.php(45): CodeIgniter\CodeIgniter->run()
#7 C:\xampp\htdocs\TugasAkhir\system\Commands\Server\rewrite.php(34): require_once('C:\\xampp\\htdocs...')
#8 {main}
CRITICAL - 2021-01-31 23:58:56 --> Call to a member function total() on null
#0 C:\xampp\htdocs\TugasAkhir\system\View\View.php(246): include()
#1 C:\xampp\htdocs\TugasAkhir\system\Common.php(1119): CodeIgniter\View\View->render('prestige/cart', Array, true)
#2 C:\xampp\htdocs\TugasAkhir\app\Controllers\Home.php(62): view('prestige/cart', Array)
#3 C:\xampp\htdocs\TugasAkhir\system\CodeIgniter.php(918): App\Controllers\Home->cart()
#4 C:\xampp\htdocs\TugasAkhir\system\CodeIgniter.php(404): CodeIgniter\CodeIgniter->runController(Object(App\Controllers\Home))
#5 C:\xampp\htdocs\TugasAkhir\system\CodeIgniter.php(312): CodeIgniter\CodeIgniter->handleRequest(NULL, Object(Config\Cache), false)
#6 C:\xampp\htdocs\TugasAkhir\public\index.php(45): CodeIgniter\CodeIgniter->run()
#7 C:\xampp\htdocs\TugasAkhir\system\Commands\Server\rewrite.php(34): require_once('C:\\xampp\\htdocs...')
#8 {main}
