CRITICAL - 2020-11-27 10:45:10 --> syntax error, unexpected 'title' (T_STRING), expecting ']'
#0 E:\STMIK WP\Pemrograman Web 3\TA 2020 - 2021\Projek\pertemuan8\system\Autoloader\Autoloader.php(296): CodeIgniter\Autoloader\Autoloader->requireFile('E:\\STMIK WP\\Pem...')
#1 E:\STMIK WP\Pemrograman Web 3\TA 2020 - 2021\Projek\pertemuan8\system\Autoloader\Autoloader.php(258): CodeIgniter\Autoloader\Autoloader->loadInNamespace('App\\Controllers...')
#2 [internal function]: CodeIgniter\Autoloader\Autoloader->loadClass('App\\Controllers...')
#3 [internal function]: spl_autoload_call('App\\Controllers...')
#4 E:\STMIK WP\Pemrograman Web 3\TA 2020 - 2021\Projek\pertemuan8\system\CodeIgniter.php(869): class_exists('\\App\\Controller...', true)
#5 E:\STMIK WP\Pemrograman Web 3\TA 2020 - 2021\Projek\pertemuan8\system\CodeIgniter.php(394): CodeIgniter\CodeIgniter->startController()
#6 E:\STMIK WP\Pemrograman Web 3\TA 2020 - 2021\Projek\pertemuan8\system\CodeIgniter.php(312): CodeIgniter\CodeIgniter->handleRequest(NULL, Object(Config\Cache), false)
#7 E:\STMIK WP\Pemrograman Web 3\TA 2020 - 2021\Projek\pertemuan8\public\index.php(45): CodeIgniter\CodeIgniter->run()
#8 E:\STMIK WP\Pemrograman Web 3\TA 2020 - 2021\Projek\pertemuan8\system\Commands\Server\rewrite.php(34): require_once('E:\\STMIK WP\\Pem...')
#9 {main}
CRITICAL - 2020-11-27 11:49:09 --> Call to undefined function character_limiter()
#0 E:\STMIK WP\Pemrograman Web 3\TA 2020 - 2021\Projek\pertemuan8\system\View\View.php(246): include()
#1 E:\STMIK WP\Pemrograman Web 3\TA 2020 - 2021\Projek\pertemuan8\system\Common.php(1119): CodeIgniter\View\View->render('pages/home', Array, true)
#2 E:\STMIK WP\Pemrograman Web 3\TA 2020 - 2021\Projek\pertemuan8\app\Controllers\Home.php(20): view('pages/home', Array)
#3 E:\STMIK WP\Pemrograman Web 3\TA 2020 - 2021\Projek\pertemuan8\system\CodeIgniter.php(918): App\Controllers\Home->index()
#4 E:\STMIK WP\Pemrograman Web 3\TA 2020 - 2021\Projek\pertemuan8\system\CodeIgniter.php(404): CodeIgniter\CodeIgniter->runController(Object(App\Controllers\Home))
#5 E:\STMIK WP\Pemrograman Web 3\TA 2020 - 2021\Projek\pertemuan8\system\CodeIgniter.php(312): CodeIgniter\CodeIgniter->handleRequest(NULL, Object(Config\Cache), false)
#6 E:\STMIK WP\Pemrograman Web 3\TA 2020 - 2021\Projek\pertemuan8\public\index.php(45): CodeIgniter\CodeIgniter->run()
#7 E:\STMIK WP\Pemrograman Web 3\TA 2020 - 2021\Projek\pertemuan8\system\Commands\Server\rewrite.php(34): require_once('E:\\STMIK WP\\Pem...')
#8 {main}
CRITICAL - 2020-11-27 12:06:31 --> Number formatting failed: U_ILLEGAL_ARGUMENT_ERROR
#0 E:\STMIK WP\Pemrograman Web 3\TA 2020 - 2021\Projek\pertemuan8\system\Helpers\number_helper.php(194): format_number(67900, 1, 'en', Array)
#1 E:\STMIK WP\Pemrograman Web 3\TA 2020 - 2021\Projek\pertemuan8\app\Views\pages\home.php(13): number_to_currency(67900, 'RP')
#2 E:\STMIK WP\Pemrograman Web 3\TA 2020 - 2021\Projek\pertemuan8\system\View\View.php(246): include('E:\\STMIK WP\\Pem...')
#3 E:\STMIK WP\Pemrograman Web 3\TA 2020 - 2021\Projek\pertemuan8\system\Common.php(1119): CodeIgniter\View\View->render('pages/home', Array, true)
#4 E:\STMIK WP\Pemrograman Web 3\TA 2020 - 2021\Projek\pertemuan8\app\Controllers\Home.php(20): view('pages/home', Array)
#5 E:\STMIK WP\Pemrograman Web 3\TA 2020 - 2021\Projek\pertemuan8\system\CodeIgniter.php(918): App\Controllers\Home->index()
#6 E:\STMIK WP\Pemrograman Web 3\TA 2020 - 2021\Projek\pertemuan8\system\CodeIgniter.php(404): CodeIgniter\CodeIgniter->runController(Object(App\Controllers\Home))
#7 E:\STMIK WP\Pemrograman Web 3\TA 2020 - 2021\Projek\pertemuan8\system\CodeIgniter.php(312): CodeIgniter\CodeIgniter->handleRequest(NULL, Object(Config\Cache), false)
#8 E:\STMIK WP\Pemrograman Web 3\TA 2020 - 2021\Projek\pertemuan8\public\index.php(45): CodeIgniter\CodeIgniter->run()
#9 E:\STMIK WP\Pemrograman Web 3\TA 2020 - 2021\Projek\pertemuan8\system\Commands\Server\rewrite.php(34): require_once('E:\\STMIK WP\\Pem...')
#10 {main}
CRITICAL - 2020-11-27 12:06:40 --> Number formatting failed: U_ILLEGAL_ARGUMENT_ERROR
#0 E:\STMIK WP\Pemrograman Web 3\TA 2020 - 2021\Projek\pertemuan8\system\Helpers\number_helper.php(194): format_number(67900, 1, 'en', Array)
#1 E:\STMIK WP\Pemrograman Web 3\TA 2020 - 2021\Projek\pertemuan8\app\Views\pages\home.php(13): number_to_currency(67900, 'ID')
#2 E:\STMIK WP\Pemrograman Web 3\TA 2020 - 2021\Projek\pertemuan8\system\View\View.php(246): include('E:\\STMIK WP\\Pem...')
#3 E:\STMIK WP\Pemrograman Web 3\TA 2020 - 2021\Projek\pertemuan8\system\Common.php(1119): CodeIgniter\View\View->render('pages/home', Array, true)
#4 E:\STMIK WP\Pemrograman Web 3\TA 2020 - 2021\Projek\pertemuan8\app\Controllers\Home.php(20): view('pages/home', Array)
#5 E:\STMIK WP\Pemrograman Web 3\TA 2020 - 2021\Projek\pertemuan8\system\CodeIgniter.php(918): App\Controllers\Home->index()
#6 E:\STMIK WP\Pemrograman Web 3\TA 2020 - 2021\Projek\pertemuan8\system\CodeIgniter.php(404): CodeIgniter\CodeIgniter->runController(Object(App\Controllers\Home))
#7 E:\STMIK WP\Pemrograman Web 3\TA 2020 - 2021\Projek\pertemuan8\system\CodeIgniter.php(312): CodeIgniter\CodeIgniter->handleRequest(NULL, Object(Config\Cache), false)
#8 E:\STMIK WP\Pemrograman Web 3\TA 2020 - 2021\Projek\pertemuan8\public\index.php(45): CodeIgniter\CodeIgniter->run()
#9 E:\STMIK WP\Pemrograman Web 3\TA 2020 - 2021\Projek\pertemuan8\system\Commands\Server\rewrite.php(34): require_once('E:\\STMIK WP\\Pem...')
#10 {main}
CRITICAL - 2020-11-27 15:39:44 --> Undefined index: gambar_produk
#0 E:\STMIK WP\Pemrograman Web 3\TA 2020 - 2021\Projek\pertemuan8\app\Views\pages\home.php(13): CodeIgniter\Debug\Exceptions->errorHandler(8, 'Undefined index...', 'E:\\STMIK WP\\Pem...', 13, Array)
#1 E:\STMIK WP\Pemrograman Web 3\TA 2020 - 2021\Projek\pertemuan8\system\View\View.php(246): include('E:\\STMIK WP\\Pem...')
#2 E:\STMIK WP\Pemrograman Web 3\TA 2020 - 2021\Projek\pertemuan8\system\Common.php(1119): CodeIgniter\View\View->render('pages/home', Array, true)
#3 E:\STMIK WP\Pemrograman Web 3\TA 2020 - 2021\Projek\pertemuan8\app\Controllers\Home.php(22): view('pages/home', Array)
#4 E:\STMIK WP\Pemrograman Web 3\TA 2020 - 2021\Projek\pertemuan8\system\CodeIgniter.php(918): App\Controllers\Home->index()
#5 E:\STMIK WP\Pemrograman Web 3\TA 2020 - 2021\Projek\pertemuan8\system\CodeIgniter.php(404): CodeIgniter\CodeIgniter->runController(Object(App\Controllers\Home))
#6 E:\STMIK WP\Pemrograman Web 3\TA 2020 - 2021\Projek\pertemuan8\system\CodeIgniter.php(312): CodeIgniter\CodeIgniter->handleRequest(NULL, Object(Config\Cache), false)
#7 E:\STMIK WP\Pemrograman Web 3\TA 2020 - 2021\Projek\pertemuan8\public\index.php(45): CodeIgniter\CodeIgniter->run()
#8 E:\STMIK WP\Pemrograman Web 3\TA 2020 - 2021\Projek\pertemuan8\system\Commands\Server\rewrite.php(34): require_once('E:\\STMIK WP\\Pem...')
#9 {main}
CRITICAL - 2020-11-27 15:48:21 --> Undefined variable: cart
#0 E:\STMIK WP\Pemrograman Web 3\TA 2020 - 2021\Projek\pertemuan8\app\Controllers\Home.php(37): CodeIgniter\Debug\Exceptions->errorHandler(8, 'Undefined varia...', 'E:\\STMIK WP\\Pem...', 37, Array)
#1 E:\STMIK WP\Pemrograman Web 3\TA 2020 - 2021\Projek\pertemuan8\system\CodeIgniter.php(918): App\Controllers\Home->add()
#2 E:\STMIK WP\Pemrograman Web 3\TA 2020 - 2021\Projek\pertemuan8\system\CodeIgniter.php(404): CodeIgniter\CodeIgniter->runController(Object(App\Controllers\Home))
#3 E:\STMIK WP\Pemrograman Web 3\TA 2020 - 2021\Projek\pertemuan8\system\CodeIgniter.php(312): CodeIgniter\CodeIgniter->handleRequest(NULL, Object(Config\Cache), false)
#4 E:\STMIK WP\Pemrograman Web 3\TA 2020 - 2021\Projek\pertemuan8\public\index.php(45): CodeIgniter\CodeIgniter->run()
#5 E:\STMIK WP\Pemrograman Web 3\TA 2020 - 2021\Projek\pertemuan8\system\Commands\Server\rewrite.php(34): require_once('E:\\STMIK WP\\Pem...')
#6 {main}
CRITICAL - 2020-11-27 15:59:50 --> Undefined variable: variable
#0 E:\STMIK WP\Pemrograman Web 3\TA 2020 - 2021\Projek\pertemuan8\app\Controllers\Home.php(37): CodeIgniter\Debug\Exceptions->errorHandler(8, 'Undefined varia...', 'E:\\STMIK WP\\Pem...', 37, Array)
#1 E:\STMIK WP\Pemrograman Web 3\TA 2020 - 2021\Projek\pertemuan8\system\CodeIgniter.php(918): App\Controllers\Home->add()
#2 E:\STMIK WP\Pemrograman Web 3\TA 2020 - 2021\Projek\pertemuan8\system\CodeIgniter.php(404): CodeIgniter\CodeIgniter->runController(Object(App\Controllers\Home))
#3 E:\STMIK WP\Pemrograman Web 3\TA 2020 - 2021\Projek\pertemuan8\system\CodeIgniter.php(312): CodeIgniter\CodeIgniter->handleRequest(NULL, Object(Config\Cache), false)
#4 E:\STMIK WP\Pemrograman Web 3\TA 2020 - 2021\Projek\pertemuan8\public\index.php(45): CodeIgniter\CodeIgniter->run()
#5 E:\STMIK WP\Pemrograman Web 3\TA 2020 - 2021\Projek\pertemuan8\system\Commands\Server\rewrite.php(34): require_once('E:\\STMIK WP\\Pem...')
#6 {main}
CRITICAL - 2020-11-27 17:23:11 --> syntax error, unexpected ','
#0 E:\STMIK WP\Pemrograman Web 3\TA 2020 - 2021\Projek\pertemuan8\system\Commands\Database\Seed.php(124): CodeIgniter\Database\Seeder->call('App\\Database\\Se...')
#1 E:\STMIK WP\Pemrograman Web 3\TA 2020 - 2021\Projek\pertemuan8\system\CLI\Commands.php(100): CodeIgniter\Commands\Database\Seed->run(Array)
#2 E:\STMIK WP\Pemrograman Web 3\TA 2020 - 2021\Projek\pertemuan8\system\CLI\CommandRunner.php(107): CodeIgniter\CLI\Commands->run('db:seed', Array)
#3 E:\STMIK WP\Pemrograman Web 3\TA 2020 - 2021\Projek\pertemuan8\system\CLI\CommandRunner.php(85): CodeIgniter\CLI\CommandRunner->index(Array)
#4 E:\STMIK WP\Pemrograman Web 3\TA 2020 - 2021\Projek\pertemuan8\system\CodeIgniter.php(914): CodeIgniter\CLI\CommandRunner->_remap('index', 'db:seed', 'ProdukSeeder')
#5 E:\STMIK WP\Pemrograman Web 3\TA 2020 - 2021\Projek\pertemuan8\system\CodeIgniter.php(404): CodeIgniter\CodeIgniter->runController(Object(CodeIgniter\CLI\CommandRunner))
#6 E:\STMIK WP\Pemrograman Web 3\TA 2020 - 2021\Projek\pertemuan8\system\CodeIgniter.php(312): CodeIgniter\CodeIgniter->handleRequest(NULL, Object(Config\Cache), false)
#7 E:\STMIK WP\Pemrograman Web 3\TA 2020 - 2021\Projek\pertemuan8\system\CLI\Console.php(86): CodeIgniter\CodeIgniter->run()
#8 E:\STMIK WP\Pemrograman Web 3\TA 2020 - 2021\Projek\pertemuan8\spark(57): CodeIgniter\CLI\Console->run()
#9 {main}
